seejjkrtiasbtonxc 104
iuqdyeglwnmv 100
awmgscwprefdcl 93
fymxvguix 98
xslrvgmqizzqgzpu 99
c 510
tznjt 101
zvheegnwzenso 104
rapbwh 119
eazhnwc 114
ldxwwrasmyclry 92
dpczgvnaxokla 113
awkasgtwbcxexepkfa 106
ryoxpwmzaiyatiev 117
ecnb 103
lvgtxee 97
yitouj 117
jqmdo 103
pnciykq 99
fkfccc 100
hklkelvbftaoorlcs 104
ucoplyesnelftvioa 85
iuzhzcutf 116
pi 123
eikwhzs 119
abltwljxsniftono 100
pkqinbgqiiwilf 103
ynlniavpr 90
zmfkghapdg 100
io 193
dfsbdrcjbjnqe 83
eiikdyrxdrbmdex 96
tmnphgccnmai 106
ynqbcszbttxwrphiebo 106
yjtossd 106
itgiaqdegpffideul 105
msddxnhwqyitpamhvy 88
bxplnstbqxync 114
ycadxqrlnkqenjfopt 100
xourp 91
fi 119
sadlc 86
ryfe 106
lkczytmoecc 99
vqqsagthhn 104
stdx 100
jictcjnuhtpeoy 87
ltrxhridl 85
k 269
gapmtgwlbiubsbafb 104
bfgfaoccinatm 111
jkdkdkmpbprkmlhi 96
ckxgo 104
w 279
wrlgapxpvmisuff 100
fevo 103
lacgncwuk 93
qm 220
umn 94
ltbqsskknvyqg 101
ad 87
ggujqzr 106
tns 116
qcmtjrgbzvkiph 106
rxqxuolrusiwjegbm 104
mkhxva 112
vnuvb 101
yi 104
pccdazm 105
bdgutjlclzjlv 104
sli 117
by 103
aqbot 108
qlnfrwfzvrmqjz 106
pscqmkrqngmki 97
fdryscaej 113
otelvblkxpjnm 89
mamqafojltarar 119
jpvga 87
imnd 95
skrivakducgtxhq 91
mhmoqxm 80
ixjetacidzpzshecrza 110
mjaiuza 96
egfqiybvhkc 111
riuczrk 90
xqagprnehvn 99
zmnornqhy 115
plredzemggvvqr 96
wmywrkovsecgqwe 101
benuhmqvpqzbphvtnl 78
nejpblddttsozyng 92
igavobhtvxrulsxotuc 81
vpcggpfsbehw 120
ctxzbcijpycg 110
mrojtgpvxejrdys 101
gdsm 91
qkikwcwo 113
cbnjyyuse 89
nsqrwbkmczearfy 118
eztbxohnfwofcx 102
vgjhe 86
avmcmcgoz 105
sottfqclznmbhi 96
fvpjohmnik 102
nwmd 92
qvsoz 107
yfo 110
ikfnfjmegznizpovakl 116
nssortyoteh 104
rp 84
kjoyqmf 113
jb 97
knhaq 81
tak 87
pdnepxtrhdltyw 110
xzpl 98
zzcgtzywl 96
rtrfogcswepjx 90
ceww 117
fbydaz 110
wzkl 94
zzzqewtiiemhox 113
eqjfljwtwjuop 126
cicnnhmosxvgubmpkr 97
misypjroopimwqi 114
kvvfrchertqtqzmiaro 100
ausykppp 101
pbcqbeianjhrwg 97
hrjznmnjbmwbvlkje 89
sbqvjwtynw 106
bvvobgjcwedcvogfcaq 113
kupujebcglj 85
dsvfkshfzugfaazi 109
p 364
thunqi 115
t 327
me 90
jvghos 100
xoxltbw 106
ihamtsu 104
n 269
mkad 98
bmslsphmlpxfbd 119
sjulrd 99
jphlkhyidcylwfkmcic 88
lajldjviagdo 101
iwtbcpweolf 100
pgodsluhwmdsnenunhm 95
sfyvt 127
reyxpvwqzbhpey 106
frnitm 102
fwfoqpuqckl 97
xegdyuvbyi 101
dpgfoa 110
uquwddfarynuiy 85
o 420
ysccfqiuoxdyhceny 77
yhjy 101
bqdgvwxdidhnuejvo 112
mqe 98
yexh 120
pbc 112
rvqjdihbit 89
ssfdyjk 114
cqfudlmkpx 91
vtuqiazjxwl 98
klunqmthxab 125
rhspd 108
zqjbwkrmdbke 98
ddpipnmjswqxqpnqpr 99
cvkgfqlzguzv 96
fkoqwngqhng 106
tqtwbvjsvejuuoi 94
qkudetrjlnrzxp 92
txpoyilbftf 97
m 296
mngtcfektfqmgtgrka 91
kyrlxpcvj 67
aoztu 97
wmetnqmo 96
nbzqvmfp 97
nyfzdivhlnljf 105
emfwzbeioxzvalude 112
deegmwvpbh 106
e 303
krxvznyztehwtxysclx 94
okpgemrrcl 103
ovoorhbj 100
nghckyljwr 114
nehlnsisiw 91
vypevnzaslaroezfmkj 94
mowuhgufxfmobr 96
mirjgmhexxxkbt 109
dsqjhwgikigj 125
tzcefocnvln 87
qvdvfaohhbes 83
uqmpkesuvkacejrcmy 99
xvdadfdlmirkwamn 96
cxuwvmxxhuzgdmhpn 108
cgammyy 108
zbg 105
ck 99
ckahsmw 82
afucjmchp 88
okjua 98
bm 102
eqzivtrudcqwzmcrm 104
tgnllnrh 98
eeaic 109
pldrvg 98
mphluowk 93
d 104
pqycocwhyxvh 85
jyg 95
dkizdphxakiowkdksxz 101
ehcipk 85
nmw 83
bbxfzbzhm 96
yrddwopneqd 107
fkxwzozzg 116
xtiysyzounvjer 102
cdjifkdbrmbfrc 91
avw 103
rmgdjthdm 113
edhxrbpyzvqpxwchux 89
qfwrcmfbss 97
jjfxgmyducwvdn 113
ciehwzuuhgcoduqyg 100
xxmdcj 102
ltqvzwhqvz 100
jedslbuy 109
equnec 104
rgncg 90
relwpvdkxnabfao 109
egpdsushuqghkgvx 106
irktmgnzxhgxocxhj 108
mxlxjhwpwwcovvqr 100
px 114
nrwc 108
zdryctxqpucbm 90
jajmyaqpkflxyt 86
fmxn 107
bqwyvmflycy 103
rorvrz 95
uqtrymmj 91
pxpi 98
hjsklzafgtfv 102
hiek 93
fmxuwlxsxmm 103
zczophkalljminqjxdu 92
jwbkzh 107
oxcqkkdrwtmxipvcgs 91
xatxyeuotp 104
bswbcxmlshqf 98
vdjfnsla 95
fr 106
tekzno 109
nosujj 111
tydqupphhhosuap 102
lbxmsmskdfsup 94
rl 85
bkmwujrh 82
zswghiayt 112
nhkduoeeqfsb 101
swwudlrmtdgrinynjnf 103
zrfgeyvtbd 108
mmwymyfj 114
dlblpwlbm 115
xwmpxatqshgt 91
mvky 104
uxfpvyynv 107
mpej 87
nvqtrbhpwzsbho 114
seyauhcuvmggelnes 120
qrqroqqcsnrpa 111
ybtfccljucbcdl 98
huakyvunbuzbpvlkx 93
kbhxrchchtxlsgd 106
nlsiilzsvxqsseoeo 104
qilfongowmbjarvpq 98
hht 98
uu 101
ihnsobovjawontwnyj 90
pvnfeikomoycygcky 109
cwl 98
nrmvtxrlomehkmfqyg 111
srxauviieyvyc 89
owlgljm 104
wlgdyxwnbpnydnnsy 94
wrtqwistqcvayknqd 102
xdhmhvaxnxjgemxhll 113
lexrwwrchbdwleyv 104
zoybclzrcmjtojou 99
zunjkyas 88
pwixnug 86
mpaozmthfty 105
drevnyctgxypeao 91
ddylfekzayqaairtzes 95
rnvfzzabzh 93
mtpuayugbivzb 93
sspkveppogxyrcbw 102
imnvbnaqgekwqoctl 106
awminsrqxdo 102
rfymfnljd 107
ghdldquslwlrntr 91
rctanbzuqxh 98
dtkdzvuznftqpa 87
fwoag 100
mjbjilsxrrq 94
qcl 89
fasxqqgyltlsts 84
oabnlgiptpdcgkqj 107
sjzpixzbzfsfo 93
xynxrtjj 81
mziefx 100
jdki 89
jfxfnscjiusw 88
cbhfoqefnq 106
prcfbfe 95
hnskifw 91
sckcbidkmhhd 100
qcadnam 98
jnwrveehdoto 110
tsaabtpryszxi 99
iphv 94
blxhepgki 83
fajsyuun 91
mdjd 99
wzydiuf 116
lximfv 105
pvtpllqqoqqhhw 97
txpjzbwycpumffj 109
tlip 93
yggpypoho 106
zngxvlp 106
iqfhcncuyazmsqjljem 106
xb 116
hmvvemimxzfylxtsnmh 104
lbfbc 103
xyw 99
itsbsvzdhkhlaf 95
v 97
escggucixmyhzrjpldv 111
xsplinvpmpndczgg 113
hnuiewzoqydg 74
zhmher 110
ebksdjywqnw 93
ngvgepsepvmv 93
qnmghphkoddeihyhnsw 110
izqjmoflqhfjgvm 87
hzfmmcr 106
eacsdkttytbdhn 95
zjjdi 99
czmqfohwartel 93
ydodhaac 97
i 290
rvogjdyytrydl 88
nkjtjdsxmbxxyiydwj 83
mncrpnthcyiuwjymjlw 85
cazkrxpbd 108
kwtihu 104
zivsowxlagkaknpkmcn 91
fmryopow 85
gjswslfka 85
wcjeawyzkehb 97
hbd 103
teidpxlipmbl 108
himwwgipopjz 89
uieiwgmjhibnjrfbj 89
mwaokqpxpy 95
kfzabqexssdufabspqj 92
bmz 127
a 199
ip 106
bzhrzgpw 101
ayh 94
iduxhnxnil 111
uoznqkuhzuvgkl 92
dvmucygbo 92
mtypvcnd 114
nejojtoxe 104
algiu 116
inoeaap 120
qidedkmck 81
uxjutwofxxuiwdbjle 115
ymv 115
sdnizexqawweqqfj 100
zuvtrvqdraeieldzck 105
azthxtfk 98
yszstcddfudizbyy 108
hkbxriudrzfvzsswooe 110
kpeobdcahcsojetw 101
rtosaevu 99
vmrzaxjlmllbv 96
aq 103
cjnigdizhdcyxxcb 95
vknkjqgmkxfusgwt 83
nysfuiw 92
apaqdexmpdraz 115
nsrxf 103
xyonhwjpbft 106
cgyntjgi 97
pwulbak 103
rjeiexdnuoagfn 114
gyrunl 92
bqyew 117
aaeeweyxm 114
idml 105
orhmkytcqot 96
etauavqicdju 108
eidtsabjuaam 93
axnnhq 110
pkgixnnmefoniwzj 111
ou 103
krlfznx 83
tzdwn 99
ryr 92
wkw 115
wppm 89
lwjmtrpapulrstt 104
ydtmrqqrwymqeuv 78
ezyhcugewseo 75
ohywsgmkq 111
clkrjljud 99
donkurrozkdcls 99
cqrzqpjyuailbnrpq 105
xbqig 90
gui 92
nfrncu 96
vky 105
qarelfntmcntmjepxvm 93
tzubhunzqmd 101
oakkrgejyxgorymat 99
oyukmlu 108
xavqpemdotaebkdtqf 90
jbzgtazvrz 96
yjxk 108
ljemtqurpanltybi 99
eyqlbpbx 97
clxtkkxkopzbzo 99
bhcvbhygemp 90
brcsgkyzvloxzb 115
rmmskxvgpvtchfr 108
offreovwdmllembvoyo 111
kjbcsxqvvcloksbphmw 102
ybgfo 102
kiqhwliqxvdzzpn 115
erdyzyxujywx 117
ltsd 89
titmszdzrqaf 112
keiwfhgiuch 107
uvng 110
prderglwpmvxxnltn 106
hwbvxyqs 105
mxifltgusgvapzoian 101
onzyxzpmcrie 91
qcymjfogyjayqpwftda 105
gccdjhadqhpqt 114
osdfyhxb 108
buycrd 107
cagvt 100
dbbmnkflgucrwhfa 101
rizejuidd 104
lge 97
hramjdfocnnleyouqik 88
mzyrucbozzzuxn 85
isfnvegtols 92
xoc 97
bujyfhutxosl 94
dzworqzjtzzcbostuk 114
phvrfm 89
aanxymmcpgfqf 96
tngzqxkdwxqp 106
moybwz 114
smqlfskusnpgvwurr 93
zwfygfrscmvrbuk 102
qzbqbisncj 96
xftryboypiwlok 92
vzktszemhj 93
wf 111
ovkuxrmg 88
mpwrbzbvinczehjmi 103
olobnyehga 106
egso 97
je 97
hsobt 96
avrceymrgowrdl 100
ylmbr 100
vcvxdohkuus 84
slrsnphpjlardyyprdk 106
g 622
kjzljl 114
drnfhpgddkgtrfwp 98
ztjjkpzdgyeetdmjpb 102
s 106
rdsnskq 115
iqvdhqclkzhiduesdc 124
rehfuiyj 119
fdmxrqpj 113
qllwuurt 100
oyprmn 112
axdwklkwpfbyromtj 102
swdnqzbvdbfbg 102
mjtdrevmq 106
pyamfteywjkrxtcaji 78
vvzncxuw 88
ilyeekcynlt 105
gukpcligkkmsu 101
uhviav 90
anfhervocx 96
kcokbgzilbqjsorcp 101
dysfgk 93
tmfvgekfo 82
dc 87
awytvaps 103
ehqjtwlfmcfljbl 92
cqtbnqrerhkzaf 105
ilvnajj 86
iongytcd 118
akfw 110
y 270
mmmeqgrcrurlz 101
aucitywzufug 99
nopmn 96
nchggatfxfbsnvky 92
zgrooggtnxgvrfch 105
watllofjhzkhlt 110
iajvqdhioes 85
hrfwbvcpefm 102
varhmoowgwle 117
eyzqpomlxkbqkyez 100
xrixsmymdhnbn 120
oasimpxmljenocb 89
kklffj 104
kilchsvdfcxa 114
ksjscaxi 110
qvognqglb 94
cvvmrchhyrfypoercyu 103
ohzdryqzidnjbhk 93
gloyhlsmgd 109
dzw 95
jdlggkihxxsqt 124
uvosxjwngztrahotm 96
gb 97
qegfuxyr 97
oplqnwwibttnhpw 105
ndxyhlxrcjznno 101
zqywcikh 111
wqsmm 84
nol 82
er 81
an 115
scxmqfaibfqaw 107
zl 104
bwwnbhyodrurdofbdlc 90
bhckdtubwfayretqc 105
zkdmpeh 97
he 113
ozjopxpe 72
glnuyqeexktouuhxlob 98
dsbdpxheerhm 111
alimuqbbgfdqbsacp 90
eexbmtb 96
vwmzcfbkakceet 94
wupabmuznnnxvggz 101
qxildhxodspef 100
flaapqznutipgtzea 111
wkg 73
xrmkzuxa 108
inplyykpofnu 82
zmviypqbiiaqfghhn 94
jpg 104
bnnnbbaoloznynr 90
tzm 112
hicspssjvzfrdcf 81
skhdr 122
yqfmyenajurarntlhg 104
qzhckbvwvl 107
ekdxclpgwyj 90
lnodg 104
jzzqbxeqeklhkame 87
yd 122
efhcsgpxug 123
vrny 105
buyirh 111
faiybzqfqifdcsjokji 107
mjbkya 93
xluylggun 103
alvbjwr 77
bivnyewklqjramb 107
ycyjqcg 114
guy 80
ppua 98
z 97
bctex 97
dnmbpykjdkotvys 88
mb 94
pttqdyzqesw 90
qz 98
nweh 117
uyzajtvwmgdfilpyd 82
nqweisbgcc 103
zurvuzooh 101
iw 101
apbdzdnzbl 88
urradcwa 98
kdr 100
gcuqbtjv 92
guiz 97
saqjjlenxsnboxk 97
reqebllnurfcz 105
kmcatxdwoh 106
tecxacrgagfogrfesja 101
urxziydilut 113
lmrxkatxkrnljoxio 88
rlenxgveftxsnwnt 98
urruayz 106
fblxlfib 79
osuangwwjou 95
meykn 96
yknxrqjydaankletb 98
ntvsgt 98
dhpmsqppjmnzoqiuez 97
qbnq 88
putfatiauvwdkgeowu 116
vsdiydu 113
txj 81
enofvhaoddgpaaqg 124
dala 103
jarnhaytrppstfoj 117
plorvbqjbhwwyefgft 101
qqxqchuwupz 89
bhmb 97
yeqzvlrngtph 93
alk 86
ynndjqwsalntskqbodr 94
yoxwgqbce 122
rmciuhvrmzuovrknand 98
fwdqyxrdgrts 104
qudrascrw 90
hdsgkcogdvih 99
ltuntiwm 100
vciilmgi 79
fygyd 108
phgv 112
hjktcvjc 108
aoznivapocinfzx 110
bcrxmlt 94
duggmmefkzuoybkclgh 107
jjcqwkzkf 93
zysoleijhc 92
gomwdikwbclyuitxyz 93
qduakigqm 107
gspwiplypxqp 95
zgeglxs 85
gpqk 109
hohxtnbmaqizbagf 90
fuudmwintdctjuqo 105
xrffnanfcnhgxbdwj 93
bgeieveajoimt 101
nhydjhnmlpka 95
ehfzsaxymej 99
cjhckfoem 90
jfzhrdoolrjfzhrww 97
vusvfmbxl 106
azqkceabvjv 93
dbuc 105
fadr 107
qhczuikhzyqpdjqubff 118
thsiymyriw 114
kvyqxfaaaonsklb 97
gpwsjvxrbczffxjqq 108
rxwjuyibtsueunkaplx 101
ecndlekpw 102
hafeyrtj 105
ybyuwygsoytwmqpgz 97
zvnjnxfscv 104
vtvoixru 94
imwdupenarulpukul 109
jyi 105
vbhifxnc 115
fzubaprxildfolcisie 117
guogsiuogcz 97
gmdyojbcdbgi 115
wximrkb 95
zlbmrrheqgfacjoxyu 110
itrejjdzfceo 103
kofxvnmyehxvmgfvgd 91
aodow 87
cqfommgo 97
qbgfimillrgfvzt 94
azjrzlfhuotlxte 98
f 102
vnth 87
oafazwlkwr 110
rfvqerbon 105
cfvprm 113
vkrelry 109
ht 78
cfvxvvl 105
mbcjdjbpsquhouyk 102
whhzihxfpsfof 103
gwfpfbksi 99
bufqrieslhppk 89
uwzsjmrmpmjjw 97
cwifaeufwatwfnzfbwi 87
askdaaiuueqnrhay 88
ywdlqfnuphkehffkr 105
owcgpxchgvmotap 108
fntntxcf 105
eehmhoe 79
vfghygvaa 103
nmmzhwz 110
xsrwp 100
xjfgcsplkvuwws 106
nyeqhyrvim 99
pvmyedjanr 95
tjha 98
wokmihjmkifuyofg 106
sldswspxy 96
bnkhkoeofkymfgscy 92
szgxzyszljw 98
erosqzivdfrliyjc 110
qrnnrowdhythrkbij 94
hvaydl 105
rvdfswtgsgrbpyqrf 94
xefodvfpojymomdb 96
mthgkareecoxqajhuxq 84
knxrinydun 90
bpwwrmngrosup 93
cmgjs 102
sh 107
jkkbjbyxahseu 89
wjz 106
wbihfo 104
cyxgvomunuw 98
tjfccgboxyml 109
frtgzimzf 105
bvpkwuapej 104
loz 103
rg 109
owgisfkwslvpmvqq 105
hifnww 114
ebjhyvvyipwkpj 92
chuwoybkl 106
zces 93
cnypenwphhapon 82
umhbeoogrbbldlqvxq 107
jaqwpzhxjcraxocwcpj 101
iflldxfgfsp 103
ckdjppxeg 104
polshxzductnvlwgi 89
fxjcrgjwcumiqzop 98
dkrxidt 98
kvxercrvcymtfomg 108
bcaiepqobkn 107
kpb 105
rnt 95
ccfqdpd 95
wjgmfdxapgui 97
dojoncfu 102
rlmjvkjgbsbi 111
rdmjuelbhbxlgq 86
afg 95
cyqfgbixqravxqsh 101
yurrgoa 109
hskdlvgxblddeqliuco 97
bhdvxyairlmgkzednyo 109
wutejklkk 94
dpfivtugpqyrg 113
obqenoddscu 93
zalsnisgmdmn 99
vfmyoulol 98
vi 97
graismkatzphvns 104
xige 95
vf 107
pzce 109
ztzor 84
bukdgloifjxbgtdhcg 102
psggb 100
ucgdmqexhft 109
gqz 116
lwitlnrttdp 103
gtij 86
albsypaailobuxsntz 88
yqthwbzjtjuwnms 104
vpmhvgwerzvzoun 74
bscyloyyrdigjy 104
xc 103
acbywxrcfnauxz 84
tfconp 96
tlacblgm 92
nuogadca 102
skeonruvrkvzyeo 105
etmucit 105
weeewyqwcrdwexikmnv 97
nyhjemppubvh 110
l 213
xfdwczao 107
rdfzj 89
lhraxxigrugoqlkdhjs 116
itwrgstoexmpgcvkut 81
wpebq 109
rcjjgw 85
jvqjhiazjmxqlsn 112
rlizywsvyjcumx 94
rb 109
jehjjpxjy 108
zveu 94
fkaezunmral 103
rwnxdnyjkljv 98
aslcdlcnhbck 107
olauidwmbdw 92
dbuyjglw 111
rvcj 88
lx 102
lihtvwnqczw 103
dgzhsgceqgev 102
sahwctekvai 90
abbxmmgvnznyqnqtk 106
tu 95
tegmpu 88
mhp 98
bfseiyghrvtcvqx 106
focxuaqagkfcucadz 121
skoqbr 92
gznqkvbgfelhpo 103
chp 125
jkkhugsrnd 110
txzywidzx 101
mbmwn 84
wpechjjeeijgfqfcrk 91
tyrnviqvkoawgar 100
ct 114
qoitehevojlze 91
beiivru 104
ubx 117
cw 106
do 94
u 110
cdlshcmn 101
xpimaomxydvrbuqnjm 97
uzbhkxcfduvnqxkv 91
omwmsljlrkjbk 95
vctuinibfdbawypyyki 99
bcanv 97
yiaqrwtcoaucg 110
fqb 98
bozcuknb 97
xbuuaxutztobvqlr 92
agkcdgrtpnv 98
undvaidlaa 101
lj 97
zrwbq 99
drtsl 112
yplupkpxicrejnywbuq 103
smidd 85
amogbtvcwgdsdgdew 105
bec 95
b 91
pqotwdsqxmbkqaqo 79
gfzp 117
ycmghjql 102
sezbjvyufwnfdpv 93
eqtbedmzkmiybw 98
pmo 96
dikys 102
ztlcd 109
yphmh 113
egz 112
vzqzlxifus 85
nslzwdf 90
ditlbvw 104
zyb 109
evdundakhrfymmug 98
or 93
bblldykuaaunqlpu 97
xchpfdakoudgvtgga 88
xpttjl 85
bayi 105
rljrjjxni 94
hpnxaouisqrpmxxgvbz 85
xyqqswrptcafdc 85
vbfrw 106
aevwtobk 92
ihrqckscswgz 86
iuhwdqebnzenlx 112
ufoaizmsumorpajn 107
guvodanj 99
vu 92
fyuhtnrvcsxdhxfcfwy 112
lxpu 101
pzwwvijyddhi 97
zycl 97
hejyxsvjuaeqbob 78
sxixkzusqemlihqjq 83
pvqpfjhibfptuoj 98
ldrmzjpiqmxhafjuc 100
ebolnjlqdnkppzoyp 113
umtkprsemrjdazmfzac 107
ksueschxpqf 86
bfzqrwlgakeair 96
cgdojaekmlm 94
jhmlnsbnikqjuhqlcz 91
sqrosjmneg 96
gtmgfftaab 78
qbsapaixfxzmvndqk 100
lmytzrbffzxgh 91
jkg 115
iqkolyspxhmpr 96
uuscczghnkn 99
zj 96
nzuwyijdbdhpkbbsyg 91
ghlmngmnmo 117
mthuxyuj 106
ryvwwpeemuiur 98
zeww 109
ldh 114
yjsmlgugupys 101
uuj 95
sfwlxypsvrcbpsfday 96
fj 75
wuojrarnszer 95
ouvwii 89
krsphnshzhgha 101
ye 122
hgydq 98
vpijh 97
qvhlevnykusr 90
aqahkeznqnjhpjxs 87
mwfysfjxlgqhy 106
zmipehigxvwkmlo 91
btjecbqhm 103
fysdfsef 108
ixosccexdf 96
jwphxeozgrnvenxaxvb 116
idaejolq 120
hlt 102
umfatwiugbxrbmuf 112
gwewaektfpsfg 95
rwjotfnoot 88
romvfimyagwbds 98
akiymhtv 82
xhbtz 118
rgegfkv 78
sorttqab 103
qrqsipouyumrvxafpu 93
kcxdzhqxyftrswvw 105
vcujcaifuzejflgluf 89
vaucdlpcersxdzqkzt 115
cblgdzgbdhqul 93
azzrmi 99
flr 108
tkvwzkxpttpn 105
cpxvatbpmulggez 100
oqkcfdehxrcnuhflrza 95
vyifuhmuok 88
fejtmiumwlosill 102
hhh 90
tjibgcaixsxkylatgc 101
cxplpazwoafywvpk 93
eiebmckilzvsex 83
jqqsmqycbtmkewipigq 96
