ltrxhridl 1
p 1
wrlgapxpvmisuff 1
ciehwzuuhgcoduqyg 1
ebolnjlqdnkppzoyp 1
bqdgvwxdidhnuejvo 1
hpnxaouisqrpmxxgvbz 1
eqjfljwtwjuop 1
cmgjs 1
hicspssjvzfrdcf 1
mjbjilsxrrq 1
chuwoybkl 2
fmxn 1
oasimpxmljenocb 1
srxauviieyvyc 1
aqbot 1
bufqrieslhppk 1
gtmgfftaab 1
lj 1
mzyrucbozzzuxn 1
gomwdikwbclyuitxyz 1
hejyxsvjuaeqbob 1
nyhjemppubvh 1
tsaabtpryszxi 1
alk 1
d 1
xluylggun 1
rwnxdnyjkljv 1
eazhnwc 1
donkurrozkdcls 1
bhckdtubwfayretqc 1
yplupkpxicrejnywbuq 1
clkrjljud 1
y 2
tu 1
sldswspxy 1
inplyykpofnu 1
nsrxf 1
bnkhkoeofkymfgscy 1
mjtdrevmq 1
mmwymyfj 1
xrixsmymdhnbn 1
xhbtz 1
qfwrcmfbss 1
cgammyy 2
kilchsvdfcxa 1
ywdlqfnuphkehffkr 1
egfqiybvhkc 1
ghdldquslwlrntr 1
zvnjnxfscv 1
cgyntjgi 1
uuscczghnkn 1
an 1
tzdwn 1
cwifaeufwatwfnzfbwi 1
eacsdkttytbdhn 1
fxjcrgjwcumiqzop 1
bcaiepqobkn 2
gb 1
ixjetacidzpzshecrza 1
qilfongowmbjarvpq 1
fblxlfib 1
nlsiilzsvxqsseoeo 1
etmucit 1
eyzqpomlxkbqkyez 1
psggb 1
rtosaevu 1
azzrmi 1
yrddwopneqd 1
bcanv 1
gspwiplypxqp 1
ehfzsaxymej 1
vgjhe 1
ljemtqurpanltybi 1
m 1
skoqbr 1
guvodanj 1
bmz 2
nssortyoteh 1
xavqpemdotaebkdtqf 1
ghlmngmnmo 1
ldrmzjpiqmxhafjuc 1
wokmihjmkifuyofg 1
vsdiydu 1
vwmzcfbkakceet 1
alvbjwr 1
tekzno 1
ldh 1
bm 1
xoxltbw 1
qm 1
gwfpfbksi 1
pnciykq 1
fmryopow 1
aqahkeznqnjhpjxs 1
