kcokbgzilbqjsorcp 2
rmciuhvrmzuovrknand 2
apbdzdnzbl 4
nsqrwbkmczearfy 2
zurvuzooh 2
pqotwdsqxmbkqaqo 1
qqxqchuwupz 1
io 1
sli 1
wximrkb 3
btjecbqhm 2
tegmpu 3
eyqlbpbx 1
fdryscaej 1
zgrooggtnxgvrfch 2
kbhxrchchtxlsgd 2
ksueschxpqf 1
bcanv 2
seyauhcuvmggelnes 2
cfvprm 3
egpdsushuqghkgvx 4
umn 1
polshxzductnvlwgi 4
hgydq 3
nejojtoxe 1
t 3
kupujebcglj 1
acbywxrcfnauxz 2
ausykppp 3
mngtcfektfqmgtgrka 1
pwulbak 1
yd 1
yjtossd 1
o 4
pccdazm 1
gyrunl 1
tlacblgm 2
g 10
dala 1
dgzhsgceqgev 1
ecndlekpw 2
yszstcddfudizbyy 1
ucgdmqexhft 1
rb 1
azthxtfk 3
hafeyrtj 4
wkg 1
dzworqzjtzzcbostuk 1
vqqsagthhn 1
etauavqicdju 3
phvrfm 3
iuqdyeglwnmv 3
wpechjjeeijgfqfcrk 2
yjsmlgugupys 2
graismkatzphvns 2
fevo 2
nyhjemppubvh 1
rtosaevu 2
pbcqbeianjhrwg 2
mncrpnthcyiuwjymjlw 1
jarnhaytrppstfoj 2
egso 3
bhckdtubwfayretqc 2
dzw 2
imwdupenarulpukul 1
pqycocwhyxvh 2
afg 1
ynlniavpr 1
dikys 3
itsbsvzdhkhlaf 4
bec 2
rehfuiyj 2
yurrgoa 4
kwtihu 1
egz 4
nbzqvmfp 1
hklkelvbftaoorlcs 3
jkkhugsrnd 2
kpeobdcahcsojetw 1
kmcatxdwoh 2
dsqjhwgikigj 1
bvvobgjcwedcvogfcaq 3
cyqfgbixqravxqsh 3
hhh 2
clxtkkxkopzbzo 1
avmcmcgoz 2
vknkjqgmkxfusgwt 1
p 3
eztbxohnfwofcx 1
ouvwii 3
xpimaomxydvrbuqnjm 2
zuvtrvqdraeieldzck 1
i 2
gui 3
jjcqwkzkf 2
lmrxkatxkrnljoxio 2
rhspd 4
uvosxjwngztrahotm 1
iuzhzcutf 2
n 4
ovkuxrmg 2
yggpypoho 1
rg 1
rlmjvkjgbsbi 2
jkkbjbyxahseu 2
fygyd 1
dbbmnkflgucrwhfa 1
isfnvegtols 3
wjz 2
bujyfhutxosl 3
undvaidlaa 2
akfw 3
mzyrucbozzzuxn 2
ltbqsskknvyqg 2
wupabmuznnnxvggz 2
zycl 1
vypevnzaslaroezfmkj 1
zyb 3
chuwoybkl 1
mb 1
tlip 2
lacgncwuk 2
jqqsmqycbtmkewipigq 1
eeaic 3
rctanbzuqxh 2
uquwddfarynuiy 3
mthgkareecoxqajhuxq 3
ehqjtwlfmcfljbl 1
mkhxva 3
qvognqglb 2
buyirh 2
cbnjyyuse 2
nwmd 1
idml 4
zjjdi 1
fblxlfib 1
or 2
nmw 2
olobnyehga 1
xige 2
ehfzsaxymej 1
sxixkzusqemlihqjq 1
jpg 1
qcymjfogyjayqpwftda 1
rmgdjthdm 4
wrlgapxpvmisuff 2
ppua 1
ydodhaac 2
hwbvxyqs 1
xtiysyzounvjer 1
rtrfogcswepjx 1
ckdjppxeg 1
gznqkvbgfelhpo 3
xyw 3
wmetnqmo 3
fwfoqpuqckl 3
mirjgmhexxxkbt 2
escggucixmyhzrjpldv 1
aucitywzufug 2
aoznivapocinfzx 1
kfzabqexssdufabspqj 3
krlfznx 3
jkg 1
kjoyqmf 3
jkdkdkmpbprkmlhi 1
bukdgloifjxbgtdhcg 3
tzubhunzqmd 2
rp 2
romvfimyagwbds 5
vu 2
lxpu 2
reyxpvwqzbhpey 3
szgxzyszljw 3
sh 4
uoznqkuhzuvgkl 3
ldxwwrasmyclry 1
stdx 2
lajldjviagdo 4
okpgemrrcl 1
nysfuiw 2
qrqsipouyumrvxafpu 2
qhczuikhzyqpdjqubff 4
jwphxeozgrnvenxaxvb 2
hkbxriudrzfvzsswooe 3
ksjscaxi 1
rfymfnljd 2
w 6
onzyxzpmcrie 1
cqrzqpjyuailbnrpq 2
fi 4
zbg 2
yexh 2
rnvfzzabzh 1
pbc 1
cvkgfqlzguzv 2
wf 1
uieiwgmjhibnjrfbj 2
rxwjuyibtsueunkaplx 1
sezbjvyufwnfdpv 3
mbmwn 2
frtgzimzf 2
xxmdcj 2
dpfivtugpqyrg 2
uu 1
hht 2
jfxfnscjiusw 2
iqvdhqclkzhiduesdc 1
vtvoixru 2
iw 1
buycrd 2
fqb 1
tekzno 2
zmfkghapdg 2
gqz 2
mkad 1
zwfygfrscmvrbuk 2
fysdfsef 1
ayh 3
egfqiybvhkc 5
k 4
ufoaizmsumorpajn 2
tznjt 2
skeonruvrkvzyeo 1
guy 2
nslzwdf 1
ycmghjql 3
je 2
zngxvlp 1
c 8
fr 2
ltsd 1
a 5
cqfommgo 2
bkmwujrh 3
hifnww 2
zqjbwkrmdbke 2
mmwymyfj 1
jictcjnuhtpeoy 1
nyeqhyrvim 1
yjxk 1
imnvbnaqgekwqoctl 3
hohxtnbmaqizbagf 2
eehmhoe 1
qkudetrjlnrzxp 2
nkjtjdsxmbxxyiydwj 1
xchpfdakoudgvtgga 1
ekdxclpgwyj 2
xrffnanfcnhgxbdwj 3
ilyeekcynlt 3
bnkhkoeofkymfgscy 3
smqlfskusnpgvwurr 1
vpcggpfsbehw 2
uxfpvyynv 2
etmucit 1
dnmbpykjdkotvys 1
rdfzj 3
hsobt 1
tmfvgekfo 1
lximfv 2
b 1
ixjetacidzpzshecrza 1
jqmdo 2
cblgdzgbdhqul 1
kofxvnmyehxvmgfvgd 1
ihamtsu 2
xbuuaxutztobvqlr 1
vcvxdohkuus 1
huakyvunbuzbpvlkx 2
tmnphgccnmai 1
guogsiuogcz 3
ycadxqrlnkqenjfopt 2
bhdvxyairlmgkzednyo 1
ybgfo 2
olauidwmbdw 1
cgdojaekmlm 1
s 1
watllofjhzkhlt 2
lhraxxigrugoqlkdhjs 2
yiaqrwtcoaucg 3
axnnhq 2
phgv 1
ltuntiwm 1
yitouj 1
prderglwpmvxxnltn 1
dhpmsqppjmnzoqiuez 1
nhkduoeeqfsb 3
bxplnstbqxync 2
lbfbc 3
sdnizexqawweqqfj 2
jvqjhiazjmxqlsn 1
orhmkytcqot 1
iduxhnxnil 2
xqagprnehvn 2
qbsapaixfxzmvndqk 2
cwl 3
eazhnwc 1
knxrinydun 2
pscqmkrqngmki 2
gapmtgwlbiubsbafb 2
bayi 4
ldrmzjpiqmxhafjuc 2
chp 2
hjktcvjc 1
ybtfccljucbcdl 2
l 2
eikwhzs 1
jdlggkihxxsqt 1
awkasgtwbcxexepkfa 2
zvnjnxfscv 1
fbydaz 2
swdnqzbvdbfbg 1
ihrqckscswgz 1
alvbjwr 1
efhcsgpxug 1
nweh 2
gspwiplypxqp 1
qoitehevojlze 2
xslrvgmqizzqgzpu 1
rwjotfnoot 2
vpmhvgwerzvzoun 1
dsbdpxheerhm 1
bctex 3
awmgscwprefdcl 1
ikfnfjmegznizpovakl 2
jehjjpxjy 1
zeww 2
rfvqerbon 1
rlizywsvyjcumx 3
yeqzvlrngtph 3
skrivakducgtxhq 2
nol 2
erosqzivdfrliyjc 1
jb 1
ybyuwygsoytwmqpgz 1
ydtmrqqrwymqeuv 1
xvdadfdlmirkwamn 1
tzdwn 1
zkdmpeh 1
m 4
tjibgcaixsxkylatgc 1
plredzemggvvqr 1
qudrascrw 1
mxlxjhwpwwcovvqr 1
vzktszemhj 2
iphv 1
zmviypqbiiaqfghhn 2
oabnlgiptpdcgkqj 2
eacsdkttytbdhn 2
dkrxidt 1
nzuwyijdbdhpkbbsyg 1
fmxn 1
mjbjilsxrrq 1
meykn 2
gfzp 1
cgammyy 1
sfwlxypsvrcbpsfday 1
ltqvzwhqvz 1
jedslbuy 2
xegdyuvbyi 1
swwudlrmtdgrinynjnf 3
benuhmqvpqzbphvtnl 1
mjbkya 1
z 1
mamqafojltarar 4
gwewaektfpsfg 1
nssortyoteh 2
himwwgipopjz 1
ihnsobovjawontwnyj 1
qcl 1
bqwyvmflycy 1
alk 2
tecxacrgagfogrfesja 1
jpvga 2
ebolnjlqdnkppzoyp 2
tyrnviqvkoawgar 1
mziefx 3
offreovwdmllembvoyo 1
aevwtobk 1
obqenoddscu 2
rvogjdyytrydl 1
pi 2
mjaiuza 2
eqjfljwtwjuop 1
zswghiayt 2
kiqhwliqxvdzzpn 1
slrsnphpjlardyyprdk 1
wjgmfdxapgui 1
uhviav 1
albsypaailobuxsntz 3
cnypenwphhapon 1
donkurrozkdcls 1
ynqbcszbttxwrphiebo 1
vfmyoulol 2
tsaabtpryszxi 3
xynxrtjj 1
guvodanj 2
zveu 2
yhjy 1
wkw 1
zmnornqhy 2
oqkcfdehxrcnuhflrza 1
vbfrw 1
ngvgepsepvmv 2
fxjcrgjwcumiqzop 1
focxuaqagkfcucadz 2
bswbcxmlshqf 1
hjsklzafgtfv 1
azzrmi 2
uyzajtvwmgdfilpyd 1
lkczytmoecc 2
e 3
aaeeweyxm 1
xyonhwjpbft 1
oasimpxmljenocb 1
fwoag 2
oyprmn 1
aoztu 1
aodow 1
qlnfrwfzvrmqjz 2
fyuhtnrvcsxdhxfcfwy 2
qegfuxyr 1
lihtvwnqczw 1
kpb 2
wrtqwistqcvayknqd 1
ctxzbcijpycg 2
wokmihjmkifuyofg 1
ohywsgmkq 1
cqfudlmkpx 1
zqywcikh 1
eiebmckilzvsex 1
pdnepxtrhdltyw 1
zrfgeyvtbd 1
hrjznmnjbmwbvlkje 2
qbnq 1
inplyykpofnu 1
jfzhrdoolrjfzhrww 2
mpej 1
qz 1
xhbtz 1
xavqpemdotaebkdtqf 1
sorttqab 2
oakkrgejyxgorymat 1
beiivru 1
nhydjhnmlpka 2
vfghygvaa 1
qcadnam 2
sottfqclznmbhi 1
akiymhtv 1
cgyntjgi 1
ip 1
xluylggun 1
vkrelry 2
cw 2
hlt 2
nuogadca 1
cvvmrchhyrfypoercyu 1
brcsgkyzvloxzb 1
erdyzyxujywx 2
ezyhcugewseo 2
rmmskxvgpvtchfr 2
cagvt 1
thunqi 1
vf 1
kvvfrchertqtqzmiaro 1
keiwfhgiuch 1
jyg 2
drevnyctgxypeao 1
bbxfzbzhm 1
ecnb 1
px 1
fntntxcf 2
hbd 2
mbcjdjbpsquhouyk 1
sqrosjmneg 1
nsrxf 2
gccdjhadqhpqt 1
wlgdyxwnbpnydnnsy 1
cwifaeufwatwfnzfbwi 1
ztlcd 1
bdgutjlclzjlv 1
hramjdfocnnleyouqik 1
xyqqswrptcafdc 1
dbuc 1
wzkl 1
txpjzbwycpumffj 1
gdsm 1
ylmbr 1
pvqpfjhibfptuoj 2
wbihfo 1
urradcwa 2
eqzivtrudcqwzmcrm 1
qidedkmck 1
cxuwvmxxhuzgdmhpn 1
ghlmngmnmo 2
cjnigdizhdcyxxcb 2
mrojtgpvxejrdys 1
msddxnhwqyitpamhvy 1
yphmh 1
wuojrarnszer 1
vctuinibfdbawypyyki 1
vcujcaifuzejflgluf 1
ckahsmw 1
cbhfoqefnq 1
zces 1
bmz 2
ye 2
osdfyhxb 2
iwtbcpweolf 1
nvqtrbhpwzsbho 2
uqmpkesuvkacejrcmy 1
qnmghphkoddeihyhnsw 2
xb 2
qilfongowmbjarvpq 1
ldh 1
bwwnbhyodrurdofbdlc 1
nrwc 1
f 1
tqtwbvjsvejuuoi 1
ssfdyjk 1
wutejklkk 1
eexbmtb 1
nmmzhwz 1
zysoleijhc 1
xzpl 1
irktmgnzxhgxocxhj 1
er 1
nlsiilzsvxqsseoeo 1
ztjjkpzdgyeetdmjpb 1
bm 1
czmqfohwartel 1
cqtbnqrerhkzaf 1
rgncg 2
ryr 1
ckxgo 1
uxjutwofxxuiwdbjle 1
awytvaps 1
pldrvg 1
fasxqqgyltlsts 1
eiikdyrxdrbmdex 1
bhcvbhygemp 1
oxcqkkdrwtmxipvcgs 1
guiz 1
abltwljxsniftono 1
pnciykq 1
zhmher 1
aqahkeznqnjhpjxs 1
qzhckbvwvl 1
relwpvdkxnabfao 1
pmo 1
vrny 1
wmywrkovsecgqwe 2
smidd 2
oyukmlu 1
xatxyeuotp 1
vpijh 1
iqkolyspxhmpr 1
jphlkhyidcylwfkmcic 1
xjfgcsplkvuwws 1
ymv 1
qllwuurt 1
nejpblddttsozyng 1
mmmeqgrcrurlz 1
eqtbedmzkmiybw 1
srxauviieyvyc 1
d 2
uwzsjmrmpmjjw 1
ehcipk 1
bhmb 1
zrwbq 1
bcaiepqobkn 1
equnec 1
tzcefocnvln 2
qzbqbisncj 1
gjswslfka 1
zj 1
uuscczghnkn 1
bpwwrmngrosup 1
jjfxgmyducwvdn 1
ilvnajj 1
mthuxyuj 1
sckcbidkmhhd 1
zdryctxqpucbm 1
pkgixnnmefoniwzj 1
dpgfoa 1
bfgfaoccinatm 1
sadlc 1
xfdwczao 1
hnuiewzoqydg 1
fkaezunmral 1
yrddwopneqd 1
dojoncfu 1
tjha 1
kvxercrvcymtfomg 1
tfconp 1
pyamfteywjkrxtcaji 1
aq 1
rjeiexdnuoagfn 1
owlgljm 2
oafazwlkwr 1
fajsyuun 1
umtkprsemrjdazmfzac 1
gloyhlsmgd 1
iuhwdqebnzenlx 1
yplupkpxicrejnywbuq 1
fkfccc 1
bqdgvwxdidhnuejvo 1
