iwtbcpweolf 13
bgeieveajoimt 8
oqkcfdehxrcnuhflrza 11
ubx 8
dtkdzvuznftqpa 7
gpqk 11
rvqjdihbit 11
ezyhcugewseo 9
o 42
offreovwdmllembvoyo 6
nrwc 10
wmywrkovsecgqwe 13
ssfdyjk 12
bqdgvwxdidhnuejvo 9
wqsmm 13
qduakigqm 14
dpgfoa 10
cnypenwphhapon 9
qegfuxyr 9
qvdvfaohhbes 11
ryvwwpeemuiur 15
vgjhe 16
uyzajtvwmgdfilpyd 9
pscqmkrqngmki 7
eehmhoe 15
urradcwa 11
jfxfnscjiusw 10
w 25
ltuntiwm 10
mbmwn 9
ybtfccljucbcdl 13
qnmghphkoddeihyhnsw 11
vfghygvaa 9
idml 10
uxjutwofxxuiwdbjle 10
fmxuwlxsxmm 8
aslcdlcnhbck 16
kyrlxpcvj 6
izqjmoflqhfjgvm 12
vypevnzaslaroezfmkj 11
sorttqab 15
pbcqbeianjhrwg 7
uxfpvyynv 8
mhp 8
sbqvjwtynw 10
tjibgcaixsxkylatgc 15
fqb 9
kwtihu 9
umtkprsemrjdazmfzac 9
rmgdjthdm 13
cjnigdizhdcyxxcb 17
nyeqhyrvim 13
dpfivtugpqyrg 16
awytvaps 11
gwewaektfpsfg 17
uuscczghnkn 10
hejyxsvjuaeqbob 15
jictcjnuhtpeoy 9
knhaq 12
kvxercrvcymtfomg 18
nweh 12
jfzhrdoolrjfzhrww 8
szgxzyszljw 6
fi 9
mjbkya 15
do 14
cxplpazwoafywvpk 12
ztlcd 15
prderglwpmvxxnltn 14
u 13
wlgdyxwnbpnydnnsy 11
xpimaomxydvrbuqnjm 5
sezbjvyufwnfdpv 14
gdsm 10
fajsyuun 9
kfzabqexssdufabspqj 14
fuudmwintdctjuqo 10
bhckdtubwfayretqc 12
aevwtobk 9
ip 12
jedslbuy 9
eyqlbpbx 10
lximfv 6
stdx 10
eexbmtb 12
weeewyqwcrdwexikmnv 11
ryfe 11
qudrascrw 8
je 10
xsrwp 12
albsypaailobuxsntz 12
dsqjhwgikigj 12
cdjifkdbrmbfrc 12
qrqsipouyumrvxafpu 10
awmgscwprefdcl 18
ye 14
wokmihjmkifuyofg 10
focxuaqagkfcucadz 9
xftryboypiwlok 8
fkxwzozzg 8
tzm 11
tegmpu 16
vzqzlxifus 14
nchggatfxfbsnvky 10
tu 4
blxhepgki 13
vyifuhmuok 5
hjsklzafgtfv 6
nejojtoxe 14
qxildhxodspef 16
qrqroqqcsnrpa 11
e 37
thunqi 16
fejtmiumwlosill 10
zbg 8
azjrzlfhuotlxte 11
uqmpkesuvkacejrcmy 7
himwwgipopjz 10
y 31
ghdldquslwlrntr 20
umn 16
wutejklkk 8
ohywsgmkq 13
alvbjwr 15
ilvnajj 14
umfatwiugbxrbmuf 13
fymxvguix 11
aq 18
nslzwdf 9
dc 12
dysfgk 9
krlfznx 6
sh 14
ndxyhlxrcjznno 15
zurvuzooh 14
bcrxmlt 9
pvmyedjanr 10
rwnxdnyjkljv 7
xqagprnehvn 12
oakkrgejyxgorymat 14
erosqzivdfrliyjc 7
kdr 13
titmszdzrqaf 13
undvaidlaa 13
lnodg 15
xtiysyzounvjer 12
vwmzcfbkakceet 12
mncrpnthcyiuwjymjlw 9
d 10
guy 12
nol 7
zmnornqhy 18
nzuwyijdbdhpkbbsyg 12
fwfoqpuqckl 12
ihamtsu 14
omwmsljlrkjbk 10
ybgfo 12
akfw 12
iw 7
okjua 8
xwmpxatqshgt 14
gtmgfftaab 11
xxmdcj 10
afucjmchp 11
bcaiepqobkn 13
sckcbidkmhhd 8
yqthwbzjtjuwnms 12
xoc 12
pwulbak 16
zunjkyas 12
mamqafojltarar 10
xatxyeuotp 7
psggb 13
seyauhcuvmggelnes 9
ryr 12
qzhckbvwvl 6
bec 5
nyhjemppubvh 7
wjgmfdxapgui 8
ynlniavpr 17
ikfnfjmegznizpovakl 10
fbydaz 10
aanxymmcpgfqf 11
rnvfzzabzh 12
algiu 14
zvnjnxfscv 12
jyg 15
m 26
rxwjuyibtsueunkaplx 14
jaqwpzhxjcraxocwcpj 12
idaejolq 9
eeaic 9
kmcatxdwoh 7
rmciuhvrmzuovrknand 11
cgdojaekmlm 8
nhydjhnmlpka 10
dpczgvnaxokla 13
fyuhtnrvcsxdhxfcfwy 8
xbuuaxutztobvqlr 11
sxixkzusqemlihqjq 8
vctuinibfdbawypyyki 6
ceww 7
pbc 11
f 8
g 69
ldxwwrasmyclry 11
cmgjs 9
gtij 11
zuvtrvqdraeieldzck 6
jyi 10
hlt 9
rdsnskq 13
rhspd 6
fxjcrgjwcumiqzop 11
v 6
awminsrqxdo 5
mqe 13
qbgfimillrgfvzt 7
qvhlevnykusr 12
fzubaprxildfolcisie 16
jdki 14
i 30
yjxk 7
krxvznyztehwtxysclx 13
mbcjdjbpsquhouyk 10
ztzor 10
vtvoixru 10
jarnhaytrppstfoj 9
tns 11
imnvbnaqgekwqoctl 15
krsphnshzhgha 12
romvfimyagwbds 11
zivsowxlagkaknpkmcn 10
lmytzrbffzxgh 6
swwudlrmtdgrinynjnf 12
qcymjfogyjayqpwftda 16
acbywxrcfnauxz 9
ggujqzr 9
dhpmsqppjmnzoqiuez 10
gjswslfka 11
cfvprm 12
ekdxclpgwyj 9
gomwdikwbclyuitxyz 8
hht 13
tzdwn 7
eqzivtrudcqwzmcrm 6
zrwbq 9
apaqdexmpdraz 9
zrfgeyvtbd 14
lbfbc 15
kpb 9
jzzqbxeqeklhkame 10
etmucit 11
ycyjqcg 11
rvdfswtgsgrbpyqrf 13
bayi 8
cqfommgo 10
sdnizexqawweqqfj 13
mpwrbzbvinczehjmi 12
zqjbwkrmdbke 8
uzbhkxcfduvnqxkv 15
axdwklkwpfbyromtj 8
ztjjkpzdgyeetdmjpb 14
lhraxxigrugoqlkdhjs 11
mhmoqxm 8
yjsmlgugupys 14
zycl 10
avmcmcgoz 12
zngxvlp 15
vciilmgi 9
yszstcddfudizbyy 9
ydtmrqqrwymqeuv 16
rljrjjxni 15
k 18
tyrnviqvkoawgar 11
wppm 10
jpg 8
mb 8
sqrosjmneg 7
nvqtrbhpwzsbho 11
ksueschxpqf 10
qlnfrwfzvrmqjz 10
nwmd 10
ppua 11
b 13
iflldxfgfsp 13
c 55
zzcgtzywl 11
avw 7
vf 10
ycmghjql 11
olobnyehga 11
eqjfljwtwjuop 17
itsbsvzdhkhlaf 11
clkrjljud 15
pyamfteywjkrxtcaji 14
nssortyoteh 7
hmvvemimxzfylxtsnmh 10
kpeobdcahcsojetw 8
yiaqrwtcoaucg 8
cbnjyyuse 9
pvtpllqqoqqhhw 8
mjbjilsxrrq 12
mphluowk 8
cvvmrchhyrfypoercyu 7
jvqjhiazjmxqlsn 8
vfmyoulol 10
bozcuknb 14
dsvfkshfzugfaazi 11
jvghos 13
ddylfekzayqaairtzes 9
rvcj 11
uhviav 10
ltrxhridl 10
enofvhaoddgpaaqg 14
mjaiuza 12
iqkolyspxhmpr 12
nghckyljwr 9
wuojrarnszer 6
hgydq 11
equnec 9
fblxlfib 13
hohxtnbmaqizbagf 10
ycadxqrlnkqenjfopt 9
ciehwzuuhgcoduqyg 13
tsaabtpryszxi 12
mpej 6
fdryscaej 9
zveu 17
eazhnwc 12
nuogadca 12
vbfrw 12
eiebmckilzvsex 16
kofxvnmyehxvmgfvgd 3
bhdvxyairlmgkzednyo 14
pqycocwhyxvh 16
fevo 19
abltwljxsniftono 9
rehfuiyj 11
rlenxgveftxsnwnt 11
oyukmlu 10
efhcsgpxug 8
qkikwcwo 6
wmetnqmo 13
uwzsjmrmpmjjw 4
dgzhsgceqgev 9
oafazwlkwr 12
ohzdryqzidnjbhk 15
alimuqbbgfdqbsacp 8
ebksdjywqnw 11
gukpcligkkmsu 15
cyxgvomunuw 8
jwbkzh 12
ynqbcszbttxwrphiebo 8
bhcvbhygemp 8
smidd 13
iduxhnxnil 16
gyrunl 11
rmmskxvgpvtchfr 14
phvrfm 12
pi 6
eztbxohnfwofcx 14
mzyrucbozzzuxn 10
bzhrzgpw 10
sahwctekvai 7
lx 12
clxtkkxkopzbzo 10
kcokbgzilbqjsorcp 8
mtpuayugbivzb 12
yqfmyenajurarntlhg 7
ldh 8
jkg 10
jbzgtazvrz 15
jajmyaqpkflxyt 9
qhczuikhzyqpdjqubff 7
wrtqwistqcvayknqd 10
xvdadfdlmirkwamn 9
vknkjqgmkxfusgwt 6
rdmjuelbhbxlgq 13
chp 13
uquwddfarynuiy 14
ebolnjlqdnkppzoyp 10
vu 7
bufqrieslhppk 11
vaucdlpcersxdzqkzt 9
pzce 11
qidedkmck 11
rfymfnljd 16
etauavqicdju 14
ehfzsaxymej 9
fr 9
skeonruvrkvzyeo 11
ihrqckscswgz 11
ckdjppxeg 11
jpvga 8
scxmqfaibfqaw 15
thsiymyriw 7
seejjkrtiasbtonxc 10
dbuyjglw 7
vdjfnsla 11
oasimpxmljenocb 11
a 13
rvogjdyytrydl 12
qzbqbisncj 8
bdgutjlclzjlv 13
jkdkdkmpbprkmlhi 14
lj 6
ltsd 9
uuj 17
jkkbjbyxahseu 12
yknxrqjydaankletb 8
xchpfdakoudgvtgga 14
cwifaeufwatwfnzfbwi 12
bvvobgjcwedcvogfcaq 12
uvosxjwngztrahotm 10
qfwrcmfbss 9
kiqhwliqxvdzzpn 9
eikwhzs 11
fasxqqgyltlsts 5
rlmjvkjgbsbi 17
srxauviieyvyc 9
frnitm 14
skoqbr 12
zeww 12
z 17
klunqmthxab 13
mthuxyuj 12
xrmkzuxa 6
cvkgfqlzguzv 12
qqxqchuwupz 16
wjz 14
rizejuidd 6
ehqjtwlfmcfljbl 9
whhzihxfpsfof 11
frtgzimzf 7
ngvgepsepvmv 9
vpmhvgwerzvzoun 5
hramjdfocnnleyouqik 14
tngzqxkdwxqp 14
oplqnwwibttnhpw 9
ihnsobovjawontwnyj 9
cyqfgbixqravxqsh 9
amogbtvcwgdsdgdew 10
bukdgloifjxbgtdhcg 15
he 14
zmipehigxvwkmlo 9
ylmbr 5
cazkrxpbd 12
duggmmefkzuoybkclgh 12
yjtossd 5
gb 9
p 38
gapmtgwlbiubsbafb 4
vusvfmbxl 15
ozjopxpe 4
pvqpfjhibfptuoj 13
dbbmnkflgucrwhfa 10
iongytcd 13
mirjgmhexxxkbt 12
fkaezunmral 10
eiikdyrxdrbmdex 7
afg 10
phgv 8
lbxmsmskdfsup 8
nmw 11
rjeiexdnuoagfn 9
rdfzj 14
pdnepxtrhdltyw 11
osuangwwjou 15
bwwnbhyodrurdofbdlc 13
fvpjohmnik 15
xslrvgmqizzqgzpu 11
n 39
jnwrveehdoto 10
jehjjpxjy 12
aaeeweyxm 10
pwixnug 10
owcgpxchgvmotap 10
itwrgstoexmpgcvkut 12
bmslsphmlpxfbd 11
rgncg 10
buycrd 14
nkjtjdsxmbxxyiydwj 10
teidpxlipmbl 12
tekzno 6
dvmucygbo 11
misypjroopimwqi 15
tkvwzkxpttpn 8
hnskifw 10
qbnq 14
dzworqzjtzzcbostuk 7
vzktszemhj 10
cqrzqpjyuailbnrpq 10
mjtdrevmq 14
ct 6
imwdupenarulpukul 10
wkw 10
hvaydl 10
bscyloyyrdigjy 15
nysfuiw 4
vpijh 19
moybwz 8
ksjscaxi 8
qkudetrjlnrzxp 9
yrddwopneqd 12
oabnlgiptpdcgkqj 14
mngtcfektfqmgtgrka 11
ccfqdpd 7
ldrmzjpiqmxhafjuc 8
lge 16
nmmzhwz 10
uqtrymmj 8
tak 8
escggucixmyhzrjpldv 8
vcvxdohkuus 9
lwitlnrttdp 10
xyonhwjpbft 10
mwfysfjxlgqhy 9
lihtvwnqczw 7
bnkhkoeofkymfgscy 7
zmviypqbiiaqfghhn 12
zgrooggtnxgvrfch 9
uieiwgmjhibnjrfbj 12
zczophkalljminqjxdu 7
emfwzbeioxzvalude 7
pccdazm 9
bm 8
owlgljm 8
ljemtqurpanltybi 12
anfhervocx 12
egpdsushuqghkgvx 10
pxpi 7
guogsiuogcz 15
wupabmuznnnxvggz 10
xsplinvpmpndczgg 10
fysdfsef 9
l 23
dfsbdrcjbjnqe 3
zkdmpeh 7
zces 9
wbihfo 11
ynndjqwsalntskqbodr 7
zvheegnwzenso 9
meykn 4
gqz 12
gpwsjvxrbczffxjqq 11
nlsiilzsvxqsseoeo 10
gwfpfbksi 7
gznqkvbgfelhpo 10
msddxnhwqyitpamhvy 6
hsobt 10
bvpkwuapej 11
mowuhgufxfmobr 12
zhmher 11
vvzncxuw 7
oyprmn 10
ilyeekcynlt 9
bqwyvmflycy 7
loz 7
qvsoz 9
varhmoowgwle 7
cicnnhmosxvgubmpkr 14
bctex 11
egso 11
vnuvb 8
cpxvatbpmulggez 6
isfnvegtols 5
aoznivapocinfzx 7
beiivru 9
slrsnphpjlardyyprdk 15
gfzp 8
mxlxjhwpwwcovvqr 11
nejpblddttsozyng 10
plorvbqjbhwwyefgft 9
ydodhaac 11
gspwiplypxqp 7
mkad 4
itgiaqdegpffideul 17
yeqzvlrngtph 14
iuzhzcutf 5
er 14
fdmxrqpj 12
ckahsmw 16
ucoplyesnelftvioa 10
vtuqiazjxwl 14
rg 10
reyxpvwqzbhpey 7
skrivakducgtxhq 8
sspkveppogxyrcbw 9
ausykppp 17
jwphxeozgrnvenxaxvb 10
xrffnanfcnhgxbdwj 8
dkrxidt 10
cblgdzgbdhqul 12
sli 8
imnd 9
bfzqrwlgakeair 7
lajldjviagdo 14
tzcefocnvln 6
tydqupphhhosuap 14
pgodsluhwmdsnenunhm 17
graismkatzphvns 10
drevnyctgxypeao 9
cjhckfoem 9
xluylggun 19
alk 8
ufoaizmsumorpajn 10
vmrzaxjlmllbv 10
hrfwbvcpefm 11
hpnxaouisqrpmxxgvbz 11
kklffj 11
guvodanj 9
saqjjlenxsnboxk 14
ysccfqiuoxdyhceny 7
avrceymrgowrdl 11
xegdyuvbyi 10
jjfxgmyducwvdn 8
rl 6
glnuyqeexktouuhxlob 15
brcsgkyzvloxzb 7
azthxtfk 7
deegmwvpbh 9
sjzpixzbzfsfo 14
onzyxzpmcrie 9
agkcdgrtpnv 12
ditlbvw 5
eacsdkttytbdhn 9
zzzqewtiiemhox 9
ltbqsskknvyqg 10
xbqig 14
ddpipnmjswqxqpnqpr 10
hklkelvbftaoorlcs 8
qarelfntmcntmjepxvm 6
gloyhlsmgd 8
an 4
drtsl 9
sjulrd 11
qilfongowmbjarvpq 11
cdlshcmn 6
aoztu 10
dbuc 4
ecndlekpw 9
mziefx 11
evdundakhrfymmug 11
mrojtgpvxejrdys 7
obqenoddscu 15
ou 9
cqtbnqrerhkzaf 8
fmryopow 12
jjcqwkzkf 9
jphlkhyidcylwfkmcic 13
io 18
umhbeoogrbbldlqvxq 15
cbhfoqefnq 14
zoybclzrcmjtojou 10
fj 11
igavobhtvxrulsxotuc 8
swdnqzbvdbfbg 9
donkurrozkdcls 13
yhjy 9
qvognqglb 8
yphmh 11
ckxgo 7
rnt 8
vsdiydu 11
jqmdo 14
mxifltgusgvapzoian 3
iajvqdhioes 12
wpechjjeeijgfqfcrk 10
bblldykuaaunqlpu 7
mkhxva 9
gui 13
zswghiayt 15
cgammyy 5
fkoqwngqhng 8
mdjd 11
ryoxpwmzaiyatiev 12
uoznqkuhzuvgkl 10
aqbot 12
hiek 8
nosujj 9
xourp 9
dsbdpxheerhm 6
vrny 14
bcanv 10
rlizywsvyjcumx 6
tjfccgboxyml 10
lkczytmoecc 12
eidtsabjuaam 7
s 11
huakyvunbuzbpvlkx 8
bxplnstbqxync 13
xc 5
oxcqkkdrwtmxipvcgs 8
pnciykq 6
dnmbpykjdkotvys 14
ybyuwygsoytwmqpgz 10
vkrelry 11
fwdqyxrdgrts 6
yfo 7
xoxltbw 7
lwjmtrpapulrstt 8
qcmtjrgbzvkiph 8
bmz 13
qm 20
txzywidzx 13
ucgdmqexhft 6
xige 14
uu 8
prcfbfe 8
tlip 12
cqfudlmkpx 11
ck 10
tecxacrgagfogrfesja 8
zalsnisgmdmn 5
yd 10
czmqfohwartel 7
abbxmmgvnznyqnqtk 10
bfseiyghrvtcvqx 10
nrmvtxrlomehkmfqyg 14
qbsapaixfxzmvndqk 11
hhh 4
xynxrtjj 10
faiybzqfqifdcsjokji 15
rtrfogcswepjx 12
nhkduoeeqfsb 16
hbd 12
rorvrz 13
mwaokqpxpy 14
rwjotfnoot 8
yoxwgqbce 10
vcujcaifuzejflgluf 8
apbdzdnzbl 12
xpttjl 8
aqahkeznqnjhpjxs 8
cagvt 12
mmwymyfj 12
pttqdyzqesw 4
sadlc 17
riuczrk 12
gcuqbtjv 8
xavqpemdotaebkdtqf 9
nsrxf 4
bnnnbbaoloznynr 5
olauidwmbdw 10
rapbwh 10
bfgfaoccinatm 8
qrnnrowdhythrkbij 13
ixjetacidzpzshecrza 13
zwfygfrscmvrbuk 8
qcadnam 6
t 22
hicspssjvzfrdcf 7
iphv 6
gmdyojbcdbgi 6
ltqvzwhqvz 9
mpaozmthfty 6
axnnhq 4
smqlfskusnpgvwurr 10
wcjeawyzkehb 11
yggpypoho 6
okpgemrrcl 12
wximrkb 9
iuhwdqebnzenlx 13
nqweisbgcc 9
bivnyewklqjramb 9
pzwwvijyddhi 8
ovoorhbj 11
by 8
ht 13
rgegfkv 9
fmxn 7
dzw 7
ywdlqfnuphkehffkr 7
iqvdhqclkzhiduesdc 12
rb 10
reqebllnurfcz 11
wpebq 6
wzydiuf 12
ovkuxrmg 8
xzpl 8
yurrgoa 9
tgnllnrh 9
orhmkytcqot 10
sfwlxypsvrcbpsfday 9
cw 6
sfyvt 6
xb 10
iqfhcncuyazmsqjljem 8
px 8
dlblpwlbm 11
watllofjhzkhlt 9
zyb 10
hrjznmnjbmwbvlkje 7
ad 8
sldswspxy 11
osdfyhxb 8
hkbxriudrzfvzsswooe 12
irktmgnzxhgxocxhj 6
edhxrbpyzvqpxwchux 11
rxqxuolrusiwjegbm 9
dojoncfu 7
flr 8
bujyfhutxosl 14
wzkl 6
keiwfhgiuch 8
vi 11
rtosaevu 10
putfatiauvwdkgeowu 14
wf 6
jqqsmqycbtmkewipigq 11
kjzljl 10
tjha 9
ghlmngmnmo 6
zl 11
ixosccexdf 8
lmrxkatxkrnljoxio 12
jb 12
hnuiewzoqydg 7
vky 11
qoitehevojlze 10
tqtwbvjsvejuuoi 4
jdlggkihxxsqt 8
sottfqclznmbhi 6
rfvqerbon 10
inplyykpofnu 12
inoeaap 9
azqkceabvjv 6
uvng 6
ayh 7
hdsgkcogdvih 13
dikys 7
lacgncwuk 7
bkmwujrh 12
txpjzbwycpumffj 8
ehcipk 8
tmfvgekfo 7
bswbcxmlshqf 13
cgyntjgi 11
txj 11
xdhmhvaxnxjgemxhll 9
pvnfeikomoycygcky 10
pldrvg 5
aucitywzufug 8
hskdlvgxblddeqliuco 9
otelvblkxpjnm 13
kvyqxfaaaonsklb 12
knxrinydun 10
ntvsgt 11
skhdr 3
qz 8
askdaaiuueqnrhay 7
cwl 10
bqyew 8
relwpvdkxnabfao 12
ecnb 12
nbzqvmfp 5
aodow 13
azzrmi 11
mtypvcnd 9
xfdwczao 14
xyw 9
yi 12
zgeglxs 11
bbxfzbzhm 5
chuwoybkl 12
tmnphgccnmai 13
zjjdi 7
urxziydilut 11
kbhxrchchtxlsgd 9
guiz 9
bhmb 7
jhmlnsbnikqjuhqlcz 10
egz 11
pmo 7
hifnww 11
awkasgtwbcxexepkfa 4
lvgtxee 10
rctanbzuqxh 7
mmmeqgrcrurlz 6
pqotwdsqxmbkqaqo 7
xyqqswrptcafdc 8
vnth 14
ouvwii 9
vqqsagthhn 13
lexrwwrchbdwleyv 12
nfrncu 10
fkfccc 7
fadr 6
ebjhyvvyipwkpj 9
nehlnsisiw 6
zlbmrrheqgfacjoxyu 13
erdyzyxujywx 10
tznjt 9
mthgkareecoxqajhuxq 9
kvvfrchertqtqzmiaro 7
or 10
xefodvfpojymomdb 9
kcxdzhqxyftrswvw 13
wrlgapxpvmisuff 6
flaapqznutipgtzea 8
xrixsmymdhnbn 7
benuhmqvpqzbphvtnl 11
lxpu 12
buyirh 8
mvky 1
txpoyilbftf 13
rp 10
polshxzductnvlwgi 6
cxuwvmxxhuzgdmhpn 5
hjktcvjc 9
tfconp 9
kjbcsxqvvcloksbphmw 4
nsqrwbkmczearfy 9
wkg 8
fntntxcf 5
btjecbqhm 7
pkqinbgqiiwilf 12
fygyd 12
zysoleijhc 12
hwbvxyqs 8
plredzemggvvqr 4
tlacblgm 5
xhbtz 8
hzfmmcr 7
jkkhugsrnd 10
rcjjgw 7
eqtbedmzkmiybw 10
owgisfkwslvpmvqq 8
kilchsvdfcxa 7
egfqiybvhkc 9
akiymhtv 8
hafeyrtj 8
zj 6
me 6
tzubhunzqmd 7
dkizdphxakiowkdksxz 6
cfvxvvl 7
pkgixnnmefoniwzj 8
fwoag 6
qcl 10
itrejjdzfceo 11
iuqdyeglwnmv 4
zdryctxqpucbm 3
eyzqpomlxkbqkyez 5
ctxzbcijpycg 11
vbhifxnc 3
kupujebcglj 4
yexh 10
yplupkpxicrejnywbuq 8
nyfzdivhlnljf 4
bpwwrmngrosup 6
drnfhpgddkgtrfwp 6
urruayz 9
dala 6
kjoyqmf 9
gccdjhadqhpqt 4
zqywcikh 7
ymv 3
qllwuurt 9
vpcggpfsbehw 6
nopmn 5
xjfgcsplkvuwws 3
zmfkghapdg 6
yitouj 4
