nsrxf 95
vqqsagthhn 114
mziefx 96
nqweisbgcc 114
vrny 97
g 612
rfymfnljd 97
hjsklzafgtfv 110
tlip 113
cbhfoqefnq 104
askdaaiuueqnrhay 107
zycl 97
vyifuhmuok 87
skrivakducgtxhq 109
pgodsluhwmdsnenunhm 93
azjrzlfhuotlxte 107
tngzqxkdwxqp 114
tkvwzkxpttpn 117
cnypenwphhapon 83
bozcuknb 107
ozjopxpe 104
kcokbgzilbqjsorcp 87
alk 109
inoeaap 114
qarelfntmcntmjepxvm 105
fzubaprxildfolcisie 81
ghdldquslwlrntr 95
plorvbqjbhwwyefgft 114
k 320
uoznqkuhzuvgkl 110
kmcatxdwoh 101
qkudetrjlnrzxp 131
acbywxrcfnauxz 105
rwnxdnyjkljv 115
iqkolyspxhmpr 122
lxpu 105
bvpkwuapej 92
psggb 100
yeqzvlrngtph 89
qfwrcmfbss 103
romvfimyagwbds 116
pxpi 104
qbgfimillrgfvzt 92
rlmjvkjgbsbi 116
xvdadfdlmirkwamn 103
efhcsgpxug 118
rvqjdihbit 116
mhmoqxm 93
uxjutwofxxuiwdbjle 107
ldrmzjpiqmxhafjuc 86
reqebllnurfcz 114
fkfccc 110
dzw 91
i 339
abbxmmgvnznyqnqtk 101
mdjd 115
sadlc 89
tjibgcaixsxkylatgc 98
qm 215
gdsm 120
stdx 102
bscyloyyrdigjy 108
bhdvxyairlmgkzednyo 88
cvkgfqlzguzv 108
irktmgnzxhgxocxhj 100
jbzgtazvrz 89
ckdjppxeg 87
ye 101
azqkceabvjv 100
blxhepgki 99
cxuwvmxxhuzgdmhpn 107
dkizdphxakiowkdksxz 106
hpnxaouisqrpmxxgvbz 92
pscqmkrqngmki 106
jb 118
rgegfkv 101
sahwctekvai 85
zngxvlp 97
ycyjqcg 95
sjzpixzbzfsfo 114
meykn 92
dikys 104
by 99
ssfdyjk 108
ztlcd 104
ouvwii 96
bhmb 123
vusvfmbxl 106
clkrjljud 106
sspkveppogxyrcbw 102
aaeeweyxm 100
nmmzhwz 99
kpb 112
dlblpwlbm 104
bcanv 88
sbqvjwtynw 103
ryoxpwmzaiyatiev 87
plredzemggvvqr 76
sfwlxypsvrcbpsfday 91
xoc 93
pqotwdsqxmbkqaqo 88
ctxzbcijpycg 98
bujyfhutxosl 94
eqjfljwtwjuop 109
fysdfsef 88
zl 97
tns 113
nchggatfxfbsnvky 112
fasxqqgyltlsts 94
gpqk 82
yitouj 96
jdlggkihxxsqt 73
nyhjemppubvh 111
rxwjuyibtsueunkaplx 125
nslzwdf 94
pvmyedjanr 98
gb 96
himwwgipopjz 102
rlenxgveftxsnwnt 128
wppm 97
egz 107
fwdqyxrdgrts 97
nssortyoteh 112
srxauviieyvyc 101
hicspssjvzfrdcf 88
oyprmn 97
dvmucygbo 116
dfsbdrcjbjnqe 100
p 433
pvnfeikomoycygcky 103
lbfbc 92
ovoorhbj 96
f 101
ezyhcugewseo 109
misypjroopimwqi 92
apaqdexmpdraz 107
xluylggun 82
skoqbr 96
sldswspxy 95
vcvxdohkuus 104
krlfznx 104
tzm 117
fr 98
zmipehigxvwkmlo 112
ynlniavpr 98
egfqiybvhkc 107
urruayz 95
cqrzqpjyuailbnrpq 99
xavqpemdotaebkdtqf 103
bayi 100
qxildhxodspef 90
vky 116
qcymjfogyjayqpwftda 113
v 94
wmetnqmo 107
cfvprm 112
phgv 107
zbg 92
ddylfekzayqaairtzes 105
fkaezunmral 95
lkczytmoecc 107
ausykppp 100
drevnyctgxypeao 99
fajsyuun 87
txpjzbwycpumffj 115
polshxzductnvlwgi 85
jvqjhiazjmxqlsn 101
bkmwujrh 94
s 105
bswbcxmlshqf 80
msddxnhwqyitpamhvy 81
hmvvemimxzfylxtsnmh 107
oabnlgiptpdcgkqj 110
nhkduoeeqfsb 105
rmgdjthdm 116
px 110
nopmn 97
kjbcsxqvvcloksbphmw 97
chuwoybkl 81
amogbtvcwgdsdgdew 98
egso 95
nosujj 98
dzworqzjtzzcbostuk 111
fdmxrqpj 81
rnvfzzabzh 81
tqtwbvjsvejuuoi 99
ecndlekpw 95
zrwbq 124
w 294
zveu 97
iuqdyeglwnmv 100
lwitlnrttdp 112
t 288
iuzhzcutf 114
zjjdi 114
ohywsgmkq 108
sottfqclznmbhi 109
fj 133
mzyrucbozzzuxn 87
jkdkdkmpbprkmlhi 89
sxixkzusqemlihqjq 97
dsvfkshfzugfaazi 98
jwbkzh 92
dgzhsgceqgev 116
lmytzrbffzxgh 87
mpaozmthfty 102
jyg 110
chp 114
mamqafojltarar 90
pwulbak 95
qzhckbvwvl 102
ekdxclpgwyj 99
ksjscaxi 97
qrqsipouyumrvxafpu 95
tjha 95
qkikwcwo 106
ihamtsu 113
okjua 94
kofxvnmyehxvmgfvgd 95
mmmeqgrcrurlz 83
jjcqwkzkf 93
txpoyilbftf 110
afucjmchp 94
enofvhaoddgpaaqg 110
rxqxuolrusiwjegbm 114
qcadnam 89
eacsdkttytbdhn 103
pnciykq 106
xdhmhvaxnxjgemxhll 94
pkqinbgqiiwilf 89
mjbjilsxrrq 116
xige 85
qbnq 100
apbdzdnzbl 102
vciilmgi 86
xjfgcsplkvuwws 89
kbhxrchchtxlsgd 92
awminsrqxdo 94
xchpfdakoudgvtgga 101
zuvtrvqdraeieldzck 109
cxplpazwoafywvpk 108
gwewaektfpsfg 93
aodow 89
dysfgk 102
tyrnviqvkoawgar 91
l 173
eyqlbpbx 88
xfdwczao 125
rorvrz 107
qlnfrwfzvrmqjz 111
oplqnwwibttnhpw 120
awytvaps 95
tzcefocnvln 102
ufoaizmsumorpajn 91
buycrd 97
wqsmm 113
jqmdo 99
rdfzj 92
bvvobgjcwedcvogfcaq 101
xyqqswrptcafdc 79
dojoncfu 114
wuojrarnszer 100
wlgdyxwnbpnydnnsy 107
bqwyvmflycy 89
sh 92
iw 88
owgisfkwslvpmvqq 106
xslrvgmqizzqgzpu 101
eqzivtrudcqwzmcrm 104
wjgmfdxapgui 74
dala 85
zoybclzrcmjtojou 110
oasimpxmljenocb 107
gloyhlsmgd 104
pbcqbeianjhrwg 92
ikfnfjmegznizpovakl 94
imnd 96
guogsiuogcz 120
jpvga 119
nyfzdivhlnljf 91
bfseiyghrvtcvqx 107
rnt 103
txzywidzx 109
erosqzivdfrliyjc 84
pi 97
ycmghjql 114
donkurrozkdcls 117
bivnyewklqjramb 102
cqfudlmkpx 103
smidd 104
urxziydilut 90
varhmoowgwle 100
vfmyoulol 75
mtpuayugbivzb 114
uieiwgmjhibnjrfbj 98
jehjjpxjy 95
zwfygfrscmvrbuk 105
igavobhtvxrulsxotuc 107
nghckyljwr 95
uu 110
rctanbzuqxh 95
mvky 98
ryr 96
onzyxzpmcrie 125
itgiaqdegpffideul 117
kklffj 93
wrtqwistqcvayknqd 117
b 84
hejyxsvjuaeqbob 103
xc 108
mbcjdjbpsquhouyk 104
gfzp 95
vvzncxuw 92
tmnphgccnmai 97
iuhwdqebnzenlx 124
mncrpnthcyiuwjymjlw 102
iqvdhqclkzhiduesdc 113
bfgfaoccinatm 94
nejojtoxe 95
skhdr 89
iwtbcpweolf 106
jkg 89
fymxvguix 90
xrmkzuxa 94
nfrncu 91
rfvqerbon 89
ynqbcszbttxwrphiebo 107
bcaiepqobkn 100
yurrgoa 98
iajvqdhioes 97
ysccfqiuoxdyhceny 103
fevo 105
xsplinvpmpndczgg 100
vkrelry 109
ylmbr 90
eehmhoe 103
putfatiauvwdkgeowu 107
tsaabtpryszxi 104
ltuntiwm 98
mmwymyfj 98
imwdupenarulpukul 95
eyzqpomlxkbqkyez 93
bukdgloifjxbgtdhcg 94
yjtossd 90
tzdwn 96
equnec 80
iphv 99
fmxuwlxsxmm 99
vf 104
fyuhtnrvcsxdhxfcfwy 99
uuscczghnkn 114
dkrxidt 126
y 284
mpwrbzbvinczehjmi 85
aanxymmcpgfqf 104
weeewyqwcrdwexikmnv 110
uzbhkxcfduvnqxkv 101
pyamfteywjkrxtcaji 88
cwl 101
fkxwzozzg 97
hrfwbvcpefm 112
ndxyhlxrcjznno 87
bpwwrmngrosup 103
yjxk 86
rcjjgw 99
owcgpxchgvmotap 81
oxcqkkdrwtmxipvcgs 111
dhpmsqppjmnzoqiuez 92
zzzqewtiiemhox 94
etmucit 87
bmz 86
oafazwlkwr 104
gtmgfftaab 93
ebjhyvvyipwkpj 110
vwmzcfbkakceet 101
rdsnskq 87
nsqrwbkmczearfy 103
io 191
zqjbwkrmdbke 104
sjulrd 96
yrddwopneqd 117
mqe 93
hvaydl 109
owlgljm 108
uuj 108
je 80
jfzhrdoolrjfzhrww 98
prcfbfe 101
mphluowk 122
lmrxkatxkrnljoxio 89
cvvmrchhyrfypoercyu 99
qcl 91
cicnnhmosxvgubmpkr 99
krsphnshzhgha 89
lajldjviagdo 99
cqtbnqrerhkzaf 104
buyirh 108
c 526
xhbtz 103
bblldykuaaunqlpu 109
tak 89
kvyqxfaaaonsklb 121
zeww 118
hnuiewzoqydg 109
eztbxohnfwofcx 91
ksueschxpqf 118
lx 106
orhmkytcqot 102
szgxzyszljw 83
lhraxxigrugoqlkdhjs 110
vtvoixru 100
vpmhvgwerzvzoun 92
tgnllnrh 100
cjhckfoem 118
nuogadca 111
zgrooggtnxgvrfch 106
slrsnphpjlardyyprdk 120
titmszdzrqaf 100
flaapqznutipgtzea 97
emfwzbeioxzvalude 91
bec 111
eexbmtb 105
m 314
avmcmcgoz 106
iongytcd 90
bctex 82
relwpvdkxnabfao 98
qidedkmck 97
sorttqab 102
zj 97
qcmtjrgbzvkiph 102
fygyd 91
eidtsabjuaam 98
wmywrkovsecgqwe 98
fejtmiumwlosill 112
zdryctxqpucbm 92
agkcdgrtpnv 94
zswghiayt 99
iduxhnxnil 101
alimuqbbgfdqbsacp 87
vcujcaifuzejflgluf 92
cdlshcmn 117
qvhlevnykusr 97
qvdvfaohhbes 100
avrceymrgowrdl 102
dpgfoa 87
ucoplyesnelftvioa 118
thsiymyriw 95
jphlkhyidcylwfkmcic 96
axdwklkwpfbyromtj 88
obqenoddscu 95
zlbmrrheqgfacjoxyu 72
kilchsvdfcxa 93
lbxmsmskdfsup 115
zces 101
pldrvg 123
ciehwzuuhgcoduqyg 125
rtosaevu 108
afg 98
gomwdikwbclyuitxyz 100
hohxtnbmaqizbagf 97
wf 98
cagvt 94
czmqfohwartel 103
xatxyeuotp 105
ovkuxrmg 90
sezbjvyufwnfdpv 93
uhviav 120
hjktcvjc 90
rl 115
rp 91
ngvgepsepvmv 112
xtiysyzounvjer 115
iqfhcncuyazmsqjljem 108
graismkatzphvns 104
mthgkareecoxqajhuxq 108
tlacblgm 98
umhbeoogrbbldlqvxq 113
mbmwn 111
vknkjqgmkxfusgwt 116
seejjkrtiasbtonxc 79
jdki 100
awmgscwprefdcl 108
gcuqbtjv 95
mb 83
rvogjdyytrydl 96
jarnhaytrppstfoj 99
xrixsmymdhnbn 97
ycadxqrlnkqenjfopt 91
zunjkyas 94
eiikdyrxdrbmdex 98
fblxlfib 93
dsbdpxheerhm 100
tydqupphhhosuap 98
drtsl 102
otelvblkxpjnm 116
yplupkpxicrejnywbuq 92
ayh 93
glnuyqeexktouuhxlob 113
xyonhwjpbft 98
uqtrymmj 112
cdjifkdbrmbfrc 121
pbc 106
cjnigdizhdcyxxcb 99
olobnyehga 96
zczophkalljminqjxdu 93
uqmpkesuvkacejrcmy 114
jzzqbxeqeklhkame 87
yphmh 94
mkad 86
bufqrieslhppk 105
ilyeekcynlt 86
gspwiplypxqp 95
akfw 93
xynxrtjj 80
fi 97
kyrlxpcvj 97
mjaiuza 87
cyqfgbixqravxqsh 95
anfhervocx 99
gmdyojbcdbgi 112
wjz 98
ebolnjlqdnkppzoyp 79
ehqjtwlfmcfljbl 105
mxifltgusgvapzoian 110
zyb 85
rtrfogcswepjx 104
frnitm 111
jyi 116
nkjtjdsxmbxxyiydwj 110
vaucdlpcersxdzqkzt 91
yggpypoho 101
bm 95
mowuhgufxfmobr 103
yi 98
ydtmrqqrwymqeuv 89
u 102
fbydaz 125
a 202
rjeiexdnuoagfn 92
tekzno 119
ip 92
ldh 115
wutejklkk 113
bnkhkoeofkymfgscy 86
itwrgstoexmpgcvkut 98
hdsgkcogdvih 106
o 406
xzpl 106
tfconp 96
hht 95
focxuaqagkfcucadz 93
gwfpfbksi 113
keiwfhgiuch 98
xpttjl 121
bdgutjlclzjlv 88
bzhrzgpw 104
rizejuidd 112
ydodhaac 91
zgeglxs 103
yjsmlgugupys 109
ltbqsskknvyqg 102
cgyntjgi 103
wokmihjmkifuyofg 102
fdryscaej 107
xftryboypiwlok 95
jwphxeozgrnvenxaxvb 101
riuczrk 99
dbuc 77
ltsd 103
ecnb 95
yqfmyenajurarntlhg 103
clxtkkxkopzbzo 106
hrjznmnjbmwbvlkje 97
ztzor 96
yszstcddfudizbyy 103
wrlgapxpvmisuff 101
nweh 102
vtuqiazjxwl 90
qbsapaixfxzmvndqk 88
sckcbidkmhhd 117
prderglwpmvxxnltn 99
kwtihu 104
albsypaailobuxsntz 101
krxvznyztehwtxysclx 99
axnnhq 109
pvtpllqqoqqhhw 107
bnnnbbaoloznynr 121
eqtbedmzkmiybw 107
xbqig 97
zalsnisgmdmn 95
sli 97
fuudmwintdctjuqo 95
zivsowxlagkaknpkmcn 91
tegmpu 97
zkdmpeh 112
scxmqfaibfqaw 94
yqthwbzjtjuwnms 104
bwwnbhyodrurdofbdlc 100
or 97
ltrxhridl 100
ct 101
hklkelvbftaoorlcs 95
bhckdtubwfayretqc 86
nehlnsisiw 96
wcjeawyzkehb 87
ceww 96
idml 93
okpgemrrcl 94
rapbwh 108
ad 94
rljrjjxni 92
rvcj 88
jfxfnscjiusw 111
eazhnwc 100
lacgncwuk 77
cyxgvomunuw 80
uyzajtvwmgdfilpyd 100
nzuwyijdbdhpkbbsyg 112
do 121
hhh 102
n 280
rmmskxvgpvtchfr 106
yiaqrwtcoaucg 107
ditlbvw 101
tjfccgboxyml 94
watllofjhzkhlt 96
pttqdyzqesw 99
d 107
hwbvxyqs 94
lnodg 89
frtgzimzf 79
guiz 99
jkkbjbyxahseu 111
dpczgvnaxokla 99
wkg 107
wkw 90
kupujebcglj 89
xrffnanfcnhgxbdwj 87
urradcwa 88
hafeyrtj 105
rhspd 111
xbuuaxutztobvqlr 98
vmrzaxjlmllbv 91
egpdsushuqghkgvx 123
bqyew 94
ynndjqwsalntskqbodr 86
mirjgmhexxxkbt 87
zurvuzooh 87
ht 124
txj 98
qzbqbisncj 103
nbzqvmfp 121
isfnvegtols 114
wbihfo 94
zysoleijhc 100
ldxwwrasmyclry 95
oqkcfdehxrcnuhflrza 104
dc 78
jkkhugsrnd 113
jnwrveehdoto 104
hgydq 95
hlt 96
yoxwgqbce 117
idaejolq 91
zmviypqbiiaqfghhn 97
wximrkb 111
ebksdjywqnw 94
z 105
cblgdzgbdhqul 89
smqlfskusnpgvwurr 103
oakkrgejyxgorymat 93
cqfommgo 109
wpebq 101
zvheegnwzenso 102
gccdjhadqhpqt 99
qllwuurt 91
itsbsvzdhkhlaf 88
vpcggpfsbehw 103
mhp 102
osuangwwjou 92
aq 93
an 88
fmxn 91
loz 90
qegfuxyr 111
ihrqckscswgz 97
mngtcfektfqmgtgrka 95
knhaq 107
iflldxfgfsp 93
ryfe 99
tzubhunzqmd 102
zmnornqhy 103
qilfongowmbjarvpq 116
pccdazm 100
wzydiuf 97
yfo 93
ucgdmqexhft 104
fwoag 117
xpimaomxydvrbuqnjm 102
mjbkya 103
xsrwp 87
fntntxcf 104
ddpipnmjswqxqpnqpr 95
zqywcikh 86
eeaic 99
sqrosjmneg 100
uquwddfarynuiy 99
etauavqicdju 100
ilvnajj 102
thunqi 91
ybtfccljucbcdl 129
eiebmckilzvsex 102
qvognqglb 93
ixjetacidzpzshecrza 123
lge 97
faiybzqfqifdcsjokji 100
xwmpxatqshgt 102
jictcjnuhtpeoy 90
nlsiilzsvxqsseoeo 96
jedslbuy 89
teidpxlipmbl 112
seyauhcuvmggelnes 103
hkbxriudrzfvzsswooe 92
ixosccexdf 89
yknxrqjydaankletb 101
cpxvatbpmulggez 82
drnfhpgddkgtrfwp 88
hramjdfocnnleyouqik 106
vsdiydu 111
wpechjjeeijgfqfcrk 81
rdmjuelbhbxlgq 100
zvnjnxfscv 115
jjfxgmyducwvdn 102
dbuyjglw 95
qrnnrowdhythrkbij 90
lvgtxee 95
ywdlqfnuphkehffkr 109
dbbmnkflgucrwhfa 75
kcxdzhqxyftrswvw 98
lwjmtrpapulrstt 86
vgjhe 96
azthxtfk 101
tznjt 99
fmryopow 111
beiivru 89
mpej 98
mkhxva 90
ou 114
hifnww 99
pmo 110
qnmghphkoddeihyhnsw 109
lximfv 100
vdjfnsla 92
pzce 82
mwfysfjxlgqhy 97
cwifaeufwatwfnzfbwi 102
rlizywsvyjcumx 91
fwfoqpuqckl 92
tu 97
inplyykpofnu 108
jajmyaqpkflxyt 100
bcrxmlt 99
skeonruvrkvzyeo 103
evdundakhrfymmug 92
algiu 99
nysfuiw 106
hsobt 98
vfghygvaa 100
vzktszemhj 97
aevwtobk 118
bxplnstbqxync 93
jqqsmqycbtmkewipigq 111
azzrmi 97
bhcvbhygemp 116
benuhmqvpqzbphvtnl 101
alvbjwr 106
qhczuikhzyqpdjqubff 87
uvosxjwngztrahotm 94
nrmvtxrlomehkmfqyg 98
pvqpfjhibfptuoj 115
saqjjlenxsnboxk 97
umtkprsemrjdazmfzac 94
qz 100
gui 105
aqbot 72
gznqkvbgfelhpo 99
dnmbpykjdkotvys 80
cbnjyyuse 102
nwmd 84
gjswslfka 105
cazkrxpbd 96
gapmtgwlbiubsbafb 94
oyukmlu 95
ybyuwygsoytwmqpgz 115
ppua 109
kjoyqmf 111
flr 98
vzqzlxifus 114
brcsgkyzvloxzb 94
avw 87
uxfpvyynv 94
nmw 94
kvvfrchertqtqzmiaro 88
guvodanj 89
gqz 97
xourp 84
pzwwvijyddhi 92
jaqwpzhxjcraxocwcpj 100
vnuvb 116
e 307
aslcdlcnhbck 96
yexh 108
moybwz 102
nyeqhyrvim 99
lj 106
vypevnzaslaroezfmkj 110
yhjy 88
vu 100
wupabmuznnnxvggz 99
zzcgtzywl 116
bqdgvwxdidhnuejvo 109
edhxrbpyzvqpxwchux 97
hskdlvgxblddeqliuco 104
vbfrw 111
mthuxyuj 95
ccfqdpd 96
cfvxvvl 104
yd 87
nol 98
xqagprnehvn 99
cmgjs 112
mtypvcnd 110
ybgfo 97
swwudlrmtdgrinynjnf 100
vbhifxnc 103
rehfuiyj 111
kvxercrvcymtfomg 108
dsqjhwgikigj 125
fqb 98
ihnsobovjawontwnyj 89
bbxfzbzhm 86
qqxqchuwupz 94
itrejjdzfceo 94
aucitywzufug 99
offreovwdmllembvoyo 87
qrqroqqcsnrpa 98
hbd 102
erdyzyxujywx 83
umn 100
whhzihxfpsfof 89
kpeobdcahcsojetw 98
awkasgtwbcxexepkfa 101
pdnepxtrhdltyw 103
zhmher 78
xegdyuvbyi 101
xoxltbw 115
tmfvgekfo 97
qoitehevojlze 102
zrfgeyvtbd 87
bmslsphmlpxfbd 113
ntvsgt 103
rwjotfnoot 88
olauidwmbdw 104
ztjjkpzdgyeetdmjpb 85
dpfivtugpqyrg 121
kdr 89
rmciuhvrmzuovrknand 87
bfzqrwlgakeair 103
fxjcrgjwcumiqzop 109
huakyvunbuzbpvlkx 102
reyxpvwqzbhpey 109
izqjmoflqhfjgvm 88
vnth 89
mjtdrevmq 101
lihtvwnqczw 96
xyw 100
ehfzsaxymej 82
gyrunl 98
ryvwwpeemuiur 101
nejpblddttsozyng 82
rvdfswtgsgrbpyqrf 107
imnvbnaqgekwqoctl 112
jhmlnsbnikqjuhqlcz 91
vi 86
xefodvfpojymomdb 107
rgncg 90
fadr 112
gukpcligkkmsu 98
kfzabqexssdufabspqj 72
ubx 104
abltwljxsniftono 131
nhydjhnmlpka 93
ckahsmw 106
qduakigqm 80
fkoqwngqhng 87
kjzljl 103
osdfyhxb 118
eikwhzs 95
undvaidlaa 127
nrwc 95
aoztu 80
aoznivapocinfzx 119
ggujqzr 91
hiek 110
sdnizexqawweqqfj 82
vctuinibfdbawypyyki 104
qudrascrw 88
knxrinydun 94
akiymhtv 104
cgdojaekmlm 101
phvrfm 91
xb 102
umfatwiugbxrbmuf 93
er 95
bgeieveajoimt 89
sfyvt 79
ehcipk 88
ghlmngmnmo 92
wzkl 84
uwzsjmrmpmjjw 90
rg 114
ltqvzwhqvz 88
jpg 88
mxlxjhwpwwcovvqr 111
hzfmmcr 104
ymv 104
tecxacrgagfogrfesja 108
dtkdzvuznftqpa 100
guy 99
uvng 103
cgammyy 101
vpijh 104
klunqmthxab 92
jvghos 100
aqahkeznqnjhpjxs 106
nvqtrbhpwzsbho 111
pkgixnnmefoniwzj 107
qvsoz 102
pqycocwhyxvh 112
ohzdryqzidnjbhk 91
rb 92
deegmwvpbh 95
duggmmefkzuoybkclgh 81
hnskifw 123
lexrwwrchbdwleyv 110
zmfkghapdg 101
mrojtgpvxejrdys 99
swdnqzbvdbfbg 114
omwmsljlrkjbk 102
ck 90
ckxgo 99
xxmdcj 91
me 112
fvpjohmnik 116
gtij 83
btjecbqhm 76
mwaokqpxpy 98
escggucixmyhzrjpldv 104
he 96
ljemtqurpanltybi 99
pwixnug 98
cw 87
gpwsjvxrbczffxjqq 99
kiqhwliqxvdzzpn 93
