-69
40.50501002004008
40.50501002004008
40.50501002004008
20212.0
-149
40.8855421686747
20361.0
39.366733466933866
-419
38.45
565
516
516
19225.0
-419
37.74751491053678
906
906
18987.0
632
36.857988165680474
632
18055.0
736
736
17452.0
31.902912621359224
588
18562.0
-2
18562.0
34.71730769230769
36.04414587332054
35.877394636015325
18116.0
18116.0
858
19880.0
19515.0
36.820754716981135
-718
37.19548872180451
849
-120
-120
849
-576
-943
35.66290018832392
-578
20391.0
20195.0
20195.0
20195.0
19651.0
-544
19651.0
-544
-544
19482.0
-140
-787
20401.0
37.501838235294116
20401.0
-21
-17
-611
37.40183486238532
-17
942
21788.0
911
-768
-768
38.45388788426763
-768
-642
-642
-129
3
20827.0
529
529
88
396
35.6386404293381
19291.0
19200.0
-384
-646
-384
36.751773049645394
-529
35.750442477876106
-25
280
32.63636363636363
32.63636363636363
811
-537
331
331
18836.0
18064.0
18064.0
-772
-96
-743
576
32.20477815699659
32.20477815699659
-319
19779.0
19801.0
19801.0
-297
31.501694915254237
703
18586.0
-601
31.501694915254237
-595
29.73310810810811
-853
28.39799331103679
28.39799331103679
28.39799331103679
735
16946.0
16295.0
16295.0
-698
-698
26.237623762376238
15253.0
-647
27.212520593080725
762
18957.0
31.02618657937807
630
31.02618657937807
18957.0
-373
-373
-386
-704
-704
30.923577235772356
19018.0
18829.0
782
-189
-189
18829.0
-83
30.566558441558442
769
769
724
201
35.57326892109501
458
35.57326892109501
22091.0
22091.0
554
-688
32.85964912280702
406
399
31.6768
31.6768
-996
20034.0
236
31.6768
-558
296
20094.0
296
-994
19589.0
19589.0
-25
32.6503164556962
-328
32.6503164556962
-529
495
778
32.02204724409449
-821
27.927899686520377
977
977
28.541213063763607
18352.0
629
629
-897
15881.0
21.74884437596302
21.74884437596302
-813
21.74884437596302
-813
-592
21.787365177195685
-788
25.691244239631338
25.078101071975496
16376.0
502
24.04892966360856
-648
16028.0
24.133942161339423
16994.0
522
-598
26
25.824242424242424
16749.0
16895.0
26.93212669683258
369
26.93212669683258
17856.0
961
961
-304
25.799107142857142
-304
25.93037037037037
-543
190
27.02810650887574
768
17503.0
25.93037037037037
18274.0
860
29.496318114874814
-925
30.605882352941176
20933.0
121
30.605882352941176
784
631
631
20659.0
-506

