374.0
-385
811
2.7908366533864544
811
1.1776447105788423
661.0
661.0
-67
-544
729
1024.0
359
-469
445.0
1319.0
1319.0
1495.0
2.2023121387283235
-352
-788.0
-788.0
-376
1.1319311663479923
617
530
3.6876190476190476
530
0.5950570342205324
-4
0.5950570342205324
371
748
1.946969696969697
1028.0
4.619585687382298
2453.0
2453.0
2499.0
4.688555347091932
2499.0
731
1768.0
1.9158878504672898
386
386
386
222
2170.0
179
179
2898.0
-792
-79
2434.0
648.0
1.176043557168784
1.176043557168784
599
1583.0
443
1043.0
1491.0
923
2.657754010695187
1067.0
1067.0
449
109
810.0
3.977152899824253
403
412
1542.0
83
83
499
1830.0
681
-30.0
433
-694
-694
-1191.0
-714
-714
-1117.0
865
-2537.0
-2537.0
498
78
149
354
487
-4.2040133779264215
-861
-861
-2638.0
-124
-4.2040133779264215
618
466
-482
-5.9485049833887045
-5.9485049833887045
-3044.0
-4263.0
-7.034653465346534
-13
-13
-13
177
-3657.0
-6.220032840722496
-522
-131
-2791.0
-3518.0
-727
642
-5.714983713355049
-4.435772357723577
-3.4431818181818183
-2753.0
-2283.0
53
-2230.0
53
53
112
-2283.0
-963
-249
-3221.0
446
-6.457463884430177
-593
-4494.0
-6.291866028708134
-3961.0
-941
-6.297297297297297
-4643.0
-6.544303797468355
-4136.0
-4136.0
316
-4.635646687697161
349
-2715.0
99
-2715.0
-5.733333333333333
-5.733333333333333
-6.400928792569659
-437
-4050.0
-7.194444444444445
-612
-873
-8.766513056835638
-572
-8.766513056835638
633
-402
-9.9739663093415
-145
-145
-8.856488549618321
347
-8.893292682926829
-8.67624810892587
-5735.0
-986
-8.34789156626506
-395
-7.764705882352941
-33
-538
-4908.0
-7.457957957957958
134
-4967.0
-7.457957957957958
-4278.0
455
-308
-4131.0
-5042.0
-7.525373134328358
-7.525373134328358
-911
-911
-7.525373134328358
-8.397321428571429
-8.397321428571429
-5385.0
-5385.0
-7.954209748892171
389
-5385.0
-6653.0
-390
-390
-642
-10.727941176470589
-642
-9.798232695139912
-390
-390
-8.991176470588234
545
-396
982
-9.625920471281296
-9.625920471281296
-6536.0
-9.625920471281296
-8.93235294117647
11
-8.93235294117647
-6074.0
-6074.0
-737
-974
-8.064421669106881
-5508.0
-8.064421669106881
-5508.0
-8.064421669106881
-737
840
840
-6.995601173020527
-4771.0
-6145.0
577
-8.957725947521865
-6223.0
-9.018840579710146
-482
947
405
-8.655122655122655

