6763.0
13.17564870259481
-162
660
660
660
6051.0
6051.0
-52
-52
360
5489.0
-614
6476.0
-772
9.482142857142858
-772
5619.0
-583
13.530571992110454
10.67578125
-821
-821
131
5466.0
10.67578125
131
6138.0
-500
-109
-109
6249.0
6249.0
5354.0
468
5354.0
844
5354.0
-895
541
5354.0
4755.0
9.294455066921605
4861.0
-218
587
4445.0
4343.0
-102
3985.0
3985.0
3985.0
234
7.547348484848484
3985.0
3985.0
8.66351606805293
598
3985.0
8.99054820415879
-717
-516
5309.0
-943
6415.0
180
12.12987012987013
12.12987012987013
6538.0
4976.0
4976.0
7.983425414364641
3406.0
-929
-720
6.7889908256880735
810
810
-630
376
4252.0
5397.0
5397.0
796
8.380692167577413
6.636363636363637
3650.0
6.636363636363637
3919.0
-526
-526
4023.0
-526
8.226039783001807
2252.0
161
961
1747.0
1807.0
3.238351254480287
-762
1807.0
2754.0
-499
-651
-35
3829.0
369
-422
390
5580.0
5580.0
9.989492119089316
124
6085.0
9.1993006993007
682
682
9.128919860627178
9.888695652173913
446
382
8.809358752166379
-887
5970.0
4631.0
-267
5942.0
10.244827586206897
10.244827586206897
10.244827586206897
-935
9.737564322469982
5378.0
820
668
5223.0
-861
5450.0
227
4312.0
3928.0
3928.0
-384
800
18
6.657627118644068
7.45346869712352
5010.0
8.448566610455313
643
-38
477
477
477
-384
-589
859
509
509
5171.0
859
874
6045.0
874
859
-838
3588.0
106
-89
131
-93
-93
495
1949.0
3001.0
686
3097.0
5.135986733001658
611
5.543089430894309
-922
157
4331.0
-376
777
3289.0
2394.0
-196
-196
-711
2416.0
-208
4.722044728434505
3167.0
562
-273
3.806349206349206
3040.0
3.5450236966824646
3.5450236966824646
3.5450236966824646
-796
3.5450236966824646
677
-796
3.5450236966824646
191.0
-125.0
-0.19470404984423675
317
48
-0.6682170542635659
-0.6682170542635659
-431.0
-446
-446
48
15.0
15.0
58
73.0
87
-145
-3.74
-1806.0
694
-1.7917304747320062
452
-1.7917304747320062
-1573.0
-427
-427
-6.238601823708207
-295
-979
63
-4227.0
-518
367
341
-611
-9.497764530551416
-270
-7006.0
-270
-10.434074074074074
-7043.0
-37
-6968.0
-10.292466765140325
-510
-6458.0
-8.492625368731563
-9.552941176470588

