5500.0
6218.0
875
-66
-66
688
15.25148514851485
7402.0
14.628458498023715
-300
647
8124.0
7850.0
15.392156862745098
-530
646
646
16.626223091976517
-198
-651
8281.0
-953
7328.0
7328.0
14.174081237911025
-953
302
605
8452.0
7052.0
13.535508637236084
-931
-931
803
928
-88
184
9177.0
15.601518026565465
-641
15.601518026565465
8222.0
8318.0
-123
39
8123.0
558
8681.0
8361.0
14.362616822429906
7104.0
-226
-226
959
10.52029520295203
10.52029520295203
-226
-991
745
8276.0
-585
7437.0
-585
7437.0
-134
-134
11.751371115173674
-612
-134
8.300546448087431
-212
980
5224.0
5224.0
952
11.208711433756806
-860
9.075539568345324
11.548845470692717
6791.0
-397
60
7186.0
7107.0
7107.0
7107.0
7107.0
-747
-716
11.399311531841652
11.399311531841652
7592.0
13.169520547945206
6279.0
6279.0
10.715017064846416
677
10.107142857142858
9.720338983050848
561
6296.0
6296.0
6593.0
11.118043844856661
-463
156
12.727272727272727
156
550
12.809045226130653
8615.0
8615.0
585
585
8992.0
7547.0
6918.0
7475.0
7475.0
557
73
11.460655737704919
986
-740
-593
559
-272
10.75
-793
12.065466448445171
381
987
616
609
-123
270
8095.0
8095.0
270
-300
11.066343042071198
276
5127.0
-563
6673.0
514
10.503974562798092
8157.0
-311
7771.0
-56
-888
5982.0
-901
-888
6883.0
-941
816
10.873617693522906
11.908517350157728
667
6245.0
6245.0
7017.0
7017.0
407
7017.0
10.998432601880877
476
10.268445839874412
10.942006269592477
10.942006269592477
6981.0
6981.0
440
10.268445839874412
11.536050156739812
7360.0
7360.0
6948.0
-412
-516
6952.0
6952.0
6742.0
6742.0
6742.0
12.196594427244582
291
12.930769230769231
-824
8501.0
314
12.760305343511451
171
-928
8017.0
-170
-170
750
750
13.644274809160306
6940.0
6940.0
-508
11.259036144578314
7476.0
79
-608
10.451274362818591
5837.0
341
8.699851411589895
8.699851411589895
341
341
5514.0
541
-320
127
7.589895988112927
-23
8.373156342182892
722
5677.0
646
6224.0
547
-905
743
10.690265486725664
8.766176470588235
6711.0
6711.0
5832.0
-845
7.830656934306569
6261.0
6653.0
392
9.656023222060957
102
524
7000.0
451
9.40948275862069
679

