16.646825396825395
8390.0
8719.0
553
8137.0
-814
-814
8951.0
17.6897233201581
9194.0
-214
9992.0
318
10671.0
10671.0
961
961
-642
19.11003861003861
534
-968
19.284615384615385
19.61228406909789
19.55534351145038
19.55534351145038
19.59505703422053
19.59505703422053
19.161290322580644
91
91
181
181
10477.0
379
-566
-311
10529.0
298
10231.0
538
11269.0
11458.0
-702
598
122
22.931608133086876
21.776752767527675
11705.0
-98
-603
21.121771217712176
-958
-958
11448.0
20.441988950276244
-348
-716
22.071691176470587
907
20.441988950276244
11100.0
-348
11448.0
-958
11448.0
-958
-865
12458.0
12458.0
11406.0
11846.0
440
723
723
-679
11406.0
-200
-852
12283.0
12283.0
12363.0
13224.0
11
23.97644927536232
13235.0
11
-315
24.616363636363637
131
-847
13328.0
444
-938
-522
25.96043165467626
-769
13665.0
24.1125
12496.0
-886
13382.0
-398
22.473309608540927
22.473309608540927
12630.0
-774
13301.0
13876.0
25.655536028119506
14598.0
989
26.873905429071804
-557
-226
26.873905429071804
-95
-226
26.164623467600702
-631
29.04895104895105
29.705574912891986
17051.0
59
59
-934
16107.0
-934
109
29.395833333333332
55
29.395833333333332
726
16792.0
-140
-160
-140
-140
28.32871972318339
742
742
31.0
18197.0
18866.0
33.55857385398981
900
33.55857385398981
900
18866.0
30.577249575551782
-510
819
-4
395
395
32.52791878172589
19439.0
-655
31.994957983193277
19037.0
19375.0
338
32.508389261744966
338
-521
29.851666666666667
42
974
-408
18040.0
30.983443708609272
18714.0
674
32.82537067545305
34.235197368421055
890
31.731907894736842
-632
19440.0
864
32.84918032786885
-266
34.231147540983606
577
864
671
21750.0
35.53921568627451
347
21302.0
21302.0
19832.0
19832.0
953
26
35.483870967741936
329
21120.0
88
20588.0
20540.0
19747.0
19747.0
254
254
18
16351.0
24.444794952681388
15498.0
15209.0
-506
22.891509433962263
-650
15209.0
23.951181102362206
150
22.31397174254317
13899.0
24.946957878315132
24.946957878315132
228
16319.0
-434
843
26.117283950617285
-507
476
843
15273.0
-808
16081.0
16081.0
500
16958.0
16958.0
16958.0
17137.0
26.32411674347158
24.35267175572519
-285
648
26.525114155251142
26.525114155251142
828
648
25.303353658536587
-352
15271.0
23.17298937784522
-579
-579
268
17113.0
26.385779122541603
17441.0
-629
19068.0
723
-235
15986.0
23.788690476190474

