51.82
-227
25274.0
-227
-211
-211
50.9001996007984
327
24110.0
24110.0
608
24959.0
849
830
830
12
-155
604
49.62669245647969
267
49.62669245647969
267
267
48.86973180076628
-479
47.860420650095605
46.19274809160305
-714
22955.0
43.77504725897921
23157.0
-226
428
853
-469
171
763
520
43.132841328413285
-824
22316.0
22500.0
22406.0
-981
23214.0
-276
44.67572463768116
-240
-898
-898
-502
40.19534050179212
-950
699
40.417857142857144
22200.0
-434
51
20278.0
21003.0
-744
803
38.53439153439153
-804
847
847
-418
847
803
21806.0
138
21790.0
477
-16
240
-491
23401.0
911
42.65263157894737
39.94938917975567
-930
23821.0
-986
40.35478260869565
24821.0
973
41.33102253032929
-85
43.34020618556701
43.34020618556701
23557.0
-885
-885
-24
257
23533.0
40.22735042735043
-24
23557.0
23071.0
996
-108
-287
-665
39.225589225589225
40.04697986577181
23868.0
386
23482.0
24480.0
24256.0
23658.0
23658.0
-428
284
-214
-214
177
34.039538714991764
20662.0
-496
32.06732348111658
-637
32.37643207855974
177
-423
177
32.13934426229508
32.13934426229508
-878
31.201954397394136
17720.0
-642
28.381642512077295
786
28.416267942583733
17551.0
-266
-722
317
17078.0
-352
17093.0
16165.0
-132
16814.0
26.31298904538341
26.31298904538341
-15
24.798751950078003
16518.0
17177.0
16453.0
25.31230769230769
-237
17431.0
17431.0
17685.0
254
537
17325.0
17325.0
-28
26.41248097412481
17353.0
23.981790591805765
-573
-573
25.35151515151515
802
25.674735249621786
16065.0
-906
470
24.936651583710407
16252.0
15622.0
23.52017937219731
16449.0
23.35767511177347
15842.0
24.24219910846954
16315.0
24.82814814814815
16759.0
560
560
-149
-73
16765.0
74
17711.0
26.04558823529412
-803
-48
17834.0
123
25.04398826979472
16045.0
-382
22.547445255474454
22.547445255474454
21.38081395348837
-904
565
15549.0
15549.0
922
21.19855072463768
22.332369942196532
-848
-848
22.332369942196532
-475
-475
698
-107
847
847
-947
-947
21.11223021582734
21.11223021582734
-947
20.75
-231
20.625538020086083
20.625538020086083
14376.0
-589
14965.0
20.830945558739256
20.830945558739256
-766
-807
349
-807

