-91
11.446428571428571
5769.0
-575
-614
4497.0
8.779960707269154
4469.0
6096.0
793
10.398039215686275
834
929
6.824561403508772
6.824561403508772
3501.0
3501.0
6.824561403508772
8.94757281553398
91
10.914893617021276
-356
-356
12.614643545279383
6547.0
418
-480
5649.0
5649.0
-480
5653.0
12.441458733205375
829
10.871153846153845
341
10.982791586998088
5744.0
5744.0
10.230038022813687
10.654648956356736
930
6308.0
-361
7534.0
14.108614232209737
14.108614232209737
509
509
509
7025.0
272
8206.0
8206.0
9122.0
-760
-760
315
315
18.603703703703705
10046.0
495
9683.0
-238
9445.0
17.977941176470587
444
18.655045871559633
387
18.09090909090909
802
-277
-649
9425.0
17.19890510948905
-610
-610
-583
9788.0
18.0018018018018
634
-436
398
634
19.526032315978455
19.526032315978455
21.366726296958856
352
433
13883.0
13883.0
973
12318.0
21.840425531914892
21.840425531914892
-250
-250
-939
21.021201413427562
-939
-939
22.720353982300885
22.720353982300885
-847
21.18374558303887
12447.0
21.952380952380953
12447.0
457
-688
13634.0
24.003521126760564
14864.0
171
23.497391304347826
-57
976
25.899480069324092
976
23.626943005181346
13680.0
24.73793103448276
14348.0
-343
24.73793103448276
24.73793103448276
24.73793103448276
14348.0
24.73793103448276
24.35972461273666
-195
14153.0
24.35972461273666
14435.0
528
-781
627
16331.0
14955.0
-830
27.903061224489797
26.862478777589136
15511.0
24.512647554806072
-794
25.89527027027027
-181
-181
257
257
15940.0
-62
26.566666666666666
15716.0
-790
-390
907
28.13719008264463
907
-390
-390
27.37313432835821
608
-30
27.37313432835821
16506.0
26.554635761589402
26.854545454545455
208
16247.0
16247.0
25.523102310231025
-836
494
-934
15840.0
25.924713584288053
-699
-649
-81
-81
928
15339.0
26.284789644012946
16244.0
16244.0
15897.0
-214
119
916
-530
14889.0
-451
14661.0
22.276190476190475
22.276190476190475
-627
23.443740095087165
759
13998.0
14318.0
433
24.6015625
868
15899.0
831
25.52877138413686
-315
831
22.569206842923794
-338
24.37984496124031
17063.0
-116
18512.0
28.48
835
28.48
28.48
608
-889
17623.0
18421.0
538
199
29.033690658499236
19891.0
-450
-450
-450
31.05143721633888
19237.0
18328.0
234
234
234
234
234
234
28.294469357249625
28.61127596439169
19284.0
462
755
-434
-434
-434
385
346
16666.0
-822
15167.0
-338
-338
-993
14603.0
22.13509544787078
23.366032210834554
24.460526315789473
23.798540145985402
23.798540145985402
889
-429
-724

