995
995
-57
-39.492
-39.492
172
-20910.0
-198
-41.83300589390963
-246
-21047.0
-198
-41.431102362204726
-630
-198
-965
-22407.0
-965
-500
-42.20866141732284
-593
-41.12228796844182
-41.431102362204726
-21613.0
28
-222
-222
-683
284
-51.040152963671126
284
284
-51.68199233716475
-26978.0
860
-26559.0
-670
-30
707
-50.782026768642446
-260
-260
-78
-49.70610687022901
-25658.0
-23938.0
571
571
320
-24509.0
320
-24829.0
-47.32068311195446
-47.32068311195446
829
-43.62781954887218
-234
-317
-317
365
-153
-45.67657992565056
911
-24888.0
-46.08888888888889
-545
-46.773480662983424
917
-45.6007326007326
-656
-25847.0
-916
-46.48741007194245
-46.48741007194245
-916
-44.92072072072072
-24931.0
751
-44.92072072072072
751
-44.77117117117117
-25782.0
-25782.0
-934
-397
-26795.0
-26795.0
-602
-48.576241134751776
-27397.0
-46.76460176991151
696
-25863.0
-285
132
-27873.0
-48.98594024604569
-393
-267
-27649.0
-27649.0
-139
-139
-28401.0
-769
-49.41391304347826
757
-29170.0
-29346.0
310
573
573
598
-28335.0
598
986
986
198
389
-214
-4
-876
164
-33712.0
694
-55.25254237288136
937
-53.84731543624161
-36
-31537.0
556
556
-881
-962
-52.32100840336135
-31083.0
-49
-895
-31929.0
-895
-51.320598006644516
595
-836
-836
-31250.0
-186
-50.96369636963696
632
-186
-50.96369636963696
-186
-186
-31612.0
-52.07907742998353
-728
-186
-31070.0
-52.146622734761124
66
-33312.0
-375
81
-375
-34443.0
-756
-57.23452768729641
878
341
-545
-58.03715670436188
-312
-35369.0
-72
-58.173354735152486
-140
-733
-56.954911433172306
-314
-36137.0
-454
-454
-314
-57.42628205128205
521
185
-56.07177033492823
521
-56.76273885350319
421
865
-33763.0
-396
-52.29937304075235
-51.31142410015649
73
-51.124804992199685
510
-32771.0
-49.50699844479005
-49.50699844479005
-30621.0
753
-31374.0
-314
-31686.0
732
-48.370942812982996
390
359
-31296.0
-31296.0
-725
538
-232
-31978.0
-32491.0
-47.37308868501529
-25
-47.407914764079145
-28
-346
71
71
-853
-853
-48.82299546142209
516
-974
-974
-31814.0
787
787
-32885.0
-56
-33028.0
-49.89123867069486
-48.661654135338345
-48.06156156156156
-48.06156156156156
-32009.0
-48.06156156156156
351
-296
-48.28915662650602
-910
-48.28915662650602
-32677.0
-32677.0
-49.13834586466165
-24
-47.77395209580838
237
818

