799
-114
7190.0
14.351297405189621
14.351297405189621
14.351297405189621
51
-100
14.507014028056112
422
14.75889328063241
14.75889328063241
14.75889328063241
7900.0
-624
-242
-242
343
6490.0
12.009671179883945
6657.0
12.801923076923076
12.801923076923076
11.593090211132438
-617
-354
-284
10.881453154875716
907
-963
-963
4728.0
5478.0
-96
669
14.901669758812616
468
996
9028.0
996
996
869
18.916974169741696
55
18.983425414364643
11218.0
-51
-51
-231
637
10403.0
-770
-770
-770
18.914545454545454
18.914545454545454
637
10403.0
564
17.259057971014492
-754
10281.0
18.65880217785844
10653.0
18.45306859205776
-943
-943
508
-229
16.136936936936937
8956.0
16.136936936936937
-229
8505.0
15.296762589928058
-16
14.825311942959003
14.825311942959003
-790
-186
636
-18
-18
-18
10654.0
11865.0
21.552028218694886
12220.0
24.354385964912282
756
567
600
495
-254
495
12220.0
-193
-193
21.552028218694886
20.195422535211268
-646
-749
410
12894.0
22.581436077057795
22.581436077057795
180
12899.0
180
-548
-548
-800
12095.0
-757
20.710616438356166
20.710616438356166
20.998293515358363
196
196
-540
-540
21.55593220338983
782
13795.0
964
-975
617
21.71571906354515
12764.0
817
817
348
348
348
348
164
11982.0
164
65
680
680
-365
21.478190630048466
20.098228663446054
-988
-927
-927
12980.0
21.174679487179485
233
12318.0
19.7088
12318.0
12318.0
11570.0
11570.0
-748
18.482428115015974
-763
-519
12405.0
-769
-928
580
580
246
19.03605015673981
18.82270606531882
-731
787
13105.0
61
20.31782945736434
18.96141975308642
-264
-509
17.189312977099238
-204
17.30030487804878
15.401215805471125
10134.0
15.401215805471125
-180
16.265151515151516
-180
452
12844.0
19.08885542168675
10967.0
11271.0
11260.0
16.780923994038748
125
12168.0
12168.0
18.0
804
641
24.519765739385065
-110
24.167638483965014
27.18867924528302
29.033236994219653
29.033236994219653
20046.0
-766
29.988472622478387
28.684892086330937
19936.0
28.099137931034484
28.099137931034484
-379
19557.0
28.443328550932566
29.021337126600283
801
27.6685552407932
291
-938
-933
19534.0
-247
20045.0
-247
758
-586
26.806770098730606
-586
-670
-670
-700
27.672316384180792
27.672316384180792
19687.0
19687.0
20126.0
20126.0

