64615.0
990
63711.0
63936.0
63936.0
0.0
0.0
0.0
0.0
655
61920.0
655
322
-379
-806
-96
-379
0.6260462604626046
61823.0
63433.0
962
-728
-233
868
868
62749.0
-885
62798.0
619
0.6351663516635166
-162
63354.0
0.0
0.0
-162
-162
0.0
62868.0
444
61562.0
0.0
0.0
58848.0
-899
-899
718
853
59811.0
0.0
183
0.5853958539585395
58539.0
751
-67
0.5778915578311566
536
536
57788.0
57788.0
0.0
-930
-930
57325.0
-930
0.0
210
55778.0
0.0
55491.0
0.0
138
56921.0
86
0.0
0.0
-27
55586.0
0.0
-948
-948
-945
55615.0
0.0
57632.0
60800.0
-436
-436
-100
-26
61727.0
674
-9
-9
-9
60559.0
848
0.0
353
-575
513
-378
60612.0
0.0
0.0
0.0
62002.0
903
-221
-622
0.0
624
0.0
59741.0
59741.0
723
0.0
0.0
62597.0
64710.0
-640
-640
65350.0
0.6535065350653506
898
65350.0
0.0
500
0.0
64467.0
0.0
64467.0
367
0.0
819
0.0
0.0
66036.0
66036.0
-248
65296.0
-185
196
-625
-969
215
302
-930
-930
-930
-930
-930
680
-433
69193.0
0.0
-384
0.0
-335
-335
0.0
70223.0
69425.0
-302
821
69664.0
-682
0.0
0.0
-220
-327
-56
69866.0
-220
0.6986669866698667
328
70194.0
-610
68243.0
-282
68506.0
735
67185.0
68105.0
69159.0
68439.0
360
-826
514
0.0
67986.0
-747
995
0.0
146
67096.0
-299
0.6739567395673957
0.0
68577.0
-72
-72
0.0
-809
0.0
-499
-356
70301.0
0.0
410
70301.0
704
195
547
0.0
-198
0.0
0.0
0.0
-909
73859.0
0.0
74061.0
0.0
0.0
73390.0
509
509
-122
0.7261372613726137
-390
716
72613.0
0.7261372613726137
0.7261372613726137
72575.0
0.0
542
0.0
-541
-764
-764
71819.0
-798
-825
-825
0.0
70813.0
-556
991
-445
-445
0.0
-848
-364
170
72524.0
72524.0
-645
-38
75699.0
0.0
118
0.7345173451734517
0.0
191
191
0.7727177271772717
895
-760
0.7637076370763708
-249
-249
0.7662053241064821
77220.0
601
-612
-744
0.0
77366.0
79733.0
294
-3
79222.0
-3
0.0
-65
-3
294
294
-746
166
208
918
-881
-236
0.0
0.0
489
-415
79861.0
10
0.0
0.0
78869.0
-983
967
77759.0
0.0
-200
0.7795977959779598
-8
-8
0.7750277502775028
0.7750277502775028
77502.0
0.0
0.0
0.0
0.0
33
76401.0
0.7640176401764017
0.0
76181.0
75885.0
553
75332.0
0.0
0.0
-677
76342.0
-845
74835.0
-524
0.0
0.0
74309.0
21
-730
74459.0
680
167
21
21
75739.0
0.0
74321.0
75009.0
0.0
73460.0
-228
817
817
817
542
-315
71568.0
-869
72437.0
72437.0
-531
73704.0
855
916
709
74468.0
709
-200
72804.0
0.0
72804.0
-58
74150.0
-868
0.0
74478.0
-303
-303
0.0
0.0
-272
-757
-387
0.7386473864738647
102
526
0.7386473864738647
102
72844.0
911
911
659
71554.0
-849
-849
33
0.7210072100721007
-866
-945
8
0.7249472494724947
0.0
-336
-336
391
-336
-604
-528
0.7205572055720557
845
845
69998.0
845
-685
0.6983939678793576
0.6983939678793576
0.6983939678793576
69838.0
69152.0
332
0.0
-15
0.0
-15
354
70127.0
-90
70521.0
-409
-863
69246.0
-666
438
0.0
853
338
0.0
338
195
69613.0
0.0
0.0
-141
-366
167
265
70258.0
362
53
69896.0
282
67064.0
-943
0.6706467064670647
-79
69114.0
-284
60
69968.0
0.0
-51
46
877
44
44
44
44
0.6980069800698007
0.0
68598.0
0.0
68598.0
0.0
-932
-932
0.0
0.0
0.0
965
70671.0
70671.0
-453
-920
0.0
-504
242
-754
0.7067812034361031
70425.0
0.7042640852817056
-400
-251
-151
0.0
-338
145
949
70688.0
0.0
85
69864.0
69864.0
0.0
-228
0.0
-228
68911.0
667
628
-396
-726
-726
68937.0
-726
-726
-302
0.0
68069.0
-600
68669.0
68220.0
-572
0.0
0.0
42
0.0
0.0
-810
-458
0.0
68068.0
-458
227
460
-208
68660.0
-561
-538
-538
0.0
0.0
307
835
897
68979.0
68979.0
-93
788
69261.0
0.6959669596695967
970
-319
0.0
-319
970
68967.0
73
-278
-523
66957.0
66126.0
-523
0.0
66126.0
-523
-281
67064.0
67064.0
-63
0.0
-982
294
294
-118
-343
0.0
-482
-697
458
458
69953.0
833
0.0
0.0
148
70535.0
-462
0.0
69327.0
-369
-207
0.0
255
0.0
282
394
0.6927469274692747
69274.0
70137.0
0.0
717
107
-414
71829.0
71829.0
71313.0
71313.0
-900
-847
-754
-754
68636.0
67309.0
67544.0
-124
0.0
68522.0
-393
-393
68522.0
69666.0
-398
69043.0
36
68737.0
36
0.6870168701687017
-220
70175.0
70311.0
11
11
883
770
0.0
70765.0
71098.0
71098.0
71098.0
71098.0
778
69896.0
0.0
67414.0
-909
558
68333.0
179
0.0
-201
-292
109
109
0.0
-620
67071.0
66811.0
0.0
66811.0
68886.0
727
65160.0
662
66251.0
66251.0
0.0
439
65812.0
-356
65812.0
-356
0.0
0.0
-333
338
-713
0.0
0.0
762
762
0.0
-177
64493.0
153
65399.0
65580.0
400
961
-559
63478.0
0.0
-714
-802
62747.0
357
-877
-648
61830.0
61830.0
0.0
-643
0.6113161131611317
61131.0
61131.0
62893.0
450
450
0.0
537
989
-533
605
65921.0
-217
0.6592165921659217
0.6592165921659217
-217
66138.0
-484
65463.0
-798
796
-798
66692.0
-484
-484
644
64179.0
-406
-29
0.6458564585645856
0.0
0.0
809
65709.0
-120
-120
403
662
-404
209
454
67649.0
67649.0
827
67637.0
0.0
0.0
-180
0.0
-716
0.0
0.0
143
67166.0
628
-249
255
67666.0
675
67947.0
65585.0
-564
315
0.6516065160651606
0.6516065160651606
342
65160.0
0.0
64393.0
-767
0.0
-767
-373
998
-373
-499
0.0
-816
-373
65160.0
-373
121
82
936
-811
-696
65120.0
665
822
-862
303
0.6488864888648886
822
-533
65209.0
562
0.6464764647646476
428
436
-533
822
680
665
665
665
665
203
-132
64012.0
0.6433464334643346
-922
292
292
-922
322
65532.0
65532.0
65532.0
65532.0
66625.0
0.0
-206
64675.0
0.0
0.0
64675.0
-206
0.0
64293.0
-407
0.0
-407
60464.0
0.0
0.0
-14
-43
-43
-779
-779
-84
0.0
60067.0
579
0.0
909
-249
-168
64432.0
-168
-168
-359
0.6512465124651247
-382
-814
-382
715
-123
-552
285
0.0
66757.0
-509
-509
-7
-342
63665.0
996
0.0
553
553
0.0
0.0
65907.0
915
64956.0
-30
305
0.0
912
912
912
0.0
919
63830.0
-110
-32
0.0
-403
-941
749
64380.0
-139
208
0.6346663466634667
0.0
-76
-139
63319.0
63319.0
-147
62355.0
397
0.6353563535635356
62579.0
-84
724
0.0
0.0
5
-356
0.6039060390603906
-146
-891
-96
-891
0.6039060390603906
710
62678.0
51
51
51
62678.0
51
571
65205.0
65824.0
0.0
0.0
0.0
0.0
-100
-677
69924.0
296
69601.0
0.0
69601.0
-86
0.0
-86
69687.0
93
0.6959539190783816
-933
-435
0.0
68481.0
-574
0.0
-568
-559
0.0
66406.0
0.0
0.0
670
0.6610066100661006
65407.0
325
67733.0
0.0
-323
0.0
68413.0
-323
67345.0
-773
0.0
66094.0
0.0
65088.0
-724
-559
0.6430764307643076
64307.0
0.0
420
-405
65057.0
-552
0.0
64505.0
-8
0.6463464634646346
-727
64454.0
-180
-180
64454.0
0.0
0.0
71
67229.0
999
67177.0
67177.0
999
-83
-83
-119
28
62289.0
62289.0
62289.0
-445
-201
61282.0
884
884
-48
71
-596
60492.0
59311.0
59311.0
-526
818
0.0
-304
61617.0
-181
0.6161761617616176
61201.0
-984
0.0
61359.0
-804
-966
0.0
0.0
-966
61279.0
61713.0
0.0
817
-569
-569
59152.0
0.5915318306366127
-381
-422
-422
566
0.5991859918599186
-815
0.0
-615
-889
57808.0
0.0
108
0.5841058410584106
0.5841058410584106
58005.0
-405
-405
-405
0.0
-405
-889
-889
-615
-142
60040.0
-16
60451.0
63314.0
254
537
665
62866.0
63592.0
-247
64156.0
64879.0
0.0
723
65665.0
20
912
447
69550.0
-358
0.0
-717
0.0
-926
-926
0.6922069220692207
434
0.6878737574751494
-358
-570
0.6914607438223147
817
-784
0.6741502245067352
0.6741502245067352
-593
0.0
0.0
0.0
178
-473
68087.0
68292.0
68292.0
-992
67319.0
-302
67537.0
67921.0
756
-144
-95
68842.0
-556
-556
-556
0.0
66619.0
66619.0
0.0
-850
-850
0.6746967469674697
622
615
68643.0
0.0
785
785
-844
67507.0
-954
-954
-723
63120.0
63120.0
-889
63979.0
706
261
-717
60621.0
0.0
-717
0.0
59411.0
0.0
743
0.0
57540.0
244
-571
-571
-711
0.5746757467574676
60032.0
60032.0
0.0
567
-172
60896.0
0.0
993
0.5906159061590616
-626
-626
-623
0.0
0.0
0
71
505
593
0.6417264172641727
16
0.6417264172641727
321
-811
69478.0
428
71391.0
-642
-211
70510.0
970
70510.0
970
70474.0
0.0
304
-588
702
51
0.7043170431704318
-48
0.7048040960819216
-588
71577.0
-816
607
-512
0.0
0.0
492
0.0
73508.0
-653
-653
0.7277272772727728
24
72772.0
-763
0.7277272772727728
72772.0
72966.0
4
0.0
0.0
4
572
4
0.7331846636932738
0.7331846636932738
194
73304.0
72603.0
0.7260372603726037
-701
-701
181
73123.0
73123.0
-763
74187.0
631
301
0.7350447008940179
-684
243
-684
0.0
72108.0
-932
0.7269672696726968
72696.0
369
73065.0
-902
72453.0
-944
-944
978
72415.0
69925.0
-163
0.0
68184.0
0.0
0.0
68184.0
80
-182
0.0
0.0
67003.0
0.0
0.0
-182
67003.0
0.0
0.0
-182
0.0
69088.0
29
0.0
68798.0
68798.0
0.0
29
642
405
-182
718
-116
718
68622.0
718
0.6755067550675506
67550.0
0.0
67521.0
438
0.0
-704
0.0
0.0
66428.0
-793
-793
65152.0
65152.0
65152.0
-169
0.0
0.0
63774.0
0.0
-490
-583
64251.0
0.0
844
680
0.0
69542.0
69542.0
69542.0
0.0
69542.0
0.0
184
69542.0
184
0.6935869358693587
-219
-448
68508.0
440
546
-403
68422.0
492
68723.0
67078.0
67382.0
0.0
-247
67629.0
67629.0
67629.0
67926.0
69176.0
116
644
0.7036770367703677
-160
0.0
0.0
68863.0
68863.0
70255.0
0.0
-816
665
69084.0
-17
69165.0
160
0.0
53
-581
789
70229.0
350
108
0.0
-506
69985.0
830
-952
-952
0.0
0.0
69827.0
69253.0
0.0
-512
0.0
282
71
0.0
66999.0
66652.0
66652.0
-757
0.0
0.0
-232
0.6820668206682067
0.6820668206682067
43
395
0.0
0.0
72836.0
540
415
0.7369973699736997
0.0
71749.0
-556
783
396
-410
542
75441.0
-136
-340
0.7419248384967699
542
-880
0.7286445728914578
72863.0
-786
-748
75789.0
75789.0
-230
30
0.0
71623.0
71623.0
689
0.0
72613.0
-349
71700.0
0.0
-382
-771
69421.0
72706.0
71763.0
721
721
174
0.0
-875
0.6949569495694957
-74
0.7045070450704507
-683
69592.0
68601.0
-269
0.0
67595.0
0.0
0.0
67580.0
491
67580.0
491
0.6708967089670896
66545.0
66545.0
66235.0
-115
-327
66349.0
66349.0
0.0
0.0
991
154
68070.0
-291
-291
154
154
-372
193
456
69729.0
902
-787
73286.0
73286.0
72373.0
0.0
0.0
72002.0
72221.0
-72
72445.0
0.0
-515
0.0
832
71765.0
-705
760
-555
802
516
67967.0
-882
66724.0
-826
0.6755067550675506
-910
-591
687
0.0
-839
66142.0
133
0.0
-172
67114.0
67114.0
-250
350
0.0
67024.0
261
739
0.0
0.0
-85
-85
724
0.6839668396683967
724
0.6767335346706934
0.6702967029670297
-643
-643
67029.0
0.0
65825.0
0.0
677
677
-810
580
66083.0
66083.0
65192.0
64370.0
0.0
813
63581.0
-293
-293
65870.0
0.0
66812.0
424
0.0
146
805
492
0.0
67312.0
0.0
0.0
0.0
62669.0
62669.0
0.0
0.0
0.0
787
-516
62429.0
546
546
-99
-916
0.6233062330623306
62330.0
62330.0
0.6233062330623306
-99
-909
-359
933
0.0
223
63313.0
933
375
703
0.6137984139524185
32
60448.0
-64
61442.0
0.0
994
61442.0
-260
62253.0
-212
0.0
0.0
0.0
66440.0
0.0
66440.0
0.0
-79
370
-300
771
66522.0
789
0.0
65226.0
191
-890
452
0.0
64953.0
64953.0
-486
0.0
65650.0
65485.0
66223.0
0.0
65961.0
65961.0
65961.0
65210.0
-714
65210.0
0.0
0.0
66364.0
633
3
66876.0
0.0
-635
-635
66876.0
-192
67335.0
0.0
382
0.0
0.0
-793
231
0.6956339126782536
0.0
131
131
0.0
339
0.6911669116691167
466
69548.0
783
68765.0
0.6876568765687657
-250
69513.0
378
69135.0
893
67528.0
65887.0
956
66732.0
442
0.0
0.0
0.0
241
241
0.0
242
242
-417
0.0
0.0
300
0.0
0.0
-945
64292.0
0.0
-133
65191.0
-923
423
65191.0
0.6519165191651917
0.6519165191651917
98
-102
-876
66267.0
490
-64
-64
302
68740.0
68052.0
-688
68740.0
-605
-605
0.0
0.0
66371.0
-767
290
-290
0.0
66504.0
0.0
-228
546
66732.0
546
0.6618732374647492
0.0
67551.0
66685.0
-372
-372
65046.0
0.0
0.0
0.0
0.0
-30
-30
65348.0
968
0.0
67424.0
-851
67207.0
439
0.6822568225682257
70205.0
70205.0
70205.0
0.0
424
68236.0
68024.0
0.0
0.0
0.0
69277.0
586
774
-312
-417
-771
0.7055470554705547
-435
35
0.0
69378.0
447
447
66091.0
511
-682
0.6598931978639573
65637.0
-351
65988.0
0.6598931978639573
0.6527365273652737
0.0
0.0
0.0
61647.0
68
59728.0
-812
-670
0.5965119302386048
-591
0.6048120962419249
0.6129361293612936
61906.0
61906.0
0.0
0.0
891
891
891
-441
613
61664.0
-240
762
-869
424
0.0
61540.0
0.0
62280.0
62280.0
63180.0
759
871
316
876
819
64216.0
-46
0.0
-46
0.6426264262642627
819
378
559
0.0
67772.0
-720
0.0
-101
-821
-821
-101
-720
66435.0
642
66605.0
648
-310
-299
0.0
785
-981
-641
66937.0
68953.0
946
947
0.6706134122682453
-967
0.6609366093660937
-967
0.6609366093660937
0.6609366093660937
-967
-967
-967
66855.0
-226
889
69034.0
0.0
69034.0
224
0.0
69034.0
69034.0
843
0.0
69985.0
0.0
0.0
499
-929
176
66439.0
0.0
0.0
67294.0
60
233
66908.0
66460.0
-694
-694
326
66567.0
-825
26
0.0
68428.0
-377
0.6658766587665876
0.0
68009.0
68009.0
830
72022.0
613
0.0
-77
987
0.0
0.0
0.0
-785
71277.0
-785
0.0
334
0.0
73079.0
0.0
-342
-551
0.7128442568851378
-57
334
934
-176
70292.0
69026.0
70027.0
70027.0
0.0
70027.0
0.0
-351
0.0
0.0
72839.0
647
-791
45
73956.0
75155.0
759
77064.0
-89
763
327
77968.0
830
76904.0
76904.0
-882
830
0.0
540
79253.0
79253.0
269
0.0
0.0
779
0.0
80660.0
0.0
-470
-173
16
80351.0
-166
80851.0
-408
635
80004.0
997
78340.0
-993
0.0
-712
-648
80558.0
0.8069880698806988
-645
-645
0.0
81279.0
81279.0
860
-35
0.8041980419804198
-35
79837.0
0.0
921
76880.0
-684
79819.0
652
-777
652
0.0
0.0
79084.0
0.0
47
80596.0
-175
-175
0.0
78999.0
-460
0.7945979459794598
79459.0
71
71
-865
-923
-244
0.75557511150223
624
0.0
0.0
362
-212
-893
-893
-220
-586
0.757815156303126
75780.0
-586
-586
-969
-969
74158.0
-969
0.0
0.0
804
0.0
75596.0
-512
-512
0.0
0.0
76471.0
76471.0
76471.0
0.0
-311
0.0
0.0
75304.0
78965.0
-805
944
79716.0
944
232
79018.0
0.0
78912.0
727
80868.0
79140.0
-791
79453.0
483
80484.0
232
83
0.0
391
85664.0
0.0
391
661
661
-260
0.8442768855377107
-476
-476
311
-544
0.0
0.0
0.0
322
-463
-463
-580
0.0
83326.0
-743
81847.0
-445
-445
81738.0
81738.0
-21
0.0
698
-231
0.0
81319.0
81178.0
81314.0
652
-550
-156
-957
448
-277
-277
-836
426
705
-661
0.8207128285131405
0.8207128285131405
83140.0
592
-791
0.0
0.0
86556.0
0.0
21
0.0
88248.0
88248.0
88248.0
88248.0
0.0
89187.0
-378
0.0
-366
394
0.0
-371
88870.0
-982
88377.0
809
0.0
-362
0.0
-362
87300.0
0.0
450
88562.0
90665.0
-149
0.9027090270902709
90486.0
248
838
298
0.0
398
-226
398
-454
0.0
88867.0
-440
405
596
596
385
385
-907
-907
-907
-629
0.0
89889.0
-599
912
91815.0
0.0
524
524
91643.0
-899
92542.0
289
607
90464.0
90373.0
92057.0
0.0
0.0
162
934
889
0.8992589925899259
0.8992589925899259
-326
89599.0
88041.0
88041.0
562
88591.0
89842.0
0.0
434
88214.0
88214.0
0.0
-699
-699
653
0.0
0.0
0.0
88179.0
88574.0
88574.0
-941
-743
0.0
0.0
636
-751
86304.0
88097.0
88669.0
0.0
88215.0
-864
-864
91995.0
91995.0
-933
569
638
991
-614
-614
-614
93838.0
0.0
92529.0
-902
665
94096.0
0.0
0.0
0.0
999
95890.0
166
95618.0
565
-286
93777.0
-694
-868
366
0.0
97258.0
0.0
0.0
100439.0
0.0
-77
0.0
905
231
-767
-664
94955.0
-664
-422
93
0.0
-107
-250
93439.0
0.0
-318
0.9348993489934899
0.9348993489934899
0.0
511
0.9348993489934899
724
92489.0
0.0
92313.0
-786
0.0
-786
-304
91631.0
0.0
483
0.9152991529915299
0.0
-540
-752
0.8990589905899059
-752
89905.0
-948
-752
-752
-79
-79
0.9012790127901279
-530
0.0
649
414
88391.0
414
0.0
0.0
86184.0
-747
-747
-938
85260.0
0.0
392
392
392
0.0
392
392
392
0.0
-176
-176
0.0
85552.0
85552.0
432
0.0
806
86403.0
-59
-456
0.8730987309873098
-517
88530.0
89079.0
90310.0
90310.0
0.0
947
88505.0
-457
-698
619
321
89594.0
0.0
89
389
869
0.0
-868
434
-868
438
399
0.0
93265.0
0.0
93031.0
0.0
0.0
93357.0
93357.0
93461.0
93943.0
686
93943.0
0.0
0.0
0.0
943
93442.0
93442.0
0.0
0.0
717
717
551
0.9487694876948769
700
0.0
700
-275
94562.0
0.0
94562.0
-658
564
0.9465789315786316
444
-582
0.940749407494075
0.940749407494075
94398.0
324
0.940749407494075
-582
599
372
-582
94310.0
0.9417594175941759
0.0
-240
94045.0
162
-609
0.0
-306
390
-662
706
0.0
133
157
93839.0
0.0
94214.0
0.0
541
0.0
422
95769.0
422
95782.0
-810
753
369
369
651
-418
369
0.947849478494785
-148
0.0
-494
-855
91143.0
119
-504
-948
-948
-948
0.0
-599
-358
-156
227
89220.0
0.0
88873.0
88873.0
0.0
88398.0
0.0
925
578
555
87075.0
-767
0.0
0.0
86590.0
-767
-555
902
87357.0
119
0.8735787357873579
119
5
86685.0
843
493
-834
86490.0
843
-801
84985.0
0.8498584985849859
-752
252
755
0.8553885538855388
0.8553885538855388
252
252
570
57
-510
-112
-112
0.0
959
143
-452
-682
86814.0
86895.0
101
710
0.8804588045880459
204
204
0.0
0.0
-129
85621.0
0.0
85679.0
622
399
-461
0.8609372187443749
0.8609372187443749
-207
86092.0
86092.0
87041.0
87072.0
-346
31
0.8681286812868129
86638.0
0.0
-702
85433.0
86645.0
0.0
740
0.0
-293
84763.0
982
982
112
112
-321
0.0
-801
-687
538
0.0
0.0
-167
-167
-167
83131.0
-361
-680
-818
81287.0
415
717
125
125
0.0
0.0
51
0.8116581165811658
0.8116581165811658
750
750
194
0.0
-986
-911
720
-655
0.8220764415288305
0.8220764415288305
83077.0
0.8307783077830778
575
82279.0
189
189
79962.0
0.0
-641
-641
-641
-641
0.8060380603806038
0.8060380603806038
482
80397.0
-206
0.0
-206
79131.0
79864.0
0.0
79864.0
0.0
891
768
83611.0
83611.0
-926
-926
0.0
84326.0
-695
84472.0
-695
0.0
0.0
0.0
82715.0
-453
-852
898
84170.0
0.0
0.0
174
673
0.0
0.0
0.0
158
0.0
0.0
158
0.0
0.0
85174.0
0.0
724
0.0
84262.0
-188
784
-188
0.8428268565371307
533
533
437
0.0
84087.0
0.0
0.0
338
84844.0
0.0
338
0.0
87769.0
0.0
87769.0
-434
909
-262
88857.0
0.0
0.0
84588.0
83809.0
83971.0
-576
-924
336
82687.0
82687.0
82687.0
0.8268782687826878
82687.0
-42
-491
-491
82687.0
0.8268782687826878
-491
0.0
-686
-686
81579.0
-686
-588
0.8226582265822658
256
82424.0
415
415
415
-544
-810
8
-491
-899
-899
713
0.8375951278538356
-498
81595.0
80807.0
0.0
-230
-469
-824
720
-980
81284.0
-980
-980
78499.0
-932
268
79777.0
-875
144
82451.0
0.0
80841.0
80841.0
0.0
-220
0.0
-106
870
-454
-183
-644
-454
500
82220.0
500
0.0
85936.0
852
852
0.8508485084850849
0.0
876
317
84221.0
84215.0
0.0
0.0
0.0
-678
0.8458984589845898
569
173
-985
569
735
783
85291.0
783
0.8451053531605948
588
0.0
85480.0
310
357
0.0
357
-699
0.8496784967849679
84967.0
236
236
84967.0
0.8496784967849679
239
239
-152
-152
-46
88488.0
145
88011.0
-46
-585
-261
835
91915.0
280
0.0
-15
186
539
539
91850.0
-23
92009.0
-78
0.0
456
-639
89255.0
0.0
325
-53
0.0
91161.0
90439.0
90989.0
0.0
0.0
-617
-746
0.0
-279
190
0.0
-232
-83
91045.0
0.0
263
0.0
0.0
93514.0
0.0
-679
-882
93263.0
93171.0
173
0.9299892998929989
-896
90602.0
0.0
-715
397
397
0.8853388533885339
88533.0
87
0.884477689553791
0.884477689553791
-520
84751.0
774
83744.0
-498
598
-454
86592.0
-454
-454
0.0
720
-989
0.0
85519.0
-989
-989
-274
-274
-316
852
-378
0.8918489184891849
0.0
0.0
37
0.0
331
87600.0
0.0
0.0
925
88455.0
326
247
-574
0.0
-803
0.0
0.0
-946
0.8964889648896489
0.0
-581
-18
0.0
89733.0
0.0
89779.0
0.0
-378
-153
-446
-954
0.0
397
397
88948.0
397
0.0
0.0
-974
89981.0
0.0
90159.0
838
-964
-662
0.0
377
-269
-269
-267
0.8935989359893599
-269
0.8962979259585192
0.8897588975889759
-653
0.0
-133
-133
379
-591
91564.0
0.0
728
92767.0
728
0.9203992039920399
960
443
92241.0
0.0
602
91083.0
261
-894
-894
91025.0
0.0
90509.0
0.0
-983
0.0
674
0.0
0.0
0.0
674
38
903
-433
-566
0.0
-272
93222.0
-185
-185
427
0.0
91853.0
0.0
121
-425
-492
91710.0
0.0
-363
92528.0
92528.0
-236
800
-947
92183.0
92183.0
238
872
90668.0
0.9066981339626793
90668.0
90668.0
0.9066981339626793
719
90791.0
123
0.0
-540
-540
-133
89279.0
89279.0
-68
0.0
-292
5
270
5
89755.0
0.0
599
0.0
914
0.0
91416.0
0.0
92619.0
-132
-268
-268
711
-640
-971
-503
-917
763
800
-571
30
0.9319986399727994
-51
-571
-971
93171.0
-143
93962.0
-30
0.0
0.0
0.0
-794
0.936959369593696
657
403
0.0
726
-610
164
-270
91624.0
-270
0.918949189491895
-220
92114.0
0.0
-556
-859
91005.0
-280
91155.0
717
258
258
90886.0
671
671
90886.0
375
27
-978
91180.0
27
751
0.9066690666906669
886
-164
930
-462
-226
90914.0
429
0.0
-164
-314
-823
92392.0
90714.0
0.0
520
42
0.0
40
90084.0
604
0.0
-572
-572
0.8922589225892259
-669
0.8989579791595832
0.9025090250902509
90329.0
0.0
478
-256
-31
0.8982579651593032
254
89646.0
254
0.0
480
-822
0.0
-984
93110.0
-516
-277
-516
-516
-984
-984
187
0.9469794697946979
-839
0.0
0.0
184
184
-898
0.0
0.0
0.0
0.0
0.0
-970
132
89326.0
333
112
90093.0
-453
89916.0
927
112
91415.0
91415.0
0.0
750
750
996
0.0
0.0
0.0
0.0
935
137
137
454
0.0
241
-75
17
0.0
758
758
91995.0
0.0
758
93392.0
0.0
0.0
91322.0
0.0
885
-516
90953.0
-892
-139
91845.0
-396
92780.0
0.0
-291
0.0
94809.0
18
0.9479194791947919
96746.0
734
98085.0
773
338
734
0.9774495489909798
0.983139831398314
-181
653
470
97879.0
0.0
0.0
0.0
0.0
0.0
838
-715
-715
-715
0.9781995639912798
97818.0
0.0
102038.0
0.0
-191
102038.0
0.0
-191
441
441
441
0.0
101830.0
717
0.0
717
72
102058.0
102058.0
-745
607
-581
102489.0
951
0.0
102061.0
-149
102210.0
454
454
102664.0
454
0.0
0.0
139
371
99998.0
-128
-128
100119.0
302
0.0
492
100249.0
100178.0
-828
0.0
0.0
-606
-633
-633
-865
0.0
-865
-865
-86
-655
632
519
-633
100617.0
1.0094202826084782
1.001710034200684
0.994869948699487
0.994869948699487
-683
75
0.0
75
-471
-471
0.9822696453929078
-821
0.9809096181923639
98755.0
98817.0
0.0
0.0
0.0
0.0
-139
100633.0
1.006340063400634
-301
-301
0.0
99829.0
946
-119
0.0
101328.0
-923
101333.0
-923
101846.0
0.0
102314.0
0.0
100513.0
0.0
99185.0
99185.0
-910
-993
-993
-442
0.0
97165.0
383
745
0.0
-436
96687.0
97677.0
760
-980
0.0
-878
-980
-980
0.0
-147
0.0
0.0
94958.0
0.0
-866
96417.0
405
0.9613096130961309
0.9613096130961309
95803.0
95990.0
0.0
0.0
95375.0
95375.0
-215
-23
-23
94800.0
0.0
0.0
792
-953
-937
25
-977
-953
97389.0
393
-965
96330.0
0.0
-56
6
96760.0
932
0.0
-461
932
0.9666093321866437
824
-273
97344.0
97344.0
-39
0.0
615
-39
0.0
42
96367.0
-617
321
967
991
991
991
0.0
0.0
-937
96167.0
405
-715
-731
302
706
734
-486
96173.0
96173.0
0.9617588527655829
96173.0
302
95871.0
35
95871.0
0.963848915467464
0.9678993579871598
693
0.974819748197482
0.0
-904
0.0
-278
95615.0
95615.0
-208
0.0
-914
775
379
92753.0
0.0
92499.0
943
-99
-680
414
-907
92823.0
274
718
-436
93385.0
936
936
936
-805
-404
679
718
-984
0.9142382847656954
91422.0
773
-148
0.0
91532.0
0.0
91469.0
-230
0.921259212592126
92125.0
-799
864
90309.0
-569
-627
-799
570
0.9071481429628593
-326
89784.0
24
89464.0
-166
64
64
0.0
90222.0
0.0
92085.0
92085.0
0.0
0.0
-667
781
781
624
0.0
0.0
-641
133
0.0
0.0
586
93011.0
-467
-604
-604
97391.0
722
0.0
95838.0
96107.0
0.0
96107.0
96107.0
96107.0
736
689
190
99
99
0.0
0.0
94556.0
93066.0
-715
-786
0.9319593195931959
-715
-44
0.0
-653
-653
-653
-509
-509
650
-252
0.0
795
95505.0
96092.0
587
587
-252
95505.0
-263
-391
0.0
322
0.944689446894469
784
-905
0.0
0.0
-449
93477.0
0.0
576
0.0
940
-347
90028.0
-959
460
0.0
-40
84354.0
-339
84354.0
-339
83374.0
-852
82912.0
124
82664.0
-991
829
0.0
855
85617.0
85617.0
0.0
88577.0
506
0.0
87483.0
-697
-416
87129.0
85458.0
808
0.0
83744.0
-962
0.8470684706847068
85320.0
84422.0
-531
252
0.0
167
0.8530585305853059
-128
0.0
-128
85480.0
-482
906
0.0
86257.0
675
0.8558285582855829
-669
659
0.0
40
-658
-643
158
85173.0
0.8484369687393748
84842.0
84483.0
0.0
-671
83523.0
0.0
0.0
-871
-567
812
0.0
-50
-50
0.0
258
-605
80759.0
80759.0
0.0
222
343
0.7905879058790588
78430.0
78430.0
358
0.0
413
80464.0
191
0.8000880008800088
0.8000880008800088
413
79335.0
80527.0
0.0
390
390
-993
-993
-640
0.8200564011280226
82004.0
0
81477.0
57
57
57
0.0
0.0
81542.0
81542.0
-870
0.0
-334
79136.0
80854.0
802
0.0
-830
0.0
81961.0
0.0
0.0
83401.0
409
0.0
81276.0
81424.0
-755
-755
81424.0
0.0
-871
513
-489
0.0
0.0
-186
459
459
0.0
0.0
-157
483
-344
79330.0
79330.0
707
-431
0.0
320
82252.0
0.0
-703
0.8277882778827789
0.8277882778827789
-250
0.0
-176
80221.0
0.0
0.0
-176
257
80397.0
0.0
-387
0.0
-859
373
80965.0
373
81743.0
619
619
89
89
0.0
516
0.8140481404814048
0.8140481404814048
0.0
-646
79520.0
-356
-356
79385.0
-416
0.0
80407.0
-241
0.0
80421.0
0.0
-458
0.8001480014800147
-241
273
273
0.8052880528805288
273
389
389
79720.0
226
0.0
0.0
83502.0
84222.0
821
84222.0
83134.0
83134.0
-611
-611
-981
-575
82902.0
82902.0
0.0
83479.0
756
445
83891.0
-993
84913.0
0.0
84913.0
86341.0
85426.0
85426.0
-770
-770
0.0
490
0.8490784907849078
85702.0
83895.0
817
817
817
83863.0
583
84368.0
84368.0
383
0.0
-995
525
-994
-994
-994
0.0
911
580
-230
580
82005.0
82005.0
0.8200582005820058
82992.0
932
0.0
493
-473
0.0
0.0
-965
-198
802
0.0
77721.0
77721.0
0.0
77675.0
0.0
0.0
0.0
-96
-299
72700.0
-908
0.0
75572.0
416
0.0
0.0
72471.0
0.0
104
939
939
0.7514875148751488
75148.0
75148.0
74294.0
-648
377
0.0
73928.0
-988
74484.0
968
0.7530175301753017
75301.0
75301.0
0.0
71750.0
-395
519
0.7318473184731847
0.0
195
971
74605.0
0.0
-397
-397
0.0
786
78183.0
366
0.7746577465774658
78271.0
0.0
77096.0
77096.0
0.0
345
0.0
539
539
76623.0
516
789
75630.0
-939
345
76569.0
76187.0
0.7618776187761878
0.7618776187761878
181
-382
-551
77217.0
944
76846.0
-642
75554.0
75227.0
0.0
0.0
-315
0.0
-870
0.0
77033.0
0.0
-263
78028.0
381
-92
-126
78050.0
611
77439.0
-517
0.7852478524785248
75
78524.0
610
79161.0
213
78948.0
0.7894878948789488
0.0
974
660
0.0
-696
-696
0.0
-696
75633.0
75889.0
0.0
75889.0
75275.0
-113
-698
-698
77838.0
0.0
223
0.0
78623.0
82356.0
705
705
-613
58
58
-870
80723.0
-870
0.8072380723807238
981
0.0
0.0
-163
0.0
0.0
-163
611
981
82472.0
981
81491.0
-238
0.0
82388.0
25
521
521
0.0
215
84187.0
476
215
0.8326566531330627
0.8304583045830458
83546.0
846
-656
82130.0
-570
82774.0
973
67
82316.0
0.8231682316823168
0.0
78893.0
78520.0
78520.0
0.0
76143.0
-42
0.7597075970759708
654
956
-897
75464.0
-897
75464.0
529
77488.0
446
0.0
73743.0
0.0
989
-198
658
73525.0
74441.0
0.0
73370.0
0.0
73370.0
-297
74401.0
73921.0
-653
449
413
413
244
74172.0
74172.0
291
24
-664
187
-508
579
-508
73658.0
73658.0
73658.0
485
-254
575
30
30
30
193
226
30
0.7584151683033661
645
645
0.7648576485764857
76349.0
116
0.0
75932.0
-301
301
0.7532775327753277
75327.0
-106
74903.0
772
403
0.0
75595.0
349
77716.0
77716.0
-56
339
0.7681576815768157
76815.0
0.7681576815768157
0.0
76531.0
0.0
76531.0
-284
0.0
76751.0
0.0
26
0.0
725
0.0
0.0
-476
0.0
-476
-476
0.7795477954779548
725
438
0.0
-415
-524
-707
-698
-698
0.0
-709
77451.0
32
76593.0
-997
75829.0
74883.0
0.0
0.0
0.0
0.0
233
-443
0.7590375903759038
390
233
0.0
74185.0
849
0.0
849
224
-685
-655
382
0.750595011900238
0.7544175441754417
0.0
73967.0
693
-305
74448.0
0.0
393
72223.0
0.0
393
-218
0.0
0.0
488
71677.0
-159
218
218
72188.0
72188.0
72188.0
0.0
-48
71073.0
71073.0
71073.0
0.7107371073710738
32
0.0
0.0
70622.0
-103
-320
0.7006470064700647
0.0
0.0
0.0
0.0
733
0.0
733
0.0
717
0.7454874548745487
126
-394
-328
-328
0.7454874548745487
0.7454874548745487
-394
0.7439274392743928
-619
-254
-346
0.0
0.0
0.0
-30
-346
72661.0
71222.0
-132
71739.0
-154
892
0.0
-260
0.6857468574685747
902
902
70619.0
465
0.0
0.0
70225.0
754
-818
69600.0
0.0
-473
238
0.0
-62
-62
846
75
70627.0
683
683
0.7102271022710227
70643.0
70643.0
69784.0
69784.0
-376
0.6997969979699797
141
-475
-475
68077.0
-679
-324
792
-527
67898.0
-369
920
67898.0
0.6789867898678987
-737
-737
0.0
67774.0
0.0
0.0
68548.0
386
518
124
0.0
-281
0.0
185
0.0
0.0
185
0.0
0.0
87
0.0
72396.0
72396.0
98
72715.0
953
579
-614
72261.0
-115
0.7226172261722618
71817.0
0.0
227
-784
95
71064.0
-822
817
0.0
370
73100.0
658
658
5
-907
73394.0
-33
5
-595
0.0
-575
374
-575
0.7168543370867417
72151.0
72135.0
-420
74049.0
0.0
415
0.0
-707
0.0
73212.0
-707
73803.0
-116
0.0
0.0
850
-116
0.7301346026920539
-983
0.7301346026920539
-119
-119
0.0
-119
0.0
0.0
0.0
72196.0
0.0
626
626
954
0.0
73539.0
73843.0
0.0
482
-438
72
316
316
-959
73784.0
70
72840.0
562
73402.0
-399
0.7252672526725267
-378
72526.0
72610.0
-687
-687
-698
-114
0.0
73655.0
-607
-503
0.7180171801718017
0.0
738
738
738
-329
280
69455.0
69455.0
-697
-697
70152.0
70711.0
70711.0
0.0
244
244
-2
-489
71404.0
-653
0.0
0.0
0.0
246
72594.0
-755
0.7259472594725948
-755
0.0
0.0
-952
-990
0.0
-990
-990
-990
587
0.7156671566715667
0.7156671566715667
421
0.7156671566715667
0.0
-652
70799.0
318
905
905
70552.0
0.0
-767
0.0
-708
69798.0
66952.0
66952.0
-443
366
64745.0
-797
65138.0
981
184
515
66108.0
451
67117.0
65023.0
65023.0
65023.0
63856.0
62303.0
-955
-722
64954.0
64785.0
331
331
62407.0
-884
-884
510
63657.0
0.0
63288.0
-603
63891.0
916
916
737
0.629762595251905
-604
-604
0.0
-450
63324.0
63324.0
0.0
0.0
924
232
65373.0
470
232
65777.0
457
65411.0
874
0.6453829076581532
63646.0
0.0
-471
-471
499
64135.0
499
91
91
470
872
63173.0
547
245
-581
550
696
767
61857.0
188
0.0
59942.0
648
0.0
498
59799.0
0.0
953
228
0.0
228
813
813
0.5920159201592016
953
57051.0
57051.0
-949
58526.0
526
-993
124
58471.0
-401
-720
-747
0.0
59303.0
59373.0
-932
630
344
344
0.6001960019600197
61991.0
869
0.6112261122611226
516
61122.0
0.6112261122611226
-205
0.0
61619.0
0.0
0.0
0.0
-615
0.0
0.0
0.0
59701.0
-73
0.0
-316
0.0
-316
-627
58695.0
-334
188
0.5776457764577646
-946
0.0
217
0.0
217
57735.0
-845
0.0
58735.0
0.0
0.0
-531
-162
-162
0.0
58780.0
18
58866.0
60078.0
60377.0
60875.0
-733
60472.0
0.0
660
-169
0.0
-772
0.0
-325
-2
59108.0
-772
-219
0.0
-74
-74
979
58814.0
10
384
59141.0
337
-623
-623
0.0
0.0
0.0
0.0
109
0.5437854378543785
54378.0
-332
-808
-434
0.555196655899677
55518.0
0.5453609072181443
0.5377553775537756
0.5377553775537756
0.0
53616.0
623
623
53784.0
0.0
890
948
948
0.5789357893578936
-241
-269
-269
0.0
-549
446
446
56979.0
0.5698013960279206
185
440
643
643
-789
-789
-789
56979.0
948
948
948
0.5623056230562306
-484
56732.0
56732.0
0.0
56732.0
56732.0
55739.0
-253
0.5599255992559926
502
55992.0
0.5599255992559926
0.0
-479
0.5619856198561985
0.0
612
-875
-875
-859
-3
-3
55134.0
55134.0
-709
0.5355553555535555
323
936
500
605
960
-666
-64
205
58948.0
-795
797
-97
59076.0
106
0.0
88
59828.0
-426
-343
530
0.0
530
59376.0
268
86
0.0
-163
86
-560
62486.0
62486.0
0.633152663053261
334
-50
0.0
-50
42
582
65556.0
64578.0
-346
0.0
64456.0
0.0
0.0
-993
-177
0.6197361973619736
0.6197361973619736
0.0
63887.0
753
0.6272762727627277
-600
683
426
0.6264587937638129
426
490
-75
63085.0
-75
-75
63085.0
-820
206
-611
-611
64607.0
0.0
63664.0
64569.0
694
64569.0
-472
0.0
64698.0
0.0
169
0.0
514
65703.0
285
285
0.0
0.0
0.0
-4
0.0
0.0
64844.0
-298
0.0
-47
65837.0
-277
-793
0.6451964519645197
0.6451964519645197
-793
-793
65448.0
0.6544865448654487
0.6544865448654487
-634
0.0
188
149
0.6525365253652536
149
695
487
770
0.0
0.0
764
62482.0
-547
40
61322.0
0.6132261322613226
40
0.6132261322613226
0.0
33
-295
-429
-280
33
0.6117661176611766
60294.0
60294.0
-496
540
0.6018960189601896
687
-190
0.0
0.0
0.0
0.0
64130.0
254
-566
987
64643.0
987
724
149
0.0
439
61223.0
439
60237.0
0.0
0.0
0.0
0.0
0.0
-92
59581.0
0.0
852
0.0
0.0
-773
-773
-773
-492
0.0
908
60414.0
60414.0
58786.0
58786.0
435
0.0
56721.0
-631
261
0.0
-587
-587
-35
-35
352
38
55412.0
38
0.5537455374553746
0.0
-165
-506
0.0
54177.0
54595.0
0.0
-464
299
-675
926
54144.0
517
54144.0
0.5384461533846016
-301
54144.0
54144.0
54144.0
189
-368
189
54719.0
990
990
990
0.5498554985549855
-841
53386.0
150
-841
0.0
53257.0
0.0
0.0
55569.0
55569.0
230
0.0
0.0
-571
51276.0
-227
0.5150351503515035
-571
108
51966.0
0.519675590267708
-826
0.519675590267708
51966.0
51305.0
-274
-596
471
50491.0
0.0
0.0
-899
0.0
51424.0
160
-601
0.48258482584825846
48258.0
48258.0
666
666
48924.0
48924.0
48924.0
0.0
52817.0
-857
0.5284852848528485
-714
0.0
-262
-145
55797.0
735
54687.0
54687.0
888
56592.0
858
0.0
907
479
479
0.0
56478.0
56478.0
0.0
0.0
0.0
57339.0
56461.0
-564
-750
993
0.5777615552311046
58423.0
0.0
0.0
23
58466.0
466
3
58102.0
0.0
-770
-770
-496
0.0
0.0
54148.0
53275.0
-980
-980
-980
-475
862
552
-278
-418
-418
50290.0
50290.0
-418
0.5070850708507085
0.5070850708507085
192
0.5169851698516985
51680.0
50185.0
-290
0.0
-713
50434.0
433
0
894
-39
53106.0
0.0
-75
-75
55875.0
243
-75
54952.0
0.0
-323
0.5431354313543135
0.5431354313543135
0.0
-531
0.0
0.0
0.0
53710.0
54507.0
-394
0.5490154901549016
54901.0
853
-645
0.5323653236532365
53236.0
0.5323653236532365
-812
53236.0
-812
-645
0.5404908098161963
-645
54693.0
0.5469464083922517
0.5459109182183643
799
54590.0
0.0
0.0
-966
0.0
56027.0
56027.0
56027.0
-262
729
0.0
0.0
752
61561.0
842
0.6071960719607196
60719.0
752
0.0
59743.0
0.0
61960.0
527
61901.0
-214
-446
-293
66472.0
-607
0.0
0.0
68608.0
-893
0.0
0.0
67992.0
326
68855.0
-240
-356
-716
0.0
624
-716
-660
64530.0
0.0
-905
-896
-896
-896
65435.0
0.0
-398
195
195
61843.0
-746
0.0
572
110
-729
0.0
0.0
0.0
-729
-729
59884.0
0.0
60044.0
0.0
277
60215.0
60215.0
0.6021560215602156
59355.0
59355.0
-860
0.0
59307.0
-250
59557.0
59953.0
59336.0
-83
59525.0
848
60639.0
-722
315
543
58350.0
0.0
-493
243
59720.0
60111.0
0.0
299
0.0
0.0
0.0
-504
-950
-684
57032.0
57603.0
54675.0
-573
-573
-858
-839
55293.0
644
55914.0
-273
57574.0
57932.0
434
-185
-185
-572
0.5817716354327086
0.5859858598585986
58598.0
542
-185
-185
467
467
58854.0
58854.0
423
0.5843158431584315
0.0
0.0
-602
59933.0
-602
-602
-507
-507
0.6189061890618907
60998.0
-892
907
61908.0
-107
0.0
490
62604.0
0.0
-611
63541.0
62773.0
-338
-338
-666
-666
0.6165661656616566
-354
-354
0.620112402248045
405
0.6105661056610566
61478.0
19
977
19
-92
678
0.0
60819.0
61886.0
63110.0
63110.0
63110.0
64786.0
64786.0
890
46
64426.0
0.6442664426644267
0.0
64313.0
64313.0
869
-263
-263
0.0
-263
0.0
0.0
820
142
-20
0.0
-261
653
616
-125
60355.0
0.0
0.0
-192
61704.0
-155
-569
-569
868
61914.0
0.0
61914.0
541
0.0
58565.0
278
0.0
-645
489
0.0
489
-868
-514
0.6178261782617827
712
712
64614.0
0.0
-683
62812.0
-669
-669
0.0
61365.0
-347
62314.0
0.0
0.0
-943
-681
63380.0
63380.0
0.0
0.0
0.0
343
62643.0
337
0.6264362643626437
64286.0
66795.0
282
68103.0
0.0
141
685
63677.0
63677.0
-449
-70
266
63099.0
0.0
63001.0
493
63001.0
71
47
47
744
0.0
700
-515
623
-668
0.5958259582595826
0.0
61778.0
-296
-296
-296
786
455
-463
240
0.0
-952
240
0.626952539050781
-235
0.629308879266378
63720.0
63520.0
-941
-941
64461.0
-723
64461.0
708
0.0
65169.0
65169.0
0.0
995
0.6593465934659346
66121.0
0.0
0.0
177
0.0
-402
67227.0
177
177
309
67359.0
309
67359.0
-233
66426.0
-786
-259
-259
0.0
-417
1
0.0
9
0.6499564995649957
-4
770
-297
-76
63105.0
150
0.0
150
-557
-994
-994
-994
0.5983019660393207
0.5983019660393207
194
975
322
0.0
737
-865
61002.0
0.6100261002610026
-35
59521.0
0.0
0.0
0.0
0.0
707
58682.0
57417.0
758
0.0
707
0.0
0.0
798
58841.0
58841.0
0.0
0.0
0.0
-360
-360
-459
-917
-701
62124.0
62124.0
62124.0
62314.0
-892
650
60770.0
-146
0.0
58677.0
490
-240
-434
59677.0
0.5967819356387127
0.5967819356387127
0.5967819356387127
0.5967819356387127
-434
60111.0
0.6011280338410152
60059.0
59193.0
-416
0.0
0.0
0.0
59547.0
361
361
-198
-789
799
0.0
-511
60856.0
59672.0
-177
-177
304
59611.0
90
0.5961159611596116
283
-833
60773.0
0.0
-643
-643
63422.0
943
0.0
-115
0.0
0.0
-202
-115
-751
0.0
273
60669.0
0.0
465
57252.0
258
0.0
848
244
-369
-389
-825
0.5825516510330206
428
0.5999359993599936
0.5999359993599936
0.0
-792
-613
-991
-955
-126
-493
-493
-316
-955
0.0
0.0
409
-111
-426
-426
59804.0
-847
58438.0
151
-314
0.0
982
57992.0
298
58973.0
59102.0
-245
61553.0
203
0.6123461234612346
139
61373.0
139
430
0.6095460954609546
0.6095460954609546
796
0.0
0.0
714
0.0
0.0
736
59499.0
59499.0
0.5949959499594996
59499.0
59499.0
59499.0
59499.0
26
58826.0
58826.0
541
703
703
58972.0
57690.0
-600
0.5810058100581006
-823
-851
59774.0
60434.0
906
64000.0
363
64000.0
0.0
308
0.0
-298
23
-298
61465.0
942
-181
-181
-181
61215.0
0.0
0.0
352
0.0
61248.0
61248.0
0.0
0.0
-703
-244
0.624732494649893
567
63361.0
63361.0
234
889
995
60969.0
968
297
57199.0
-945
58144.0
-471
377
377
377
0.5621856218562186
377
0.5557155571555715
-270
-270
52
55722.0
-119
-590
54684.0
54684.0
302
-592
-213
0.5430754307543075
-109
790
338
53471.0
-715
0.5418654186541866
0.0
54216.0
30
-15
54909.0
-657
936
-657
55887.0
-869
56140.0
56140.0
660
660
759
116
-618
0.0
599
465
0.0
-631
51615.0
-631
465
52246.0
52246.0
52246.0
465
51003.0
51003.0
0.0
51740.0
-283
51228.0
652
0.0
53836.0
53836.0
54508.0
-614
53904.0
317
0.5244052440524405
-869
-981
-93
0.0
0.0
982
-697
-350
-350
53286.0
-99
53195.0
53951.0
53951.0
54464.0
0.0
647
505
-787
53783.0
0.5337253372533726
53372.0
-600
-411
0.0
110
-411
0.0
53386.0
540
337
-970
395
0.5119102382047641
-200
50990.0
0.0
-181
50
270
0.4931749317493175
84
-218
-218
705
0.0
888
0.0
0.0
0.0
0.0
957
0.0
49744.0
49744.0
-436
0.4779647796477965
0.4779647796477965
47796.0
659
46699.0
45264.0
-896
44203.0
968
0.0
45327.0
-488
46427.0
-706
46117.0
-343
0.46117461174611746
-713
-343
45209.0
0.0
263
44877.0
248
43450.0
43586.0
0.0
43463.0
0.0
154
-610
-610
-610
43309.0
-610
579
89
0.0
0.0
0.0
0.0
838
838
838
-835
-401
-737
27
0.0
0.0
225
0.44255442554425545
0.0
-864
245
-778
41865.0
199
199
0.0
0.0
326
-129
43309.0
-129
42632.0
42632.0
-806
828
42610.0
784
784
0.43167863357267144
835
43167.0
870
44740.0
45496.0
-658
-277
166
514
0.0
640
0.0
-532
-280
46798.0
992
0.45806458064580646
-280
97
-774
-774
46540.0
0.0
47347.0
47303.0
-522
0.47289472894728946
122
0.0
47871.0
-225
-225
47780.0
48333.0
48333.0
-64
49354.0
0
0.0
899
899
0.0
0.0
49768.0
620
49148.0
972
48176.0
49027.0
49027.0
49501.0
474
310
49906.0
0.0
50621.0
961
915
0.0
49915.0
49915.0
566
49053.0
746
0.0
523
0.0
50362.0
0.0
50726.0
-215
52264.0
0.0
-838
52281.0
-838
831
0.5228904578091562
52288.0
51333.0
-424
-424
0.0
-506
53775.0
931
787
0.5516255162551625
-568
54781.0
439
54781.0
564
332
57295.0
0.0
0.0
0.0
-948
0.5795457954579546
752
-184
704
56799.0
0.0
0.0
943
0.0
57193.0
57193.0
0.0
-574
406
57154.0
56210.0
56210.0
-454
56210.0
732
0.0
-318
-857
-857
55268.0
-299
-265
-299
755
-222
55763.0
-576
0.0
0.0
326
56925.0
55757.0
-972
55373.0
0.0
0.0
55541.0
0.0
806
140
56324.0
0.0
0.0
-239
-239
-954
56679.0
0.0
-220
-585
0.0
419
0.5718357183571836
697
0.0
57487.0
527
69
0.0
0.0
-644
684
-909
59188.0
358
543
-909
60143.0
929
-657
-533
58795.0
0.0
-465
-465
60173.0
-519
-519
58711.0
-684
58278.0
56826.0
-388
0.0
0.0
0.0
143
0.0
170
710
323
0.0
-920
58997.0
-920
862
-743
9
0.5693656936569366
56196.0
56196.0
57201.0
-404
42
0.5497654976549765
38
67
0.0
728
56266.0
-641
514
514
-826
55242.0
55242.0
-174
847
55174.0
55174.0
0.5517455174551745
0.5517455174551745
422
422
221
0.0
54246.0
0.0
-27
0.0
383
57992.0
0.0
893
57992.0
197
429
57590.0
58667.0
853
0.5781457814578146
0.0
-39
59471.0
59181.0
755
0.0
0.0
-459
-459
-459
60265.0
-264
537
0.5999319986399728
59992.0
-759
-759
0.5923359233592336
-759
0.5999319986399728
-183
52
58960.0
60250.0
60250.0
423
59223.0
-439
58316.0
505
58937.0
58937.0
58208.0
0.0
257
257
-137
0.5842558425584256
-281
-758
57440.0
-619
56710.0
516
516
147
0.0
-703
235
-296
-260
-554
0.0
58217.0
58217.0
74
74
0.0
565
0.0
2
-145
146
59388.0
-53
760
58681.0
146
-858
486
233
233
233
57757.0
0.0
-743
57984.0
0.0
0.0
338
338
863
-201
-201
0.0
492
758
803
758
57148.0
0.0
56851.0
0.0
755
-951
55916.0
442
0.0
55508.0
-95
53912.0
-917
-95
55255.0
55255.0
0.0
426
0.0
-12
0.5505055050550506
0.5505055050550506
55050.0
0.0
-912
0.5563155631556316
595
595
51793.0
-733
-886
0.5119951199511995
0.5119951199511995
50706.0
50706.0
-493
0.0
0.0
-615
0.5054750547505475
-493
-886
51040.0
50134.0
50134.0
-906
-906
-906
50134.0
50346.0
-387
49849.0
0.0
0.0
268
51073.0
0.0
0.0
819
52899.0
550
0.5199051990519905
0.5199051990519905
540
51179.0
-300
-629
932
51578.0
456
568
51107.0
0.0
219
493
52408.0
-150
0.0
0.0
53014.0
-42
628
53854.0
717
55179.0
-19
55744.0
55744.0
-19
-19
974
974
-444
469
57652.0
0.0
-546
200
969
0.5703071092132764
442
0.5709371281138435
505
505
0.5673070192105764
56729.0
677
142
0.0
0.0
0.0
839
-37
991
-682
614
57898.0
-548
0.5735057350573506
-548
0.0
38
0.0
0.0
-966
54069.0
-644
53572.0
53572.0
52817.0
297
420
478
478
0.5122651226512265
0.0
-726
49349.0
49349.0
49921.0
-916
-75
-916
681
53252.0
681
272
272
-564
0.0
49486.0
0.0
0.0
49486.0
0.0
342
932
27
-208
941
895
895
51122.0
-577
907
51680.0
52484.0
-105
-106
52581.0
804
0.5246152461524616
51918.0
52689.0
52689.0
52822.0
-194
-152
-296
53442.0
631
631
0.0
631
361
0.0
514
810
-477
0.5556855568555685
810
810
514
732
-335
326
53178.0
314
281
-801
221
221
221
-370
0.5193751937519375
0.0
810
810
-594
0.0
-594
50819.0
669
669
51231.0
570
51231.0
0.0
0.0
0.0
0.0
0.0
-95
50159.0
49222.0
242
0.4876348763487635
-471
0.49234984699693995
0.4872348723487235
0.4872348723487235
0.0
48206.0
-875
-36
-875
514
503
-646
49318.0
0.0
48145.0
-676
-595
920
50001.0
-36
638
920
920
823
823
51292.0
823
52726.0
-377
-335
543
543
54335.0
897
0.5433554335543356
0.5433554335543356
55425.0
0.0
-831
60318.0
0.0
59688.0
0.0
698
59792.0
59816.0
59816.0
-340
60148.0
0.0
0.0
0.0
59418.0
0.0
679
58268.0
58268.0
-788
57286.0
408
-966
-966
-966
-478
0.0
0.0
554
55259.0
55190.0
-826
-186
0.5480154801548015
-186
54987.0
0.5493354933549336
-310
56241.0
-310
56090.0
-547
-547
56760.0
0.0
56760.0
123
952
0.0
90
-80
58317.0
0.0
0.0
447
0.5729857298572986
0.0
56433.0
-519
-519
-519
-637
55151.0
-136
55151.0
446
-780
55938.0
0.5593855938559386
799
-538
0.5514010280205605
0.5514010280205605
0.0
55578.0
55578.0
-464
54972.0
510
0.5510655106551066
55106.0
55349.0
-507
54144.0
54144.0
54144.0
53924.0
53924.0
0.0
0.0
301
301
905
-749
-467
-872
-872
54124.0
-872
0.0
52486.0
52486.0
52572.0
0.0
0.0
-463
-796
52855.0
0.0
-22
38
38
593
51057.0
51057.0
0.0
-396
-780
50621.0
50621.0
0.0
0.0
97
49200.0
0.0
0.0
47610.0
961
900
0.0
70
-386
50175.0
50175.0
49474.0
0.0
50761.0
0.0
0.0
0.0
661
0.48125481254812547
110
-473
-473
440
-473
-473
175
0.47613476134761346
155
0.0
22
0.0
22
-936
48288.0
-749
0.0
47111.0
47111.0
0.0
-194
735
-280
0.0
46553.0
-134
-966
724
-236
-751
762
0.0
762
0.0
0.0
716
0.0
49045.0
0.0
0.0
-754
0.0
602
0.0
0.0
0.0
50172.0
50172.0
-291
0.0
-597
0.0
301
46230.0
46230.0
46924.0
0.0
-663
0.46069460694606945
6
6
0.46069460694606945
-350
-532
0.0
42413.0
0.0
42413.0
0.0
42011.0
42011.0
0.0
0.0
0.0
0.0
42994.0
42994.0
44350.0
45055.0
630
171
-583
-583
0.0
0.0
0.0
0.0
0.0
-433
42313.0
419
545
-339
0.0
-625
-536
-659
305
-869
-659
-483
-483
0.0
0.0
0.0
811
-318
411
0.0
47463.0
637
0.0
49149.0
-134
0.4928349283492835
0.4928349283492835
0.4928349283492835
-972
0.0
0.0
47596.0
-939
0.0
-857
-857
-593
-689
44782.0
0.0
46930.0
46930.0
929
-982
940
962
45065.0
0.45065450654506545
-982
-982
362
-982
46047.0
46047.0
46047.0
184
184
-548
-548
719
-909
47268.0
47268.0
387
-260
0.4726847268472685
47350.0
0.0
0.0
0.0
49735.0
395
50654.0
995
995
-857
0.0
-981
51761.0
0.0
0.0
54443.0
0.0
-894
-203
-894
911
53585.0
911
-604
52786.0
-200
54398.0
390
390
54008.0
-497
52991.0
52119.0
52119.0
52980.0
653
653
-725
0.0
-427
51566.0
588
588
588
-950
0.0
-363
0.0
-597
49527.0
-597
0.0
885
0.0
-853
-853
164
164
46969.0
0.0
0.0
0.0
-722
385
-577
-331
-341
0.47173886955478217
-558
47210.0
0.4716494329886598
109
352
20
0.0
609
47338.0
547
20
20
0.4733847338473385
0.0
0.0
-973
-973
46420.0
951
31
31
-973
0.4536245362453625
44074.0
44074.0
-835
-431
834
0.43576435764357646
44259.0
683
-755
45266.0
44274.0
-902
0.0
42643.0
42260.0
0.0
-891
-634
-634
-964
40595.0
0.0
-168
40267.0
40267.0
-496
-964
42712.0
-782
-948
284
-617
38703.0
-673
0.3937678753575071
-296
206
-859
39500.0
0.0
0.0
-844
-844
366
0.0
-694
170
0.0
38720.0
0.0
-118
262
0.0
-279
-279
37580.0
39571.0
0.0
-608
0.0
0.0
-608
0.0
40432.0
0.0
-608
131
477
-562
-63
-939
41898.0
0.0
-333
0.4120141201412014
-194
0.0
0.0
830
-788
37
-487
42956.0
799
108
0.0
39834.0
0.0
-362
38564.0
0.0
52
-839
38495.0
-713
0.39470394703947037
424
0.0
0.0
0.0
39806.0
39806.0
-184
-398
39020.0
0.0
0.0
967
40947.0
41012.0
282
0.0
39952.0
0.0
865
865
519
-922
0.3838738387383874
39081.0
399
0.0
113
0.3931539315393154
96
96
38111.0
38111.0
37949.0
37949.0
-874
36027.0
0.0
0.0
34337.0
999
35640.0
617
36422.0
37211.0
327
38501.0
14
0.0
701
701
626
198
322
523
0.38360767215344305
542
-644
-517
146
790
37843.0
37843.0
38164.0
0.0
0.0
273
38201.0
38201.0
0.0
-810
-794
-795
-795
35302.0
0.3530270605412108
0.35063350633506335
0.0
34485.0
548
0.0
-542
548
548
548
126
-587
33893.0
33893.0
-509
-964
34474.0
34474.0
581
33893.0
851
-641
-641
698
35923.0
0.0
0.0
0.0
751
0.0
0.0
37181.0
-777
0.0
-377
-889
-889
-889
-107
-977
-109
35548.0
33568.0
33568.0
-666
-138
-610
-643
31462.0
31764.0
-795
-795
-865
-423
26044.0
90
90
0.0
90
0.0
26009.0
25375.0
361
-289
24725.0
0.0
-289
23661.0
-494
0.24155241552415524
0.24155241552415524
-313
24468.0
0.24468489369787397
-677
22899.0
96
22803.0
0.0
266
0.0
266
-436
22651.0
-43
22632.0
-43
-670
-670
0.0
238
-62
-62
-449
24832.0
-7
24823.0
-717
-549
0.0
19879.0
-510
0.0
-487
0.0
613
-875
586
887
230
0.0
0.0
0.0
24319.0
829
264
264
962
227
23017.0
-712
0.23381233812338123
22517.0
304
-33
0.22267222672226722
942
-703
-942
-292
0.25242252422524225
24432.0
85
0.0
25379.0
25260.0
211
25390.0
-326
-563
26601.0
316
26348.0
1
26472.0
-912
0.0
-658
-658
0.0
24933.0
-658
-83
24262.0
0.0
-484
0.0
21702.0
0.0
0.0
-231
-190
0.0
20214.0
-952
20861.0
0.0
-305
21166.0
856
202
0.2116621166211662
0.2116621166211662
202
-24
658
20988.0
22576.0
295
842
842
23260.0
0.0
0.0
169
0.0
-505
24539.0
24539.0
-505
25460.0
25460.0
0.0
416
0.0
416
-725
-725
-725
24262.0
-103
28651.0
0.0
-474
30188.0
287
0.3018830188301883
0.3018830188301883
29494.0
0.0
853
0.0
0.0
86
167
242
28658.0
242
242
167
518
167
-976
29225.0
0.2922587677630329
27477.0
-329
-154
-154
-154
-816
-154
0.0
589
27896.0
-690
0.0
0.0
-339
27514.0
29488.0
960
29488.0
0.0
104
0.0
29879.0
0.0
29879.0
30969.0
29923.0
980
30164.0
0.3016430164301643
30278.0
-419
-55
-419
114
114
30350.0
925
38
0.0
505
27025.0
327
0.26698266982669827
27748.0
731
407
-390
306
-794
0.0
-846
0.0
460
-176
629
288
421
0.0
28097.0
-892
0.0
27858.0
-827
0.0
0.0
26771.0
-92
-92
0.26863268632686327
26863.0
26863.0
26863.0
327
25923.0
-58
-590
-93
26506.0
499
499
24588.0
735
0.0
-944
26184.0
26699.0
28027.0
227
878
27123.0
-117
0.27123271232712326
0.0
441
618
0.0
25496.0
38
0.0
27467.0
65
567
567
29589.0
29589.0
-371
29608.0
0.0
0.0
30292.0
156
0.0
993
0.0
-260
-476
993
31852.0
993
832
32684.0
0.32684326843268435
832
993
88
911
911
0.3094330943309433
998
31127.0
43
-494
-494
592
31573.0
-575
30678.0
30678.0
-109
-207
-207
0.0
31583.0
-319
31965.0
31965.0
912
0.0
0.0
55
-108
0.0
34540.0
814
-108
55
55
0.33780013400402015
0.34272685453709073
493
0.34272685453709073
0.34272685453709073
0.33862338623386234
-410
-410
33933.0
33933.0
33933.0
858
-34
858
0.0
-753
-615
32654.0
32792.0
34091.0
-929
0.0
-929
0.0
32483.0
-929
-314
0.3372667453349067
0.3372667453349067
0.3372667453349067
0.3372667453349067
792
0.0
33330.0
0.0
-411
0.34093340933409333
234
234
0.34093340933409333
340
-372
0.35391353913539136
35180.0
33704.0
810
-419
33262.0
0.0
215
-613
-613
32332.0
0.0
32100.0
-620
29476.0
29476.0
0.0
30473.0
282
794
0.0
-570
438
-564
-668
989
-668
0.30672306723067233
0.30672306723067233
-230
30672.0
30672.0
0.0
0.0
31150.0
470
0.0
0.0
0.0
-595
-595
470
0.0
0.0
30072.0
343
30003.0
-843
0.0
31250.0
757
30769.0
-848
31617.0
-251
773
0.0
32193.0
773
32193.0
31379.0
0.0
29500.0
0.0
385
385
0.2846328463284633
-742
596
0.0
-553
0.0
26518.0
-323
25083.0
-478
24189.0
0.0
466
-897
0.0
0.0
162
0.27294272942729425
26263.0
137
586
26107.0
0.0
182
24818.0
0.0
-82
21863.0
-82
-82
-374
-572
662
0.22851228512285124
662
-397
56
0.0
20975.0
0.0
0.0
831
0.0
24544.0
917
24040.0
0.0
23141.0
0.0
-75
-75
-41
-75
-75
0.23338233382333823
0.23338233382333823
23338.0
0.0
0.0
-367
0.0
0.0
-324
-25
-276
0.0
24818.0
0.0
699
0.0
776
845
-625
0.0
-158
-451
-346
-346
228
25987.0
0.0
0.0
28752.0
0.0
-72
28781.0
28781.0
0.0
419
-700
0.28184281842818426
0.0
28712.0
-233
0.0
0.0
0.0
27431.0
-962
0.0
0.0
413
923
-160
28586.0
-813
30027.0
28508.0
0.0
191
0.0
30063.0
0.0
144
0.0
-69
-150
-69
0.30696613932278644
945
144
0.29751892556776705
31840.0
992
-883
30369.0
0.0
0.0
0.0
29280.0
-911
215
27500.0
27994.0
0.0
-818
-818
0.2818628186281863
258
-808
0.27928558571171425
27153.0
27153.0
0.2715327153271533
0.2715327153271533
838
838
797
29170.0
797
28080.0
316
-347
27021.0
28785.0
28785.0
0.0
-671
598
31130.0
31801.0
31361.0
-22
-22
32555.0
0.0
32555.0
90
32740.0
-397
32740.0
-542
697
269
0.0
269
-12
122
36729.0
718
73
0.0
0.0
0.0
35974.0
611
0.3536335363353634
0.3536335363353634
0.0
-771
-553
34443.0
34443.0
34443.0
-631
-10
-950
-991
-274
-274
0.34429377175087006
-971
-728
0.33437003110093305
0.33512335123351233
0.0
25
460
33972.0
0.0
460
34870.0
0.0
33293.0
0.0
-815
34955.0
-806
35761.0
-980
0.0
0.0
-281
36778.0
711
-920
412
35176.0
0.0
189
35318.0
663
584
0.0
36493.0
35389.0
35389.0
0.0
-478
0.0
34336.0
0.0
0.0
34336.0
0.0
-480
692
692
0.35272352723527234
34991.0
34274.0
34274.0
-72
0.34346343463434637
34346.0
195
-249
36733.0
0.0
-883
246
37177.0
0.0
38275.0
171
143
143
229
229
229
0.0
39407.0
39407.0
-281
0.0
39260.0
919
40377.0
40377.0
407
0.0
407
467
-60
0.0
-667
-340
-340
-340
37087.0
37087.0
0.0
-319
-319
0.0
0.0
-372
37613.0
-224
-224
-224
37502.0
-360
-918
36752.0
-684
36752.0
-202
509
38789.0
0.0
0.0
0.0
509
619
37661.0
37661.0
220
818
0.3825976519530391
818
-684
0.0
0.0
38579.0
-88
38579.0
-88
38195.0
38195.0
0.0
0.0
421
37517.0
-488
38660.0
373
-356
-71
0.38199381993819936
0.0
-279
252
-91
-91
37837.0
-91
-470
-317
37520.0
-220
0.0
0.0
0.0
0.0
633
39259.0
633
890
260
-32
744
-797
454
-797
-963
-944
-821
36846.0
0.0
846
-821
-206
33915.0
542
33373.0
-178
0.0
-178
-178
0.0
-214
-214
0.3251732517325173
-605
32617.0
-196
-878
-878
-32
33927.0
-99
-619
0.0
30545.0
-680
0.0
685
31882.0
0.0
-560
98
30210.0
345
98
0.0
-39
347
31535.0
0.3153531535315353
31535.0
0.0
33998.0
33986.0
33986.0
-340
-948
-853
-853
33092.0
33092.0
556
-56
32055.0
29117.0
28601.0
0.0
0.0
843
29994.0
29994.0
-979
29036.0
-341
0.0
0.0
0.0
607
607
31411.0
607
0.0
-12
0.0
26764.0
27901.0
420
27901.0
0.0
420
420
382
27742.0
0.0
131
27706.0
0.0
0.0
845
887
-351
-616
0.30161904857145716
30161.0
0.2931058621172423
29310.0
0.3021230212302123
0.3021230212302123
248
-420
30576.0
34268.0
546
0.0
986
877
56
0.35400354003540035
-919
0.35400354003540035
-596
1
0.0
36103.0
-926
763
0.0
-902
270
34439.0
0.34439688793775874
34439.0
-975
0.3541506245187356
-669
373
0.3492869857397148
0.3492869857397148
34068.0
0.34068340683406834
960
0.0
445
0.3435034350343503
960
281
-656
996
-701
-656
-656
-604
-604
-870
33618.0
33618.0
724
-930
0.31800318003180034
0.31800318003180034
0.31800318003180034
0.31800318003180034
31523.0
0.0
31523.0
31523.0
0.0
31681.0
0.0
-355
0.0
429
655
181
28264.0
0.0
0.0
-597
181
29227.0
181
0.0
980
0.0
359
0.0
359
0.0
359
0.0
0.0
32206.0
32206.0
0.0
30382.0
0.0
-421
0.0
-538
27992.0
-749
0.0
-591
0.28689286892868926
28689.0
27935.0
-147
-73
181
-330
-330
769
769
27516.0
27927.0
28830.0
29914.0
0.0
-514
325
0.0
-26
0.0
-26
57
0.27689276892768927
0.27689276892768927
-58
0.27747554951099024
-887
-509
781
29679.0
29679.0
0.0
636
-52
966
31076.0
966
30110.0
-898
0.0
29661.0
0.0
0.0
0.0
-254
0.0
-680
29225.0
0.0
-717
29225.0
-717
-717
714
-202
30009.0
30009.0
-556
30565.0
0.3056530565305653
0.3056530565305653
0.3056530565305653
0.3056530565305653
30565.0
0.3056530565305653
0.3056530565305653
933
-202
-202
0.0
29822.0
30042.0
-317
0.0
-548
-335
71
0.0
0.0
-582
634
-582
29849.0
0.0
723
-316
28055.0
757
-316
-867
25238.0
0.0
-351
-351
0.0
-351
166
23440.0
23440.0
166
23988.0
714
714
962
85
466
23042.0
0.0
774
20699.0
0.0
255
255
20508.0
282
73
0.0
-205
-846
-846
819
0.22622226222262223
0.0
-353
938
-487
0.0
406
100
100
25092.0
969
24123.0
-125
0.0
348
23723.0
23723.0
23723.0
21948.0
21948.0
21948.0
-541
-541
0.2248922489224892
-692
0.0
24277.0
26364.0
339
60
0.0
28373.0
28373.0
-534
304
-534
-534
0.28554571091421826
60
28554.0
60
0.0
27688.0
-856
27602.0
0.0
509
0.0
509
27555.0
-380
25685.0
699
0.0
26234.0
27163.0
0.0
28898.0
28898.0
28898.0
-62
29713.0
24106.0
-903
23222.0
217
217
217
0.0
-488
25303.0
-869
839
0.24818248182481825
24818.0
625
-503
0.0
23955.0
0.0
25599.0
691
691
25599.0
0.0
-257
26198.0
945
0.26198261982619825
26198.0
0.0
27002.0
27002.0
-150
0.27152271522715227
0.27152271522715227
0.0
-930
-621
0.2746827468274683
267
0.0
0.0
-235
26407.0
0.0
120
120
-848
28504.0
0.0
832
123
928
0.2858228582285823
0.0
28844.0
-946
-946
0.0
0.0
0.0
-228
0.0
0.0
0.0
0.0
0.0
-228
0.2997029970299703
-514
-514
-500
31301.0
778
778
-968
0.0
-968
778
32153.0
0.3215364307286146
-500
31551.0
0.0
539
90
90
90
0.0
32134.0
-282
90
314
0.3232664653293066
0.3232664653293066
0.0
135
0.0
-616
0.0
-616
-616
0.0
829
829
77
29866.0
621
621
0.0
510
510
510
510
32554.0
921
963
61
703
0.0
0.0
-268
30870.0
386
0.0
-208
-208
29853.0
29853.0
28541.0
138
0.0
140
29613.0
0.0
25925.0
-198
27643.0
0.0
673
673
0.0
0.0
-760
26488.0
-288
686
686
27823.0
843
926
-996
26411.0
-703
0.0
25659.0
-156
0.0
25959.0
26386.0
533
-732
263
425
425
0.22886228862288624
0.0
0.0
-680
-405
22087.0
0.0
-490
0.0
-490
25698.0
-509
0.0
0.0
-233
-318
0.25932259322593226
25932.0
-318
0.25932259322593226
813
0.2644526445264453
-397
0.0
820
820
820
0.0
9
-291
-291
0.2634026340263403
26340.0
542
740
-24
0.0
26426.0
27857.0
26372.0
0.0
26372.0
0.0
312
-263
-571
0.26299262992629924
26075.0
0.0
355
26238.0
181
26057.0
-138
-654
-261
26209.0
309
-894
-470
309
0.25405508110162206
25405.0
790
0.0
26687.0
0.0
0.0
942
0.22413224132241322
121
121
0.0
0.0
144
152
0.0
0.0
-414
0.0
752
22187.0
566
20967.0
20967.0
-595
20647.0
0.0
432
20891.0
0.0
622
0.0
-678
25388.0
842
842
955
48
25071.0
25071.0
40
0.24530245302453024
24530.0
25030.0
25270.0
-51
0.0
-449
0.25719257192571926
121
423
25175.0
151
24517.0
0.24966249662496626
0.24966249662496626
-79
23818.0
23818.0
24326.0
24326.0
23665.0
-885
21537.0
-592
-592
0.0
641
19254.0
-826
497
497
-159
-225
19117.0
0.0
19117.0
19374.0
-497
0.0
22174.0
22101.0
22101.0
-40
0.0
870
0.0
779
0.0
-614
23370.0
306
23370.0
306
956
718
718
249
24269.0
-123
23425.0
23537.0
23537.0
429
23108.0
175
778
0.0
0.0
0.0
-29
0.23623236232362324
23623.0
-700
644
23290.0
0.0
-798
23182.0
23182.0
390
0.23315233152331524
427
-798
0.2381647632952659
0.0
0.0
-943
759
759
24118.0
602
-776
-298
-298
460
0.0
23561.0
0.0
0.0
22370.0
22370.0
850
152
23246.0
0.23246232462324623
0.23246232462324623
292
-67
-67
-995
23271.0
593
-169
0.2267822678226782
-778
-778
0.0
-778
0.0
-464
0.0
9
0.0
18982.0
16916.0
0.0
15714.0
-84
15798.0
-532
15798.0
-532
-808
930
0.0
17128.0
0.0
16793.0
-534
14513.0
145
0.0
321
321
0.12884128841288414
338
-89
0.0
12665.0
0.0
0.0
13333.0
13310.0
13310.0
13310.0
750
-218
0.0
0.0
11501.0
0.0
475
111
0.0
-698
0.0
0.0
-905
111
0.0
0.0
-375
11107.0
0.0
684
684
11554.0
0.0
344
12462.0
676
11376.0
0.0
492
11001.0
0.0
0.0
492
0.0
-101
443
443
0.0
154
154
429
0.0
0.0
9262.0
429
429
688
0.0
0.0
0.0
973
-508
71
7092.0
485
7475.0
383
0.07092070920709206
0.07092070920709206
-707
7092.0
0.0
9523.0
9523.0
10089.0
10089.0
0.0
-449
9562.0
9853.0
10887.0
910
807
807
807
10975.0
0.10975109751097512
376
0.0
363
10248.0
40
-705
-705
-705
-302
-302
-302
11474.0
10416.0
-387
-221
9893.0
9949.0
0.0
-614
0.0
-614
0.0
10738.0
-500
10738.0
-500
-42
9993.0
830
-118
4754.0
600
0.04030040300403004
0.0
799
0.0
838.0
-1937.0
-733
806
0.0
0.0
-305.0
995
767
0.0
0.0
-131
0.0
-846
533
376
376
708
1897.0
354
0.0
0.0
1215.0
-237.0
-534
0.002970029700297003
297.0
-167
-167
-714
368
492.0
-784
0.0
126
-43
0.0
797
0.0
0.0
-4352.0
0.0
0.0
-3580.0
0.0
252
0.0
0.0
-306
713
-3106.0
713
0.0
-2847.0
449
-902.0
-1699.0
-917
-3464.0
-2398.0
421
-4765.0
0.0
0.0
0.0
777
-3437.0
0.0
212.0
640
-228
-228
-1483.0
-605
-634
-967
-0.008110081100811009
-35
0.0015000150001500015
684
176
0.0
0.0
-1291.0
0.0
0.0
181
-0.01038010380103801
-0.01038010380103801
-1723.0
-492
-1723.0
0.0
866
-1086.0
-666
-666
881
-670
999
0.0
-105
-203
-203
-5491.0
0.0
-8798.0
-678
971
0.0
-352
-352
-6938.0
73
73
0.0
-64
-64
-954
769
-9233.0
-264
-264
-8721.0
22
-7784.0
0.0
-543
-960
-5771.0
-5771.0
-5179.0
0.0
0.0
-684
-10019.0
-6
103
-0.10884108841088411
39
0.0
-9906.0
275
571
571
-10241.0
0.0
-960
0.0
-10548.0
-641
0.0
-9738.0
-9738.0
-475
-10210.0
857
857
-10170.0
28
-436
-436
-0.10198203964079282
-10569.0
971
0.0
-13463.0
-570
-12822.0
-12070.0
-715
-983
716
0.0
-8326.0
529
0.0
121
-562
-10002.0
0.0
0.0
-10955.0
135
0.0
-656
-649
-649
-9353.0
0.0
970
970
0.0
-452
-9545.0
-10685.0
130
-10529.0
-0.1052910529105291
-10869.0
-410
-10869.0
-410
-587
0.0
-817
-781
-781
11
-10770.0
150
0.0
-775
0.0
-11668.0
-370
-952
-15758.0
98
-16205.0
1
297
-0.15821158211582115
113
-0.16276162761627616
419
-16001.0
0.0
0.0
655
-17195.0
-0.17195171951719518
-547
0.0
371
792
0.0
964
0.0
51
51
0.0
51
873
803
-702
-75
0.0
189
-21031.0
608
0.0
-664
-0.2147421474214742
-22669.0
964
964
714
-154
629
-22612.0
-23477.0
-865
-23852.0
-0.23629236292362923
-797
-797
0.0
-25313.0
464
75
-23701.0
-361
726
-23308.0
-870
-466
501
-3
-22520.0
-250
-579
-175
-20924.0
-264
-264
-21275.0
0.0
0.0
0.0
0.0
0.0
-22768.0
0.0
0.0
-409
-22854.0
-409
-22445.0
-22445.0
0.0
0.0
0.0
-23957.0
-25505.0
-24821.0
938
-151
-0.26411264112641125
28
-471
0.0
0.0
-514
-514
0.0
0.0
-27984.0
70
165
0.0
-29304.0
-420
-527
-527
-527
-30002.0
0.0
61
0.0
-468
-31982.0
728
-31259.0
-31259.0
-476
877
-352
-0.3205932059320593
253
-32059.0
0.0
-31749.0
0.0
-31749.0
-31749.0
502
-31749.0
-30205.0
842
-0.31047310473104733
-31047.0
-31540.0
0.0
-31627.0
0.0
-32849.0
-32324.0
-370
-370
-91
-91
0.0
188
-32995.0
0.0
-262
-262
-11
-34291.0
-0.34291685833716673
740
0.0
0.0
-837
740
740
-33694.0
-33694.0
-938
-32983.0
-32983.0
173
-0.3298332983329833
173
173
688
-35738.0
-35738.0
0.0
-35549.0
0.0
-138
0.0
0.0
-785
-34368.0
0.0
-33431.0
-33431.0
-30994.0
0.0
0.0
691
-916
-916
0.0
903
0.0
903
-91
-362
0.0
0.0
-30562.0
-30467.0
0.0
-30914.0
-30914.0
423
-31569.0
68
-30977.0
592
68
-483
-31078.0
621
621
-32573.0
211
210
-347
-347
120
-0.33221332213322136
-33221.0
-33221.0
-408
-408
-0.33221332213322136
-33221.0
-51
0.0
0.0
0.0
-31450.0
787
-0.3236732367323673
774
-0.3236732367323673
-32459.0
-32485.0
-596
629
-686
-0.33111662233244665
-741
-741
0.0
-29957.0
0.0
0.0
0.0
-48
-29306.0
219
219
219
-29957.0
-29243.0
-29243.0
-859
-859
-859
770
9
-771
174
-0.3179631796317963
-31796.0
-33651.0
0.0
-33785.0
-928
-928
-32857.0
-33191.0
0.0
-907
-63
-0.3278632786327863
-0.3278632786327863
0.0
-33011.0
-32705.0
690
248
248
690
0.0
128
676
676
676
373
373
184
369
-29150.0
-29150.0
-29150.0
-805
-823
-32944.0
0.0
-767
-32177.0
-823
813
346
-0.3024030240302403
-30779.0
0.0
0.0
0.0
-345
-345
0.0
-29175.0
-43
-179
568
0.0
410
125
410
684
973
0.0
767
0.0
0.0
-25257.0
-25257.0
790
533
0.0
-27784.0
99
375
391
-147
0.0
598
-25745.0
605
-294
-147
-0.259097772933188
-0.249494989899798
-0.249494989899798
960
-877
-883
-883
-8
-8
391
-25901.0
-235
-0.2590203608144326
-25901.0
-0.2590203608144326
391
391
391
391
-0.26293314665733286
112
112
-27113.0
216
-0.26218262182621827
-158
0.0
-24835.0
0.0
-122
677
348
-0.25174251742517423
-0.25174251742517423
-0.25174251742517423
-25174.0
-0.25174251742517423
165
-25174.0
759
0.0
-389
-28181.0
-714
-450
-7
-29515.0
-29515.0
912
927
898
-0.3043030430304303
-674
-0.29756595131902636
-7
-29756.0
430
996
-29027.0
-29027.0
0.0
-645
-0.29455294552945527
-27791.0
0.0
-997
541
-29034.0
931
-0.2903458069161383
931
-29034.0
67
-29034.0
-0.2803728037280373
-675
-675
455
690
557
557
557
-26839.0
0.0
928
-0.2830728307283073
-23022.0
678
678
-23022.0
0.0
0.0
-21087.0
0.0
-316
-22052.0
0.0
-178
304
0.0
-22230.0
0.0
-22230.0
-216
-653
-984
-0.2120342406848137
-21203.0
-382
-0.2158521585215852
0.0
-976
-21461.0
-20861.0
-20861.0
489
-20705.0
-20696.0
-20696.0
-20538.0
0.0
-20406.0
-196
-0.20210202102021022
591
591
865
-19345.0
698
-0.1917219172191722
-17499.0
-755
-17847.0
0.0
0.0
-825
-825
624
0.0
624
-19647.0
0.0
-784
0.0
802
-635
-18393.0
-450
0.0
-18843.0
-18843.0
-450
0.0
-450
0.0
0.0
-18106.0
-772
-18669.0
545
218
-507
0.0
-19596.0
-753
-753
156
-19699.0
0.0
-777
-751
0.0
-23004.0
-21803.0
0.0
-22577.0
-115
0.0
0.0
0.0
0.0
-22177.0
-22177.0
-22177.0
0.0
501
817
-22464.0
-983
-983
-22682.0
-22782.0
417
274
-23199.0
-973
-23199.0
-0.23199231992319924
-23362.0
0.0
-801
-801
484
-921
465
518
518
-26966.0
-0.2696626966269663
-919
-105
-28935.0
-29797.0
-30019.0
-30019.0
-277
-30785.0
-277
523
523
-0.3103162063241265
-792
-30639.0
-664
-29242.0
650
0.0
0.0
0.0
0.0
0.0
966
118
241
776
776
282
-212
560
-28935.0
-796
-28975.0
-629
-28346.0
-28346.0
-28346.0
309
-0.28346283462834626
-28346.0
866
0.0
-25698.0
-359
-359
-359
348
0.0
-22779.0
-83
-0.22394223942239422
-0.22394223942239422
212
-22606.0
704
-653
-653
170
688
701
-311
-506
-21353.0
669
0.0
0.0
739
-971
-231
-231
-231
0.0
0.0
-26160.0
707
-575
-164
63
63
0.0
-28189.0
-28189.0
0.0
-27690.0
-336
-681
0.0
639
-283
241
-29206.0
-29206.0
-999
-30710.0
0.0
0.0
819
440
440
489
-29194.0
0.0
-29746.0
-30575.0
-949
-949
-166
-28900.0
-976
-28601.0
515
0.0
684
-136
-136
-27937.0
0.0
-27739.0
0.0
-29493.0
-50
338
-29443.0
-29443.0
77
184
-27860.0
648
-0.28508285082850826
-0.28508285082850826
-380
-380
-380
-28128.0
-757
-757
-28128.0
-234
-28486.0
935
-28486.0
935
-668
-304
739
-579
739
656
0.0
0.0
817
-322
-29318.0
-29318.0
745
493
-29732.0
-0.2973229732297323
-29732.0
900
962
-177
0.0
-539
-26817.0
-25619.0
-25619.0
-25619.0
827
-24707.0
-704
-25580.0
0.0
0.0
-413
0.0
66
66
-26698.0
476
-0.27342273422734226
-417
-934
-24845.0
-55
0.0
700
700
-24301.0
284
0.0
0.0
-861
-861
856
0.0
-27891.0
-29042.0
249
-67
-67
0.0
-31123.0
0.0
0.0
0.0
225
-123
-403
-403
-123
-136
-713
0.0
-30032.0
635
-30667.0
-912
-393
0.0
0.0
-574
-32665.0
-529
-31886.0
-870
34
-597
-203
0.0
-32932.0
-32508.0
-195
-195
0.0
-209
-195
-32198.0
-0.3219832198321983
-166
-882
0.0
-412
541
-33574.0
0.0
0.0
-739
751
-658
-658
-0.33693336933369333
-32300.0
-32300.0
0.0
-32300.0
0.0
118
-32418.0
0.0
0.0
241
241
241
-31747.0
598
0.0
0.0
0.0
0.0
-30186.0
-734
-30125.0
946
946
-734
-336
-805
-0.3012030120301203
509
-29611.0
0.0
-29611.0
509
910
0.0
655
69
-0.3050430504305043
-30504.0
69
0.0
-31278.0
281
500
0.0
640
-29968.0
640
640
19
-29372.0
691
691
199
-28202.0
679
0.0
0.0
-621
0.0
0.0
-22038.0
570
-22371.0
-0.22371223712237123
215
215
-22586.0
-22586.0
-0.22586451729034582
0.0
-125
0.0
581
-23249.0
-21761.0
892
-20844.0
0.0
-38
315
420
-354
-25436.0
-0.25436254362543625
651
651
0.0
-27259.0
651
0.0
0.0
0.0
-23899.0
-23899.0
-396
-23503.0
570
570
-23091.0
982
984
325
873
-247
984
-24390.0
0.0
0.0
0.0
835
-0.24882248822488226
-24882.0
130
-24882.0
130
-0.24882248822488226
-24882.0
-24882.0
130
0.0
0.0
-26949.0
-603
-144
0.0
-144
-27980.0
-360
-727
0.0
748
0.0
-41
-0.2739527395273953
-911
-305
-28681.0
486
-27259.0
-27259.0
38
379
38
0.0
924
-22189.0
-107
0.0
944
944
-22267.0
826
-456
130
130
158
0.0
-856
-856
-0.2180921809218092
-21809.0
-983
-0.20826416528330566
-21187.0
0.0
0.0
-190
-190
664
-22951.0
730
-256
9
0.0
0.0
-23799.0
0.0
-708
-708
-708
-26490.0
-733
694
-26419.0
-118
-955
0.0
-29715.0
-311
-732
-409
0.0
-348
0.0
0.0
0.0
292
292
292
-532
-26212.0
-26212.0
-25493.0
0.0
-431
-24689.0
-24689.0
146
-606
-24365.0
543
543
-606
18
-23622.0
680
-674
-569
-510
575
-27875.0
943
0.0
0.0
-30001.0
0.0
-30001.0
659
0.0
659
759
-742
-0.2909529095290953
-283
-314
-995
-742
908
-432
-928
-928
-31131.0
-432
-30470.0
570
-30
-0.2979629796297963
-0.2979629796297963
0.0
849
849
-29796.0
570
-29796.0
-0.2979629796297963
856
179
-344
267
904
-686
-28928.0
0.0
0.0
-29413.0
0.0
608
0.0
0.0
-373
-602
-30895.0
-31493.0
0.0
-32402.0
-32502.0
320
855
0.0
-34257.0
-33931.0
0.0
-33931.0
-23
-468
-34125.0
-305
0.0
721
402
0.0
-520
0.0
-33005.0
0.0
500
-33635.0
0.0
0.0
-34424.0
-761
-239
-0.33663336633366336
-0.33663336633366336
-33663.0
-33663.0
0.0
-33430.0
0.0
302
-228
-33047.0
-34019.0
-32382.0
-32382.0
0.0
-488
0.0
-32860.0
303
303
303
-0.3217332173321733
-158
-0.3217332173321733
-402
782
0.0
-599
-826
-36676.0
-36676.0
-183
-208
-208
0.0
-661
-455
-0.3908439084390844
-39084.0
-759
-748
-40028.0
-40028.0
-152
-40640.0
-40255.0
-40255.0
-8
0.0
505
-41201.0
-55
-8
589
774
-42329.0
-42329.0
721
-42210.0
-51
-0.4243942439424394
0.0
0.0
330
471
359
-199
-43393.0
-45003.0
529
-47224.0
-570
754
-47240.0
-259
-344
-259
-985
-17
61
-49844.0
-855
943
132
884
0.0
0.0
826
-47753.0
-47753.0
949
-0.47159471594715946
0.0
-729
-8
-45351.0
-45582.0
166
-45748.0
0.0
559
-0.46197461974619747
-31
-31
-47481.0
0.0
-47025.0
-548
-548
-548
345
-47615.0
468
-47049.0
-470
-47539.0
-48285.0
175
-47412.0
39
0.0
0.0
0.0
0.0
0.0
839
526
-933
-975
-975
0.0
0.0
123
-95
807
807
-51706.0
736
0.0
736
43
-52871.0
242
-0.5287152871528715
-53124.0
0.0
-52399.0
321
-204
-52971.0
-52971.0
-116
-116
-52855.0
-52855.0
0.0
-51488.0
0.0
-52151.0
0.0
-51041.0
-50252.0
0.0
-51548.0
-259
-176
165
-51850.0
0.0
602
602
-52148.0
-52148.0
0.0
-52376.0
327
-52703.0
652
-0.5408754087540876
-54470.0
-383
259
-54904.0
830
0.0
-54103.0
803
-0.5490654906549065
830
-212
-722
-54320.0
-54320.0
0.0
994
-738
-738
-51886.0
-51886.0
-738
-51148.0
994
-0.5114851148511486
-51148.0
-51148.0
0.0
-49210.0
97
0.0
-50390.0
97
97
0.0
363
-94
670
-711
0.0
0.0
0.0
399
-52433.0
-52433.0
-51608.0
909
-50226.0
539
539
599
599
-394
0.0
0.0
-51201.0
-209
-817
-50069.0
607
975
-880
-49800.0
-0.5075550755507555
62
0.0
-30
-30
-208
-49120.0
-733
0.0
-48611.0
979
0.0
-490
-490
-48965.0
-48965.0
-374
-50098.0
-748
-748
-50098.0
-748
-50098.0
-748
506
-466
-47060.0
0.0
554
-0.4761447614476145
-46257.0
-46257.0
-238
-46302.0
0.0
-44242.0
0.0
484
30
-42623.0
-44414.0
88
0.0
531
-48491.0
0.0
0.0
0.0
-546
-837
797
873
594
0.0
594
0.0
-773
696
696
696
0.0
0.0
-55
-55
0.0
166
491
491
0.0
0.0
-45527.0
-45527.0
0.0
-385
-385
0.0
0.0
-46475.0
-385
0.0
0.0
-149
0.0
-417
-0.4487644876448765
989
1
989
-149
63
-46222.0
-47256.0
-47704.0
213
-48578.0
-48578.0
384
213
-410
-0.49086981739634794
-410
281
237
237
0.0
329
395
0.0
0.0
0.0
-48186.0
-934
-274
-48321.0
-237
-237
0.0
-237
-0.48084480844808447
-48084.0
-48707.0
-623
-623
-623
-525
358
-48177.0
-48177.0
-48177.0
0.0
0.0
0.0
-572
-49727.0
-333
0.0
-333
-333
-452
-452
-452
-50534.0
0.0
0.0
0.0
0.0
0.0
0.0
-47703.0
0.0
126
-47829.0
976
-523
-48440.0
0.0
893
893
-281
-46463.0
-49905.0
-96
-96
-49337.0
-96
-128
-49113.0
-48334.0
522
522
764
0.0
-48736.0
0.0
-47811.0
0.0
0.0
490
278
0.0
654
-48548.0
-130
-47832.0
-47832.0
-221
-0.4762147621476215
-10
0.0
233
233
-0.4851148511485115
-48511.0
-529
-49
-49365.0
-918
7
-50703.0
-50703.0
-50703.0
572
572
0.0
0.0
0.0
-949
0.0
0.0
0.0
-48387.0
866
0.0
-171
-46514.0
-471
-171
874
-45726.0
874
-606
-45994.0
821
-46630.0
917
-0.4701747017470175
-46103.0
-46949.0
206
0.0
0.0
-393
-0.47708477084770845
115
-48551.0
-49288.0
-497
-0.4879148791487915
0.0
-887
-48791.0
964
964
-47827.0
-46628.0
-302
-729
421
-516
712
712
-453
-46243.0
-453
-46496.0
764
153
0.0
0.0
-47357.0
475
0.0
0.0
-486
-49331.0
-431
-586
267
415
483
0.0
946
-46793.0
-46793.0
0.0
-46793.0
0.0
-46808.0
-49500.0
-49500.0
104
104
-49671.0
-605
821
-0.4889148891488915
-48891.0
-48164.0
-48164.0
181
810
181
-0.48008960179203586
-0.48008960179203586
-48417.0
-284
0.0
-134
-422
-284
-0.4753495069901398
-0.4753495069901398
-48061.0
-48324.0
743
105
-675
0.0
0.0
-675
0.0
-675
0.0
-474
0.0
-562
-41565.0
0.0
-43632.0
0.0
340
0.0
0.0
0.0
216
-126
-43465.0
233
-43578.0
-43578.0
-167
-46134.0
-805
-45329.0
-0.45329453294532945
0.0
0.0
606
405
-576
-44353.0
-44111.0
0.0
0.0
-909
0.0
-909
-722
-722
-44764.0
359
0.0
-585
592
-715
736
-44886.0
-44886.0
-491
438
342
72
-0.4687146871468715
0.0
726
-612
-612
-302
-302
0.0
-302
-45694.0
0.0
-44806.0
198
-45004.0
-45982.0
537
0.0
-44330.0
953
92
-43283.0
-43283.0
0.0
554
-323
949
949
-983
840
840
-67
-67
-67
-44520.0
-44520.0
-449
-44071.0
0.0
0.0
485
-456
-456
0.0
-456
-44975.0
0.0
683
628
-977
-254
-0.46418464184641844
-46418.0
-238
-522
-188
-543
-543
-681
777
0.0
-46351.0
391
391
-46798.0
-37
309
0.0
0.0
745
0.0
419
419
419
-46343.0
-488
0.0
297
-46759.0
-488
-0.4627192543850877
-46271.0
218
348
348
-0.45923459234592345
348
-46271.0
-0.4627192543850877
275
-48654.0
-48654.0
435
-48644.0
0.0
153
639
-0.4836548365483655
503
22
-874
22
-543
-885
-0.4860445813374401
-49141.0
0.0
986
-50155.0
-556
0.0
862
-621
0.0
-51073.0
715
0.0
-976
-976
-976
-110
-912
-232
-0.4881248812488125
264
-49076.0
-48993.0
-321
806
806
-48493.0
158
0.0
103
0.0
0.0
-49313.0
622
-259
-49935.0
971
989
-0.4975749757497575
-0.4975749757497575
-49757.0
989
-49757.0
989
-50746.0
-259
-715
-30
-868
-868
-545
-670
-937
-28
829
-49730.0
0.0
0.0
577
0.0
444
-0.4970049700497005
-49700.0
59
0.0
354
0.0
0.0
-48235.0
748
-46875.0
748
-138
-138
-490
339
-677
338
349
-43876.0
349
-44225.0
-44225.0
800
-0.4502590051801036
-911
538
338
-0.4556436693100793
338
338
-165
-45321.0
971
-167
-44466.0
-44892.0
22
-191
-44914.0
0.0
0.0
-45401.0
-979
423
423
-979
-0.45531455314553143
0.0
0.0
140
-322
-0.4550245502455025
-72
-45232.0
-44466.0
566
-0.4503245032450324
-44
0.0
-45327.0
811
811
806
806
-0.46180461804618045
-0.46180461804618045
-45836.0
-664
-48221.0
0.0
-986
0.0
-66
-48819.0
-48819.0
-48503.0
-374
890
-48129.0
-47730.0
0.0
-294
319
319
-48297.0
595
595
-399
-399
0.0
-930
-48346.0
-1
-48346.0
0.0
124
124
-47144.0
0.0
-927
0.0
-90
417
-436
-536
-591
-162
-0.48659486594865947
-669
-669
219
0.0
547
0.0
-45785.0
0.0
780
547
4
938
694
-878
0.0
-153
0.0
830
775
-43627.0
-648
-131
-411
-622
43
484
-44541.0
-867
-408
211
-43476.0
-45628.0
-45628.0
-45628.0
0.0
476
-910
-910
237
711
711
0.0
-389
-142
-48498.0
975
-503
-48970.0
-48970.0
0.0
-123
-123
-123
-988
-419
-419
-48970.0
-48970.0
-0.4897097941958839
-902
-902
-49449.0
0.0
860
860
0.0
382
0.0
680
197
221
197
-608
-0.47053941078821576
-608
-46445.0
-87
-46358.0
-0.4676193523870477
-164
-239
806
806
806
-46597.0
-191
-530
-0.45710457104571045
0.0
0.0
62
-980
-980
0.0
803
-44850.0
865
489
-677
0.0
0.0
-602
-40169.0
843
-977
-41157.0
-977
-38057.0
991
0.0
0.0
0.0
-38290.0
0.0
0.0
0.0
0.0
-350
-38047.0
-687
-40173.0
357
812
809
-0.3910639106391064
809
312
46
-0.3899738997389974
-39598.0
490
0.0
0.0
-520
-40449.0
646
646
-241
646
0.0
-40272.0
-587
-587
0.0
257
638
-41491.0
-41359.0
-42060.0
457
-43608.0
-43604.0
146
-422
-0.43902439024390244
0.0
-45090.0
0.0
-437
-973
-0.4368087361747235
146
-0.43827314819444585
627
-45246.0
-45246.0
-45246.0
763
248
0.0
-44044.0
-153
320
-620
0.0
-45628.0
-570
0.0
-42315.0
0.0
0.0
-42316.0
422
444
-104
-41210.0
0.0
-93
-41303.0
0.0
864
-853
893
-252
-508
-41132.0
0.0
-42397.0
-356
-42797.0
-43267.0
-43267.0
-793
0.0
-717
-43516.0
728
-46294.0
0.0
0.0
0.0
0.0
674
0.0
0.0
0.0
0.0
-46953.0
201
630
-0.4752947529475295
-47529.0
-47390.0
-47100.0
16
0.0
126
61
381
126
-43807.0
984
-44529.0
-0.44529445294452946
-44969.0
0.0
-354
-46194.0
-43891.0
-43603.0
581
-44460.0
-521
-378
-378
-44857.0
-44044.0
-17
-17
-764
-0.4454944549445494
-43682.0
0.0
397
397
397
-43195.0
70
351
-0.4279942799427994
-538
0.0
114
-42704.0
-42704.0
-42704.0
-42704.0
-210
0.0
610
610
610
300
787
-67
-44507.0
-47913.0
526
526
556
-639
-53
-47407.0
302
0.0
0.0
738
-44592.0
-44592.0
738
-45881.0
0.0
0.0
0.0
-98
0.0
565
-46706.0
0.0
-603
-603
644
469
-42306.0
-43594.0
-651
0.0
475
5
-162
-44599.0
0.0
845
489
199
207
565
-42126.0
-42126.0
-42126.0
-561
912
-40844.0
-896
-896
-41821.0
-896
37
37
0.0
0.0
0.0
-972
-44788.0
-990
-43798.0
-0.4379887597751955
-489
-43344.0
-655
-261
-261
454
-254
0.0
0.0
-701
-701
291
-44835.0
-555
-44134.0
-44134.0
0.0
-99
0.0
-947
-947
321
321
-44442.0
-659
0.0
-195
-659
-659
617
194
-782
-793
-793
-793
256
-43698.0
78
0.0
963
963
35
35
-0.43679436794367943
293
649
649
0.0
-45124.0
-866
779
-919
526
526
-926
-926
-982
609
-451
-0.47000940018800375
-572
-47940.0
-935
-47591.0
-586
-0.4700547005470055
-46586.0
0.0
0.0
-47873.0
-47873.0
-47873.0
0.0
0.0
0.0
-48280.0
-716
0.0
-48608.0
0.0
0.0
-750
0.0
-186
-500
-0.48557485574855747
-606
-186
-367
0.0
-96
218
-65
-65
0.0
-161
595
-315
-963
-47704.0
-18
177
0.0
614
-0.4775247752477525
-173
0.0
-612
-0.4755847558475585
-47070.0
-47070.0
488
-47558.0
-47558.0
-173
-0.4755847558475585
-680
-48893.0
-308
-0.48605486054860547
560
0.0
930
0.0
-751
-0.5011150111501115
-0.5011150111501115
-968
-968
-886
-49391.0
0.0
74
-786
244
244
244
0.0
463
373
442
442
0.0
-51403.0
383
528
-765
0.0
223
-51060.0
-535
-535
-50525.0
967
-0.5052550525505255
-50525.0
-0.5052550525505255
-50525.0
967
0.0
-805
517
-805
-0.5125251252512525
-805
-284
-50731.0
-50731.0
-50731.0
-284
-284
-50980.0
256
346
0.0
-832
-832
-50631.0
835
835
-0.5146651466514666
920
-0.5146651466514666
-832
729
0.0
729
-51554.0
-51554.0
82
0.0
-50962.0
171
0.0
-50968.0
171
171
-317
859
908
-52800.0
-766
-74
692
0.0
-52274.0
-14
-52143.0
-14
-52206.0
-54258.0
-54258.0
0.0
0.0
-218
-499
-336
-931
0.0
-728
-58225.0
0.0
-406
0.0
-59171.0
0.0
-753
0.0
-753
-753
513
-331
138
0.0
0.0
-57539.0
-640
-640
-640
-113
-0.5696356963569635
-0.5696356963569635
-55318.0
-55318.0
894
-96
0.0
-776
0.0
-776
807
-54813.0
-221
-258
-0.5459309186183724
993
-331
-53649.0
0.0
0.0
196
196
196
-54362.0
0.0
211
0.0
608
-735
-54554.0
-0.5455509110182204
-53823.0
731
731
548
-579
454
-176
-0.5480428825729544
-55015.0
0.0
-55271.0
576
576
-136
0.0
50
-627
-52194.0
260
189
-51319.0
-244
-52060.0
279
-0.5206052060520605
279
-0.5206052060520605
-52060.0
-52060.0
-0.5206052060520605
279
-48435.0
0.0
-48435.0
0.0
965
-362
0.0
123
-0.5056150561505615
-62
-142
93
-51434.0
93
0.0
-878
93
24
689
24
928
0.0
-984
132
871
871
871
871
0.0
195
195
-49337.0
-49337.0
0.0
-49746.0
552
552
552
-0.5029850298502985
-536
195
-49957.0
871
-51570.0
-612
-612
-832
-998
-50958.0
-50814.0
144
-832
953
0.0
359
0.0
999
0.0
-186
-44812.0
113
-638
-981
-981
535
-44236.0
-44990.0
-45136.0
0.0
0.0
0.0
800
0.0
0.0
0.0
172
172
-762
-762
-762
-762
824
0.0
0.0
-42148.0
75
75
-41345.0
-41345.0
-0.4134541345413454
0.0
-41881.0
-470
-350
-39544.0
578
46
-0.3959079181583632
-585
-567
-39023.0
735
-39119.0
-39119.0
-39342.0
361
793
390
-718
-303
376
-35075.0
-241
-0.34755347553475535
-0.34755347553475535
-0.34755347553475535
-0.34755347553475535
-34565.0
190
190
-0.34755347553475535
376
0.0
806
-34907.0
441
13
-0.35678713574271487
806
875
-36484.0
-36484.0
-35691.0
944
944
0.0
0.0
0.0
640
0.0
0.0
633
-37979.0
633
-37979.0
-337
-337
-37802.0
-0.37802378023780236
0.0
182
-820
888
698
-253
0.0
-86
871
-564
603
331
-38933.0
-703
197
0.0
-37697.0
-64
197
197
-894
-0.37214372143721436
246
639
0.0
-38578.0
-98
79
-456
-525
785
-38564.0
-659
0.0
0.0
0.0
-448
-40908.0
-40908.0
-741
-618
-0.4033540335403354
-40335.0
-786
-0.4033540335403354
-41089.0
-754
321
-40014.0
0.0
0.0
-55
-41253.0
-41253.0
-41253.0
-42579.0
-41694.0
-789
-789
-40905.0
-40905.0
848
-41753.0
482
-0.3970239702397024
-39702.0
-39482.0
-547
-814
-39327.0
-39327.0
0.0
305
0.0
552
-37200.0
552
-34112.0
567
505
-0.37049740994819896
-37049.0
-0.37388373883738835
-339
-491
917
993
8
103
-33833.0
757
-31905.0
0.0
0.0
-95
0.0
-33294.0
-95
0.0
804
0.0
-33726.0
-32552.0
-32552.0
770
770
770
-430
-33442.0
0.0
-33442.0
82
-33069.0
455
-33524.0
-397
-0.3388033880338803
-753
-753
584
-0.33127662553251064
334
-723
895
-396
-32574.0
260
783
-30808.0
783
-31995.0
725
-30262.0
-30262.0
-30262.0
-30262.0
489
-30079.0
-30079.0
-957
-27819.0
-884
-30
0.0
882
-32760.0
0.0
0.0
7
-349
-115
0.0
0.0
-330
-37950.0
-37950.0
-40096.0
-39399.0
-838
-838
-39844.0
887
-37481.0
-883
-37847.0
-669
-38929.0
-38102.0
-38195.0
-997
-37198.0
0.0
-183
-269
-37264.0
0.0
328
-37103.0
328
-37431.0
-0.3743137431374314
0.0
-114
558
0.0
-108
-34445.0
-407
-32751.0
0.0
-32117.0
556
556
0.0
707
-44
-29046.0
-28597.0
-28597.0
449
736
-0.2904629046290463
-29873.0
412
412
0.0
0.0
0.0
-644
594
413
798
-199
798
-0.3232932329323293
-798
-0.3153163063261265
-31531.0
0.0
74
-200
-200
-0.3173131731317313
-200
-489
-32299.0
-864
591
-31738.0
366
218
0.0
-34833.0
295
295
295
-715
-0.34859348593485934
-34106.0
-34106.0
-405
-405
-33268.0
0.0
-32874.0
370
370
275
-32672.0
0.0
-32672.0
-139
-32533.0
203
-135
-908
453
-581
-34732.0
40
-581
-34654.0
159
0.0
-971
-35377.0
-39126.0
121
-39839.0
-0.3983939839398394
-40486.0
-922
-41798.0
445
-40338.0
-0.4033840338403384
-0.4033840338403384
-0.4033840338403384
-40338.0
-175
-325
-0.41592415924159243
0.0
223
223
-0.42431424314243144
175
-0.43350433504335045
-0.43350433504335045
-0.43350433504335045
-300
-43350.0
931
578
931
-0.4357887157743155
-744
-43578.0
-744
-42833.0
-0.4283342833428334
745
-42737.0
841
-0.42737427374273745
509
-42228.0
-41952.0
0.0
-40487.0
843
-53
-41016.0
0.0
-41016.0
-178
-826
-0.4083840838408384
636
-35632.0
636
-0.36268362683626837
0.0
-914
0.0
862
41
400
623
623
623
-0.3680936809368094
-36429.0
0.0
533
-35362.0
-276
-276
-0.3508670173403468
-34923.0
49
163
0.0
301
-605
-0.35691356913569133
-35691.0
104
-605
860
-490
-34745.0
-34806.0
0.0
-34262.0
-156
544
0.0
368
0.0
-34028.0
0.0
823
-34287.0
444
677
0.0
-6
0.0
-30689.0
0.0
0.0
223
123
123
-29851.0
0.0
-29407.0
-811
-21
-206
-28793.0
0.0
0.0
-29966.0
-418
401
-0.3105562111242225
-30879.0
22
-0.31498314983149833
-31498.0
-638
299
-353
667
976
-29838.0
-31750.0
-326
-912
850
0.0
-184
-912
-883
-0.3081061621232425
-0.3081061621232425
-883
-29752.0
123
123
-16
-16
0.0
-29723.0
-637
-29086.0
637
771
-29960.0
-711
0.0
-26871.0
329
-0.2720027200272003
-676
976
-676
-505
-26801.0
-505
-409
126
170
-26126.0
170
-25581.0
0.0
-267
-661
-776
664
-0.24805992239689587
-94
-24982.0
-0.24982999319972798
-0.2505675170255108
-608
0.0
-970
-29013.0
-29013.0
491
-787
666
0.0
-27322.0
-27322.0
0.0
-452
-27374.0
-249
674
0.0
-147
-0.2796427964279643
-764
191
53
-0.2915629156291563
-577
-372
0.0
-372
-372
0.0
-28606.0
-27013.0
-27013.0
-27013.0
-25471.0
-25614.0
114
0.0
-53
-53
-912
114
-26592.0
83
83
-25705.0
-0.25776257762577626
-71
-27029.0
-962
-732
-0.2589151783035661
635
587
146
146
-20970.0
-20970.0
-20970.0
-380
0.0
-617
-21553.0
-21744.0
171
-0.21915219152191523
-18854.0
-516
0.0
-98
-16612.0
-18139.0
-827
-18139.0
-827
-404
-404
-519
-519
-944
-16299.0
0.0
-14321.0
997
498
498
657
-932
-14249.0
-14326.0
-158
-158
-158
-14484.0
-841
-841
-0.15446154461544614
-15446.0
-158
-77
-0.15967159671596717
-15
0.0
340
-18355.0
-94
-21990.0
0.0
-21990.0
0.0
-313
-447
0.0
-516
-307
-307
-447
-0.23332233322333223
-626
-626
-626
-508
-508
-653
-22921.0
-0.22921229212292124
-22921.0
630
-22921.0
134
0.0
-23811.0
0.0
240
206
0.0
477
206
-0.23120462409248185
-296
-212
-23120.0
-0.23120462409248185
-455
-21900.0
-446
0.0
-507
0.0
754
-507
-0.2131642632852657
-446
-296
-296
-20809.0
0.0
-21291.0
878
-74
0.0
-43
-43
0.0
-43
-749
-749
0.0
0.0
4
-878
452
-19191.0
-20511.0
-19035.0
0.0
0.0
0.0
288
796
61
-196
-715
-16762.0
-16762.0
0.0
149
-16476.0
0.0
-54
679
-14147.0
-14147.0
-14147.0
-14147.0
607
-125
607
-0.14988149881498816
0.0
-12918.0
-328
-194
-181
-15
-0.14514145141451415
0.0
0.0
-14468.0
0.0
-15293.0
0.0
-285
0.0
0.0
397
-15008.0
-15008.0
650
999
-14002.0
0.0
-317
0.0
-16558.0
-236
-16906.0
-810
0.0
-15629.0
715
0.0
0.0
-15232.0
-397
0.0
0.0
940
-470
-0.1906519065190652
-19065.0
0.0
-18928.0
0.0
0.0
0.0
0.0
919
0.0
712
385
349
-637
-700
-613
-613
807
932
-613
-0.17898715948637944
-947
-0.16951847592379618
117
-532
-790
-790
-0.167838391919596
285
-17427.0
-512
-512
-76
-11
-16000.0
0.0
0.0
-16117.0
-674
-16033.0
-481
-0.15773157731577317
-15134.0
-17175.0
0.0
0.0
0.0
-19137.0
-285
-18802.0
-18802.0
-285
-19070.0
-18615.0
0.0
174
951
174
169
-18554.0
899
899
-17906.0
81
-19309.0
-71
-18645.0
-20092.0
-807
309
0.0
-20613.0
-20613.0
0.0
0.0
211
-20932.0
211
-162
-47
0.0
-47
-162
780
-21651.0
-21651.0
-461
-21651.0
-461
-0.22889228892288924
-653
-653
0.0
585
585
0.0
585
-23360.0
0.0
0.0
-550
-22983.0
-19704.0
-19450.0
-436
-436
-760
209
0.0
705
-21570.0
-720
-22457.0
-255
-228
-26
-24294.0
0.0
-23611.0
707
-21399.0
707
707
0.0
-352
0.0
-316
-543
0.0
-25283.0
-24973.0
-24786.0
-309
793
-25255.0
444
952
0.0
-831
-23556.0
0.0
-772
0.0
803
-24552.0
852
852
0.0
0.0
0.0
-23422.0
-371
0.0
-20970.0
972
354
354
-834
-0.1945419454194542
0.0
315
-249
-205
-19527.0
0.0
-120
0.0
-19234.0
352
352
-19562.0
0.0
0.0
0.0
-282
-929
-929
0.0
574
-20981.0
267
-434
-388
-336
-22498.0
0.0
0.0
0.0
0.0
582
0.0
-713
195
-0.20361203612036122
-545
0.0
0.0
-21127.0
-19733.0
891
-19807.0
0.0
589
-22428.0
-22428.0
-317
-891
599
-460
-460
-302
-91
-0.23347233472334725
-0.23347233472334725
-435
-23782.0
-435
-738
-391
0.0
0.0
-19559.0
480
-562
-18494.0
-798
0.0
0.0
-18009.0
-82
0.0
193
193
-218
-18733.0
351
-116
0.0
0.0
214
332
-12723.0
-122
-122
976
293
276
-0.13596135961359612
0.0
-583
777
-14044.0
119
119
-0.14044140441404415
119
-14798.0
-694
-234
0.0
673
0.0
-20001.0
-351
-708
-23001.0
0.0
957
-0.23922239222392225
0.0
-23265.0
657
185
-368
-23264.0
-898
-898
0.0
0.0
0.0
0.0
-841
767
0.0
541
405
-22711.0
-705
-0.2200622006220062
-684
-684
-684
0.0
-21115.0
0.0
618
-0.2173321733217332
-858
-324
819
819
-171
-21841.0
290
-20334.0
119
-408
283
437
0.0
-20584.0
-83
0.0
-589
875
0.0
684
-0.1812018120181202
932
-669
0.0
181
0.0
874
77
77
-636
-20067.0
0.0
811
-264
701
-18343.0
825
-162
-16444.0
-75
-15607.0
-162
-15370.0
0.0
-949
-202
-202
-34
-282
-282
485
-0.17590175901759017
-0.17590175901759017
-0.17590175901759017
-0.17590175901759017
972
-0.17590175901759017
-282
-949
-949
335
-0.15055150551505514
0.0
-478
-478
-478
0.0
-15885.0
-17695.0
0.0
0.0
-279
-116
0.0
-779
-533
0.0
-22795.0
-22795.0
-22795.0
0.0
925
794
-667
-23720.0
0.0
-127
0.0
495
-22509.0
-22509.0
754
-63
-0.23263232632326322
-202
-329
0.0
0.0
-22796.0
827
-21797.0
0.0
-21797.0
-215
-215
-588
972
972
-24087.0
0.0
0.0
852
0.0
0.0
0.0
0.0
0.0
-477
-23627.0
-0.23627236272362723
654
654
-23627.0
654
654
0.0
-22905.0
927
0.0
0.0
-17783.0
609
-16390.0
-16390.0
0.0
-16014.0
0.0
-639
-649
-639
-939
-596
870
-853
-853
-571
-12609.0
-601
-12609.0
-601
-0.12587125871258711
-12587.0
-0.12587125871258711
-579
934
934
934
0.0
299
753
0.0
-12897.0
205
-12864.0
-13621.0
0.0
-168
0.0
-13037.0
0.0
-14042.0
0.0
0.0
534
319
319
757
-14604.0
-14690.0
0.0
-14690.0
0.0
-329
-685
-0.13364267285345707
-14303.0
-0.14303143031430315
-0.14303143031430315
-911
955
71
0.0
-13104.0
0.0
-521
-12365.0
218
-12583.0
-0.12583125831258313
323
-12583.0
823
823
583
-0.125542510850217
-12512.0
-249
15
-685
-926
98
-16531.0
423
-17300.0
-322
-117
0.0
-18328.0
382
-170
-17477.0
-19895.0
-262
-154
-166
-0.1987919879198792
868
-20509.0
198
0.0
147
147
419
0.0
205
925
925
925
0.0
925
925
925
-21966.0
0.0
-20851.0
582
250
-21550.0
0.0
392
-20448.0
563
-371
-20819.0
-371
0.0
-19735.0
-19735.0
0.0
518
-21782.0
-782
-0.21000420008400167
-21000.0
-104
-135
-0.1951619516195162
-0.1951619516195162
311
-20316.0
-20316.0
-20378.0
-188
-0.2019020190201902
-20558.0
0.0
0.0
659
652
-360
-0.2018620186201862
0.0
-758
-22993.0
550
550
-23798.0
188
550
550
-751
192
826
-622
0.0
-708
446
446
-26593.0
0.0
0.0
-172
565
-903
0.0
125
0.0
533
533
-28679.0
-766
-0.28902289022890226
-109
566
-741
-838
-838
-838
217
-266
0.0
-27813.0
580
0.0
20
36
-121
115
-24532.0
115
-861
-861
-25606.0
-25052.0
0.0
0.0
-24986.0
85
705
0.0
-24533.0
-22489.0
-643
-21746.0
189
0.0
-20023.0
0.0
-228
-0.2069520695206952
125
-750
-21570.0
-0.21570215702157022
-750
-0.2094020940209402
-21484.0
-21484.0
0.0
0.0
-341
0.0
-341
-24227.0
-779
-644
517
-837
-26108.0
0.0
0.0
0.0
-150
-671
-22246.0
0.0
0.0
-284
-284
-0.2188221882218822
-21882.0
-21766.0
221
221
-21946.0
707
-852
832
-624
983
-149
934
-22434.0
718
-21237.0
763
986
-22413.0
349
349
596
-0.22064220642206422
349
-123
0.0
-22234.0
-23619.0
35
0.0
-23619.0
650
58
0.0
-23219.0
0.0
0.0
-22940.0
823
-23763.0
-278
-501
0.0
0.0
-734
-523
-24672.0
-24672.0
33
33
-177
-177
-24145.0
0.0
-271
209
-20056.0
0.0
62
-18235.0
-523
-370
611
-19030.0
-19030.0
611
0.0
-19928.0
-19581.0
792
-754
-0.2037320373203732
-20373.0
-0.2037320373203732
-0.2037320373203732
-838
99
-940
-940
132
249
249
-0.23993239932399324
-24965.0
-972
-23993.0
-0.23993239932399324
-23993.0
-23993.0
825
-852
0.0
0.0
346
346
0.0
-23437.0
247
-23113.0
0.0
985
0.0
-755
-0.2024920249202492
-748
63
-20312.0
12
-20759.0
-0.2075920759207592
-20759.0
-20759.0
-447
-293
0.0
448
250
-398
-22289.0
0.0
-624
-624
-23258.0
-624
318
0.0
318
75
0.0
0.0
978
175
-0.25683256832568324
-25117.0
0.0
-411
0.0
-24534.0
-24534.0
702
-25229.0
-26751.0
456
-28978.0
-750
-100
0.0
-100
0.0
114
-292
0.0
-29279.0
-98
882
-0.2918129181291813
0.0
-29198.0
0.0
33
-30439.0
-705
0.0
-29860.0
42
-30478.0
-29332.0
-866
0.0
-31000.0
0.0
0.0
-32217.0
-552
0.0
0.0
-552
-31665.0
-364
0.0
-31126.0
0.0
-291
-75
-29478.0
352
789
0.0
-32523.0
-834
-34618.0
149
-279
-36704.0
0.0
-34876.0
814
-36047.0
-868
-36443.0
228
-0.3667173343466869
-0.3667173343466869
-218
-218
-0.37401374013740135
-730
-218
814
-36605.0
426
-294
72
72
-36737.0
0
-38220.0
-37927.0
-140
0.0
-37490.0
-37994.0
-419
0.0
0.0
0.0
343
0.0
343
109
109
-36075.0
-36075.0
926
0.0
-36922.0
-36922.0
-36523.0
108
0.0
0.0
-610
0.0
0.0
113
113
-41439.0
-41355.0
0.0
-41750.0
684
684
-41144.0
-237
-237
-237
0.0
0.0
-43010.0
696
-43393.0
497
497
0.0
-43393.0
-5
-748
-216
-216
-44100.0
-625
0.0
-322
-43754.0
-43754.0
-322
865
-44146.0
-44146.0
-44689.0
-44689.0
0.0
821
-223
-0.4346243462434624
0.0
-43624.0
0.0
-43074.0
-43074.0
366
0.0
-43758.0
803
0.0
493
-0.45901459014590146
-45901.0
-0.45901459014590146
-596
-47354.0
-755
-45983.0
-44780.0
-702
-43492.0
-43492.0
881
-41327.0
0.0
907
0.0
0.0
-40034.0
0.0
0.0
57
643
0.0
-691
-0.3772437724377244
0.0
-38071.0
0.0
0.0
67
962
-40406.0
0.0
-672
-672
-821
875
-38005.0
0.0
-38005.0
0.0
0.0
-866
512
-154
-37176.0
897
-190
0.0
-156
239
0.0
0.0
-458
0.0
297
-179
0.0
0.0
0.0
0.0
-33086.0
-34041.0
0.0
877
530
778
-33331.0
-33331.0
530
-575
-33286.0
788
313
-0.3296732967329673
-0.3296732967329673
330
-409
0.0
-149
-33945.0
272
0.0
322
-32573.0
-32573.0
0.0
-34409.0
-430
-35079.0
-430
-923
886
-137
0.0
-527
0.0
0.0
-295
0.0
-295
-568
-35697.0
-35884.0
-859
-36861.0
0.0
-323
-923
-0.3627836278362784
-35646.0
-34722.0
0.0
516
302
355
-536
-729
0.0
950
0.0
-32946.0
-844
-26436.0
-26436.0
-563
987
987
-172
991
991
871
-27413.0
-763
0.0
-473
-473
921
-26706.0
171
0.0
-894
144
-637
3
-27997.0
280
-339
0.0
0.0
454
-462
-28080.0
-0.28483284832848327
-28550.0
-28705.0
-330
-751
182
-516
-0.28992869786093584
-0.2871128711287113
-191
-28711.0
-29039.0
0.0
0.0
-29008.0
-29008.0
0.0
673
-30627.0
445
425
-514
-721
-721
-721
-216
-958
-31719.0
-31547.0
58
226
-31605.0
-31605.0
-958
865
-360
0.0
-30142.0
-360
-360
783
0.0
0.0
195
0.0
-991
-410
-410
-111
-30236.0
0.0
0.0
-30515.0
0.0
523
523
-228
547
-30133.0
-30133.0
-677
0.0
-925
-401
-401
-0.3048830488304883
-30488.0
-0.3048830488304883
666
-30289.0
820
15
326
-30442.0
-560
-0.3085830858308583
-31413.0
-31413.0
-31728.0
0.0
0.0
-553
104
-31390.0
-826
89
89
-0.3111631116311163
0.0
-341
-0.32493324933249335
444
62
-0.3299998999969999
715
-0.3395967919358387
311
-33959.0
716
-33243.0
-33243.0
957
0.0
-65
-33542.0
-65
0.0
-65
-425
-846
574
-33591.0
0.0
-33009.0
7
628
77
0.0
0.0
0.0
-30220.0
0.0
0.0
-699
-762
-160
-982
0.0
223
-408
0.0
959
959
-32944.0
0.0
206
-0.3306333063330633
-388
-388
785
-922
13
-32258.0
-31286.0
184
-0.3197331973319733
333
128
-0.3197331973319733
32
787
787
0.0
0.0
0.0
0.0
-29654.0
0.0
179
0.0
-29845.0
-29845.0
-96
-28830.0
-363
-28623.0
-245
-0.28159281592815927
0.0
528
-379
-28520.0
0.0
0.0
670
-28255.0
-414
388
-640
-27841.0
388
535
388
-0.2784155683113662
-27841.0
0.0
896
0.0
0.0
306
0.0
298
0.0
0.0
974
-26955.0
-26955.0
974
974
974
974
0.0
-28407.0
225
225
0.0
-982
-28850.0
0.0
0.0
-28679.0
727
-745
0.0
-29512.0
-28504.0
-27450.0
-675
-27374.0
-27374.0
-0.27374273742737426
-27374.0
-499
-29364.0
0.0
0.0
0.0
0.0
-29214.0
228
-113
0.0
587
-113
-0.3067130671306713
-0.3067130671306713
196
-30671.0
-29
-873
-407
908
908
5
-32684.0
5
0.0
-894
-32529.0
272
-205
-662
-479
-30050.0
0.0
915
915
915
915
-29987.0
615
0.0
-31066.0
75
309
-31127.0
0.0
0.0
0.0
0.0
877
242
-31904.0
-995
877
607
-0.31783953518605557
610
-32648.0
-865
-31732.0
-31827.0
488
-583
-31732.0
-31782.0
156
427
-881
-50
958
-30517.0
-0.3051730517305173
197
0.0
-891
0.0
921
-31027.0
689
-91
-811
-30930.0
-30930.0
-30842.0
567
-997
-31409.0
-0.31409314093140933
540
-29675.0
0.0
-944
0.0
-643
-255
-255
0.0
-27693.0
-27535.0
396
878
396
-26442.0
0.0
60
-28047.0
-701
901
-28859.0
-27597.0
-105
741
0.0
-28903.0
-373
-373
-299
-28804.0
-465
850
-30098.0
-29166.0
932
0.0
-29550.0
-29550.0
0.0
-334
-0.2921629216292163
-29216.0
790
81
-426
-706
-0.32311323113231133
863
-706
0.0
-34339.0
-35796.0
742
-927
0.0
-765
0.0
-936
0.0
-658
-658
-32596.0
234
493
-33615.0
0.0
0.0
800
-0.33116331163311635
0.0
-965
995
0.0
-29015.0
138
-0.29652296522965227
0.0
-31106.0
-31106.0
108
-31214.0
-245
-245
0.0
353
-32615.0
-661
-30542.0
-433
-433
0.0
0.0
185
185
0.0
0.0
0.0
429
429
429
-169
-0.25712257122571225
-25712.0
993
-0.25712257122571225
-27098.0
0.0
186
-26849.0
186
-440
-113
0.0
0.0
0.0
-29296.0
572
-29681.0
187
187
0.0
0.0
0.0
898
-30450.0
-365
0.0
-29345.0
164
-0.29509295092950927
-29509.0
-595
0.0
-595
-28593.0
-866
-570
0.0
-30852.0
-355
-658
-522
-449
643
-30547.0
-30129.0
-29410.0
-118
-118
-118
719
-822
-29364.0
880
418
-946
223
0.0
-650
-650
309
0.0
309
441
-29833.0
211
180
180
-969
-969
-31585.0
0.0
0.0
-139
145
-26762.0
-26762.0
0.0
-111
-27249.0
-447
0.0
0.0
0.0
-25079.0
67
-803
-229
-229
-24563.0
-229
326
-23495.0
-139
936
-23392.0
-139
-0.23392233922339223
-0.23392233922339223
83
-23064.0
-23064.0
-932
0.0
180
0.0
-22681.0
-360
-384
-23177.0
0.0
0.0
-24848.0
-24848.0
-257
-257
-24036.0
0.0
-23990.0
-23990.0
0.0
-194
-20841.0
419
-21033.0
768
768
768
419
-682
259
-0.21042420848416968
-21150.0
0.0
450
450
-21414.0
-478
-251
-251
-25277.0
-27393.0
-27393.0
0.0
71
-0.2680326803268033
825
0.0
0.0
-800
-27352.0
-27126.0
226
0.0
0.0
-26625.0
-221
753
-0.26404264042640424
753
0.0
0.0
459
459
0.0
-31062.0
-31062.0
-354
-354
0.0
-358
427
141
674
418
-0.29220292202922027
418
628
-30604.0
-893
-0.31352313523135233
-703
-493
-493
0.0
-999
0.0
-231
-33154.0
-231
539
80
-0.3148631486314863
0.0
-462
-31906.0
-78
-32915.0
-376
-936
-936
0.0
-33698.0
0.0
269
438
0.0
-31197.0
0.0
-711
-508
0.0
-924
-31335.0
0.0
217
0.0
-33397.0
-439
-33078.0
0.0
152
-0.32651326513265133
-820
481
370
481
-29139.0
481
0.0
-993
-184
-27256.0
-27093.0
0.0
0.0
-28966.0
-28966.0
173
961
0.0
0.0
909
0.0
909
-580
-580
0.0
0.0
758
-701
-24772.0
-373
0.0
-24772.0
226
226
28
-0.24101241012410124
662
662
-625
-625
268
0.0
0.0
0.0
661
0.0
-21322.0
0.0
-819
0.0
-819
-20503.0
235
806
26
26
517
517
-18525.0
-0.1871737434748695
-35
-35
26
0.0
-903
-18113.0
-17245.0
-17245.0
240
507
422
-498
0.0
0.0
-101
-80
-80
-873
225
-0.1760717607176072
25
140
140
-0.15592311846236925
837
-16429.0
225
-490
-16445.0
589
0.0
-19758.0
0.0
-671
-20246.0
47
47
-0.2029320293202932
-20293.0
-936
-165
0.0
-19691.0
-19090.0
0.0
383
0.0
383
383
0.0
847
0.0
847
15
847
-15731.0
959
-303
-0.1638732774655493
-561
-0.15938318766375328
93
-0.15938318766375328
-0.16072160721607215
-0.16072160721607215
-134
-134
-15938.0
5
-0.15933159331593316
5
-112
-112
-134
-134
-396
0.0
-16709.0
-16709.0
760
-17260.0
-59
-59
-0.16629166291662917
0.0
772
-15999.0
-182
-74
0.0
-14080.0
0.0
643
105
105
105
-0.14828296565931318
-651
-14828.0
-0.15718157181571815
-16663.0
-16663.0
-16663.0
-523
-16818.0
-945
-16818.0
-945
-0.14966149661496614
-0.14966149661496614
-15460.0
0.0
-26
-14883.0
-861
-13947.0
352
-13947.0
-18000.0
0.0
0.0
-17467.0
-17467.0
0.0
-453
-974
-16040.0
-0.15154151541515415
-0.15154151541515415
68
-0.15154151541515415
-510
-14091.0
-14010.0
0.0
0.0
354
-135
-135
-12387.0
0.0
-686
0.0
-12895.0
-460
-12365.0
876
0.0
-9801.0
-688
0.0
0.0
454
809
0.0
0.0
823
0.0
0.0
0.0
993
-10121.0
0.0
993
-11114.0
788
222
-12845.0
440
-16288.0
-17268.0
0.0
-770
-770
-16840.0
0.0
0.0
941
0.0
948
-3
-0.15596311926238524
-0.15596311926238524
-376
0.0
359
0.0
359
-376
-0.14760147601476015
-383
-0.14760147601476015
0.0
0.0
685
685
685
-0.15078150781507815
-527
691
-369
670
0.0
0.0
670
930
-13256.0
-626
-626
-681
-0.14526145261452614
-941
0.0
821
0.0
0.0
0.0
-13528.0
879
941
-13591.0
0.0
-928
-0.12663126631266314
941
0.0
883
883
0.0
883
0.0
360
781
312
-0.07653076530765307
781
-300
-688
309
-0.0744314886297726
-7443.0
-7059.0
384
384
138
138
844
902
21
-69
-8273.0
-8273.0
632
-7702.0
64
-4785.0
0.0
0.0
-4785.0
-4583.0
-412
-4171.0
684
741
-5596.0
0.0
830
304
-316
-8213.0
-8615.0
0.0
0.0
802
802
-7857.0
-6654.0
0.0
735
-6221.0
-6265.0
0.0
-4724.0
858
-6571.0
0.0
-386
949
0.0
-889
866
-405
-6430.0
-380
804
-678
486
-5304.0
905
298
281
-6507.0
971
-6154.0
-7447.0
547
0.0
-7820.0
591
591
591
-8267.0
0.0
-8798.0
805
0.0
0.0
-7797.0
0.0
-8085.0
0.0
288
-9833.0
-9833.0
-187
-0.09646192923858476
-588
-912
-10779.0
-0.0979509795097951
984
-214
-11525.0
-100
984
-100
-100
-11625.0
235
-9347.0
-9347.0
0.0
-911
0.0
-911
25
841
245
-0.08288165763315267
-0.0911409114091141
701
701
0.0
-11280.0
-421
-128
-12363.0
650
949
-536
-12679.0
-0.12679126791267914
0.0
787
0.0
0.0
-13007.0
-389
787
949
-0.13906139061390613
735
-14621.0
-641
0.0
-16135.0
-874
609
-14061.0
609
1
1
259
-14784.0
-14184.0
980
980
-15164.0
-0.15164151641516416
910
426
426
-266
-61
-0.14042140421404214
-14042.0
-14447.0
-326
0.0
-14447.0
-14447.0
-12913.0
-547
-14347.0
-826
-547
-13757.0
780
780
-13757.0
-12879.0
377
-12880.0
0.0
0.0
-14855.0
452
246
-13434.0
594
671
-172
0.0
-172
425
425
-636
0.0
54
-636
-0.13487134871348713
-861
-483
0.0
0.0
-442
-287
-15354.0
0.0
408
-12008.0
416
416
-299
-543
-13814.0
-29
847
-0.14090281805636112
-0.14090281805636112
-13950.0
140
140
-0.14090281805636112
0.0
-12768.0
-228
-13604.0
0.0
-985
-985
0.0
-942
-12748.0
0.0
-12108.0
0.0
0.0
883
258
81
-570
-58
-13
-48
-0.13039130391303913
0.0
0.0
-12436.0
-422
-0.12014120141201412
-0.12014120141201412
-507
-12660.0
-507
-507
-12660.0
-12660.0
-507
-12652.0
237
0.0
-9688.0
-9034.0
-123
0.0
-353
0.0
-478
-478
0.0
332
-689
785
785
-0.08441253237597128
265
-0.08074242227266817
-475
-7346.0
-177
578
0.0
-987
-71
953
0.0
675
196
0.0
-638
-4529.0
0.0
-14
-14
-14
-14
612
-3151.0
544
472
472
472
-4167.0
-4167.0
0.0
-5360.0
-5360.0
943
-5632.0
-5632.0
0.0
943
943
-5657.0
62
62
146
266
0.0
0.0
-190
-744
-590
-744
-0.04145041450414504
-744
-3401.0
-700
-700
-0.034010680213604275
-700
0.0
0.0
-633
-4760.0
-3799.0
0.0
-671
911
0.0
202
-4293.0
-0.04293042930429304
-100
0.0
-3945.0
-866
-4191.0
-4191.0
0.0
-4820.0
-947
662
-3377.0
745
0.0
-3377.0
-2013.0
0.0
-286
377
-841
0.004190041900419004
202
-464
-774
-312
-312
-604.0
-241
-319
254
254
254
-658
0.0
523
-8
-0.02868028680286803
-687
27
-3881.0
0.0
0.0
0.0
0.0
0.0
0.0
-373
0.0
206
622
-0.07528075280752808
-0.07528075280752808
-5999.0
-5999.0
944
-6943.0
-0.06943069430694307
913
-7781.0
838
0.0
-8468.0
0.0
0.0
-8689.0
231
0.0
431
431
423
-249
0.0
-8684.0
-536
-8151.0
367
-0.07987079870798708
-7987.0
0.0
0.0
0.0
-8677.0
-733
-733
0.0
0.0
0.0
0.0
-6810.0
-6810.0
0.0
-6810.0
-566
-7833.0
-100
-100
275
-7226.0
-7226.0
0.0
99
99
-6905.0
731
516
-356
-356
738
0.0
-2784.0
-2784.0
505
505
505
-2784.0
0.0
0.0
0.0
-3336.0
381
163
-0.03717037170371704
-3371.0
0.0
346
496
-3801.0
0.0
280
0.0
733
0.0
161
-685
-4101.0
-856
577
-856
-3880.0
-314
-314
102
0.0
-978
-28
-978
-978
627
627
-929
-929
-3716.0
0.0
-3092.0
624
88
0.0
0.0
-824
-245
0.0
0.0
-276
951
-1723.0
-0.017230172301723017
-0.017230172301723017
-0.017230172301723017
0.0
-667.0
1098.0
597

