0.0
45990.0
0.0
830
140
46853.0
0.0
0.0
375
0.4754147541475415
0.0
47475.0
-448
-448
-448
46337.0
-632
-75
-448
-448
-448
46844.0
0.47303946078921577
0.4827248272482725
415
509
274
48383.0
46377.0
46377.0
902
44476.0
240
-3
44236.0
43201.0
-436
0.0
40902.0
40902.0
40902.0
326
190
40043.0
40043.0
0.0
0.0
39821.0
38139.0
0.0
661
303
0.0
-501
393
910
-827
39079.0
731
0.0
0.0
38420.0
0.0
751
751
-445
-921
0.3811476229524591
0.3811476229524591
0.3811476229524591
0.3793637936379364
-438
36843.0
36843.0
36843.0
0.0
36
36882.0
0.0
0.0
-548
0.0
270
0.0
0.0
33995.0
-778
-778
789
0.0
0.0
424
34270.0
285
285
92
32237.0
0.0
916
916
32109.0
872
872
33483.0
857
212
0.0
-176
212
872
0.3154294628838865
-826
-356
28708.0
0.0
479
-79
719
0.0
229
29894.0
33486.0
45
33652.0
33652.0
0.0
147
211
211
211
0.0
851
32282.0
0.0
-935
-935
0.0
-218
0.0
-477
35411.0
0.0
245
-141
-141
-141
245
-197
35731.0
0.0
-574
706
0.374857497149943
36502.0
-840
0.0
0.0
38166.0
-244
0.3669836698366984
-584
443
443
36698.0
-639
0.0
985
257
0.0
37189.0
-160
0.0
-177
36418.0
0.3641836418364184
36418.0
36418.0
-945
35466.0
0.0
0.0
0.0
-952
-945
793
793
-261
41041.0
0.0
-424
0.0
0.0
40254.0
40254.0
-853
38274.0
38166.0
586
586
0.0
586
586
39799.0
240
121
38865.0
0.0
0.0
-480
-790
40023.0
743
743
-230
-230
949
-205
40978.0
39093.0
-344
-344
39437.0
39437.0
39437.0
0.0
779
-80
-728
-728
0.3995179903598072
0.3995179903598072
-152
-512
0.0
0.0
-914
0.0
0.0
8
-29
41165.0
-733
75
812
-124
41472.0
269
-918
40227.0
-918
0.0
0.0
388
388
-61
0.4274985499709994
42749.0
626
45044.0
42470.0
-561
0.0
0.0
808
837
43851.0
0.0
837
0.0
44622.0
493
-764
603
603
0.0
723
0.0
723
0.4489244892448924
45442.0
550
-426
-426
0.0
878
0.0
841
-446
0.0
0.0
42623.0
42623.0
42257.0
42257.0
-192
0.4244942449424494
0.0
-365
-796
-139
43669.0
0.0
43501.0
-508
44009.0
0.4400944009440094
390
0.45577455774557746
0.45577455774557746
0.0
-987
810
0.43498434984349843
-987
747
42584.0
-66
42364.0
40848.0
0.0
-709
-453
-453
0.0
-888
-697
39757.0
199
797
39543.0
199
199
39543.0
-566
0.0
-430
0.0
39436.0
707
860
0.0
610
610
-170
38563.0
-746
39309.0
39309.0
-813
16
0.0
-728
949
0.0
949
16
0.0
0.0
-786
-444
0.0
0.0
0.0
36921.0
36921.0
-807
0.0
-216
37677.0
98
98
966
0.3767737677376774
37677.0
0.0
-487
788
-207
35106.0
-458
35564.0
-803
0.3603736037360374
-481
-443
0.0
180
0.3794337943379434
996
36712.0
619
619
252
36093.0
197
35192.0
607
502
37313.0
712
35350.0
0.0
188
188
188
34015.0
0.0
877
877
35947.0
35947.0
326
0.0
0.0
276
0.0
36943.0
707
707
36943.0
36310.0
-705
707
0.3701537015370154
707
-591
514
-665
175
33676.0
-901
0.0
96
0.34276342763427636
33482.0
-772
34254.0
35370.0
35370.0
35370.0
35370.0
35271.0
0.0
20
327
-374
0.0
-430
-65
0.34786347863478634
0.0
0.0
34340.0
-450
999
-146
33791.0
0.3379167583351667
951
0.3379167583351667
-876
-876
-146
34723.0
0.0
0.0
936
936
-230
847
-920
0.3064530645306453
0.0
351
0.0
26925.0
-602
0.0
-602
0.0
-602
26643.0
751
-992
26723.0
0.0
-794
26398.0
26398.0
26565.0
-290
-290
26343.0
26343.0
-683
-660
0.0
-168
0.0
0.0
0.0
0.0
27651.0
920
920
920
370
27708.0
27708.0
370
27708.0
26192.0
-787
26192.0
26192.0
-355
-355
-503
-427
-503
-503
27679.0
28854.0
0.0
0.0
137
0.0
-339
-625
29653.0
-607
-625
31101.0
939
30841.0
30841.0
-607
-415
50
-713
32271.0
0.0
241
0.3222132221322213
-713
-511
-511
33751.0
-51
0.34538345383453833
33960.0
33960.0
33960.0
-145
-145
34138.0
34138.0
35247.0
741
35371.0
-325
35696.0
861
36665.0
-873
841
0.0
-925
-562
-925
0.35851358513585135
0.0
-450
373
35384.0
35194.0
-54
-263
-812
35648.0
-135
-606
-606
0.37665376653766536
-47
0.0
0.0
37604.0
37787.0
879
38641.0
879
0.0
832
-262
38040.0
-656
0.0
-656
291
-697
-963
759
-511
32401.0
-511
32491.0
32491.0
765
-511
0.3172631726317263
-997
30348.0
0.0
28600.0
-31
27996.0
28328.0
-39
-39
-73
564
490
862
32613.0
0.0
425
0.0
0.0
0.0
-87
0.0
0.0
30066.0
30700.0
657
152
30464.0
0.0
30464.0
0.0
-107
595
595
523
479
479
690
0.33077661553231064
33077.0
33077.0
-401
33486.0
0.0
-189
-172
-511
0.3137731377313773
125
0.0
186
-627
2
976
-619
2
236
29766.0
30241.0
927
0.0
0.0
-428
-428
30749.0
-687
-687
231
0.0
-921
231
0.3049230492304923
-666
0.3049230492304923
231
-373
-771
-771
0.29490294902949027
-972
566
30919.0
362
30919.0
217
0.2964329643296433
29422.0
954
584
584
584
29439.0
29062.0
0.0
31688.0
-769
0.32121321213212134
31235.0
207
32425.0
-721
0.0
490
33033.0
0.0
33439.0
894
624
0.31921638432768656
-220
505
32052.0
31369.0
33376.0
324
33052.0
760
0.32292645852917057
32573.0
0.0
33859.0
-437
-437
34296.0
34182.0
341
-114
0.3314633146331463
329
0.0
-599
-599
820
0.0
33042.0
32023.0
32023.0
51
0.0
-880
30926.0
866
30060.0
-253
-374
30313.0
0.3068930689306893
-851
-851
-722
30149.0
0.0
-405
0.0
-730
-730
27394.0
532
0.0
138
532
-944
-386
744
873
0.29206876206286186
30095.0
889
0.3009560191203824
889
-54
29072.0
28844.0
-647
29175.0
-375
252
0.0
27978.0
27978.0
27978.0
-860
252
-580
0.29166875006250187
29166.0
-768
-635
-563
28566.0
90
612
146
146
146
0.0
-514
0.0
909
909
360
909
-367
-63
24172.0
24298.0
995
0.0
-141
26665.0
-702
27798.0
155
155
155
155
0.0
155
248
426
-427
-20
0.0
-908
-157
24718.0
24302.0
0.0
0.0
0.0
990
805
-894
-894
-894
-34
-34
-34
-785
384
24823.0
-198
24823.0
281
0.0
79
24804.0
0.0
690
211
0.0
24104.0
22674.0
-483
0.0
-378
280
0.23784237842378425
280
-590
21858.0
918
-590
21098.0
37
0.20588205882058822
-680
0.0
0.0
20836.0
-78
0.0
-78
20517.0
852
-507
-507
6
-769
19403.0
-336
19067.0
-336
646
19519.0
0.0
0.0
20711.0
0.0
-948
20800.0
20800.0
138
20637.0
-852
20637.0
0.0
0.0
656
-735
234
597
23691.0
0.0
-385
0.0
0.0
0.0
25645.0
0.0
0.0
530
25
0.0
0.0
811
774
476
-442
476
476
476
0.27087541750835015
25986.0
25986.0
25986.0
14
0.0
0.0
-628
-920
25181.0
646
27426.0
904
968
0.0
-986
0.0
-235
580
580
0.0
-346
-346
-263
841
434
615
24986.0
0.0
24986.0
0.0
-353
0.0
27893.0
-416
959
959
29268.0
959
-296
-757
26962.0
0.0
831
27093.0
27093.0
-731
962
-818
-818
0.0
26593.0
0.0
26593.0
26593.0
26593.0
282
0.0
-73
26372.0
0.0
545
545
-429
162
0.29090581811636235
0.2832328323283233
29067.0
491
0.2990229902299023
30390.0
0.0
148
-226
34791.0
415
31415.0
348
250
0.3106762135242705
250
687
31504.0
-962
0.0
0.0
-920
0.0
842
31504.0
0.3150431504315043
-701
-632
29690.0
0.0
29355.0
0.0
448
29793.0
0.0
-440
413
-537
0.0
411
-112
-879
0.0
0.0
28203.0
28203.0
191
112
112
29
27600.0
-974
257
0.0
0.0
-831
0.0
0.0
-404
-977
0.0
-781
0.0
23716.0
148
297
0.0
217
517
430
0.24806496129922598
0.24201242012420124
564
0.0
564
23323.0
23323.0
-256
23323.0
573
-840
-639
22298.0
-332
22847.0
24327.0
594
26712.0
0.2671226712267123
26712.0
-103
0.2610526105261053
249
297
0.0
27617.0
0.0
28844.0
767
30184.0
30382.0
30259.0
0.0
75
-541
656
0.2946758935178704
0.3046330463304633
30463.0
339
0.0
30596.0
30596.0
0.0
0.0
0.0
-229
30596.0
0.0
30596.0
-229
0.3082530825308253
923
762
-83
29030.0
0.0
-733
0.0
0.0
963
-733
-331
-733
29126.0
831
-359
40
792
0.27957559151183026
0.27957559151183026
95
0.2718954379087582
-673
27434.0
27316.0
-744
284
0.27776555531110625
640
640
0.2868128681286813
905
-21
-21
-863
905
0.2860228602286023
-398
28602.0
28435.0
-896
-167
0.2926629266292663
0.0
-53
392
0.2878728787287873
29776.0
0.0
117
0.3172931729317293
-468
0.0
0.0
-453
0.0
-453
0.2916729167291673
0.0
-933
0.29080290802908026
-351
-351
0.0
419
29670.0
0.0
884
0.0
977
0.0
0.0
0.0
0.0
0.0
30043.0
29061.0
-793
-793
-555
-555
-200
0.2985429854298543
-200
30054.0
73
73
27
0.3075330753307533
0.0
30493.0
0.0
-572
-572
-782
-782
29361.0
80
30205.0
-928
0.0
-928
585
0.0
-674
0.0
0.0
-210
31938.0
881
0.0
0.0
755
27134.0
0.0
27134.0
884
27542.0
0.0
884
27542.0
-504
27743.0
-203
222
354
29549.0
29549.0
29549.0
29549.0
29385.0
0.0
28259.0
377
0.27882278822788226
30035.0
29076.0
82
82
0.0
693
27227.0
-335
417
0.0
0.0
767
0.0
27591.0
28466.0
-22
29514.0
0.0
29514.0
0.0
29514.0
762
29514.0
762
0.0
29514.0
0.0
0.0
593
0.0
461
796
0.26606532130642613
-468
-468
-545
-888
26476.0
0.0
637
0.0
0.0
-657
-657
28652.0
637
637
-607
0.2862285868576057
27629.0
27629.0
-841
0.28470284702847026
396
396
629
0.0
-881
669
30729.0
181
0.30548916467494025
31800.0
333
0.0
31623.0
30759.0
0.0
637
31081.0
0.3108131081310813
36
0.0
0.0
30174.0
0.0
0.0
0.0
31017.0
31017.0
753
817
0.3134331343313433
0.3134331343313433
817
817
0.3134331343313433
0.3134331343313433
817
478
0.30526610532210646
478
675
197
197
690
690
0.0
0.0
31960.0
30340.0
-904
29556.0
-102
-102
-902
-882
-882
29835.0
620
0.0
620
-338
-119
30216.0
30216.0
31758.0
976
30732.0
-16
29684.0
-744
-273
-601
0.0
-980
-801
319
325
325
-105
31456.0
0.0
-382
8
213
213
481
0.33809338093380936
33809.0
0.33809338093380936
-138
0.0
94
0.0
536
94
-981
33800.0
-981
0.0
33800.0
33800.0
-981
536
895
0.0
33
32534.0
-314
31383.0
31383.0
-445
31816.0
0.0
-476
-252
-252
-252
0.0
31294.0
-252
-252
31546.0
0.31546315463154634
-748
30175.0
0.0
930
30691.0
29631.0
717
773
120
120
0.3037830378303783
30885.0
279
-160
507
-557
30163.0
643
643
647
647
647
647
29520.0
-698
-698
32
28144.0
732
0.0
0.0
28739.0
816
150
0.0
373
31014.0
0.0
0.0
331
0.0
52
331
30567.0
691
28684.0
26945.0
170
-675
-190
73
-38
27274.0
-541
-46
28033.0
0.0
-620
-620
0.0
-893
-100
-893
0.2807256145122902
140
27932.0
0.2793283798513955
887
887
28819.0
0.2881957639152783
28819.0
28819.0
28953.0
361
361
28988.0
-356
-257
-212
486
-24
934
934
-131
57
0.3026830268302683
414
29854.0
-24
-558
134
407
284
456
407
-814
0.3072422896915877
0.3090092702781083
0.2962529625296253
-505
0.30130602612052243
935
-775
-336
0.0
29721.0
6
-166
0.0
27403.0
27538.0
0.0
29445.0
0.0
-82
795
856
29576.0
0.29576591531830637
-330
0.2924629246292463
-967
598
-911
-679
-82
24295.0
-82
23839.0
-456
23839.0
23839.0
-456
0.0
23172.0
-133
0.0
-834
-834
31
22556.0
31
-834
350
0.0
134
0.0
23335.0
23307.0
23341.0
775
227
21987.0
0.0
20830.0
20830.0
19456.0
0.0
0.0
0.0
0.0
0.0
0.0
16223.0
-814
14580.0
15917.0
-870
56
16731.0
425
17029.0
0.0
398
398
0.0
-940
532
17072.0
230
17812.0
902
0.0
-230
16324.0
271
0.0
-796
16140.0
16140.0
0.0
16744.0
-280
16744.0
0.0
0.0
0.0
0.0
-592
0.16020160201602016
457
-900
-900
574
-808
-808
0.0
13293.0
13293.0
-553
200
14679.0
128
0.0
16769.0
0.0
573
-373
-373
18408.0
-294
15711.0
15711.0
943
943
15833.0
15833.0
0.0
0.0
959
-175
943
15731.0
832
-549
13236.0
13236.0
13236.0
-997
-549
908
0.12375123751237513
-707
12375.0
-52
-597
0.0
0.0
13959.0
204
790
277
-223
-223
277
313
15767.0
918
15643.0
830
-196
13245.0
-161
0.0
0.0
12000.0
-486
0.0
12710.0
-400
0.13366133661336613
-426
-892
11192.0
-875
11421.0
0.11421114211142111
0.11421114211142111
431
431
127
127
-352
204
9362.0
9708.0
9708.0
8106.0
8106.0
0.0
627
0.07541075410754107
7541.0
6353.0
0.0
0.0
805
5
5
-45
-45
0.0
0.0
-290
949
5057.0
0.0
-217
352
0.03901039010390104
3901.0
-399
0.0
-223
0.0
-642
-442
-442
0.07250072500725008
0.07250072500725008
707
707
0.0
7796.0
288
0.0
8536.0
0.0
-644
0.08818088180881808
0.08818088180881808
8818.0
0.08818088180881808
664
925
344
925
0.0
0.0
0.0
12939.0
13125.0
-986
522
0.13566135661356613
846
351
12103.0
-312
-312
-312
-312
0.12415124151241512
0.0
-65
0.13858138581385815
0.0
-14
13858.0
0.0
0.0
291
580
0.0
-338
-338
0.0
-90
0.0
0.0
12649.0
12649.0
-691
938
183
-449
12454.0
-449
-590
8949.0
-67
9378.0
263
-533
9060.0
-845
9905.0
-533
-533
8764.0
786
786
786
-692
-277
0.0
226
-878
629
7152.0
0.0
0.0
688
6464.0
6464.0
6496.0
-337
5738.0
259
0.0
569
5327.0
400
-326
1952.0
689
-839
247.0
-49
-49
-498
190
-894
-584.0
0.0
-719
-2002.0
-218
-1784.0
-1784.0
-686
-255
336
-177
961
-3043.0
-590
-230
-230
341
851
851
-3557.0
-3557.0
0.0
912
863
-270.0
0.0
0.0
-892
-522
-2118.0
0.0
-3412.0
-624
-624
-5799.0
-421
-0.05378053780537805
-5378.0
-500
-6171.0
-5271.0
-20
-0.05251052510525105
0.0
-674
-7609.0
-674
-674
278
278
-983
851
851
469
539
-8034.0
-564
-564
-7470.0
539
-0.08009160183203665
0.0
-62
0.0
0.0
0.0
-317
-62
-0.07916158323166464
-0.07916158323166464
-589
-8212.0
-296
-589
-589
-589
-0.07916158323166464
0.0
0.0
-11587.0
0.0
-925
-547
0.0
-11443.0
-496
0.0
-727
-12930.0
-12547.0
-185
-185
-170
-170
-170
679
-170
-12704.0
-0.12704127041270413
761
-264
-264
-983
-8794.0
750
0.0
0.0
-9532.0
539
539
0.0
-8497.0
539
0.0
0.0
710
983
19
-567
-219
763
-710
-9473.0
-10779.0
-151
-623
-194
755
-7683.0
101
-0.07683076830768308
-0.07683076830768308
-7683.0
0.0
454
-0.04758047580475805
-3921.0
0.0
113
0.0
-4488.0
119
0.0
-286
0.0
0.0
0.0
708
-5307.0
-72
-5792.0
116
116
-5792.0
-5792.0
-959
-0.056470564705647056
-76
-76
-790
-5735.0
0.0
309
545
543
0.0
-3485.0
-3382.0
0.0
886
-961
-961
-6032.0
-0.06032060320603206
-5935.0
353
0.0
-5809.0
-306
0.0
-321
-321
-127
0.0
-127
-672
0.0
0.0
-10455.0
-11
0.0
-12076.0
-702
-11374.0
-736
-12110.0
-12380.0
-10798.0
0.0
-951
814
0.0
0.0
-216
-9792.0
814
-10606.0
483
-11089.0
-0.10368207364147283
-0.10368207364147283
-9856.0
512
388
-11020.0
0.0
-986
0.0
-102
-102
-10376.0
-10376.0
965
965
-812
653
-13561.0
653
0.0
-12803.0
619
286
-10050.0
0.0
-10391.0
826
697
-10391.0
-12212.0
0.0
-185
0.0
-15337.0
-15337.0
-120
0.0
-13226.0
0.0
348
-13406.0
-13406.0
-14098.0
458
0.0
606
0.0
606
-186
0.0
878
-9795.0
-9795.0
0.0
0.0
-10112.0
0.0
0.0
658
-0.10770107701077011
0.0
-8885.0
0.0
-8267.0
-562
-562
274
-7798.0
-7798.0
593
593
485
-7457.0
-6861.0
361
-9401.0
-9003.0
436
-516
675
-252
0.0
525
-7291.0
0.0
0.0
-5995.0
-5995.0
0.0
0.0
0.0
-767
-3008.0
-433
0.0
-433
0.0
1
1
1
0.0
-643.0
-950
-795.0
-950
947
838
-591
-561
35.0
-561
-561
0.0
329
114.0
-150
608.0
0.0
324
324
324
-607
279.0
-767
-654
-1120.0
986
-337.0
-232
0.0
0.0
30
881
881
881
314
-0.04007080141602832
-4007.0
822
-0.048291448743462306
956
-0.03804038040380404
956
-3804.0
901
0.0
-14
-2386.0
-954.0
0.0
-558.0
-558.0
746
-1304.0
-153
94
0.0
584
0.0
-347
7446.0
-229
-602
0.0
-724
-179
-177
-765
-765
231
-856
6957.0
-725
232
-576
0.0876217524350487
742
0.0
706
9844.0
706
0.0
93
58
706
9804.0
761
761
-664
0.1038610386103861
612
0.09774195483909678
9462.0
-120
0.0
0.0
15978.0
15978.0
506
913
-758
-513
15026.0
15026.0
-745
-495
-625
13456.0
-625
0.14081140811408113
-133
-676
-166
11860.0
0.0
13116.0
910
-126
-166
0.0
-926
0.11753117531175311
0.0
919
11870.0
0.0
13018.0
689
0.0
10329.0
-719
0.0
-272
-732
-167
358
-410
14484.0
13323.0
-348
225
225
282
14690.0
316
0.15538155381553814
564
15538.0
15538.0
564
14974.0
0.1497429948598972
0.1497429948598972
15789.0
597
0.0
454
14972.0
14972.0
-765
19
-310
0.0
-180
0.0
0.0
-328
0.0
526
11096.0
772
-39
0.0
11633.0
737
10896.0
0.0
-284
0.0
0.0
0.0
430
430
430
430
171
-341
0.0
-341
13796.0
12
0.0
-156
-719
13610.0
13164.0
14083.0
314
13769.0
851
-848
896
-944
0.0
9666.0
-408
0.0
-442
10675.0
10395.0
0.0
10395.0
631
110
0.0
-877
-877
15665.0
0.0
15032.0
-492
-745
712
0.0
0.0
15101.0
0.0
15101.0
0.0
13508.0
0.0
-585
13756.0
487
0.13269132691326913
13269.0
-585
13269.0
0.0
359
0.13269132691326913
-585
13269.0
-585
-585
0.13269132691326913
64
658
906
-662
-662
13309.0
0.0
0.0
198
0.13950139501395015
12761.0
-619
14118.0
14091.0
0.0
634
0.0
15250.0
0.0
0.0
849
-174
0.0
954
14767.0
562
-252
0.1445743372301169
856
-798
468
468
468
269
11574.0
772
13322.0
772
850
11700.0
0.11841118411184112
717
717
10843.0
12263.0
0.0
266
11098.0
11098.0
0.0
0.0
0.0
411
8841.0
-353
-49
-856
-539
-86
0.0
0.0
674
-38
0.0
0.0
0.0
0.0
0.0
805
-849
7222.0
0.07222072220722207
7011.0
0.0
0.0
7660.0
937
7423.0
-126
96
96
96
639
631
505
505
0.10604106041060411
0.0
933
749
0.0
678
0.0
0.0
0.0
661
592
11449.0
0.0
-208
0.0
0.0
-494
-494
-682
-682
10488.0
782
-848
0.0
-362
0.0
-663
0.0
8476.0
0.0
295
696
295
531
8452.0
9186.0
235
-852
-113
-113
453
9321.0
591
9912.0
0.0
204
942
0.0
8358.0
8071.0
-152
8504.0
44
802
9162.0
702
0.0
94
-635
-635
702
0.09075181503630073
477
0.0
-456
0.0
206
0.0
11016.0
11016.0
-132
9248.0
-581
-703
0.10532210644212885
0.10704107041070411
0.0
8673.0
0.0
0.0
536
11206.0
11206.0
-66
494
-75
12993.0
-75
12993.0
0.0
12634.0
-329
12963.0
12193.0
370
-123
12311.0
148
0.12472124721247213
0.0
-545
0.0
13011.0
216
216
0.0
12458.0
0.0
-350
9596.0
-350
0.0994609946099461
10883.0
937
-681
-831
-192
11650.0
11650.0
11650.0
216
-845
216
13277.0
13277.0
680
344
-885
-80
0.0
537
701
14628.0
14628.0
14628.0
212
212
212
94
0.0
13935.0
254
0.0
0.0
252
252
-510
13936.0
13936.0
0.13936139361393615
-752
0.0
10804.0
11187.0
11409.0
587
587
587
11371.0
489
-390
489
0.10655213104262085
427
12126.0
843
0.0
0.0
0.0
13889.0
-111
0.0
13189.0
-695
0.0
28
11171.0
0.11171111711117111
0.11171111711117111
11171.0
-695
36
0.1119122382447649
0.1119122382447649
-956
11068.0
-956
0.0
-956
0.0
0.0
10570.0
9188.0
-12
-12
0.0
592
-972
11203.0
10744.0
9125.0
295
8719.0
295
8424.0
835
-839
-600
0.06937069370693708
0.0
-60
6937.0
6937.0
-652
-951
0.07589151783035661
6968.0
-3
0.0
-229
245
245
962
-850
245
0.03156063121262425
3156.0
0.03156063121262425
245
245
2911.0
964
0.03875077501550031
964
0.03875077501550031
3875.0
0.03875077501550031
-458
3417.0
422
0.0
422
3839.0
0.0
-707
0.0
0.0
4123.0
588
3535.0
0.035350353503535034
3535.0
497
2292.0
2292.0
-914
-228
-940
2293.0
0.0
-940
347
2540.0
0.0
2540.0
347
0.02193021930219302
-940
0.0
0.0
1696.0
-617
1696.0
-617
1696.0
-617
0.0
2345.0
430
588
-662
-277
0.0
0.0
3441.0
3441.0
651
2035.0
-466
998
998
119
-466
-632
2706.0
-690
0.0
0.0
0.0
0.0
0.0
-193
-600
5340.0
0.0
0.0
0.0
7265.0
684
8025.0
8025.0
-497
-177
890
9550.0
0.0
0.0
0.0
0.0
0.0
243
-411
-73
11744.0
-522
-522
11744.0
-522
-522
514
12587.0
514
36
302
14901.0
-137
-137
-759
-759
15468.0
14862.0
14862.0
14387.0
14387.0
0.0
362
87
823
0.0
-81
-81
0.0
0.0
16978.0
17714.0
466
-396
482
-396
0.0
15805.0
0.0
-798
-599
917
-338
0.0
0.0
16387.0
614
-385
614
307
614
18376.0
0.0
142
18948.0
18948.0
18948.0
997
0.17951179511795118
110
110
0.0
445
18963.0
-397
0.19457194571945718
97
-722
-717
0.16817336346726935
-287
0.16990169901699018
-164
503
0.17081170811708118
-750
16556.0
15064.0
15064.0
15064.0
-668
851
-535
14850.0
17024.0
-471
173
929
58
0.0
0.0
160
16576.0
0.0
0.0
805
0.16724167241672416
0.16724167241672416
-648
-648
-593
0.17225172251722518
0.17225172251722518
398
17225.0
17097.0
0.0
0.0
0.0
-32
0.0
0.0
0.0
14698.0
-429
441
441
-32
17993.0
0.0
627
18390.0
0.0
-1
0.21022210222102222
21022.0
-309
21331.0
866
0.0
-556
21575.0
21575.0
238
21750.0
0.0
181
-239
-239
0.2162521625216252
0.0
0.0
0.0
0.0
20291.0
592
-390
0.0
306
19500.0
163
55
17614.0
-747
18361.0
0.0
695
209
342
0.0
342
17173.0
-287
0.17173171731717318
0.17173171731717318
-263
-381
0.0
18546.0
-613
-613
0.0
10
19169.0
-441
0.1941719417194172
0.0
0.0
-806
255
823
823
16402.0
16402.0
15587.0
0.15587155871558717
-85
14830.0
-66
0.14855148551485514
15668.0
15668.0
367
-274
-423
0.16412164121641215
17370.0
958
692
16755.0
0.0
17386.0
0.0
637
637
0.0
0.0
-529
-536
-529
16973.0
82
0.16891168911689117
16891.0
-917
-529
363
699
489
-461
-380
854
-253
0.0
0.0
0.0
0.0
18790.0
-872
20737.0
21505.0
-858
0.0
0.0
-311
21011.0
20275.0
966
20376.0
-607
-436
18597.0
18597.0
-675
-675
0.0
17464.0
-675
17464.0
0.0
0.0
0.0
774
-138
0.0
16996.0
16301.0
-218
259
-554
-326
19039.0
-46
0.1963019630196302
786
-995
0.0
19170.0
-995
0.0
-209
240
458
20328.0
0.0
-146
-146
0.0
733
0.2098620986209862
20986.0
0.2098620986209862
-923
0.0
0.0
316
0.0
316
22792.0
23416.0
-160
502
0.24020240202402024
24020.0
952
0.24034240342403423
234
234
24034.0
937
0.0
343
253
746
352
-299
352
253
23855.0
937
599
527
22846.0
221
-534
294
-914
426
26603.0
-907
192
192
0.0
0.0
0.0
0.0
25239.0
136
23472.0
-948
0.0
749
0.0
0.0
600
24583.0
0.0
-213
23678.0
524
0.0
24412.0
992
-745
27275.0
-745
992
288
-375
-375
760
0.0
332
0.0
-278
-315
26059.0
-326
-326
-27
26385.0
25743.0
25766.0
945
945
644
23360.0
23293.0
0.0
0.0
23229.0
551
-147
23843.0
0.0
0.0
0.0
0.0
0.0
468
22780.0
0.0
-712
0.0
24255.0
-77
-674
-898
-898
-634
-634
-634
0.0
22038.0
0.0
-705
22112.0
0.0
632
-430
23317.0
189
689
689
-430
22439.0
-181
-181
-181
0.0
-114
-290
0.0
-290
19911.0
530
0.0
0.0
0.0
0.0
18516.0
18917.0
720
-602
0.1879937598751975
-193
0.18828188281882818
-349
-26
20015.0
20015.0
19300.0
18022.0
0.0
203
27772.0
997
0.0
26622.0
-436
-436
0.28416284162841626
26517.0
26269.0
99
99
99
0.0
24
0.26058260582605824
-200
-873
-873
26931.0
0.26466264662646627
-465
814
27522.0
0.0
610
26912.0
344
-865
0.26392263922639225
0.0
30683.0
30683.0
29028.0
-941
0.0
271
0.2880628806288063
919
0.2880628806288063
-847
28425.0
0.0
-381
-381
28425.0
-381
-439
972
972
558
29853.0
0.0
558
972
28323.0
-669
28992.0
-439
-85
0.31487629752595053
901
-924
-924
962
0.32274322743227435
-277
0.0
0.0
0.0
127
27
27
31631.0
257
31949.0
-903
0.3131631316313163
31252.0
0.0
30793.0
801
269
-728
-593
30103.0
30103.0
30718.0
30545.0
-546
-565
-3
351
0.2872928729287293
753
-885
378
628
628
-206
0.0
28038.0
26107.0
26022.0
460
26421.0
396
0.26421264212642126
0.26421264212642126
873
26700.0
-278
0.0
26478.0
0.0
0.0
-252
-252
653
-418
-418
-418
26133.0
653
26133.0
27068.0
27068.0
935
187
26423.0
-970
0.0
24881.0
24228.0
23934.0
0.0
991
489
539
21290.0
0.0
0.0
0.0
0.0
976
0.0
-7
0.0
-7
469
-96
0.0
25496.0
0.0
25664.0
-759
374
53
25063.0
-973
1
0.23986239862398623
23117.0
462
853
0.0
-318
25318.0
-369
0.0
0.0
874
0.0
-816
0.0
-340
23758.0
0.0
653
653
653
0.0
653
0.0
23188.0
-714
-714
35
0.0
690
690
-861
752
690
0.24258485169703395
24258.0
24258.0
-275
0.22221222212222122
0.22221222212222122
-584
0.22221222212222122
0.22221222212222122
0.0
0.0
281
25332.0
142
25682.0
-891
-891
-932
-904
-891
801
753
201
0.3020430204302043
753
0.0
31492.0
-494
0.0
0.0
29771.0
30116.0
30116.0
0.0
-58
29594.0
0.0
553
-579
-579
30447.0
399
30048.0
-871
-871
0.2824328243282433
911
576
0.3010230102301023
126
30335.0
0.0
500
-882
-755
32825.0
32825.0
937
32825.0
937
31683.0
31223.0
-460
-205
911
391
-436
0.3138331383313833
-876
-876
-460
0.3237632376323763
31785.0
982
982
982
719
33500.0
33500.0
-432
35857.0
34675.0
-410
-132
0.0
0.0
403
590
0.0
-577
35698.0
0.0
35899.0
26
915
443
0.35699070972129165
-56
-56
0.35699070972129165
0.35699070972129165
326
37383.0
35825.0
0.0
0.0
34874.0
0.0
36968.0
-482
-482
37853.0
715
372
-44
37180.0
-938
380
40376.0
380
0.0
40429.0
-888
-152
-59
0.39853797075941516
278
278
40612.0
324
-144
278
0.0
0.0
-464
687
-120
42275.0
0.0
590
0.0
0.0
618
-95
0.0
770
43809.0
-174
43983.0
44393.0
0.0
0.0
44649.0
0.0
-50
-366
0.42676426764267644
120
120
0.42676426764267644
41006.0
-560
41566.0
40888.0
-470
531
41096.0
41096.0
41096.0
0.0
0.0
608
0.0
0.0
487
0.0
0.0
40917.0
1
0.0
40499.0
0.0
42564.0
0.0
42564.0
0.0
974
376
376
43630.0
-295
-295
730
0.43303866077321546
-763
-640
43012.0
42756.0
0.0
0.0
440
43229.0
43229.0
0.0
0.0
42127.0
0.0
41128.0
-727
41128.0
0.0
-450
41321.0
496
600
600
19
39686.0
-949
38737.0
-184
0.0
-250
0.0
37889.0
37889.0
-824
38713.0
-989
38492.0
0.0
839
36864.0
-789
33442.0
0.0
-743
31020.0
-695
31729.0
0.0
32098.0
33296.0
-478
0.0
0.0
32331.0
0.0
0.0
0.0
704
0.0
0.0
0.0
0.0
34988.0
-562
192
35388.0
-449
-427
144
-449
-449
35327.0
-449
0.35777073312199364
-955
857
-182
-182
0.36441822091104553
384
468
332
332
178
178
33553.0
-991
178
-810
530
-630
0.0
968
34660.0
-536
0.0
-29
0.35062350623506233
232
0.0
31881.0
122
31147.0
0.0
272
0.0
0.0
0.0
284
284
30793.0
31078.0
31078.0
0.0
-386
-449
-449
-492
0.33980339803398035
395
34375.0
395
977
33003.0
0.0
0.0
907
-11
33619.0
-56
-9
0.0
0.0
38781.0
38781.0
0.0
672
341
-67
0.0
-67
-774
39165.0
0.0
57
57
39165.0
57
-774
254
862
-97
40353.0
-279
-279
-739
-739
-222
-739
-332
40911.0
646
646
395
36
853
853
853
-553
-631
0.0
43
44497.0
45114.0
0.0
792
-227
42515.0
42515.0
21
0.0
603
21
225
-721
-714
43934.0
-714
42439.0
259
-178
-713
43164.0
-777
42615.0
42253.0
41028.0
0.0
-254
238
238
41282.0
238
40129.0
40568.0
39756.0
-201
439
39957.0
40925.0
40925.0
0.0
139
139
-373
0.0
-373
-978
43199.0
0.0
43965.0
44497.0
40
44977.0
40
518
-751
46327.0
0.0
45593.0
0.0
-907
48047.0
0.0
-541
0.5200752007520075
-244
144
516
0.0
0.0
0.0
0.0
54098.0
68
68
-294
0.0
0.0
669
-749
0.0
0.0
0.0
0.0
52037.0
0.0
-257
673
51621.0
0.5162203244064881
741
-194
857
0.5076552296568897
50764.0
50764.0
-933
0.49831996639932796
-933
0.5076450764507645
13
13
13
50764.0
-792
-792
-1000
0.0
0.0
0.0
0.0
50982.0
-82
0.5106451064510645
415
288
0.4990449904499045
0.4990449904499045
0.0
49439.0
-77
646
0.5063050630506305
0.0
932
0.5052450524505245
48742.0
-646
-653
-589
-646
181
0.0
0.0
-243
45715.0
46783.0
-118
233
-243
-428
0.0
963
0.0
848
848
-852
-149
47092.0
-496
46596.0
46579.0
972
0.0
47053.0
-337
-634
-704
-704
32
32
527
48639.0
0.4945649456494565
49456.0
0.4945649456494565
49456.0
0.0
-80
93
817
817
802
817
49456.0
0.4945649456494565
814
0.4894148941489415
-603
-412
817
817
49544.0
817
-259
-259
49285.0
-259
-562
730
0.0
-250
0.5100951009510095
-604
574
51613.0
-14
51613.0
-957
-957
49476.0
0.0
49410.0
0.0
-261
45807.0
-1000
44124.0
-443
44539.0
0.44539445394453947
44539.0
321
43
43
321
321
-758
0.0
42491.0
0.0
43780.0
0.0
0.0
-454
41516.0
0.0
0.0
-257
39609.0
-84
202
-261
133
-114
39184.0
-219
-219
0.0
0.0
830
-172
-126
673
0.4031440314403144
40314.0
-126
-172
892
39328.0
39328.0
-363
0.0
12
12
37935.0
98
0.0
63
39330.0
40497.0
0.0
0.0
-496
-929
370
38894.0
675
39569.0
298
675
34
-989
-492
-492
0.0
37673.0
-876
936
-876
-548
-317
-781
-498
37446.0
0.37446374463744636
174
37446.0
225
-408
-950
244
207
0.0
0.0
0.0
40429.0
40429.0
41307.0
-70
41377.0
-458
-32
-32
253
41602.0
446
41156.0
41612.0
456
0.41157234717041513
42315.0
677
41619.0
677
45066.0
0.0
-221
0.45207452074520743
45207.0
-69
0.45207452074520743
-69
0
45274.0
0.45274452744527444
-348
-2
-2
0.0
893
0.43989439894398946
-298
-898
-289
-289
-289
-562
91
-439
632
331
45022.0
0.0
46637.0
396
801
-859
-859
867
0.0
-847
0.4222642226422264
-991
-991
-198
-366
0.0
-629
426
-209
-849
898
-394
0.4141224236727102
-209
0.41621664866594665
-120
41620.0
43392.0
0.0
198
481
0.45079450794507947
45079.0
0.45079450794507947
245
245
-541
-60
0.46063460634606346
46388.0
325
36
0.4656646566465665
46566.0
0.0
-234
102
0.46698933978679574
48166.0
0.0
824
824
50525.0
0.0
48496.0
-548
0.0
-925
49640.0
0.0
-700
637
50277.0
708
0.0
708
0.0
100
0.0
-315
49028.0
49028.0
710
50193.0
49579.0
-836
734
-257
-185
0.0
-780
-343
387
49958.0
-495
-604
-604
-939
-939
0.4958649586495865
0.0
214
-307
0.4808096161923238
524
524
-963
-963
0.0
47990.0
47990.0
-191
0.0
48107.0
863
863
696
600
0.0
0.0
663
0.0
50043.0
378
-814
464
464
49941.0
46004.0
-762
-478
45442.0
-152
-152
45442.0
-152
0.45594911898237966
45594.0
-691
0.0
46022.0
45269.0
-835
951
-532
289
0.45065450654506545
-602
0.45667913358267165
0.45667913358267165
47776.0
46915.0
127
46788.0
-822
-265
-574
47793.0
0.0
48083.0
903
0.4718047180471805
798
47221.0
47221.0
-943
0.0
47984.0
47984.0
50614.0
50649.0
-589
-589
0.5123851238512385
-464
0.0
-464
-464
0.5123851238512385
418
42
51702.0
51947.0
0.0
0.0
6
6
-800
0.0
-622
0.0
52715.0
86
-227
51838.0
0.0
51838.0
0.0
266
50927.0
0.0
0.0
52320.0
52137.0
-463
-540
36
-494
123
-540
50940.0
0.5094203768150726
51144.0
0.5195603912078242
930
54245.0
930
-712
0.0
50792.0
0.0
49976.0
0.0
435
435
-182
51476.0
0.0
50935.0
0.0
0.0
51948.0
218
361
-162
51970.0
0.5197103942078841
51970.0
-561
52333.0
0.5309153091530915
-765
758
470
756
0.5335353353533535
0.0
49317.0
-983
-436
0.5048250482504825
299
452
0.0
0.0
-158
-270
-679
47685.0
0.0
47014.0
47014.0
46163.0
0.0
46479.0
46310.0
-282
-330
-282
46039.0
0.0
47956.0
47956.0
-100
0.0
300
0.5033550335503355
0.0
649
109
51203.0
-82
51203.0
51203.0
51203.0
0.5120351203512035
-607
-607
-607
214
601
51869.0
51869.0
0.0
52086.0
280
0.0
0.0
54360.0
436
41
-652
-652
-677
-677
0.0
0.0
0.0
56203.0
-418
0.0
-364
0.0
-227
-627
-627
57931.0
58547.0
741
-613
0.0
300
-171
987
59272.0
300
0.5897317946358928
0.5897317946358928
-176
-176
61258.0
107
61151.0
61765.0
614
767
0.6138261382613827
0.6138261382613827
998
-749
924
63499.0
708
996
-176
65205.0
-711
269
0.0
-470
319
-222
0.0
0.0
0.0
-304
-606
-606
-606
0.6368863688636887
0.6368863688636887
0.0
57
0.0
-688
-127
-390
-390
-390
-390
61087.0
59998.0
0.0
-694
0.0
370
0.0
0.0
-803
58589.0
0.0
58589.0
271
57981.0
0.0
58245.0
-535
-454
494
428
71
0.5826116522330447
57488.0
-772
75
0.5818674560236807
56703.0
0.0
55972.0
522
703
-855
-705
0.5434654346543465
-584
-855
543
-797
53627.0
643
52984.0
-643
0.5298452984529846
417
52708.0
0.0
0.0
322
322
509
-626
-626
53589.0
-314
50733.0
792
-949
-26
-41
-41
312
50861.0
-41
-147
-147
-729
50629.0
285
50025.0
0.0
38
0.4822448224482245
-622
47990.0
-234
0.0
927
0.0
-291
47712.0
47712.0
0.0
47712.0
921
0.0
0.0
479
921
0.47822956459129184
0.4834948349483495
527
-841
-993
45611.0
45611.0
-993
-249
0.0
47695.0
481
242
47502.0
47502.0
0.0
342
-636
48823.0
197
49020.0
-812
0.0
888
0.4989949899498995
0.4989949899498995
567
-818
-718
798
405
0.0
49509.0
573
49151.0
0.0
768
768
0.0
0.0
-818
-818
0.0
608
-89
0.45420908418168365
45420.0
-818
-818
0.45420908418168365
-818
-409
534
534
68
47413.0
708
0.46705934118682374
45066.0
-55
48340.0
696
0.0
-687
46811.0
0.0
56
-731
45913.0
-63
-63
45976.0
-727
46661.0
-763
599
-763
47087.0
-295
48387.0
-397
-397
0.0
-397
0.47483474834748346
47258.0
158
-581
-581
47665.0
0.0
0.0
107
0.0
893
0.0
47690.0
-905
0.4735447354473545
258
47890.0
505
794
794
0.47000470004700046
0.47000470004700046
0.47000470004700046
0.47000470004700046
-96
47080.0
0.47080470804708047
331
331
-690
0.0
49525.0
51944.0
-88
443
0.0
0.0
-28
882
558
0.5174051740517405
330
0.0
0.0
51110.0
0.0
522
50558.0
-671
0.0
0.0
960
-609
-565
0.5162603252065041
948
0.5070250702507025
0.0
0.0
0.0
-984
51160.0
51160.0
51160.0
-984
-256
-914
50543.0
653
653
0.0
-170
0.0
0.0
0.0
0.0
-434
-10
0.0
-598
838
838
-327
48995.0
0.0
0.0
0.0
584
-251
-385
0.0
0.0
0.0
-641
0.48090480904809046
159
0.4848948489484895
418
47252.0
-484
-484
214
0.0
47950.0
214
-317
221
383
-433
-433
-433
-691
365
0.0
47502.0
-805
665
50283.0
0.0
-331
50815.0
-331
0.5114651146511465
-948
-518
0.5112251122511225
-972
0.0
50965.0
-697
-105
51416.0
51416.0
-977
978
51838.0
0.5183851838518385
-508
84
84
0.0
0.0
0.0
88
49553.0
49553.0
0.4955349553495535
0.0
47923.0
509
461
0.0
0.0
0.0
-225
0.0
358
46132.0
544
45192.0
0.45192451924519245
0.0
-388
45177.0
451
451
-15
0.45393453934539346
-981
-981
0.0
-981
0.45393453934539346
45393.0
0.45393453934539346
45393.0
45271.0
0.0
-122
-122
0.0
-122
-15
0.45408908178163565
-621
716
0.0
46435.0
48955.0
0.0
46102.0
0.0
0.0
0.0
745
-241
-241
44518.0
414
-386
473
44244.0
-246
-506
-146
43707.0
43115.0
43115.0
43115.0
43115.0
225
225
-109
-378
42709.0
-349
-349
-349
42392.0
-349
43599.0
858
43599.0
43199.0
0.0
-764
449
0.0
-618
0.0
-109
42483.0
-71
-911
654
981
41883.0
41
0.0
39086.0
0.0
0.0
-70
37752.0
734
0.0
0.0
0.0
0.0
-259
39329.0
0.0
41454.0
41501.0
591
41501.0
591
0.0
-694
41515.0
41727.0
112
181
0.0
-490
-490
-187
40295.0
40295.0
632
40484.0
-524
39460.0
39460.0
39460.0
-496
0.0
0.0
-253
-741
0.0
0.0
0.0
35005.0
35005.0
817
109
144
0.35569355693556937
0.0
35780.0
0.0
-520
-323
35367.0
0.0
-696
768
0.0
0.0
38602.0
-668
189
824
37373.0
37298.0
262
38577.0
0.0
0.0
0.0
0.0
200
38179.0
591
591
0.0
-626
38791.0
0.3879138791387914
-354
37841.0
37841.0
0.0
536
0.3732437324373244
-950
-950
0.3732437324373244
37324.0
285
0.38450384503845036
37830.0
-582
39207.0
38582.0
0.0
37368.0
-438
0.0
37368.0
37368.0
-438
61
0.0
707
707
40447.0
41132.0
0.0
42180.0
47912.0
0.0
0.0
0.0
0.0
50794.0
921
580
97
0.0
47131.0
-207
0.0
-207
47491.0
-449
47491.0
49973.0
49052.0
-899
-899
47245.0
0.0
0.0
47041.0
0.0
473
266
0.0
-232
-232
-395
0.0
50126.0
0.0
0.0
476
940
476
0.4814996299925999
360
360
47789.0
717
636
0.4795147951479515
952
952
0.0
0.0
189
0.0
390
47901.0
47901.0
0.0
72
0.0
-855
0.0
0.0
551
0.0
551
652
46641.0
-855
46641.0
377
46641.0
639
-811
963
-580
44112.0
898
898
0.0
-752
44054.0
-267
43265.0
43265.0
43265.0
0.0
0.0
0.0
0.0
-529
0.0
-143
39328.0
0.3932839328393284
0.0
-58
39831.0
0.0
926
435
38631.0
428
-18
220
220
0.0
0.0
0.0
116
38559.0
147
0.0
37608.0
0.0
386
0.0
-628
-628
34312.0
-628
0.0
-169
35579.0
0.0
0.0
413
948
948
0.0
658
-510
0.34621346213462134
-320
-320
0.0
0.0
-588
0.0
-588
-959
-365
0.0
968
-468
-343
40897.0
30
-933
0.0
626
0.0
-221
41290.0
-221
948
-343
-343
0.40563811276225525
-343
40563.0
0.40563811276225525
-343
0.40563811276225525
40563.0
0.40563811276225525
0.4114041140411404
42124.0
0.0
760
42057.0
42057.0
42057.0
0.0
590
0.0
-597
42947.0
0.0
0.0
269
0.43139431394313943
-916
-108
0.43139431394313943
-799
0.0
43005.0
-170
42484.0
43430.0
45281.0
45281.0
0.0
0.0
-399
0.0
0.0
-60
0.0
63
0.0
0.0
0.0
68
443
41423.0
-297
943
0.0
84
41804.0
41804.0
41804.0
41487.0
41500.0
-303
41803.0
182
0.4180341803418034
453
319
0.4200442004420044
-538
-538
0.0
0.0
789
-452
-452
40865.0
-101
-101
40926.0
-973
0.0
0.0
0.0
0.0
426
426
834
47634.0
47634.0
48120.0
41
46812.0
0.46812468124681245
0.46812468124681245
-755
-743
-743
0.0
-869
46400.0
45936.0
954
0.0
46103.0
46537.0
46537.0
-57
854
-614
47091.0
-120
-120
46589.0
677
394
394
394
0.0
46054.0
0.0
-701
-701
46696.0
-123
0.4669646696466965
48432.0
48146.0
0.0
46427.0
-573
46789.0
46789.0
-185
0.0
633
48054.0
48154.0
-700
46986.0
46754.0
0.0
0.0
0.0
-385
-646
-721
-60
-195
-195
-444
486
923
486
0.45535455354553545
47010.0
0.0
0.0
47393.0
0.0
47393.0
651
966
0.0
463
407
822
822
-26
51542.0
51590.0
51737.0
0.0
509
0.0
681
595
53260.0
0.0
676
151
151
-458
53284.0
-639
0.5265752657526576
-391
167
-671
336
50427.0
0.5042750427504274
113
0.0
48408.0
445
0.0
608
815
815
330
608
50038.0
-122
963
54175.0
0.0
54175.0
-669
-498
874
0.5336606732134642
732
54234.0
0.0
-748
-624
53340.0
-399
52886.0
0.0
0.0
-454
-405
53340.0
53340.0
-405
0.5374607492149843
0.0
-332
-111
52985.0
-148
-648
-648
760
-138
53353.0
912
-34
-587
802
-915
-415
0.0
0.0
55373.0
55373.0
55373.0
672
0.5470154701547015
261
106
-415
54599.0
54742.0
143
-517
-915
206
206
206
0.5532255322553226
56564.0
0.0
-851
0.0
0.0
259
0.0
-805
54685.0
661
0.0
0.0
800
53600.0
-542
53349.0
53349.0
-646
-691
0.5419154191541915
0.0
789
0.0
49645.0
0.0
0.0
0.0
0.0
0.0
0.0
0.0
392
-790
41
41
0.44826448264482643
318
0.44826448264482643
0.0
-713
-541
-541
-541
845
-541
0.45448908978179564
0.45448908978179564
0.45448908978179564
0.45448908978179564
0.45448908978179564
-798
-798
-114
0.0
46822.0
0.0
46822.0
0.0
773
46822.0
46659.0
46053.0
0.0
885
-324
0.4534790695813916
45347.0
-885
45347.0
0.0
-157
-157
0.47473474734747345
-612
0.0
-960
997
0.0
0.0
0.0
0.0
0.0
0.0
48291.0
-428
-834
47774.0
0.4777447774477745
-834
188
-632
-632
0.0
624
788
48978.0
611
0.4836748367483675
48367.0
-299
0.0
48555.0
49858.0
-231
158
48998.0
0.0
48788.0
576
0.0
0.0
-714
0.0
785
0.0
0.0
0.0
0.0
0.0
0.0
46181.0
0.0
0.0
46489.0
45257.0
103
0.0
45147.0
419
343
0.4481944819448194
554
-484
-484
-484
-484
731
44160.0
596
0.0
0.0
43935.0
-956
43717.0
43717.0
43717.0
-783
0.0
0.0
39137.0
39137.0
0.0
39137.0
0.0
0.0
0.0
0.0
-257
706
-240
0.0
33601.0
-647
33626.0
33626.0
-942
34611.0
-83
0.34611346113461133
34611.0
666
35444.0
0.0
0.0
-53
37725.0
0.0
-204
0.0
372
38899.0
38899.0
39083.0
960
358
39422.0
-99
232
150
39530.0
-643
0.0
-308
256
38889.0
38889.0
0.3888938889388894
406
913
38771.0
0.0
0.0
-556
38515.0
86
40293.0
-140
0.0
-777
-777
-777
-777
473
-777
884
41096.0
0.0
-705
41730.0
0.0
825
-523
38384.0
0.0
952
0.37633376333763335
0.37633376333763335
518
-88
-88
0.0
-946
702
702
39
38044.0
0.0
0.0
0.0
-390
-745
0.0
40083.0
942
-306
-306
38374.0
-991
36264.0
36264.0
36490.0
942
0.35548355483554833
-691
33251.0
287
287
34339.0
-196
-954
-196
0.0
34393.0
0.0
-490
32265.0
-326
574
574
545
0.32683326833268334
0.0
-546
35008.0
-502
0.34838348383483836
-62
2
521
35438.0
0.0
32658.0
0.0
759
425
-430
0.33642336423364233
0.33642336423364233
0.33642336423364233
33218.0
0.0
0.0
33218.0
-424
33642.0
0.33642336423364233
219
33642.0
219
0.0
32394.0
-841
658
0.0
0.0
32363.0
0.0
0.0
-228
34093.0
719
719
0.0
142
-150
0.0
-27
33445.0
-27
-172
0.0
-810
32438.0
32438.0
0.0
32438.0
32438.0
473
33939.0
-118
-118
34344.0
-118
0.0
691
0.33618336183361835
34313.0
0.0
219
34849.0
34227.0
67
33408.0
32472.0
-43
31865.0
-43
31865.0
0.0
0.0
-707
31598.0
0.0
87
0.3163431634316343
-674
482
32609.0
32609.0
0.0
430
430
-265
-265
-265
-793
32415.0
31247.0
32276.0
30830.0
30681.0
0.0
33444.0
33444.0
34471.0
0.0
253
521
-672
865
33716.0
32845.0
-272
-849
-347
-347
32723.0
-347
-347
738
249
35413.0
-961
-7
34263.0
34140.0
-989
375
33459.0
34670.0
99
99
34537.0
35100.0
0.0
-69
35224.0
0.0
0.0
482
-397
0.0
-499
36694.0
987
35841.0
-862
0.0
36332.0
480
36332.0
-121
-121
36391.0
785
-3
35555.0
347
-736
-260
-260
-267
-267
490
890
37050.0
37050.0
0.0
-835
0.0
-320
0.38313383133831336
-39
0.38313383133831336
0.0
0.0
928
928
928
928
697
0.38326383263832636
0.38326383263832636
-844
37157.0
0.0
39322.0
156
0.0
39894.0
39654.0
-825
714
-825
-418
-405
598
-303
0.4072340723407234
-385
0.4072340723407234
-385
40723.0
40723.0
40185.0
40185.0
-538
-538
-538
39357.0
0.0
-941
-941
-941
-941
-941
-941
37587.0
-941
884
0.0
-612
-612
0.3908439084390844
652
0.0
-852
520
-293
40738.0
-293
0.0
130
432
0.40599811996239926
40599.0
-976
40599.0
0.40599811996239926
968
-248
935
935
-622
-806
0.0
0.0
58
0.4234442344423444
0.0
-356
44556.0
44556.0
-489
43856.0
346
43443.0
0.0
308
308
506
-352
-334
306
816
785
0.44277442774427744
0.0
0.0
174
43768.0
44498.0
562
46116.0
214
44787.0
475
0.0
586
-803
481
481
481
481
-984
0.0
43967.0
0.0
43845.0
43845.0
-569
0.45727457274572747
46
0.0
139
-129
-129
-129
-562
-768
-768
0.4585291705834117
-129
45981.0
416
416
416
45729.0
45729.0
45729.0
90
90
0.0
-452
44317.0
0.0
-959
45191.0
-959
-959
45657.0
0.0
48363.0
0.0
-987
0.0
44837.0
-881
46488.0
46488.0
0.0
287
0.0
364
0.0
378
-294
0.0
-357
384
767
0.0
0.0
45
767
-459
44019.0
-645
-645
0.0
-645
0.0
-645
-660
876
0.4093440934409344
181
0.4093440934409344
40934.0
0.0
354
354
354
117
833
0.0
39557.0
-995
-673
-960
0.0
711
-891
37700.0
711
37700.0
72
0.37700377003770036
-169
-169
0.0
38645.0
37744.0
37943.0
0.0
289
-578
0.3765437654376544
0.3765437654376544
0.0
38236.0
13
0.0
555
38996.0
0.0
0.0
666
41113.0
-906
0.4060640606406064
203
567
567
-907
41856.0
40840.0
-592
58
0.0
58
0.4024540245402454
0.4024540245402454
-592
40476.0
7
40176.0
40154.0
38724.0
37872.0
36845.0
429
-591
36270.0
0.36270362703627035
773
0.36270362703627035
59
0.0
35572.0
35572.0
423
0.0
829
0.3632636326363264
0.0
568
718
0.3678336783367834
36783.0
-458
-458
-458
478
0.372417448348967
702
0.372417448348967
702
-378
-378
0.36708367083670834
36873.0
0.0
0.0
0.0
0.0
508
0.36160361603616037
-346
0.36506730134602694
174
36535.0
678
256
490
367
0.3655236552365524
0.0
36421.0
36421.0
-834
-425
0.0
38077.0
730
38212.0
865
-210
37218.0
313
0.0
0.0
0.0
36453.0
0.0
35627.0
0.0
85
0.0
114
114
0.0
0.0
-368
-368
0.0
353
0.0
32702.0
-327
0.0
29214.0
-344
-76
-975
-344
-344
28542.0
0.27647276472764726
0.27647276472764726
0.0
0.0
0.0
162
64
68
0.0
-83
28443.0
0.0
0.0
-83
28526.0
-72
160
-72
28956.0
0.2895657913158263
-127
-127
28675.0
28675.0
28675.0
-281
0.2823428234282343
-722
8
-790
29836.0
946
28890.0
28890.0
-66
0.2895657913158263
29852.0
877
30344.0
29208.0
-901
-901
-889
29902.0
-442
783
927
485
30344.0
783
30344.0
159
0.3028930289302893
-530
-248
-248
-552
31095.0
524
29897.0
29897.0
-674
-248
30571.0
0.0
295
311
-881
30127.0
30127.0
-143
30127.0
-820
0.2952429524295243
0.2952429524295243
29524.0
0.2952429524295243
-143
-398
-408
0.0
642
-558
477
0.0
30835.0
30835.0
30835.0
0.0
0.0
724
247
432
441
0.0
0.0
-56
-56
0.0
-471
-471
-471
-429
0.28740287402874026
28740.0
18
0.0
-210
0.0
-562
-562
0.0
0.0
-586
0.26065260652606526
508
508
593
24053.0
730
-715
0.2504025040250403
313
25353.0
-265
0.0
25109.0
548
24918.0
548
0.0
23766.0
627
0.0
-809
-809
478
0.23714237142371425
23014.0
-352
-352
23014.0
-352
-352
25330.0
529
0.0
0.0
24702.0
-962
22940.0
22940.0
-459
23402.0
230
-275
-275
21475.0
-687
-687
0.22162443248864977
22162.0
811
23858.0
0.0
248
275
0.0
-863
24484.0
0.0
-863
-863
404
404
0.0
22
22
24313.0
265
304
0.0
41
-561
449
0.0
21878.0
22740.0
0.0
-142
712
0.0
22658.0
22658.0
0.0
22956.0
22956.0
0.0
0.0
0.0
-384
25459.0
401
401
-476
-476
0.0
-476
25161.0
223
25600.0
0.0
-60
793
-729
26727.0
-859
-859
0.0
26913.0
-955
-955
860
703
598
237
0.28098280982809826
-795
-795
0.28098280982809826
28413.0
0.0
325
325
0.0
0.0
0.0
0.0
-562
-719
0.0
-142
27361.0
27724.0
0.0
439
0.27304273042730426
0.27304273042730426
-565
26043.0
0.0
-978
27021.0
0.27021270212702125
27021.0
337
27569.0
-270
0.2591125911259113
-371
-505
-587
-587
26416.0
26416.0
0.26416528330566613
0.26416528330566613
25552.0
25552.0
919
25126.0
-144
0.25270252702527024
-909
-862
0.0
0.0
-862
804
0.0
246
246
246
0.0
-308
-308
-930
0.0
411
0.0
411
0.2572325723257233
-499
-499
0.0
0.0
-793
24028.0
24028.0
-793
-793
0.24821248212482125
0.0
-385
27177.0
26964.0
26365.0
-306
-486
-691
916
27847.0
27847.0
109
27738.0
415
-526
0.0
230
24791.0
24791.0
21
-217
24791.0
226
970
-478
0.25313253132531327
25313.0
708
-499
0.0
536
75
-102
-571
-571
0.23660236602366025
0.0
-653
311
311
311
238
26189.0
-245
0.0
25398.0
588
329
23684.0
-933
-933
25992.0
25992.0
0.0
691
25782.0
-432
26214.0
26369.0
-201
-201
25159.0
-267
0.0
-74
0.0
0.0
0.0
248
0.0
-880
25632.0
0.0
26935.0
-22
-22
-587
27575.0
27222.0
25647.0
-224
-810
0.0
0.0
162
25445.0
165
165
26570.0
381
0.0
26570.0
25185.0
25185.0
270
535
216
700
0.27060270602706027
34
25325.0
25325.0
556
-320
0.0
24425.0
-453
-6
0.24958249582495826
0.24958249582495826
-350
-350
24958.0
-6
24621.0
0.0
171
-482
411
0.23565235652356523
0.23565235652356523
23565.0
-594
0.0
-77
21766.0
40
0.21726217262172623
-463
21245.0
0.0
431
-792
-634
22711.0
259
22191.0
22191.0
22191.0
330
22898.0
91
91
24785.0
24785.0
876
24844.0
23534.0
-726
23534.0
-726
-726
0.24260242602426024
-148
26599.0
458
26141.0
-25
26116.0
26573.0
26573.0
25156.0
25156.0
0.0
-981
-752
-752
24587.0
722
24970.0
0.0
-575
0.0
-945
-575
25365.0
-98
83
83
526
538
-414
-414
0.0
856
551
28128.0
656
656
0.2747254945098902
468
0.27880557611152224
876
-216
-503
27427.0
423
423
0.2613452269045381
518
-281
-822
-822
761
30
-803
-803
23511.0
-536
-536
0.0
-536
-386
48
0.0
0.0
0.0
-472
0.0
22586.0
0.0
-836
484
0.0
20359.0
219
219
19750.0
884
19183.0
19183.0
0.0
-354
884
18750.0
15920.0
-896
-896
0.0
465
351
17194.0
351
559
-983
-824
20174.0
20174.0
0.0
681
879
18328.0
-698
18805.0
105
979
571
17978.0
0.0
0.0
0.0
0.0
19489.0
19489.0
19489.0
19489.0
19489.0
20948.0
632
20948.0
0.0
20948.0
21235.0
148
148
857
514
514
0.1851418514185142
18514.0
980
-224
0.0
-877
197
0.0
17231.0
15242.0
15242.0
16513.0
18144.0
535
535
0.0
58
838
0.0
189
0.0
-38
0.0
21368.0
0.0
449
20455.0
0.0
1
18191.0
-56
406
18707.0
-56
823
20036.0
0.0
-657
450
823
18407.0
-142
0.18549556486694602
0.1977019770197702
-802
548
473
0.0
575
287
0.18917378347566952
0.18917378347566952
657
18917.0
-92
-92
18825.0
0.1882518825188252
400
-355
-355
18716.0
-7
0.18003180031800317
0.18003180031800317
18003.0
16618.0
151
726
17046.0
16443.0
0.0
0.0
-992
202
-992
-723
-975
-150
-150
13516.0
12408.0
0.0
626
13690.0
14529.0
0.0
14346.0
-333
-560
0.0
0.0
15949.0
509
509
0.0
-198
17140.0
-868
-868
-827
0.0
622
0.0
0.0
16739.0
-881
16858.0
0.0
-314
136
0.18043180431804318
375
-29
19012.0
0.0
0.0
0.0
894
0.0
37
337
634
905
0.0
0.0
869
-36
0.0
434
15861.0
0.0
0.0
788
0.0
0.0
0.0
16005.0
-674
-674
-674
13506.0
0.0
744
-965
14256.0
-430
779
-101
-101
669
669
0.13175263505270104
940
940
-732
337
337
0.0
661
661
943
943
12085.0
0.0
0.0
13631.0
439
13192.0
0.13192131921319214
13971.0
757
13224.0
-410
0.0
646
0.0
13289.0
94
13802.0
266
984
0.13057130571305714
89
0.0
13991.0
453
-256
14598.0
-350
-539
0.1494829896597932
-636
-636
14312.0
0.14312143121431214
-636
0.0
0.0
0.0
-983
15107.0
16669.0
0.0
16669.0
0.0
17051.0
-785
15139.0
0.0
-684
-176
-176
0.0
750
0.0
0.0
-287
-747
-747
0.15989159891598917
0.0
0.0
-419
0.0
0.0
0.0
16503.0
0.0
970
-25
0.0
18234.0
17901.0
0.0
0.0
0.0
-245
-245
16966.0
-769
0.17735177351773518
634
18034.0
0.0
-675
-645
16981.0
-645
17626.0
17626.0
-675
256
17392.0
256
16925.0
17211.0
18317.0
732
18317.0
732
-644
166
511
127
-681
-85
893
0.17450174501745017
-246
969
672
672
228
17574.0
20672.0
20672.0
0.0
0.0
895
19019.0
0.0
0.0
0.0
-758
-758
-758
0.0
945
21602.0
329
563
21273.0
-920
-920
82
0.0
0.0
799
22243.0
0.0
584
745
581
267
21002.0
0.2100242004840097
-711
0.0
20930.0
486
12
22313.0
-457
22313.0
969
910
0.0
26496.0
910
-886
0.25889258892588923
25889.0
375
336
0.25951259512595126
0.0
26871.0
-897
0.0
0.0
-296
27704.0
674
27030.0
63
63
25748.0
25748.0
-924
0.0
-924
0.24777247772477726
25519.0
0.0
25519.0
0.0
25519.0
742
491
26017.0
26017.0
316
26607.0
645
0.0
233
0.0
-252
776
-285
-320
26006.0
27134.0
-52
28573.0
0.0
536
30530.0
937
0.2959329593295933
0.2959329593295933
463
29593.0
463
0.29130582611652234
-810
-200
98
-220
0.2969529695296953
-82
27912.0
29140.0
29309.0
-408
0.0
-408
29851.0
30890.0
30890.0
270
0.0
858
-738
29945.0
-674
0.0
377
467
30065.0
0.0
-884
30202.0
87
110
110
-585
0.30283605672113445
699
699
29297.0
-748
395
30936.0
0.0
54
-515
0.2990029900299003
-693
876
28839.0
0.28839288392883927
985
30082.0
0.0
-921
27475.0
0.0
-251
0.0
29697.0
0.0
29697.0
29697.0
450
29697.0
450
571
27739.0
-937
23
23
30824.0
32136.0
486
486
31650.0
0.0
864
32514.0
33359.0
-690
0.0
-285
0.0
0.0
-717
114
33446.0
33446.0
0.0
33599.0
846
0.32753327533275334
859
30
-414
-783
31959.0
31959.0
0.0
33525.0
33525.0
0.0
-920
-386
-795
-77
973
973
33906.0
0.3390735629425177
870
-690
-690
33570.0
139
833
0.0
833
34997.0
0.0
603
982
-804
33810.0
-225
-225
-767
-354
-880
-634
-454
-880
34561.0
-354
-653
-653
-653
-264
941
380
380
34441.0
0.0
35157.0
35157.0
36173.0
0.0
641
-54
0.34652346523465233
998
0.3404534045340453
34045.0
34045.0
-356
-213
0.34258685173703474
176
34258.0
-7
-673
0.0
-768
168
-302
0.3123231232312323
-807
-807
961
32193.0
577
689
32372.0
32372.0
33978.0
0.0
-982
-852
32376.0
496
0.3287232872328723
496
0.0
0.0
472
-110
472
30765.0
0.0
522
0.0
-433
-91
297
0.3059530595305953
30437.0
820
439
0.0
30362.0
0.0
-207
0.3081730817308173
31796.0
554
-722
0.0
-722
-278
31763.0
0.0
-880
-880
0.0
650
342
-193
-553
0.0
458
29744.0
0.0
27570.0
26797.0
670
0.0
0.0
-64
29802.0
0.0
510
0.3039830398303983
0.0
0.0
932
-86
-86
0.0
34263.0
-953
-86
34713.0
35523.0
35274.0
-715
537
649
20
35340.0
35080.0
35089.0
33879.0
-638
-638
0.0
908
126
0.34433344333443333
34685.0
252
34685.0
0.0
232
0.34700347003470033
0.0
-324
35023.0
0.3502335023350234
0.0
725
-869
960
26
26
577
34621.0
-579
-579
-579
0.34575345753457537
0.0
668
34336.0
0.0
774
-939
-939
0.0
34257.0
-167
-939
0.3516635166351664
-197
35363.0
0.35363707274145484
35730.0
35734.0
159
159
159
-495
-40
0.35564355643556433
0.0
204
34247.0
0.0
52
0.0
0.0
-245
718
35338.0
31902.0
0.0
31741.0
67
32580.0
720
-634
0.0
34055.0
0.0
-573
33634.0
650
650
981
34036.0
34036.0
0.0
12
-502
590
-983
-148
-983
34650.0
-983
651
36725.0
-440
637
-224
637
35269.0
0.34546345463454636
710
0.34546345463454636
0.0
33347.0
636
33347.0
342
34594.0
-326
846
-879
0.0
297
0.0
508
723
0.36550365503655036
-953
0.36550365503655036
858
858
776
0.0
806
630
0.3668236682366824
114
180
-531
0.0
37800.0
-326
0.0
38338.0
38338.0
0.0
845
40374.0
40374.0
802
809
41872.0
41872.0
-449
-449
42321.0
905
0.4141682833656673
-519
873
0.40544216326489796
40543.0
40791.0
0.0
653
-234
39697.0
-852
534
-835
-835
39624.0
0.3962518875566267
-374
-131
0.3921478429568591
726
41673.0
-235
39518.0
-12
-657
-657
-657
-235
40096.0
-235
-449
0.40331403314033143
-195
40331.0
40331.0
39772.0
0.0
39772.0
0.0
41401.0
0.0
0.0
41401.0
42334.0
0.0
395
0.0
44427.0
-200
-200
0.0
-113
-200
-200
-200
0.43953439534395344
0.0
45187.0
45187.0
388
45187.0
43338.0
44482.0
-808
45355.0
172
-653
44530.0
-651
475
274
0.0
511
47985.0
-317
-317
715
715
715
49551.0
-321
-348
0.0
0.0
488
488
748
0.4873148731487315
99
99
47713.0
47713.0
0.0
99
-741
-822
48465.0
-99
0.4856497129942599
48564.0
0.0
-628
70
-628
-628
-628
0.47869957399147983
0.4755447554475545
-894
0.4944749447494475
-377
0.0
-377
-377
49070.0
292
0.0
0.0
0.0
471
0.0
0.0
0.0
305
0.0
48897.0
-910
989
-923
49693.0
0.0
-171
772
49185.0
-888
50073.0
50550.0
0.0
-939
-898
54123.0
-820
0.0
53757.0
53757.0
-249
-821
54023.0
0.0
494
55300.0
0.0
0.0
0.0
0.0
439
-654
-654
0.5382453824538246
0.5382453824538246
-942
52431.0
-847
-847
356
0.0
0.0
-406
-250
244
263
582
-943
0.5586355863558635
55835.0
0.0
0.0
56345.0
746
746
55919.0
0.0
55848.0
553
55669.0
0.0
0.0
-249
53331.0
0.0
455
455
0.0
455
455
0.0
0.0
0.0
55304.0
55304.0
-155
-574
465
-574
0.5620856208562086
-574
469
407
-383
56774.0
16
0.5677570327109813
622
0.5756457564575646
825
0.5703857038570386
57038.0
299
529
55492.0
0.0
-802
0.0
-917
809
-263
0.5640156401564016
57287.0
-138
56942.0
688
-138
0.5638756387563876
304
-138
689
55972.0
55972.0
0.5597311946238924
0.5597311946238924
55972.0
0.0
100
100
0.0
57716.0
-281
0.0
56635.0
-281
-281
0.0
915
915
-780
-780
56311.0
0.0
582
994
794
-269
755
587
89
0.0
472
665
60562.0
62108.0
0.0
-926
62666.0
0.6266662666626667
0.0
63227.0
63227.0
63227.0
0.0
63227.0
0.0
0.0
-593
64634.0
-452
499
-950
-950
67029.0
-544
68762.0
68762.0
68762.0
0.0
-124
257
257
257
896
70410.0
70410.0
0.7041070410704107
129
996
66520.0
0.0
66531.0
-318
65874.0
17
66909.0
17
17
893
-975
0.669760092802784
0.6612432248644973
66945.0
66945.0
822
-851
-851
0.6612432248644973
66123.0
65591.0
65172.0
0.0
215
867
726
726
259
259
64309.0
720
-854
0.0
-735
0.0
69650.0
0.0
-539
0.6836268362683627
0.0
67895.0
0.0
611
0.0
611
161
420
0.0
0.0
62517.0
-956
-651
89
0.0
61106.0
59634.0
-501
-534
-534
-615
68
68
68
59928.0
117
528
0.0
0.0
-716
-183
-716
58532.0
-908
880
741
71
741
0.5799015980319606
57989.0
-751
17
17
0.5788057880578806
-109
57880.0
353
57248.0
0.0
-320
56949.0
56949.0
0.0
57579.0
0.0
0.0
56903.0
0.0
256
55241.0
54776.0
54776.0
0.0
-874
418
-874
995
54043.0
-356
127
53667.0
53720.0
0.0
0.0
433
0.0
-162
0.0
-748
53427.0
901
0.0
-311
364
-7
668
0.0
55100.0
55100.0
909
-952
909
54748.0
55957.0
-36
0.5762257622576226
58200.0
0.0
0.0
58200.0
58200.0
-251
578
733
733
-583
-583
-583
-812
705
0.0
0.0
0.0
0.0
0.0
-748
60420.0
0.0
-888
0.0
60642.0
60642.0
988
0.5965459654596545
762
762
762
0.0
0.0
628
0.0
61105.0
-774
61217.0
194
63159.0
-697
-18
63177.0
0.6317826356527131
943
0.6239562395623957
-227
-142
62854.0
62235.0
-555
0.0
0.0
63634.0
-38
253
0.6276262762627626
62762.0
0.0
0.0
64637.0
64637.0
-735
590
0.6575665756657566
0.6575665756657566
0.0
644
207
-703
65314.0
72
64671.0
64671.0
557
64545.0
-347
-347
0.0
64545.0
844
64529.0
165
0.6436464364643646
63382.0
987
0.0
0.0
0.0
912
0.6409764097640976
65541.0
-223
0.0
-223
-223
236
812
953
236
0.0
646
-705
-705
0.6421564215642156
-705
53
53
53
64920.0
64920.0
821
-422
666
75
-476
993
62598.0
-303
-303
852
62162.0
37
-288
-288
59477.0
451
0.5785357853578535
57853.0
-777
0.0
0.0
-75
0.0
629
57821.0
56301.0
56394.0
542
0.0
0.0
-414
0.0
-414
-367
-367
59100.0
59100.0
58171.0
-316
-382
-382
853
-851
57849.0
57849.0
-382
-707
-382
-257
0.5849033961358454
-451
-847
-197
-197
0.5829274878246348
0.0
-51
200
-548
0.0
825
0.0
186
57342.0
0.0
57342.0
57342.0
-835
-770
0.5617856178561785
0.0
-883
-883
-883
0.0
0.0
0.0
0.0
0.0
-311
-223
0.0
-265
0.0
54726.0
-159
115
-985
791
791
712
55145.0
0.5514555145551455
0.0
82
0.0
53508.0
53508.0
-345
53850.0
0.0
60
0.0
60
-359
53775.0
-99
52275.0
0.0
52950.0
-174
-565
-550
53729.0
53729.0
53729.0
53729.0
432
0.0
0.0
0.0
0.0
101
0.5372053720537205
54479.0
55215.0
-125
-298
179
0.0
557
0.0
0.0
62053.0
640
0.0
-247
640
-234
61882.0
61882.0
0.0
59556.0
-581
0.0
337
59054.0
-76
0.0
0.0
59391.0
141
59851.0
-969
60676.0
0.0
0.0
0.0
59483.0
0.0
876
0.0
0.0
59387.0
0.0
64653.0
834
65290.0
0.0
-36
540
68160.0
0.6816068160681606
887
887
0.6816068160681606
515
0.0
0.0
-788
0.0
0.0
64801.0
-296
-296
0.0
580
-72
64481.0
63514.0
0.0
-278
64872.0
64872.0
288
66453.0
66453.0
0.0
265
426
-184
-843
0.6663733274665493
229
187
274
796
0.0
66127.0
66844.0
0.0
66844.0
0.0
70023.0
-390
0.0
67039.0
-121
67039.0
67039.0
0.0
712
0.0
67578.0
0.0
517
-700
790
0.0
68799.0
0.0
66152.0
0.0
0.0
66152.0
66152.0
-510
67550.0
888
-652
0.0
-514
-2
66788.0
-127
-127
-127
66699.0
-429
-429
-429
40
40
67584.0
240
397
67422.0
67422.0
67018.0
67018.0
63254.0
251
0.6240262402624026
-457
929
62985.0
750
0.0
356
440
589
-658
-658
974
-658
-658
-658
0.0
-303
189
66202.0
189
0.6601366013660137
0.6601366013660137
66013.0
-303
-894
72
0.6633732674653493
67016.0
0.0
-171
0.0
-32
235
0.6188561885618856
146
619
65066.0
64340.0
0.0
63855.0
-712
0.0
-978
-978
0.6466564665646657
65975.0
65651.0
-826
-826
0.0
65651.0
-826
-249
0.6672733454669093
194
0.6653399601988059
66136.0
-802
-802
0.0
-64
66913.0
0.0
-64
165
165
165
0.0
542
-700
-437
67058.0
0.0
-837
702
-450
65879.0
281
-489
65641.0
-446
0.0
-383
64257.0
-265
-960
-383
-551
0.6467394021820655
280
-551
-555
0.6285662856628567
217
62032.0
62300.0
268
783
-607
0.6203262032620326
61418.0
0.0
63068.0
0.0
0.0
62816.0
-769
343
63688.0
0.0
0.0
63858.0
-904
587
63410.0
311
0.6347063470634706
-619
0.6223262232622326
0.0
63042.0
327
685
430
62389.0
-415
658
988
0.6347990439713191
-677
-677
706
-270
63573.0
602
602
-474
-155
-270
0.6240462404624046
527
63076.0
0.0
440
64514.0
480
556
0.6403528070561412
654
64034.0
556
64034.0
0.6403528070561412
64034.0
556
0.6347990439713191
63478.0
193
11
9
390
390
0.6478864788647887
0.6478864788647887
390
0.6439928798575971
64398.0
0.6439928798575971
9
64398.0
63957.0
-441
-441
9
428
-757
0.6536765367653676
314
664
64389.0
0.0
-918
250
0.6616366163661637
67081.0
-499
67959.0
733
733
0.0
0.0
0.0
67617.0
-594
67947.0
0.0
-568
67947.0
-568
67928.0
-279
0.0
377
-989
-989
66186.0
66186.0
509
-220
65853.0
65853.0
-60
64303.0
-329
508
0.0
62339.0
683
61917.0
60497.0
165
0.0
957
957
0.0
58250.0
0.0
57956.0
0.0
58091.0
0.0
0.0
433
0.5877158771587716
58771.0
-530
59771.0
113
113
0.0
63368.0
63368.0
-486
-486
61999.0
-486
241
0.622452449048981
329
0.616142322846457
61994.0
0.0
-958
-958
62229.0
19
799
504
572
64899.0
64887.0
-104
65776.0
64419.0
0.0
0.0
64219.0
467
64243.0
-145
-145
0.0
-515
0.0
0.0
62506.0
-404
61961.0
0.0
61961.0
-59
0.0
0.0
60343.0
473
-605
60732.0
-457
-584
366
61771.0
747
-402
799
0.0
-661
62508.0
0.0
81
0.0
-399
603
64664.0
64664.0
-671
-179
253
63041.0
64716.0
0.0
90
0.0
63344.0
0.0
-736
-93
-93
0.0
0.0
-799
0.6288062880628806
-15
-342
62269.0
0.0
62313.0
62143.0
62494.0
62494.0
0.0
-944
0.0
0.0
510
510
64783.0
498
0.0
0.0
-311
67098.0
0.0
0.0
66881.0
0.0
-209
67324.0
67324.0
67324.0
-541
0.6885168851688517
-874
-951
-846
0.0
-979
0.0
0.0
69819.0
424
424
0.0
0.0
-764
405
-288
0.0
0.0
463
69222.0
69881.0
69881.0
-840
0.7072170721707217
68716.0
-196
545
68367.0
68367.0
618
68708.0
0.6870868708687087
68708.0
341
990
618
-401
-401
69277.0
69277.0
0.0
0.0
0.0
0.0
483
167
167
220
0.7254072540725407
464
72023.0
72023.0
0.0
568
-385
-385
424
0.0
424
363
-68
-67
-762
70706.0
949
-471
69286.0
-471
0.0
-3
0.0
70356.0
0.0
67297.0
-879
64554.0
0.0
779
0.0
213
0.6542465424654247
569
66149.0
-920
0.0
0.0
0.0
-941
593
833
-474
65779.0
0.0
66496.0
66496.0
717
717
903
66499.0
66499.0
602
0.0
0.0
66866.0
0.0
66866.0
66866.0
68647.0
68647.0
135
67838.0
172
69185.0
0.0
68496.0
-319
67576.0
0.6757667576675767
776
-732
0.6757667576675767
69295.0
0.0
301
74477.0
-666
76278.0
0.0
931
931
931
0.0
0.0
188
0.7479074790747907
-886
-345
0.7424974249742498
74249.0
-212
-165
0.0
73390.0
-137
0.0
0.0
-839
875
-839
73103.0
148
202
853
-332
75000.0
515
76254.0
515
0.0
-671
78096.0
0.7809678096780968
-824
80256.0
-615
-615
187
-999
-999
0.8013280132801328
0.0
532
532
0.0
81266.0
95
0.0
511
0.0
762
0.0
79618.0
323
-133
-133
79243.0
-155
82216.0
-472
-155
82843.0
575
0.8308183081830818
0.8308183081830818
82599.0
0.0
253
0.0
-168
-213
423
90756.0
795
-334
0.0
-604
383
0.8887788877888779
88877.0
-147
-147
886
886
89069.0
88899.0
353
87583.0
0.0
86339.0
86339.0
0.0
85859.0
967
0.0
0.0
0.0
-55
80
519
-783
545
0.8764087640876409
87211.0
-719
-719
-250
-203
622
87875.0
782
0.0
-113
-113
-836
285
0.8800588005880059
97
88102.0
97
285
88005.0
285
88005.0
0.0
88824.0
0.0
-862
405
0.0
-33
35
35
-565
0.0
-458
689
-775
-775
84010.0
979
-467
-927
86929.0
0.0
-573
86929.0
-305
658
-546
-546
757
85554.0
0.0
0.0
87114.0
0.0
0.0
90217.0
0.0
515
754
89974.0
89949.0
89949.0
-25
352
880
89880.0
704
91052.0
0.0
571
704
704
90505.0
606
606
553
-61
21
-846
-486
466
737
0.0
89836.0
737
89099.0
643
0.8909989099890999
643
0.8909989099890999
643
321
643
0.8909989099890999
90038.0
0.0
-259
88688.0
-381
940
87716.0
-721
-721
0.0
0.0
-870
-870
0.8885688856888568
0.8885688856888568
579
20
87976.0
0.879777595551911
169
88145.0
88871.0
700
87342.0
-250
-250
0.0
-197
896
23
0.8810488104881049
88104.0
23
-776
0.8734887348873489
0.8734887348873489
0.8734887348873489
0.8734887348873489
87522.0
0.0
0.0
-688
774
-111
88945.0
-111
88945.0
0.0
-514
90282.0
518
518
365
406
0.0
90547.0
-180
90976.0
90976.0
31
0.0
215
40
0.0
326
326
90814.0
90573.0
-113
0.0
-113
90918.0
424
91227.0
0.9122791227912279
26
730
730
0.0
-227
-285
0.0
92816.0
-97
342
0.9257285145702914
2
0.0
203
92806.0
0.0
91401.0
0.0
-546
91947.0
-253
-57
92263.0
-535
0.0
0.0
0.0
0.0
-902
93083.0
-507
0.9384893848938489
-652
0.0
91063.0
-160
91223.0
0.0
947
76
-359
90156.0
0.0
-843
-359
-773
-773
-773
0.0
0.0
703
88808.0
88808.0
-844
-274
89560.0
-422
0.0
42
0.0
734
88280.0
89049.0
660
-642
-771
88573.0
0.0
0.0
615
0.8864688646886469
90813.0
0.0
0.0
-763
91692.0
193
92378.0
0.0
584
877
288
642
-307
-965
0.0
274
87948.0
-707
88610.0
-707
-577
202
0.8988989889898898
-745
91526.0
91526.0
91732.0
-211
-533
91569.0
-918
602
0.9031390313903139
0.9031390313903139
91995.0
115
-95
-95
475
737
-427
0.9174791747917479
708
90888.0
90888.0
0.0
90888.0
-120
91008.0
91008.0
22
91030.0
-263
91731.0
0.0
91060.0
-475
-531
26
93254.0
93254.0
93254.0
212
324
92566.0
92566.0
359
0.9220884417688354
378
0.9258592585925859
92585.0
378
92585.0
-274
0.9258592585925859
-715
92815.0
-609
-900
547
0.942569425694257
0.0
151
0.0
0.0
0.0
88915.0
-293
0.0
0.0
-396
89209.0
-396
-396
0.8960589605896059
-416
-817
90422.0
0.0
-500
842
0.9178591785917859
91785.0
460
979
-504
0.0
915
366
94455.0
95910.0
-325
96137.0
209
817
-885
-885
-584
-584
95251.0
-676
0.0
-302
92612.0
-302
-676
-256
93590.0
93907.0
737
696
-596
110
-191
-191
94391.0
93267.0
-930
93811.0
-77
0.0
95063.0
-77
2
-366
93838.0
0.0
-664
-325
-325
-325
-812
0.0
449
-457
93694.0
-457
-457
-457
0.0
-577
-577
0.0
-355
369
0.9498889977799556
0.9498889977799556
94987.0
0.950729507295073
94634.0
95317.0
294
94720.0
94720.0
94720.0
-178
95653.0
737
-181
0.0
747
274
95353.0
95353.0
-884
-338
0.9494694946949469
94946.0
-338
0.0
-474
40
89856.0
-697
0.9055390553905539
0.0
0.0
0.0
89562.0
148
-291
213
0.0
0.0
-665
742
14
0.0
-821
-821
164
164
92868.0
92868.0
333
333
164
-414
0.0
379
94478.0
0.0
617
-427
-427
0.9322393223932239
-528
756
0.9322393223932239
95084.0
-271
344
-271
-271
95732.0
94995.0
0.0
-856
93490.0
93490.0
0.0
-856
11
92034.0
911
0.0
114
0.0
89875.0
-274
-274
-41
-41
268
704
931
931
-893
-893
0.0
0.0
-399
-389
-86
0.9205792057920579
727
-344
0.9133182663653273
-344
0.9109991099910999
-714
91099.0
0.0
92388.0
120
0.0
-80
0.0
95160.0
95398.0
33
0.0
-614
-507
0.0
94617.0
952
631
631
0.0
-837
97262.0
0.0
-341
-341
0.0
0.0
-49
96595.0
-49
-49
-487
-811
649
0.0
97124.0
0.0
0.0
-426
97308.0
-653
97653.0
430
-990
610
777
404
-801
97675.0
-189
97486.0
97486.0
-558
-558
-575
0.0
93800.0
-575
531
531
531
531
531
531
-959
0.0
0.0
-959
-273
94358.0
-737
94358.0
-577
790
0.9572595725957259
-879
94852.0
0.0
0.0
385
-620
-697
94399.0
0.0
0.0
94774.0
0.0
173
94601.0
0.9460194601946019
564
564
564
100
94466.0
43
783
-66
93638.0
-788
93983.0
0.0
0.0
0.0
0.0
93388.0
-265
-409
91638.0
-421
90606.0
-425
632
-9
91109.0
-153
29
0.0
29
421
421
0.0
93305.0
0.0
-845
-845
91977.0
92582.0
-686
345
91637.0
-686
942
92579.0
942
91267.0
-971
90488.0
90488.0
-594
-736
90278.0
90278.0
-736
660
-41
91139.0
-41
-41
-899
0.0
997
963
602
766
0.8976479529590592
0.0
88638.0
153
655
655
153
-203
763
0.0
0.0
-258
218
0.0
89048.0
-741
835
0.8645986459864599
0.8645986459864599
-484
-484
103
103
0.0
88177.0
0.0
0.0
0.0
922
89927.0
89927.0
89927.0
90821.0
90821.0
90821.0
90821.0
894
-317
0.0
-317
-317
495
-268
179
91
711
0.8943878877577551
-940
-940
0.8882488824888249
88622.0
0.0
90362.0
0.0
0.0
-864
-974
166
917
253
0.0
253
416
91559.0
917
90642.0
-441
0.9031290312903129
90825.0
-656
-650
478
915
94594.0
96020.0
0.0
0.0
94478.0
0.0
0.0
-518
0.928289282892829
-729
-881
91451.0
-403
-403
0.0
219
-652
219
633
0.890596717901537
0.8821076421528431
0.8821076421528431
-303
0.8790687906879069
401
0.8827288272882728
616
616
0.0
88406.0
195
-952
0.8916478329566592
0.8896288962889629
0.8896288962889629
0.0
362
88278.0
128
366
90849.0
0.0
90740.0
90996.0
0.0
90613.0
-404
-396
90912.0
-366
92109.0
92109.0
361
0.9210992109921099
0.9210992109921099
361
91748.0
409
0.9268392683926839
540
301
301
93294.0
476
0.939349393493935
0.939349393493935
0.0
910
301
0.0
0.0
-190
668
-300
668
0.0
105
95121.0
-283
611
259
105
94417.0
94417.0
682
0.9373781213436403
614
94349.0
-944
0.0
570
0.0
92580.0
92580.0
0.0
0.0
0.0
101
0.0
92614.0
-195
-22
-963
93502.0
0.0
0.0
0.0
782
-258
-799
0.0
94962.0
-293
-730
0.0
98642.0
857
0.0
191
-11
944
98849.0
-88
0.981339813398134
81
-786
0.0
94843.0
547
-870
95860.0
95860.0
96529.0
96361.0
61
780
-465
787
95557.0
500
-700
402
402
0.937109371093711
94215.0
656
656
0.951489514895149
95148.0
95898.0
750
94425.0
94793.0
141
562
-281
0.956709567095671
94399.0
-984
94056.0
94056.0
-411
-411
-599
-984
94430.0
-263
0.946939469394694
600
600
600
93931.0
-921
-494
0.0
102
0.9324793247932479
144
-796
144
-944
0.934659346593466
92967.0
93458.0
0.0
-99
710
439
-209
96218.0
94712.0
-444
-250
95156.0
95156.0
94368.0
0.0
0.0
0.0
0.0
96132.0
-795
95071.0
96370.0
515
978
-646
375
-213
297
730
0.0
0.0
-557
93969.0
340
0.0
-440
0.0
-918
634
0.969729697296973
596
0.9680596805968059
0.9680596805968059
429
-960
-960
98899.0
100635.0
0.0
0.0
-722
100435.0
-984
100435.0
824
240
0.0
-74
-825
240
-984
-722
1.0093403736149447
872
709
985
0.0
414
1.028030280302803
-748
-748
1.028030280302803
0.0
-668
0.0
16
0.0
-659
101750.0
101017.0
-89
0.0
96000.0
-390
96390.0
95748.0
95748.0
95748.0
95748.0
-903
-373
0.0
95855.0
-409
791
0.0
94913.0
93615.0
0.0
98538.0
97658.0
-326
-326
99309.0
395
0.0
0.0
252
-151
-40
102308.0
0.0
0.0
437
100642.0
513
-733
100029.0
-100
0.987629876298763
262
294
98206.0
0.9820894626838805
-572
100849.0
83
652
652
102043.0
0.0
-165
102738.0
430
430
-946
102584.0
102584.0
-350
281
0.0
100136.0
195
99941.0
-389
138
0.0
-281
100504.0
474
800
-12
-12
-898
100794.0
342
-921
99346.0
0.0
0.0
99010.0
-676
98080.0
98080.0
98543.0
900
0.976439764397644
685
585
0.0
0.0
-337
98867.0
499
349
851
193
-823
578
100809.0
0.0
19
102313.0
643
477
0.0
104000.0
0.0
103815.0
0.0
478
478
0.0
102066.0
0.0
101273.0
0.0
0.0
97397.0
0.0
-782
201
0.98179981799818
387
201
201
0.9797995959919198
205
-91
16
16
99572.0
264
264
261
254
895
0.0
-868
-932
148
98895.0
0.0
502
0.0
502
0.0
502
-29
0.0
304
304
243
0.0
885
825
825
117
720
0.0
97080.0
97080.0
0.0
643
-714
0.0
98577.0
773
43
42
98437.0
42
417
883
554
99341.0
0.0
264
0.990779907799078
99077.0
-226
0.0
-330
-330
-918
-918
0.0
-183
97023.0
0.970239702397024
-694
-694
-694
0.0
51
338
51
51
51
51
0.0
95824.0
982
0.0
98277.0
98984.0
-217
99097.0
99097.0
0.0
0.0
526
100374.0
-940
-940
102386.0
64
0.0
0.0
0.0
0.0
100316.0
0.0
-833
-422
0.0
0.0
571
349
101402.0
101927.0
0.0
101927.0
4
4
4
-417
-724
0.0
977
101268.0
353
1.0091701834036682
-433
726
0.0
-420
210
404
105085.0
105085.0
105376.0
0.0
0.0
-14
104961.0
-710
-21
1.0538610772215444
244
845
0.0
104073.0
0.0
-566
105036.0
0.0
105673.0
636
1.050380503805038
1.050380503805038
-97
-295
0.0
0.0
-537
104861.0
-189
-938
-392
0.0
0.0
0.0
532
0.0
0.0
-407
-6
-938
333
333
0.0
103468.0
-15
718
418
103461.0
16
101427.0
100637.0
100022.0
0.0
-261
-261
81
99904.0
615
99645.0
0.0
-998
-998
0.0
0.0
-798
99319.0
-327
217
73
548
-13
-13
-13
0.0
-13
0.0
99161.0
-928
-231
212
98674.0
99562.0
0.0
-914
0.0
651
0.0
127
-375
171
171
171
171
590
171
998
0.993909939099391
-501
171
0.993909939099391
99087.0
0.0
0.0
-492
0.0
100955.0
-131
-131
-64
359
101500.0
802
802
-920
278
99116.0
-720
98605.0
-511
0.0
0.0
-511
-743
0.0
-450
0.988959889598896
0.0
0.0
99752.0
99752.0
0.0
103180.0
0.0
355
834
834
346
34
104247.0
0.0
253
0.0
253
-51
0.0
104648.0
0.0
102833.0
102833.0
474
474
103781.0
-330
103272.0
-738
0.0
0.0
-674
1.0342903429034291
1.0342903429034291
647
1.0342903429034291
103428.0
995
-95
104062.0
104913.0
-336
105699.0
105699.0
955
105249.0
-66
-66
-66
102519.0
-730
102695.0
-229
1.0219202192021921
1.0219202192021921
102191.0
0.0
102014.0
-177
0.0
0.0
251
871
871
0.0
0.0
0.0
103828.0
-771
0.0
0.0
265
232
-12
104622.0
0.0
729
0.0
0.0
104646.0
0.0
-377
-435
-435
104658.0
104658.0
-930
45
979
0.0
0.0
979
105238.0
-76
-381
-381
0.0
0.0
576
800
105798.0
106735.0
818
-177
-177
-583
-583
-583
-942
104361.0
-942
-908
0.0
621
-583
1.0588811776235525
331
105906.0
-236
0.0
0.0
-360
891
0.0
107137.0
-959
105611.0
105611.0
-839
107853.0
0.0
0.0
0.0
-210
107697.0
244
640
211
-770
-376
1.0570911418228364
-377
1.0608718261547847
-432
-432
991
991
1.0707707077070772
1
-230
107004.0
0.0
718
106723.0
-391
480
116
394
243
-605
104531.0
932
1.0453204532045322
-605
-52
-86
-952
103054.0
539
-721
400
105050.0
0.0
0.0
278
105947.0
310
310
0.0
-853
613
613
341
107067.0
734
0.0
-526
106195.0
-783
104865.0
-218
105077.0
808
106255.0
106255.0
0.0
0.0
0.0
107225.0
301
866
107642.0
107642.0
106727.0
183
-11
-610
1.0665706657066572
-733
407
0.0
0.0
0.0
104867.0
-231
-231
0.0
103075.0
317
0.0
394
688
-307
698
698
698
698
0.99554991099822
-619
99553.0
-989
97433.0
-26
0.0
0.0
-19
0.983329833298333
0.983329833298333
-26
654
57
98992.0
0.0
-706
98135.0
94824.0
942
94130.0
-782
95752.0
668
97562.0
824
0.0
99344.0
-322
557
0.987119871198712
98711.0
592
0.9812096241924838
98119.0
0.9812096241924838
0.9812096241924838
98122.0
98122.0
0.981229812298123
99179.0
0.0
118
-444
99133.0
0.0
100183.0
770
770
770
206
206
-519
103738.0
103738.0
-303
104468.0
427
464
464
103577.0
103577.0
1.042830428304283
705
1.040430404304043
-151
0.0
0.0
105845.0
105845.0
105845.0
950
0.0
-352
599
713
105499.0
105499.0
713
713
105773.0
105773.0
-720
105525.0
0.0
603
603
-859
-859
498
-576
1.042550425504255
1.042550425504255
104254.0
859
-576
415
105770.0
0.0
525
525
0.0
0.0
-197
0.0
105397.0
105397.0
247
105254.0
0.0
-450
-450
-450
0.0
0.0
838
-450
104889.0
-474
-450
1.0581511630232605
-298
557
107917.0
-524
714
714
21
-996
-996
-350
-716
0.0
111184.0
57
57
0.0
112009.0
112009.0
918
918
0.0
-57
112663.0
911
-561
-119
731
109229.0
0.0
110357.0
-947
0.0
-947
109703.0
580
580
0.0
110578.0
110578.0
269
0.0
868
-139
110245.0
111389.0
109575.0
0.0
-502
0.0
109575.0
-502
22
110099.0
0.0
41
108658.0
0.0
41
-58
108675.0
109188.0
109188.0
249
249
249
0.0
0.0
-789
112334.0
296
0.0
113249.0
0.0
906
-809
112827.0
113048.0
113048.0
113048.0
113609.0
0.0
0.0
111872.0
111316.0
-554
-554
111870.0
1.1187111871118711
111870.0
-787
24
-288
-282
-883
820
1.1027710277102771
109291.0
437
240
240
109731.0
0.0
109731.0
-167
0.0
-735
-167
1.099590995909959
-834
109124.0
0.0
-367
0.0
0.0
0.0
-547
-231
110073.0
-954
-954
108889.0
0.0
753
-398
-290
-342
107621.0
-585
0.0
-585
0.0
713
-589
698
-806
464
0.0
-242
104144.0
-357
-357
105267.0
105267.0
0.0
104708.0
102568.0
-82
0.0
-82
-82
1.026510265102651
1.026510265102651
-696
102650.0
-696
0.0
202
129
-649
-560
102786.0
-420
280
102870.0
-411
242
102317.0
101874.0
554
0.0
101980.0
-950
-966
530
1.022540225402254
530
-759
0.0
-680
71
-304
-304
1.0301306026120522
103011.0
-902
-474
-298
-895
202
104589.0
104589.0
104539.0
-50
1.0454109082181644
104539.0
-50
1.0454109082181644
1.0454109082181644
-50
-50
708
105069.0
176
-953
-743
1.049150491504915
229
104337.0
103720.0
-369
-479
1.04090040900409
266
0.0
-338
843
652
0.0
0.0
107128.0
321
106807.0
787
106807.0
106357.0
104657.0
0.0
104657.0
104657.0
-831
-109
0.0
103877.0
-586
100493.0
743
103010.0
-236
-136
-136
-136
-14
845
871
0.0
0.0
0.0
103670.0
-182
225
103852.0
519
519
0.0
519
176
176
103852.0
-304
163
163
106319.0
1.06320063200632
351
351
351
1.06320063200632
332
94
184
-813
-611
-184
0.0
0.0
110002.0
990
95
0.0
109436.0
0.0
0.0
0.0
146
422
0.0
106159.0
106159.0
86
661
1.0526610532210645
105264.0
1.0526610532210645
105264.0
1.0526610532210645
978
105917.0
0.0
197
188
0.0
0.0
-183
-183
1.066650666506665
895
-137
774
108203.0
108203.0
0.0
694
109363.0
624
582
-322
-561
108713.0
-467
1.091810918109181
0.0
109210.0
0.0
109210.0
873
1.0833808338083382
1.0833808338083382
108337.0
108337.0
108985.0
-516
-516
109975.0
949
949
0.0
0.0
97
107800.0
155
1.0727007270072701
107698.0
0.0
932
0.0
932
1.0845608456084561
1.0845608456084561
-430
0.0
0.0
647
192
192
-101
192
34
949
-669
109961.0
-79
110382.0
511
0.0
109898.0
523
110788.0
111113.0
-220
111333.0
111369.0
0.0
111369.0
-621
-621
0.0
109679.0
0.0
116
-791
110354.0
1.103562071241425
-651
0.0
110944.0
-352
-352
619
0.0
0.0
110566.0
110566.0
-152
0.0
592
-924
111393.0
111393.0
111393.0
110826.0
0.0
6
-665
-665
0.0
61
110307.0
449
449
1.098590985909859
201
109274.0
-833
0.0
426
976
0.0
114195.0
-985
115180.0
-233
114370.0
0.0
-842
-76
186
-376
114302.0
-376
114095.0
-504
633
1.147971479714797
-513
538
114697.0
-860
708
708
60
114211.0
453
0.0
0.0
114801.0
755
114801.0
0.0
0.0
0.0
0.0
-49
0.0
0.0
114569.0
533
114569.0
115135.0
115232.0
115232.0
-397
717
114468.0
-1
996
114001.0
-413
996
113418.0
113418.0
113418.0
-635
-475
0.0
-296
-827
0.0
0.0
318
203
490
1.148321483214832
971
758
114831.0
-711
-43
114840.0
0.0
114840.0
114840.0
-997
116540.0
116988.0
118875.0
-214
119859.0
0.0
120117.0
-304
-660
120743.0
120743.0
120743.0
120545.0
-132
447
121089.0
118837.0
118837.0
641
641
0.0
0.0
-654
1.1912019120191202
1.1912019120191202
1.1912019120191202
-792
119587.0
120433.0
-539
987
-45
118883.0
1.1888537770755414
1.1888537770755414
-45
0.0
119826.0
0.0
545
0.0
122297.0
0.0
122991.0
123976.0
124963.0
0.0
616
532
-496
-173
124306.0
0.0
0.0
-789
739
-30
0.0
333
126018.0
0.0
127736.0
0.0
128566.0
0.0
128888.0
728
127832.0
-214
0.0
458
-214
-214
1.2876628766287663
-905
128398.0
-827
1.2837828378283782
128377.0
41
211
1.2804028040280402
0.0
-707
335
0.0
0.0
-409
-251
-251
-280
739
283
129622.0
129622.0
0.0
-155
-953
216
130181.0
128369.0
-963
-963
-339
129200.0
35
-132
1.2918929189291892
129188.0
-189
1.2809728097280972
623
-24
-407
0.0
331
127289.0
127289.0
0.0
0.0
493
397
397
127974.0
666
0.0
-748
-748
0.0
0.0
955
874
0.0
0.0
0.0
0.0
103
537
-38
1.271045420908418
127890.0
871
788
1.271045420908418
-38
-205
0.0
0.0
-418
-209
-209
129195.0
1.2919629196291962
129195.0
0.0
417
0.0
-245
128820.0
-11
128261.0
0.0
128397.0
0.0
-906
-906
-424
1.2763227632276324
-105
127736.0
1.2773855477109541
-906
-34
-687
-851
0.0
-851
-33
127819.0
61
128096.0
277
894
277
127546.0
-935
0.0
125072.0
126171.0
126171.0
750
1.2542225422254223
1.2542225422254223
-895
0.0
0.0
130
413
1.2559525595255951
0.0
127120.0
326
326
326
-856
373
-814
0.0
808
0.0
0.0
493
122147.0
272
272
272
-174
0.0
695
-823
118127.0
-673
119645.0
264
-714
0.0
120165.0
0.0
0.0
120165.0
-234
0.0
53
0.0
117542.0
382
382
0.0
119840.0
119840.0
119840.0
-449
382
382
119907.0
119094.0
118417.0
118417.0
-677
241
0.0
712
121467.0
0.0
121467.0
-903
585
-903
122352.0
-952
1.2140121401214012
121400.0
121193.0
0.0
0.0
389
0.0
0.0
0.0
-714
119361.0
119361.0
119361.0
-714
935
-574
1.1914238284765695
119140.0
119140.0
-869
0.0
0.0
-869
0.0
119813.0
0.0
120325.0
170
118872.0
-556
-72
119518.0
119518.0
0.0
120026.0
120026.0
118305.0
475
120790.0
120790.0
120790.0
121107.0
0.0
0.0
739
121015.0
-276
21
562
120084.0
888
-454
800
121064.0
716
0.0
608
493
493
123134.0
-480
123614.0
1.236164723294466
123614.0
716
-909
356
356
417
-909
1.245244904898098
0.0
-676
-213
785
1.2520025200252003
0.0
260
125199.0
158
-72
125674.0
-72
-72
-718
127805.0
0.0
128270.0
129115.0
129115.0
129307.0
0.0
129307.0
0.0
-354
-669
-669
128839.0
-354
-616
129193.0
-463
-685
-685
720
0.0
127135.0
127135.0
328
328
-318
-318
233
288
506
-63
587
131317.0
0.0
131317.0
616
656
-909
-152
130540.0
130540.0
1.3054130541305413
130540.0
-909
-303
-464
132216.0
0.0
132487.0
0.0
-305
130562.0
0.0
0.0
-101
1.3061730617306173
881
-703
0.0
129478.0
130368.0
0.0
130368.0
-69
365
-69
0.0
154
154
1.3008230082300822
1.3008230082300822
130081.0
1.3008230082300822
130598.0
130598.0
895
0.0
0.0
624
568
49
716
131833.0
963
1.3254132541325414
-98
-72
132540.0
1.3254132541325414
-334
133096.0
133096.0
133096.0
0.0
0.0
0.0
-224
961
133361.0
-496
0.0
0.0
135537.0
-362
1.3590035900359003
305
134751.0
0.0
-64
246
556
1.3498504955148654
134981.0
-933
133460.0
1.3346133461334613
133460.0
1.3346133461334613
133737.0
277
1.3346133461334613
-933
-588
550
1.3570671413428268
1.3646036460364603
1.3646036460364603
755
591
0.0
0.0
0.0
134791.0
639
61
639
639
-903
321
1.3398133981339813
-545
134525.0
134525.0
645
-495
135813.0
135813.0
0.0
135121.0
-521
1.3505035050350505
0.0
133076.0
-146
-627
133557.0
-627
-90
-97
1.3408834088340884
-397
1.3408834088340884
136554.0
909
0.0
-106
-260
-219
-219
-219
94
-219
0.0
-693
-356
783
1.3494169883397669
739
0.0
-308
27
0.0
0.0
-694
252
0.0
135349.0
-939
136411.0
136745.0
0.0
-620
-620
-253
-620
135945.0
220
220
220
136451.0
0.0
-308
1.3539335393353933
0.0
0.0
0.0
281
135280.0
889
52
135662.0
0.0
-336
0.0
0.0
133172.0
0.0
0.0
249
0.0
134593.0
-723
-723
-723
0.0
347
0.0
347
0.0
135932.0
38
67
-80
134112.0
847
847
134055.0
847
0.0
134574.0
80
134963.0
158
135396.0
668
-808
196
135097.0
924
136176.0
99
-734
354
0.0
0.0
0.0
449
-572
1.3568635686356865
-572
-343
1.3595135951359514
135950.0
-307
1.362597251945039
887
1.362597251945039
-142
1.369227384547691
521
946
137082.0
137082.0
0.0
136901.0
0.0
433
-541
0.0
136846.0
0.0
138830.0
-311
-709
952
1.3415734157341574
923
-709
134865.0
219
219
53
-161
9
839
137276.0
928
0.0
-827
834
0.0
0.0
0.0
-459
137276.0
-459
876
1.3653636536365363
-926
-926
137461.0
140154.0
286
139868.0
139868.0
-761
962
-744
0.0
299
-313
1.3929839298392983
217
139297.0
217
-744
-399
140223.0
140223.0
1.4022860914436577
140223.0
1.4022860914436577
1.4022860914436577
140640.0
141217.0
577
143233.0
672
0.0
-928
1.4363643636436365
800
146160.0
0.0
205
-444
54
-468
0.0
-198
141564.0
141564.0
0.0
0.0
141295.0
0.0
468
0.0
459
468
84
1.402128042560851
1.402128042560851
955
144
144
610
610
959
138621.0
1.3862238622386225
151
0.0
-712
-712
-141
0.0
586
-406
138203.0
-479
-479
0.0
-368
1.3855038550385503
0.0
137718.0
-831
355
465
139140.0
139140.0
108
-23
1.4012840128401285
0.0
141084.0
0.0
140366.0
-284
139833.0
-294
-294
139833.0
-400
-400
-400
139787.0
-46
-46
139867.0
34
0.0
139742.0
138828.0
0.0
139195.0
0.0
0.0
467
1.3973339733397334
0.0
138831.0
-527
-30
0.0
3
138482.0
19
3
3
1.3888438884388843
138883.0
1.3888438884388843
138883.0
234
139019.0
234
0.0
-555
134095.0
134095.0
-712
-532
199
-235
135865.0
820
0.0
-124
134982.0
0.0
132609.0
544
1.3158631586315863
132555.0
0.0
301
1.3438034380343804
0.0
134607.0
-373
0.0
-918
-918
131330.0
775
775
132312.0
-99
0.0
208
-104
-104
-206
573
576
1.3494734947349474
576
-104
-686
-686
134474.0
134474.0
1.3363267265345307
172
1.3521235212352123
673
1.3521235212352123
135211.0
1.3521235212352123
135211.0
247
155
974
0.0
134469.0
134469.0
0.0
974
78
-784
-784
961
130695.0
130204.0
130204.0
0.0
128554.0
128554.0
0.0
128554.0
-100
-100
127621.0
-126
633
-311
1.2961429614296143
754
0.0
811
131316.0
130366.0
130366.0
130366.0
943
130884.0
1.3088530885308853
12
130182.0
-15
950
852
465
351
135742.0
135742.0
0.0
772
-504
-504
135532.0
0.0
135532.0
400
134510.0
-164
-164
-592
968
134795.0
134795.0
-343
1.3630536305363055
135797.0
135797.0
0.0
137563.0
688
688
-923
0.0
-216
0.0
138066.0
138618.0
987
155
140723.0
0.0
0.0
662
-61
238
0.0
-215
140125.0
141236.0
733
968
968
139535.0
689
689
138733.0
91
138733.0
0.0
137556.0
0.0
136367.0
0.0
-191
-961
-961
1.3770437704377043
-191
343
0.0
-506
834
-876
1.388777775555511
1.3878438784387843
0.0
649
0.0
649
-838
-838
1.3799437994379944
-358
423
138984.0
633
1.383537670753415
158
138365.0
137105.0
0.0
135911.0
-12
-999
-600
1.3425368507370148
-600
134851.0
1.3554971099421989
696
134370.0
0.0
0.0
0.0
0.0
0.0
-752
-181
-112
440
0.0
135288.0
-224
0.0
710
-568
136272.0
136272.0
137
0.0
0.0
604
136348.0
135646.0
-739
411
912
-602
0.0
-248
896
1.3601236012360123
-204
1.3709137091370913
854
0.0
-132
-376
-879
0.0
-140
327
14
528
-986
134806.0
436
436
134370.0
286
135469.0
0.0
804
804
0.0
134348.0
549
133799.0
-901
676
-326
133073.0
129
134069.0
507
264
133298.0
-644
-644
-644
-326
1.342733709348374
-367
-691
134033.0
134033.0
134033.0
-645
136235.0
0.0
136235.0
-830
0.0
138334.0
419
137915.0
347
-830
-688
0.0
101
0.0
0.0
-660
665
665
-132
139574.0
96
-972
138338.0
996
-840
1.3767837678376784
137677.0
-165
-763
135204.0
-763
0.0
804
0.0
134672.0
187
133719.0
-514
126801.0
-422
0.0
127083.0
0.0
0.0
127083.0
560
126620.0
-961
126133.0
126133.0
-463
-331
-463
-368
126671.0
0.0
-774
127211.0
127211.0
0.0
11
11
39
-814
127878.0
595
580
0.0
328
-24
-24
125902.0
0.0
-906
70
70
617
617
131110.0
91
1.3102031020310203
0.0
-136
-18
0.0
-880
0.0
0.0
472
448
448
132995.0
132486.0
132486.0
131506.0
127918.0
0.0
127918.0
127498.0
-628
776
128637.0
128637.0
131238.0
-447
1.3168631686316863
131685.0
-353
131685.0
934
132040.0
-378
131332.0
0.0
958
958
958
-489
-489
0.0
-276
1.3267732677326773
59
59
59
132617.0
1.3281032810328104
867
0.0
135259.0
135259.0
577
1.3468334683346834
136270.0
215
136662.0
607
0.0
136662.0
136245.0
-463
1.3491734917349174
-536
682
0.0
0.0
-402
135764.0
0.0
-648
0.0
135277.0
-797
50
136074.0
50
43
1.360267205344107
43
43
-370
137145.0
791
676
470
0.0
0.0
98
0.0
-35
-404
560
134421.0
134688.0
134688.0
-340
-576
0.0
-131
-131
-131
1.3416234162341623
789
134161.0
-370
133791.0
132288.0
-280
-280
-280
21
0
0
888
130821.0
8
131031.0
131031.0
-873
8
279
-366
0.0
131690.0
0.0
801
1.3175731757317573
131756.0
-727
-111
-662
0.0
0.0
-407
0.0
129600.0
-723
0.0
36
36
117
132501.0
-210
-269
0.0
684
0.0
129337.0
-927
-834
128899.0
1.2890028900289003
830
0.0
131503.0
0.0
399
131567.0
-929
130800.0
0.0
0.0
0.0
-318
-700
132297.0
582
-700
-700
74
714
132415.0
224
132191.0
-329
1.3234332343323434
0.0
14
14
0.0
184
131954.0
0.0
310
1.3369333693336933
-309
58
-804
-998
131095.0
-423
0.0
-423
1.3126831268312684
131628.0
-916
130439.0
-916
0.0
-545
-197
131775.0
309
133459.0
133604.0
71
-692
606
0.0
-595
1.3228032280322803
132279.0
606
1.3167563351267024
32
131673.0
972
-827
-832
-417
131830.0
0.0
571
-77
1.3218832188321883
1.3218832188321883
842
842
842
133674.0
91
133266.0
133108.0
-168
133134.0
-863
471
-447
58
134098.0
-267
134365.0
0.0
666
591
134609.0
134609.0
133958.0
0.0
266
864
0.0
0.0
139837.0
0.0
50
139837.0
139837.0
138308.0
0.0
123
138901.0
0.0
-572
139281.0
-572
139853.0
123
1.3985439854398545
1.3985439854398545
123
123
140011.0
1.4001240012400125
281
949
-331
139697.0
-990
-990
0.0
138041.0
0.0
-75
-547
-837
682
437
137345.0
78
78
1.3789437894378944
1.3789437894378944
364
364
456
1.3637536375363755
175
457
0.0
138838.0
0.0
941
-745
139452.0
0.0
779
460
0.0
-241
136423.0
136225.0
-72
0.0
136089.0
186
205
0.0
205
194
135551.0
0.0
-626
1.3761137611376113
420
1.3893138931389315
0.0
-187
-823
138050.0
211
211
-604
137966.0
922
505
505
905
-764
0.0
136836.0
303
0.0
250
731
-699
208
0.0
137296.0
0.0
693
838
1.3674936749367494
136803.0
136688.0
0.0
136617.0
0.0
136844.0
0.0
-197
1.3634836348363484
136685.0
-646
370
-646
982
982
137259.0
982
0.0
-453
-453
-453
-235
138955.0
139103.0
0.0
0.0
485
485
1.4141441414414144
984
781
1.4023640236402364
194
1.4023640236402364
140235.0
140235.0
1.4023640236402364
140235.0
995
-527
347
347
140517.0
0.0
585
0.0
0.0
139491.0
138670.0
138670.0
139566.0
0.0
920
142130.0
142130.0
0.0
920
45
-539
1.4150283005660114
-414
139334.0
357
136900.0
1.3690136901369014
-872
1.3690136901369014
666
136900.0
424
138478.0
0.0
543
136317.0
-755
-235
1.3827438274382744
138273.0
138273.0
138273.0
66
662
138935.0
-317
137555.0
0.0
138775.0
0.0
0.0
0.0
720
139526.0
695
0.0
-551
61
609
609
-861
-356
1.3944178883577671
0.0
735
0.0
-183
138479.0
-215
-279
-215
-39
-183
214
138587.0
1.3859115773473205
954
1.3818038180381804
1.3818038180381804
28
28
1.381537630752615
1.381537630752615
-436
678
678
214
214
138373.0
-872
-654
-654
0.0
-228
136255.0
136255.0
-373
290
135981.0
0.0
-807
0.0
-411
0.0
139766.0
139044.0
0.0
0.0
-855
708
136876.0
-612
0.0
136869.0
295
531
138252.0
138252.0
138252.0
-645
0.0
139054.0
-645
-14
415
1.3995739957399573
0.0
574
140530.0
574
139566.0
0.0
138429.0
0.0
0.0
138624.0
-880
0.0
0.0
-684
-684
54
54
138864.0
-831
91
139123.0
139123.0
139023.0
0.0
-541
89
110
138132.0
-541
1.3867716031480943
-652
-776
0.0
139769.0
634
1.4056840568405684
371
241
241
-628
11
303
1.3618836188361885
861
136959.0
379
-974
336
336
-598
137825.0
529
1.3782637826378263
-611
-915
0.0
908
134888.0
0.0
279
-202
-671
1.3461034610346103
-671
-671
947
134174.0
1.3417534175341754
-143
-143
588
135917.0
-840
-501
137260.0
1.3726137261372613
0.0
0.0
-795
-463
-463
0.0
134031.0
0.0
-971
133016.0
0.0
-273
295
664
135185.0
184
184
135409.0
421
134934.0
-998
-21
1.3493534935349354
-826
-786
134974.0
0.0
0.0
-545
1.3520335203352034
0.0
0.0
134798.0
134798.0
739
-784
135359.0
857
857
134955.0
857
-515
-515
0.0
132953.0
133072.0
0.0
0.0
402
402
663
309
309
0.0
309
-758
0.0
132889.0
-758
0.0
22
0.0
135563.0
889
134674.0
0.0
535
132381.0
0.0
131288.0
0.0
131252.0
131252.0
132301.0
0.0
-145
130965.0
0.0
0.0
640
818
-449
1.2993329933299334
-449
-484
129617.0
-484
0.0
-138
129831.0
0.0
-580
1.3041230412304123
1.3041230412304123
130411.0
130411.0
132151.0
515
131680.0
131497.0
0.0
131427.0
0.0
0.0
131427.0
13
-609
1.3141531415314154
1.3141531415314154
1.3141531415314154
131414.0
131414.0
113
0.0
131201.0
951
0.0
99
131496.0
-704
131496.0
0.0
611
611
0.0
0.0
66
133453.0
133453.0
133453.0
133453.0
0.0
-538
-538
-538
-538
-82
133826.0
-682
33
1.3461669233384668
-621
134227.0
1.3422834228342284
-387
-621
134614.0
1.3461669233384668
1.3373033730337303
1.3373033730337303
1.3373033730337303
-33
133729.0
696
0.0
953
-409
0.0
135
941
135934.0
0.0
0.0
733
733
138349.0
-683
-878
1.3957039570395704
-878
139569.0
460
1.4104841048410484
702
247
139378.0
154
-813
140937.0
141201.0
-355
-160
-48
0.0
141638.0
-169
1.4108741087410874
-48
-926
-926
140643.0
-619
-682
-682
-682
-126
0.0
-835
938
0.0
139259.0
-129
0.0
0.0
134799.0
0.0
228
228
139392.0
139392.0
551
0.0
-472
139002.0
0.0
0.0
143858.0
0.0
-279
-273
-273
-909
143758.0
1.4375943759437595
938
938
561
-33
-33
0.0
144927.0
-639
-960
-721
-650
1.4722494449888999
0
446
149277.0
0.0
0.0
-101
1.4927849278492784
348
911
0.0
911
399
-889
1.4978449784497845
149547.0
-236
149547.0
-236
0.0
-236
-884
-992
1.5061550615506154
-652
1.5061550615506154
-589
150614.0
-367
-487
-589
-589
178
0.0
-420
150226.0
0.0
129
149025.0
149423.0
-119
-273
-273
0.0
199
148480.0
-535
148480.0
-121
0.0
-262
147096.0
0.0
0.0
-388
379
146464.0
377
913
1.4662946629466294
364
0.0
150455.0
0.0
-20
-587
147239.0
-934
0.0
146461.0
-372
147766.0
507
148584.0
150435.0
149754.0
149754.0
-235
-946
-187
1.4990549905499055
921
-523
150427.0
-946
1.4954649546495464
-882
-399
499
179
-416
10
146960.0
374
146733.0
374
712
917
-374
146063.0
-374
-374
923
1.4643846438464385
0.0
0.0
188
0.0
888
147594.0
269
146709.0
759
471
430
430
-720
144326.0
-573
144326.0
-573
145356.0
457
144899.0
-970
1.4490189803796076
144899.0
144899.0
1.4490189803796076
-970
-345
1.4747394947898957
965
149012.0
148776.0
527
149730.0
-714
77
1.4987749877498775
0.0
884
884
149624.0
619
1.4975049750497504
-1
-1
149554.0
-548
150140.0
150747.0
-990
-990
-693
-574
150448.0
149581.0
0.0
-29
240
760
760
150982.0
-520
150471.0
-42
-801
-644
-342
667
667
148962.0
-31
148814.0
-179
148520.0
1.4852297045940919
149383.0
863
458
353
149250.0
80
149250.0
-400
0.0
149272.0
149235.0
562
759
759
148230.0
-537
333
333
333
-122
0.0
147221.0
0.0
0.0
0.0
187
281
150884.0
840
840
838
241
1.503640072801456
150361.0
237
-104
0.0
-873
150271.0
-887
0.0
0.0
149154.0
0.0
904
148250.0
249
608
414
0.0
0.0
149853.0
0.0
685
-138
-87
863
147796.0
-899
1.4952949529495294
149528.0
149947.0
0.0
0.0
-154
150955.0
150955.0
237
1.5067850678506785
150677.0
-191
695
1.499659993199864
-786
804
-210
1.4945649456494565
-508
150453.0
582
-23
0.0
0.0
707
707
1.5060650606506065
-113
150605.0
0.0
71
1.5130051300513006
506
-104
-104
56
-104
1.5130051300513006
-673
1.5119151191511915
1.5119151191511915
1.5119151191511915
1.5119151191511915
-384
151483.0
851
851
631
-625
145
0.0
0.0
0.0
0.0
149435.0
-753
149574.0
0.0
147210.0
-964
-388
147786.0
-388
147786.0
-388
148758.0
142846.0
142846.0
142846.0
142846.0
143175.0
143175.0
0.0
-958
0.0
491
491
0.0
0.0
0.0
385
19
-581
0.0
0.0
-165
140577.0
-537
142155.0
0.0
-259
-264
141098.0
0.0
0.0
140035.0
-184
0.0
662
-977
-278
-672
-233
139433.0
-187
139603.0
0.0
0.0
-133
139524.0
608
-187
118
1.389905596223849
1.3810414312429373
-797
0.0
861
-853
0.0
140308.0
0.0
564
564
564
-489
0.0
-489
-81
0.0
923
-948
0.0
-948
619
442
1.4007280145602912
1.4007280145602912
1.4007280145602912
767
495
140190.0
141708.0
0.0
303
856
6
-565
982
982
292
292
139493.0
827
0.0
0.0
139149.0
-186
0.0
-186
61
139161.0
840
141368.0
678
0.0
0.0
-660
0.0
-189
143137.0
143137.0
893
143086.0
143086.0
0.0
28
648
0.0
448
0.0
0.0
143062.0
143062.0
0.0
143062.0
0.0
0.0
143062.0
-993
-607
-607
1.4466489329786596
144491.0
169
947
-759
-759
0.0
726
-224
145827.0
0.0
145436.0
-215
805
143051.0
143678.0
143678.0
0.0
141108.0
-889
-545
141133.0
-545
0.0
712
-332
493
-332
143223.0
0.0
0.0
-160
0.0
143399.0
0.0
-168
0.0
858
144386.0
667
-988
0.0
145040.0
0.0
144188.0
-726
0.0
144003.0
143409.0
-241
-737
1.4257942579425795
-242
-737
574
390
-531
-731
0.0
144311.0
0.0
144267.0
0.0
144267.0
146668.0
146473.0
-625
-625
1.4709947099470995
146820.0
0.0
0.0
0.0
655
-214
-528
1.4691546915469154
0.0
0.0
691
-321
83
-589
0.0
-589
-42
0.0
-169
0.0
0.0
152096.0
-169
790
0.0
0.0
0.0
0.0
0.0
0.0
820
153183.0
0.0
-242
152969.0
-70
-580
153355.0
153385.0
30
-400
1.5340453404534045
1.5340453404534045
0.0
504
-425
0.0
0.0
0.0
0.0
116
0.0
116
1.5396953969539695
153705.0
-330
-263
1.5303106062121243
153028.0
10
1.5321453214532146
185
0.0
0.0
0.0
154159.0
0.0
0.0
489
153875.0
0.0
489
155736.0
155973.0
-324
-556
573
158173.0
158173.0
158173.0
158173.0
688
1.5748657486574866
157485.0
0.0
521
158866.0
538
0.0
-18
-651
271
0.0
0.0
153846.0
-139
0.0
250
250
157003.0
0.0
157003.0
0.0
787
0.0
158100.0
0.0
367
0.0
157417.0
0.0
432
157221.0
155300.0
627
0.0
153389.0
151606.0
-365
153127.0
811
153653.0
-731
153137.0
0.0
-959
0.0
89
151909.0
151909.0
240
-959
-170
-358
-119
152798.0
149852.0
-483
151457.0
435
150687.0
149772.0
0.0
149772.0
387
150160.0
514
-618
-608
1.4905849058490586
564
-974
-974
0.0
149018.0
670
148859.0
0.0
0.0
-234
-234
1.4881548815488155
576
150966.0
576
721
1.5039150391503915
0.0
150629.0
-907
822
148690.0
119
119
201
119
148840.0
148840.0
147515.0
0.0
0.0
150974.0
0.0
0.0
-168
0.0
368
0.0
149348.0
-800
1.4855948559485594
-804
525
151635.0
151635.0
151635.0
0.0
872
0.0
153542.0
37
-367
728
-367
770
770
80
373
1.5351953519535195
0.0
352
352
-4
1.5305353053530535
1.5305353053530535
152411.0
152411.0
-641
-926
153978.0
1.5398107962159244
662
972
-956
-485
1.5293758812764382
602
154593.0
251
602
154596.0
1.5389153891538916
1.5389153891538916
461
155036.0
155036.0
156181.0
195
155017.0
0.0
43
1.5433054330543305
643
473
155435.0
-140
1.5543655436554364
-111
155325.0
-449
-110
33
1.5483309666193323
154830.0
0.0
466
-562
-562
-860
0.0
0.0
560
-998
1.5606756067560676
452
850
156916.0
156916.0
0.0
0.0
850
156066.0
1.5606756067560676
452
1.5561711234224684
378
-586
498
156450.0
-387
156063.0
-387
417
-445
-54
155979.0
-54
-445
155569.0
585
0.0
154719.0
0.0
-291
-747
-728
-728
155589.0
-728
156763.0
156763.0
0.0
0.0
142
157219.0
158656.0
0.0
408
158068.0
1.5806958069580697
49
1.5802216044320887
-186
-186
1.5783457834578345
-186
-967
-176
-176
711
541
541
-38
157326.0
0.0
-91
155944.0
0.0
155944.0
0.0
559
559
0.0
457
-687
-687
0.0
151931.0
-925
151358.0
151358.0
660
660
660
0.0
-832
148370.0
148019.0
-29
0.0
0.0
145596.0
989
0.0
-748
142402.0
0.0
-276
143670.0
0.0
-613
-372
-372
0.0
-789
878
-86
454
-544
144315.0
0.0
143261.0
143261.0
0.0
141856.0
-815
-635
140270.0
140270.0
-826
0.0
140906.0
-919
-507
-914
1.4269085381707634
1.4269085381707634
1.4269085381707634
0.0
0.0
892
0.0
-653
145160.0
43
146712.0
0.0
0.0
683
0.0
592
-817
342
342
149025.0
0.0
30
148591.0
147676.0
0.0
0.0
-915
1.4859248592485925
148591.0
148591.0
0.0
591
591
0.0
339
148285.0
148285.0
607
148536.0
148536.0
1.4853748537485374
55
55
152
0.0
-443
148365.0
-582
0.0
-582
-151
-964
0.0
141901.0
0.0
0.0
-72
-803
140299.0
-990
139348.0
0.0
0.0
0.0
138183.0
-989
-773
137919.0
0.0
616
1.3730437304373044
-773
1.3730437304373044
668
985
1.3778837788377885
267
-97
136940.0
546
807
129
-661
-495
131220.0
-513
131733.0
130379.0
0.0
0.0
0.0
128213.0
127452.0
0.0
513
39
128539.0
0.0
129292.0
377
39
0.0
129382.0
561
-139
-139
-86
701
127239.0
915
0.0
129260.0
129857.0
236
129621.0
-625
129842.0
129842.0
361
-765
129089.0
-974
946
1.3147431474314744
-476
-410
-410
-579
0.0
131792.0
-53
0.0
592
463
666
131110.0
131110.0
0.0
0.0
947
0.0
0.0
-383
1.2977829778297783
408
408
0.0
408
-266
-946
-946
0.0
0.0
0.0
0.0
131440.0
0.0
-817
0.0
215
1.3195031950319502
131949.0
0.0
174
-503
-347
-794
0.0
817
817
99
131945.0
0.0
192
133116.0
0.0
134099.0
133572.0
133572.0
0.0
732
0.0
-266
135338.0
136461.0
-596
136375.0
0.0
135673.0
201
135472.0
-725
136311.0
0.0
831
831
138888.0
867
50
1.384527690553811
-378
-25
1.380417608352167
138039.0
-789
956
139038.0
0.0
139799.0
-345
140397.0
1.4039840398403984
240
0.0
-512
139270.0
-614
0.0
569
0.0
141726.0
-512
0.0
0.0
443
-627
943
1.4124541245412454
533
-111
376
1.3977639776397763
139775.0
376
138867.0
55
139370.0
5
5
139375.0
0.0
140266.0
-552
0.0
0.0
713
137499.0
-835
137761.0
1.3776237762377623
795
136966.0
1.3667536675366754
-292
774
774
774
-391
-391
-671
-391
1.3658846353854155
995
995
136632.0
137153.0
-729
-729
-878
0.0
851
-828
130660.0
130660.0
-28
-28
-819
0.0
627
92
287
0.0
-386
0.0
-954
129010.0
129010.0
0.0
-653
769
1.2889657793155862
0.0
390
-431
-784
0.0
0.0
620
1.3124631246312464
130257.0
-988
169
128555.0
128555.0
-874
421
129267.0
129201.0
128164.0
851
-564
-564
-687
-940
0.0
232
-748
-337
124912.0
125222.0
123318.0
123318.0
-271
-271
123613.0
-561
622
-135
0.0
804
125356.0
0.0
125168.0
-581
-151
610
125139.0
-413
1.2472724727247273
-442
125352.0
-614
-739
-268
-614
516
1.2550551011020221
-673
0.0
833
833
129843.0
973
129572.0
-244
898
129408.0
1.2940929409294093
129408.0
702
128706.0
36
1.2904729047290473
129046.0
129046.0
128542.0
0.0
0.0
128803.0
127496.0
-282
-282
0.0
-644
-2
-2
0.0
128832.0
128832.0
833
125413.0
125413.0
124339.0
124339.0
124339.0
0.0
0.0
499
358
851
126547.0
-487
125614.0
125614.0
125031.0
573
573
-589
915
562
126552.0
0.0
-119
440
127182.0
0.0
-652
256
-872
-553
127978.0
521
122
-10
130102.0
130102.0
699
462
-620
917
-253
201
127884.0
-400
127884.0
877
128121.0
968
-366
-188
128333.0
423
484
692
692
1.2754882646479395
1.2754882646479395
1.2665453309066181
165
-366
-366
-366
-366
-886
125378.0
183
183
-757
124164.0
275
-757
0.0
124529.0
592
123859.0
-264
1.2412424124241241
592
1.2417724177241773
645
123907.0
0.0
-110
0.0
0.0
-361
124610.0
-184
125805.0
349
125805.0
0.0
-848
0.0
0.0
-674
989
0.0
0.0
831
129998.0
129349.0
-327
1.2836928369283693
1.2836928369283693
128368.0
-287
128339.0
128830.0
128993.0
-288
129281.0
132250.0
132704.0
132611.0
0.0
-668
945
131568.0
0.0
845
0.0
698
133034.0
-727
683
-175
-320
57
133529.0
344
0.0
162
-703
-703
134652.0
80
-449
-449
1.3479434794347944
0.0
-838
0.0
0.0
133348.0
133348.0
133348.0
621
-192
132749.0
-192
509
132913.0
1.3291432914329144
1.3291432914329144
1.3291432914329144
0.0
-813
-91
1.3289732897328974
-436
133072.0
671
-931
-647
133208.0
-331
0.0
0.0
-331
75
0.0
643
75
134904.0
0.0
134215.0
252
0.0
-700
133459.0
133459.0
-700
133459.0
133459.0
-700
135152.0
686
135492.0
686
132
1.3523935239352394
141
564
907
-869
-869
-889
135023.0
134012.0
-976
0.0
369
0.0
-298
-478
1.3391133911339113
909
136114.0
548
0.0
868
868
909
135566.0
909
14
372
966
-817
0.0
133447.0
0.0
132930.0
44
-619
132886.0
-619
-619
0.0
0.0
497
-5
339
131168.0
131339.0
530
0.0
-284
-828
0.0
-828
130131.0
544
0.0
0.0
-102
814
126677.0
126677.0
-325
-982
0.0
0.0
0.0
-370
0.0
-87
126511.0
887
0.0
157
852
852
125500.0
227
0.0
128914.0
809
127219.0
0.0
128501.0
0.0
516
-681
-681
-1
130221.0
-331
-449
0.0
0.0
128800.0
128800.0
-786
-524
0.0
714
128321.0
0.0
129987.0
130128.0
130128.0
0.0
126
-906
-546
679
319
0.0
-798
319
133429.0
133344.0
132543.0
-176
-474
0.0
706
0.0
0.0
653
0.0
-811
0.0
127880.0
-591
127880.0
127382.0
0.0
995
467
1.2623752475049501
0.0
0.0
128525.0
127734.0
0.0
0.0
557
129277.0
129277.0
-569
-569
557
479
479
-363
0.0
946
125576.0
125700.0
526
123773.0
296
0.0
0.0
-813
90
431
123777.0
469
0.0
0.0
-963
88
123919.0
88
0.0
-197
-838
0.0
730
120221.0
120221.0
0.0
120738.0
-304
-304
709
0.0
-295
176
176
861
861
120358.0
176
0.0
121807.0
121807.0
-483
1.2229122291222911
1.2229122291222911
185
1.2126421264212641
121263.0
-583
122862.0
625
625
121505.0
120617.0
120617.0
-913
120882.0
-648
711
711
122256.0
711
120931.0
906
0.0
0.0
0.0
-769
-769
-769
-696
120579.0
904
119675.0
1.1967619676196761
718
718
0.0
0.0
122154.0
122154.0
122154.0
-400
-397
122157.0
-558
611
0.0
611
-38
123332.0
123332.0
-706
330
1.2755627556275562
0.0
969
969
129259.0
0.0
813
0.0
-169
185
130138.0
130082.0
346
-56
185
129607.0
281
281
129607.0
693
693
523
131083.0
131083.0
0.0
-524
130790.0
130790.0
-914
-524
130917.0
-524
131348.0
132059.0
0.0
131763.0
412
960
-451
130402.0
-451
0.0
-451
-451
130402.0
131667.0
131667.0
548
-84
0.0
0.0
261
131316.0
671
-84
697
697
0.0
131619.0
511
133017.0
-640
1.3235532355323554
131786.0
132414.0
132414.0
174
132450.0
0.0
-462
-462
1.3260532605326054
132155.0
132593.0
241
131282.0
131301.0
780
131176.0
699
-339
-909
132257.0
132257.0
132257.0
132257.0
-926
0.0
-926
636
131145.0
0.0
-696
-696
129576.0
129576.0
1.2957729577295773
-928
133019.0
0.0
131834.0
-855
-855
56
0.0
132552.0
-62
133473.0
169
169
41
133778.0
133778.0
133444.0
296
1.3274232742327423
-574
888
0.0
-878
604
132125.0
604
131267.0
0.0
0.0
-456
345
458
-517
-517
1.3205596167885036
293
-207
-189
1.3146157307865394
-700
-700
1.3146157307865394
-700
1.3146157307865394
1.3146157307865394
-700
1.3184095522865686
-641
0.0
787
-795
130754.0
428
428
982
-587
128818.0
128818.0
83
1.2873757475149503
422
422
-734
129076.0
736
1.2737127371273713
-217
-217
1.2805728057280572
128754.0
129670.0
930
930
930
1.2874128741287414
0.0
552
75
0.0
0.0
-596
0.0
252
0.0
125573.0
-823
-890
130056.0
890
890
-812

