-241
458
-112615.0
-112615.0
-112615.0
-112615.0
-1.1261612616126162
-112615.0
-112615.0
-1.1261612616126162
-338
0.0
-338
-113427.0
-788
-338
-1.123032460649213
695
-1.1160711607116072
-113669.0
0.0
-113669.0
-114513.0
0.0
0.0
-112920.0
0.0
-663
0.0
-278
-278
-478
-114008.0
-478
0.0
463
463
-879
0.0
-69
-774
-1.1496514965149651
-132
-113878.0
-132
970
970
-1.136011360113601
0.0
0.0
113
403
-114918.0
-49
403
-115272.0
-1.1527430548610973
508
-115780.0
-1.1591415914159142
-1.1591415914159142
-116479.0
-115991.0
-115991.0
907
0.0
0.0
183
-113841.0
442
-1.142841428414284
-114283.0
-180
0.0
0.0
832
0.0
-113875.0
-112506.0
623
-791
-791
-147
-858
-111968.0
0.0
0.0
-755
-602
-818
0.0
-114440.0
0.0
-114440.0
-818
-488
-113622.0
-968
-1.136231362313623
-836
0.0
0.0
61
61
-196
-1.1546430928618572
-1.1546430928618572
-870
-1.1546430928618572
731
488
-836
-1.1638632772655453
232
-1.1661949858495755
139
-1.1661949858495755
-1.1661949858495755
827
-116122.0
-115882.0
240
-115882.0
0.0
0.0
0.0
0.0
-66
-94
0.0
0.0
0.0
0.0
459
-116177.0
-115727.0
0.0
646
-115630.0
-1.156311563115631
-1.156311563115631
840
625
625
625
-115193.0
-572
-114930.0
-707
-708
-30
-7
-7
-115524.0
0.0
-71
-607
-1.1567015670156702
-658
0.0
0.0
-355
0.0
-853
-876
-115960.0
-115263.0
-112969.0
0.0
561
-110193.0
-109319.0
-108824.0
314
929
85
-66
-66
0.0
-369
479
-108958.0
-108958.0
-54
0.0
0.0
-204
0.0
-106731.0
-796
-105935.0
-204
0.0
-107198.0
-517
0.0
-107123.0
-108776.0
0.0
707
-199
-113599.0
-113599.0
-112725.0
0.0
-112725.0
-112725.0
0.0
0.0
-996
-112809.0
0.0
-597
0.0
853
525
525
0.0
356
-113077.0
-635
-117870.0
-117870.0
0.0
-117870.0
-410
-410
0.0
0.0
-787
0.0
549
617
-535
60
-1.1842418424184242
-118423.0
0.0
467
-1.1863118631186311
-118630.0
0.0
-119961.0
-119961.0
0.0
-121570.0
-998
0.0
-120750.0
0.0
0.0
-322
-322
101
-592
-124243.0
0.0
0.0
666
476
-123632.0
476
-13
-13
-213
-124108.0
-123649.0
0.0
420
742
0.0
-129
-529
-529
-529
-124349.0
0.0
0.0
0.0
0.0
-574
-574
-574
798
-703
-121101.0
0.0
91
346
0.0
892
892
-884
-1.2471324713247132
-126163.0
-126163.0
812
0.0
0.0
0.0
-123137.0
0.0
0.0
673
-962
268
-123496.0
-123496.0
-122319.0
-938
-1.2138221382213823
901
-1.2228444568891377
-358
-122282.0
297
-1.2271822718227183
-208
-123925.0
492
0.0
994
0.0
994
-16
-883
-124890.0
-1.2489124891248913
0.0
0.0
-243
-898
-122698.0
0.0
-123992.0
-123992.0
0.0
-124011.0
-12
71
-1.2479824798247983
-124671.0
-904
0.0
0.0
-904
-125489.0
0.0
-904
774
0.0
0.0
-123811.0
-123425.0
384
-125924.0
-685
776
-86
0.0
273
-1.2215622156221562
-122155.0
-36
-891
-1.2377423774237741
-36
-36
0.0
0.0
0.0
-443
-123773.0
-123773.0
-123773.0
-1.2377423774237741
0.0
-124527.0
-754
-754
-124723.0
-126122.0
348
348
-126601.0
-707
-126961.0
-127925.0
0.0
511
400
-130578.0
400
-130578.0
-130578.0
934
0.0
-671
-133282.0
0.0
-310
0.0
835
256
-61
-134901.0
-134901.0
-134901.0
0.0
-134901.0
0.0
0.0
-491
-491
-136836.0
-137288.0
50
-137288.0
50
50
0.0
-271
0.0
-136952.0
-377
0.0
765
-794
-137517.0
0.0
-138528.0
-138810.0
244
40
444
-139580.0
368
0.0
0.0
972
972
0.0
0.0
-41
0.0
594
-134950.0
262
-1.3521470429408589
-135212.0
93
-135305.0
-135305.0
479
479
-134826.0
-134826.0
-133955.0
-133955.0
871
129
-134697.0
129
-134521.0
-133390.0
584
44
-1.3246332463324633
-132462.0
142
-131427.0
-132209.0
0.0
0.0
-379
-129191.0
0.0
-171
-130319.0
0.0
-131081.0
-790
44
44
0.0
-206
-102
-102
-102
-432
0.0
-131010.0
823
0.0
-132109.0
-928
248
248
248
248
0.0
942
-129527.0
-129527.0
-847
-131682.0
-340
906
-132582.0
0.0
786
-128535.0
80
-128615.0
679
679
-127569.0
0.0
679
679
-981
59
59
0.0
286
-357
515
-1.2925729257292573
-525
-129256.0
-913
0.0
-127107.0
-467
-467
-126437.0
144
-126437.0
-125534.0
-125534.0
-125534.0
0.0
823
-413
0.0
157
157
410
642
-1.2000640012800257
-120313.0
-120313.0
-1.2031420314203143
-568
-1.2031420314203143
-627
0.0
0.0
-123021.0
-123021.0
0.0
-69
-69
-69
0.0
-123121.0
0.0
-125159.0
11
0.0
-125958.0
0.0
0.0
797
-126755.0
-836
-1.2675626756267562
-127091.0
-336
-836
526
11
-127866.0
-827
-827
0.0
234
-127400.0
0.0
332
-555
-308
0.0
-127464.0
0.0
-534
-127464.0
-534
-119
-119
-1.2693126931269312
-1.2693126931269312
-126930.0
-119
-1.2693126931269312
-119
179
251
-1.2674153483069661
-838
0.0
545
-127823.0
-419
0.0
0.0
-150
0.0
535
-11
-127373.0
-11
11
-451
-451
-1.2782655653113062
-451
-127824.0
-451
699
-1.2737682130463914
-127373.0
842
-1.2653353067061341
842
784
642
-186
233
-126215.0
-155
-127431.0
-155
-512
0.0
239
-727
-663
580
-488
0.0
0.0
-820
-131896.0
-131896.0
-78
-78
0.0
0.0
-183
117
-1.3127531275312754
-131520.0
0.0
79
-827
0.0
477
-133384.0
-866
0.0
0.0
-133108.0
-133108.0
-699
0.0
-132524.0
0.0
0.0
-188
915
-134497.0
-136
0.0
-136
0.0
-135189.0
0.0
73
512
-224
0.0
0.0
741
898
-131072.0
-131636.0
-131636.0
-131636.0
-133597.0
599
599
0.0
-132801.0
0.0
-132801.0
0.0
639
0.0
-608
0.0
-132882.0
0.0
965
-499
-132535.0
758
0.0
-131163.0
-14
-14
-187
-132106.0
-130762.0
-130762.0
-206
-57
-131480.0
-130602.0
416
-386
-386
0.0
-130931.0
0.0
333
-129761.0
-132412.0
-895
-484
-484
-484
289
0.0
-137804.0
-316
-1.3748937489374893
654
-77
654
-305
654
654
-959
-1.3884516535496065
-933
289
289
-1.3820391019550977
-1.391195647825913
-1.391195647825913
-1.391195647825913
-532
-917
833
-139114.0
-70
643
-1.3918817564526935
-139184.0
-140134.0
-153
-153
-1.4074940749407494
136
672
0.0
0.0
-140622.0
288
-3
0.0
0.0
687
473
-1.4284442844428444
-184
-1.4314143141431415
-481
-481
-1.4266185323706475
0.0
-640
-144230.0
0.0
-760
-144173.0
352
-144173.0
352
0.0
-144138.0
-562
-145158.0
-999
-146081.0
-145226.0
893
-951
-951
0.0
0.0
0.0
0.0
-283
-78
-78
55
-143835.0
420
-142486.0
0.0
128
128
720
0.0
331
-143289.0
-143289.0
-143289.0
-143289.0
-143289.0
-311
-144028.0
331
331
331
331
918
-143688.0
0.0
918
-604
-420
-144203.0
893
893
893
-144418.0
0.0
65
-66
0.0
0.0
247
-28
0.0
-588
-28
0.0
-142196.0
339
-231
-705
-1.4274742747427474
-142746.0
-1.4274742747427474
209
174
-248
982
-1.4200726021780654
-676
-700
0.0
812
812
-140041.0
0.0
144
144
0.0
418
418
-1.3770837708377084
0.0
-541
920
-136971.0
-848
-782
-782
-135869.0
0.0
-135869.0
-210
-135869.0
-134927.0
308
-1.3504935049350493
-135048.0
597
0.0
14
14
-1.3540335403354034
0.0
-134753.0
-193
-133025.0
-175
-17
67
-133890.0
-729
-729
0.0
957
-132377.0
957
-132377.0
-868
302
-129486.0
644
-119
-119
-128125.0
931
0.0
-127852.0
-127703.0
0.0
0.0
-446
752
-127640.0
-127640.0
-1.2764127641276413
-128533.0
0.0
0.0
-893
0.0
282
-127367.0
0.0
282
282
-395
0.0
0.0
-324
-125598.0
0.0
-486
-486
0.0
0.0
-751
394
-126846.0
-1.2684726847268473
-249
560
-127738.0
0.0
-127355.0
-128030.0
0.0
-128030.0
581
-129299.0
-129299.0
-688
0.0
834
-128611.0
-87
-759
-129227.0
-129227.0
17
-36
-129227.0
-166
-676
-450
-546
-546
-129874.0
-129874.0
-147
-1.3127431274312744
-131273.0
0.0
0.0
335
335
0.0
0.0
-133065.0
787
-151
-151
-151
-132628.0
-132880.0
0.0
-133759.0
0.0
-133759.0
-133562.0
-133562.0
-133220.0
0.0
0.0
535
-129688.0
-195
376
675
569
-1.2959159183183664
573
-367
-130927.0
-130927.0
-130927.0
-130092.0
0.0
0.0
0.0
-128102.0
0.0
187
187
0.0
412
623
-57
0.0
-393
972
-1.2977129771297713
972
-497
-129770.0
-1.2977129771297713
0.0
0.0
0.0
-758
-758
-363
0.0
-128509.0
-128509.0
-128509.0
-774
-128863.0
0.0
-129834.0
-987
732
514
0.0
774
-130297.0
991
991
991
654
654
0.0
-154
-126233.0
-763
-127690.0
-127808.0
0.0
0.0
843
-378
-128881.0
0.0
0.0
0.0
293
-129056.0
-955
408
-128358.0
0.0
0.0
-638
0.0
-127556.0
-127556.0
210
675
899
-783
504
678
-1.23512470249405
-123510.0
-123510.0
470
756
285
38
-124736.0
-125510.0
-276
187
64
0.0
64
142
-125886.0
0.0
-124919.0
-125288.0
0.0
41
-1.2620226202262022
284
-126201.0
0.0
0.0
-25
-126563.0
-126563.0
890
0.0
129
0.0
-789
-589
129
0.0
0.0
-124393.0
640
827
827
0.0
587
-122347.0
-121581.0
-121581.0
813
-120811.0
-120811.0
-343
268
-260
0.0
-122282.0
-929
47
-123201.0
-122171.0
2
-122173.0
-1.2217422174221741
-585
-121331.0
-594
-123429.0
-123429.0
-594
-122829.0
-50
-50
-50
0.0
-122131.0
648
0.0
-123030.0
336
-1.2344223442234423
-123441.0
-123441.0
-1.2344223442234423
-460
-1.2298345966919337
804
804
-16
-122981.0
-122742.0
-122883.0
0.0
-123351.0
-122921.0
-85
-122446.0
0.0
-122545.0
0.0
0.0
610
-970
-1.2412824128241282
-124127.0
-123197.0
-123197.0
474
-124490.0
474
0.0
781
-125374.0
-219
-124610.0
0.0
-122272.0
367
855
-123463.0
-749
0.0
0.0
-979
-123158.0
-123158.0
-123158.0
0.0
-123158.0
-979
-538
-369
-122156.0
-1.2215722157221571
-1.2215722157221571
-82
-615
0.0
59
-121970.0
-796
-1.2197121971219713
-796
-121174.0
-120891.0
287
-4
639
-121417.0
-974
-120443.0
-725
-768
910
0.0
0.0
-17
-119414.0
-999
0.0
-898
-898
-122461.0
0.0
-125307.0
-125734.0
-372
0.0
-293
-769
-125251.0
-125251.0
-124572.0
223
128
-124829.0
526
-560
-970
133
-122866.0
-366
-796
-796
-796
-123613.0
-796
0.0
475
-121282.0
475
539
-151
-1.2119421194211941
-121193.0
-121193.0
209
-1.2140442808856178
-121402.0
-121402.0
975
666
-919
-449
449
0.0
0.0
0.0
-272
0.0
-842
-327
-327
-120363.0
-117605.0
0.0
0.0
-447
0.0
-116767.0
0.0
924
-116225.0
974
-1.170681706817068
0.0
-255
350
-117256.0
-116361.0
-543
-116928.0
939
-1.1786935738714774
-263
-117867.0
-118167.0
577
778
-115562.0
0.0
-115581.0
718
-114286.0
193
-1.139561395613956
-1.139561395613956
-1.139561395613956
-165
-165
-114704.0
-114704.0
0.0
-749
-146
-114923.0
-749
-114214.0
713
-749
-749
-925
397
-113488.0
-672
809
809
0.0
-111637.0
-111637.0
-111637.0
0.0
-607
-1.1170011700117002
-1.1170011700117002
-1.1170011700117002
-861
-861
0.0
-112426.0
-111993.0
-111993.0
-110651.0
703
196
513
370
-1.1206636199085973
370
372
684
-112061.0
-113183.0
-935
-113139.0
-891
-111925.0
-111925.0
-705
0.0
-111690.0
-110581.0
0.0
771
874
-297
0.0
0.0
-32
-113706.0
0.0
-115072.0
-872
-114200.0
0.0
-114788.0
-806
848
679
-972
679
-137
24
-113567.0
567
-209
-114134.0
-114715.0
-114715.0
-581
-581
-581
-115873.0
-115118.0
-115004.0
-115004.0
-115004.0
-115004.0
0.0
-224
233
-114647.0
157
-114647.0
0.0
157
233
-473
-473
546
-473
341
0.0
0.0
0.0
0.0
-113531.0
-305
0.0
-110683.0
838
629
821
837
-1.138125525021001
439
-1.1337240117203515
-924
432
432
-1000
688
-111970.0
-111735.0
-239
-190
-392
-392
-392
846
0.0
-110675.0
0.0
-111675.0
310
-365
-112825.0
-112825.0
205
-112825.0
15
143
-111123.0
-525
-525
-995
-995
0.0
-112858.0
0.0
-112858.0
-326
-80
346
-80
-80
-113226.0
-114327.0
-199
0.0
351
471
-113074.0
-644
0.0
-109935.0
489
-110576.0
225
-62
-62
-62
846
225
724
731
731
-109287.0
-110081.0
-794
-109250.0
-37
-770
437
-976
-108936.0
-337
-311
-337
-345
-345
416
-726
290
-106116.0
-999
290
-106927.0
0.0
0.0
-619
0.0
-109256.0
-108779.0
500
500
-645
0.0
-111496.0
-247
-247
768
-99
-364
-1.124971249712497
291
-71
-109828.0
0.0
-607
759
885
-106745.0
866
0.0
-105398.0
-105398.0
-105398.0
-586
-1.0582805828058282
-1.0582805828058282
866
866
-400
0.0
0.0
-180
610
163
87
0.0
-111115.0
0.0
-109470.0
0.0
0.0
-281
-629
-111457.0
889
889
314
937
-112840.0
491
394
394
394
181
550
632
632
-1.1293112931129312
428
428
485
-1.1593615936159363
64
-349
-114723.0
-802
376
-114800.0
-878
0.0
804
0.0
-647
-587
-113927.0
-113927.0
0.0
-182
402
811
892
-114763.0
-781
0.0
-781
0.0
977
532
0.0
-285
-115914.0
-172
127
-997
-113903.0
127
751
-476
-113580.0
0.0
-111123.0
-109500.0
-644
0.0
-110535.0
-721
209
-4
-1.0902918058361166
-1.0948209482094822
-454
-109481.0
0.0
0.0
0.0
-727
-1.130041300413004
560
913
-1.1234912349123491
347
-608
-63
123
0.0
-793
-793
123
0.0
-423
23
509
-112806.0
-735
625
-113052.0
0.0
-113052.0
-128
-113145.0
-113368.0
670
233
-112911.0
919
-747
0.0
-111763.0
0.0
-747
-747
-601
0.0
156
-460
103
745
0.0
-112937.0
-111407.0
658
-366
0.0
0.0
-109994.0
0.0
-930
-110118.0
-140
0.0
0.0
-111096.0
-99
-1.109981099810998
-1.109981099810998
634
-111472.0
-280
801
-367
193
249
0.0
-744
-492
0.0
0.0
626
-638
220
220
-115595.0
-115595.0
0.0
523
93
0.0
-116663.0
-602
-118082.0
-118082.0
-118816.0
-981
-118029.0
-646
-1.1764217642176422
0.0
448
-760
-760
-119088.0
-760
-760
-597
-387
-387
-696
-1.1734752042561276
171
-41
0.0
-116781.0
93
-115539.0
-342
-115906.0
-441
-113662.0
-113662.0
-441
894
894
0.0
894
-109590.0
-424
964
-109286.0
-280
-451
844
-107101.0
-105107.0
0.0
-294
760
0.0
-615
-1.0271702717027171
754
-1.0271702717027171
0.0
780
-101921.0
0.0
-309
-863
-1.0386307726154522
-1.0421704217042171
-1.0421704217042171
-355
-104448.0
0.0
277
0.0
-103607.0
0.0
-928
-928
-1.030010300103001
-624
0.0
-102345.0
655
-103248.0
-248
599
0.0
0.0
0.0
-102123.0
593
593
-576
-100438.0
-100424.0
-100424.0
-801
-479
-479
-801
-985
-1.045520455204552
-242
-104609.0
-104823.0
655
927
-982
212
-104180.0
583
0.0
329
-103591.0
329
0.0
329
-103172.0
0.0
-884
0.0
-408
-1.03340033400334
434
-60
0.0
-102592.0
673
-1.030370303703037
340
173
-453
-103036.0
-1.030370303703037
-453
-103036.0
-103436.0
-180
-102021.0
-102021.0
-102021.0
0.0
-160
-102869.0
0.0
-102869.0
-29
-102034.0
-102034.0
-81
537
-562
-102719.0
0.0
-734
-101929.0
-1.01930019300193
-101929.0
0.0
317
-710
879
0.0
-101459.0
907
0.0
0.0
777
-99681.0
983
373
777
-102523.0
164
-370
0.0
-103161.0
-104482.0
-337
0.0
0.0
-916
0.0
-106455.0
0.0
-105621.0
-105621.0
0.0
-503
0.0
-104602.0
905
-537
-537
0.0
-64
-1.038710387103871
-106033.0
0.0
-37
-1.0826208262082622
-108261.0
-1.0826208262082622
-43
-108456.0
-108456.0
-111153.0
-188
137
137
305
-111980.0
-111980.0
-112154.0
301
-16
-114438.0
-873
-873
-360
-85
-1.1443914439144391
761
-63
0.0
223
646
-659
-114937.0
-114570.0
299
41
380
0.0
380
0.0
776
-114924.0
-340
-340
-584
-114412.0
380
-114517.0
0.0
-114517.0
-85
666
-1.1443814438144382
845
-1.1443814438144382
49
-330
0.0
674
-447
-447
-113934.0
-117021.0
-763
0.0
-766
0.0
0.0
-118118.0
720
720
471
-708
-314
-1.176571765717657
174
-117656.0
-117987.0
115
835
-119611.0
-605
115
-1.1912457373721212
-168
-168
755
-484
-676
138
138
-215
0.0
-215
51
-685
13
13
596
-121075.0
-1.2107742154843097
-212
-1.2105742114842297
987
0.0
-5
-595
-120834.0
-792
-1.2277822778227783
-982
-1.2179743594871897
198
-122101.0
-121698.0
928
-1.2262722627226272
-123108.0
-122314.0
-418
0.0
-418
373
-122269.0
-711
-121558.0
-39
-1.2159943198863978
-39
-39
-980
-967
-121830.0
256
-349
-86
-121343.0
0.0
480
0.0
541
-853
541
-462
936
936
-1.2253367601028031
-122530.0
781
0.0
361
139
-79
993
652
-120152.0
652
652
652
-119122.0
0.0
764
-119122.0
497
-1.1821618216182161
963
0.0
702
702
208
-118261.0
-118231.0
191
0.0
-315
0.0
116
-118517.0
30
-118517.0
30
0.0
-491
632
-115750.0
0.0
233
934
233
0.0
0.0
-115397.0
-910
-26
0.0
-116322.0
-115547.0
363
-541
-116271.0
-660
-116294.0
34
-1.1629516295162952
-116294.0
34
-61
636
636
-1.1633032660653213
-116328.0
0.0
-115033.0
343
343
952
213
-114803.0
0.0
-939
875
213
213
-115004.0
0.0
0.0
-753
-260
-880
-1.1548630972619451
969
-115484.0
-1.1548630972619451
969
-753
-1.147734432032961
-1.147734432032961
-1.1509815098150982
-262
-65
930
312
-666
-666
-666
-1.1636949108473253
-116366.0
-1.1636949108473253
-1.1636949108473253
-1.1636949108473253
876
-115710.0
-116241.0
0.0
-858
-809
-1.1538415384153842
-809
-809
-966
0.0
205
-966
-966
-809
-1.137411374113741
-355
101
-154
0.0
0.0
0.0
-113525.0
0.0
0.0
841
550
0.0
274
-793
0.0
-114870.0
977
761
977
-114023.0
-167
-669
-116485.0
0.0
-114836.0
-114836.0
-114836.0
899
-115735.0
-669
-115069.0
0.0
-116214.0
-810
-740
-230
830
-740
-758
646
646
526
0.0
-112913.0
-112913.0
-112913.0
-112913.0
-364
0.0
-110787.0
0.0
0.0
948
0.0
0.0
0.0
196
482
482
-109785.0
614
-890
0.0
0.0
-430
0.0
-159
615
291
-110926.0
-106698.0
-243
-106698.0
231
0.0
98
-1.0563605636056361
-377
-1.0526010520210405
-105258.0
-86
-1.0517515525465764
-106078.0
-17
-105334.0
-103879.0
112
0.0
0.0
-103346.0
-103346.0
-103346.0
-102357.0
-100305.0
-100305.0
0.0
-66
-66
-354
-99834.0
-0.998359967199344
-627
0.0
0.0
-172
-627
-100469.0
232
232
-1.009370093700937
134
-101985.0
0.0
0.0
0.0
-796
472
-100034.0
363
-1.012620126201262
-101681.0
-353
-353
-420
-101452.0
641
-101307.0
0.0
-101239.0
255
-669
-101494.0
0.0
-102445.0
0.0
-380
0.0
-109
0.0
250
138
-11
-98849.0
0.0
182
-98
-98
-940
-645
-98113.0
-907
-98113.0
-98113.0
-0.9811496229924599
-907
521
521
-98113.0
-0.9811496229924599
113
907
313
369
-94883.0
-94883.0
369
865
-96117.0
169
313
-0.9578091561831237
-95779.0
182
-267
-397
-96439.0
-0.96439964399644
41
-97030.0
-98398.0
-682
-682
-682
-99271.0
-99271.0
-456
0.0
0.0
720
-545
-0.993019930199302
299
-0.993019930199302
-0.993019930199302
0.0
107
107
-101852.0
-694
-100122.0
-717
-100634.0
51
-885
-103550.0
903
0.0
0.0
-102077.0
0.0
-102004.0
676
-101836.0
-104
-393
0.0
606
-819
-86
-992
-992
-86
-101224.0
-101273.0
-374
-100961.0
509
0.0
-101553.0
0.0
-83
-1.014710147101471
-1.014710147101471
569
-101504.0
-100882.0
0.0
0.0
949
-101831.0
44
-100898.0
0.0
472
677
-1.013710137101371
-101732.0
-101732.0
-518
-101214.0
-101214.0
575
342
142
-101926.0
96
0.0
-101926.0
96
96
-536
-679
-679
-536
-1.025970259702597
-904
-101692.0
96
-1.0169403388067761
0.0
0.0
80
-104160.0
0.0
-103749.0
0.0
0.0
844
361
-101182.0
361
-1.0154401544015441
-101543.0
-101543.0
-100828.0
750
-98938.0
0.0
-212
986
726
-579
-0.99929999299993
-641
-281
-555
-0.9900997029910897
830
-1.0054301629048872
-703
-1.004830048300483
-100678.0
-99137.0
-993
-99634.0
866
-653
596
-99577.0
-263
-98695.0
688
688
0.0
0.0
0.0
0.0
541
0.0
-909
-145
-96868.0
0.0
-385
635
372
968
-92461.0
0.0
-92461.0
0.0
522
522
297
297
0.0
-549
-91933.0
-690
866
-690
0.0
-611
0.0
-93978.0
-77
586
-0.9402494024940249
-630
-918
-918
-94898.0
-741
0.0
144
-95632.0
-161
-912
803
-96270.0
335
692
563
563
0.0
-93309.0
393
0.0
-345
112
-92244.0
-92244.0
0.0
-111
0.0
580
0.0
592
-351
0.0
0.0
906
906
-0.934969349693497
-93716.0
-220
-484
0.0
-971
-31
-0.942269422694227
-484
370
-449
-0.9409394093940939
-449
965
-93534.0
-242
-242
-712
-675
-0.9281592815928159
-92673.0
-448
-90319.0
-636
-636
365
-90296.0
0.0
-481
0.0
-911
-89907.0
175
0.0
-663
274
-84
-497
-296
0.0
677
-0.8804988049880499
-86893.0
-85835.0
-86850.0
-193
-86675.0
-193
685
685
0.0
765
-85816.0
0.0
-783
-783
-58
761
339
-485
-85396.0
941
0.0
453
-86375.0
-85972.0
-84658.0
0.0
0.0
0.0
3
-85994.0
-85994.0
-934
473
0.0
-173
-173
-173
-83471.0
-84143.0
-486
-608
10
0.0
-400
288
-485
-0.8106562131242625
-0.8130581305813058
546
546
-911
-80724.0
0.0
0.0
-694
502
0.0
-898
-898
-80866.0
-898
-500
-500
-79453.0
498
-79861.0
-842
-842
-79019.0
-725
-79820.0
563
563
563
-79257.0
563
0.0
-78865.0
0.0
688
-0.7947479474794747
-99
-0.7937658753175063
483
865
865
-910
-346
0.0
-80467.0
0.0
0.0
-81109.0
153
153
-962
-0.8126281262812628
-924
-0.8126281262812628
341
-81105.0
-81105.0
0.0
0.0
-81105.0
0.0
652
354
28
-962
0.0
0.0
-80157.0
350
0.0
0.0
-79942.0
-434
-80829.0
-430
-0.8082980829808298
847
-79861.0
0.0
0.0
-308
-80959.0
-657
0.0
-83095.0
-83095.0
-599
-83004.0
549
-83553.0
-83553.0
-82879.0
0.0
674
-82630.0
923
-82630.0
923
923
-82630.0
-82630.0
923
-82630.0
-82630.0
458
0.0
-81992.0
150
-81992.0
360
-82293.0
-81158.0
0.0
0.0
391
-81796.0
831
-0.8009780097800978
-81328.0
0.0
-82530.0
0.0
0.0
101
101
-81367.0
183
473
-81080.0
-81080.0
-81080.0
-80901.0
0.0
801
-79798.0
-79744.0
-79744.0
-643
-79101.0
656
0.0
-973
-77760.0
0.0
-828
-76189.0
625
625
0.0
801
870
-6
500
870
-0.7490774907749077
3
-74907.0
-805
466
-269
-74973.0
537
984
0.0
-77740.0
0.0
220
-434
346
-80971.0
645
-0.8097180971809718
-80971.0
645
497
0.0
36
645
645
153
0.0
646
-278
0.0
0.0
415
0.0
663
-850
0.0
-790
0.0
-790
-322
-322
0.0
0
0
0.0
0
0.0
-78774.0
0.0
-78774.0
0.0
521
-78183.0
0.0
-78180.0
0.0
1
1
-78041.0
-78041.0
-78041.0
0.0
36
-375
-301
-78178.0
-408
-194
0.0
-78825.0
-156
-0.7739477394773948
-0.7739477394773948
-485
-948
-75668.0
-948
764
0.0
-251
-71077.0
-70611.0
-457
0.0
854
-476
854
0.0
439
-68483.0
-68483.0
0.0
-13
-68695.0
459
185
-68270.0
-852
0.0
-69980.0
0.0
-242
-320
-320
699
699
-0.7145471454714547
0.0
381
0.0
381
381
-73164.0
0.0
-737
487
-625
251
251
-625
381
381
0.0
-663
0.0
-73919.0
-697
-78491.0
82
0.0
-822
-822
0.0
511
-347
-0.8297965959319187
-822
-822
-82978.0
-822
-82156.0
-358
-358
-82715.0
-82389.0
-82389.0
-29
292
292
-0.8231082310823108
-82832.0
717
-406
-82255.0
-82255.0
0.0
55
-81299.0
775
55
-79571.0
-79718.0
0.0
-78035.0
180
0.0
180
-568
180
-0.7728954579091581
-77288.0
278
-77510.0
0.0
0.0
-279
-78101.0
-76700.0
656
0.0
656
656
0.0
-929
-77190.0
0.0
-77379.0
220
0.0
-268
0.0
-655
677
-655
172
666
-853
-853
-867
-73455.0
-0.7345573455734558
-73455.0
-278
0.0
-73306.0
-295
-527
-527
-527
0.0
-73370.0
-73370.0
768
-783
-0.7335646712934258
0.0
-71721.0
0.0
0.0
-965
-965
-983
0.0
-196
-983
-69508.0
-68184.0
683
683
-841
-841
459
72
-68846.0
0.0
633
-69933.0
633
633
-743
-70058.0
343
446
-0.6844468444684447
-0.6844468444684447
343
823
-67797.0
823
823
-67797.0
563
-173
0.0
-737
-67636.0
-302
-0.6733467334673346
-502
-502
-502
-67598.0
-693
-693
385
-68376.0
255
0.0
-65728.0
305
806
806
995
-62496.0
-62496.0
-62496.0
-62496.0
-60660.0
949
-61907.0
-61907.0
-936
0.0
3
489
-60480.0
489
0.0
-62333.0
-495
0.0
-495
-495
601
-0.6275462754627547
145
0.0
-566
-473
0.0
444
-148
444
-648
-64148.0
972
860
954
-0.6474464744647447
0.0
116
-381
-975
149
-0.6454264542645426
-63645.0
-607
0.0
-817
0.0
173
0.0
173
173
-936
-64159.0
0.0
-64166.0
-456
-420
-420
-420
-420
-63710.0
-420
-420
-63710.0
-420
-0.6371063710637106
-420
-0.6371063710637106
-62273.0
151
0.0
-62661.0
418
0.0
-62369.0
0.0
-327
-0.6204262042620426
-62042.0
-331
-0.6204262042620426
662
0.0
0.0
0.0
0.0
-598
-62925.0
0.0
935
-0.6145661456614566
408
364
-0.6240362403624036
-583
745
745
-61939.0
-0.6194023880477609
818
745
-785
979
-563
0.0
637
-0.6158461584615846
-323
427
-644
0.0
0.0
0.0
-65426.0
-551
457
0.0
-63502.0
221
-63502.0
221
959
-555
-0.6141361413614136
-922
-0.6141361413614136
-0.6141361413614136
19
-61413.0
-0.6141361413614136
185
-61228.0
-214
-61124.0
311
774
-749
0.0
816
428
-63674.0
0.0
783
-847
-63026.0
726
-64701.0
0.0
852
387
0.0
654
72
-0.6402828056561132
-611
45
-343
0.0
0.0
315
-63676.0
0.0
-692
-692
-692
-63492.0
0.0
-64388.0
-64388.0
-64388.0
-135
-135
-63106.0
-62221.0
0.0
347
-62221.0
347
-0.6256862568625686
-311
814
-693
549
920
-59487.0
-59798.0
-311
-59798.0
0.0
0.0
0.0
-452
-960
-152
-36
-847
953
489
-0.6350963509635096
0.0
479
-64305.0
242
479
0.0
0.0
634
-64855.0
497
858
-63557.0
-0.6302263022630227
240
-0.6472264722647226
0.0
-65860.0
0.0
-851
0.0
-324
-98
0.0
0.0
192
-61
-65934.0
0.0
729
-65435.0
863
729
-333
-66298.0
117
0.0
0.0
0.0
-67910.0
0.0
0.0
-998
0.0
0.0
-66514.0
0.0
-66423.0
0.0
33
-494
0.0
76
0.0
-615
0.0
-615
225
208
208
-0.6782167821678217
225
-0.6782167821678217
634
-67187.0
0.0
-473
-0.6969569695696957
0.0
-70817.0
-885
0.0
-70168.0
652
-0.6981969819698197
-69256.0
-69256.0
563
0.0
563
0.0
993
-68748.0
0.0
477
524
-684
-684
524
-0.7081670816708167
0.0
347
0.0
0.0
-93
-70457.0
0.0
-936
-71396.0
-71069.0
0.0
495
0.0
692
295
295
0.0
0.0
63
-68949.0
0.0
325
-68674.0
453
0.0
635
730
-67474.0
0.0
472
472
-833
-71374.0
588
-70969.0
0.0
588
588
657
657
0.0
-70429.0
910
-70464.0
-70464.0
-70024.0
-70024.0
0.0
811
-707
0.0
0.0
378
865
865
-72303.0
-70320.0
-70320.0
-150
-159
-159
-71881.0
0.0
0.0
-933
-71805.0
-119
-119
0.0
-73157.0
0.0
-71786.0
680
0.0
-70055.0
0.0
-68047.0
167
741
-70013.0
-964
0.0
724
-964
-964
-964
-964
32
1
1
-69231.0
0.0
914
0.0
160
0.0
503
503
-68189.0
-164
696
104
-223
-67931.0
-0.6793303799113973
-164
503
503
-0.6846373854954199
-0.6754735094701894
-67546.0
-67472.0
0.0
-24
-66556.0
749
-67034.0
0.0
0.0
-515
-515
0.0
0.0
0.0
-64146.0
-225
-61703.0
51
0.0
-63379.0
0.0
230
-64376.0
-63513.0
-63498.0
0.0
-63318.0
-362
-362
-552
-62453.0
-673
0.0
641
641
-64781.0
-654
-654
0.0
0.0
-63071.0
348
0.0
756
-769
756
756
756
-0.6338763387633877
-62927.0
341
341
0.0
341
-769
0.0
-886
-63221.0
0.0
0.0
-343
0.0
-898
-61531.0
0.0
674
-60873.0
-61700.0
-61700.0
642
642
-60493.0
-60814.0
-862
-39
0.0
-63878.0
-64502.0
-628
580
-944
-63150.0
0.0
945
-576
0.0
-398
-0.6272362723627236
757
-0.6272362723627236
-62078.0
0.0
645
645
977
-59858.0
0.0
-60006.0
-60006.0
0.0
570
-58202.0
0.0
213
790
-156
-0.5859158591585916
-58852.0
0.0
0.0
-9
0.0
-58538.0
-58538.0
118
-747
-57133.0
0.0
470
-0.5881458814588146
-0.5881458814588146
-917
-57897.0
-58455.0
-93
-256
989
989
-902
-211
-211
0.0
-375
-211
0.0
0.0
0.0
-673
-272
0.0
0.0
462
-60318.0
0.0
0.0
-846
746
0.0
0.0
0.0
0.0
-62694.0
-62694.0
-62694.0
-905
760
-0.6104761047610476
760
0.0
102
0.0
0.0
804
-60235.0
0.0
-868
0.0
926
-715
-510
-405
844
-56702.0
701
-0.5667056670566706
-59
-0.5661213224264485
895
129
-155
-56611.0
-55518.0
0.0
663
0.0
0.0
0.0
-740
0.0
-58751.0
0.0
-58933.0
120
-58933.0
0.0
-61011.0
-971
-58228.0
-155
343
213
213
-0.5841716834336687
-0.5841716834336687
-421
-59292.0
-59292.0
-59292.0
0.0
0.0
-686
-59371.0
0.0
-496
-59898.0
0.0
0.0
-644
-686
-920
-135
0.0
0.0
329
-505
-59692.0
329
0.0
0.0
-59188.0
989
0.0
-59196.0
0.0
-59196.0
989
0.0
989
989
0.0
-170
-426
757
-170
-96
0.0
0.0
0.0
-817
-139
-139
-780
-56526.0
-55078.0
0.0
805
-506
-324
218
0.0
-715
218
-51862.0
243
-70
-52342.0
-237
0.0
129
-237
-51827.0
289
-0.5211704234084682
-0.5211704234084682
-944
0.0
0.0
643
-898
0.0
0.0
0.0
-420
-52996.0
-765
-420
0.0
-48411.0
0.0
266
0.0
-432
-362
-362
-432
-463
-463
-49930.0
0.0
-49882.0
-49882.0
-226
0.0
654
859
0.0
-395
-53125.0
-384
-921
-384
-650
-54173.0
0.0
692
-52938.0
-52938.0
692
-52931.0
580
692
-54203.0
-0.5420408408168164
957
-52496.0
-52496.0
-52103.0
-52183.0
-53741.0
-53109.0
856
-53170.0
-52376.0
-165
-360
0.0
-50363.0
-50972.0
0.0
-51547.0
-417
889
-720
0.0
122
637
0.0
498
-637
0.0
-507
373
373
-0.5371653716537166
-0.5371653716537166
-0.5371653716537166
0.0
0.0
0.0
-50850.0
934
311
311
86
0.0
-346
-51389.0
-0.5138951389513895
-0.5138951389513895
-51389.0
-0.5138951389513895
478
0.0
-306
559
-6
-310
0.0
-52172.0
-310
-52027.0
-51561.0
0.0
-51986.0
18
-714
-0.5235652356523566
-53277.0
-53277.0
985
-53150.0
-214
0.0
-214
-848
-837
-738
-308
0.0
0.0
5
5
-956
-353
-0.59187775633269
-0.59187775633269
-467
797
-691
-857
-656
465
-0.5922059220592206
-609
-609
-656
592
-57363.0
974
170
-56780.0
469
0.0
469
-0.5667056670566706
-292
-804
0.0
253
-57211.0
-57211.0
-16
816
184
204
204
184
871
712
-57343.0
-0.5723257232572325
111
111
-428
111
688
-220
621
-56773.0
-56773.0
896
-57820.0
-56603.0
-90
-57819.0
952
-55511.0
-55511.0
0.0
181
-55804.0
-55031.0
-27
579
811
811
-407
528
-179
-53988.0
-435
-435
0.0
390
0.0
-51917.0
471
-260
-52311.0
-52311.0
670
0.0
670
-52938.0
0.0
943
-52840.0
-927
649
0.0
-54349.0
848
-54636.0
-55349.0
-420
701
-389
701
701
0.0
-818
-55985.0
35
0.0
0.0
0.0
-57689.0
0.0
-58333.0
-57469.0
-57469.0
-57469.0
267
-678
-57736.0
-780
0.0
0.0
0.0
-616
463
0.0
463
547
0.0
-45
0.0
-535
0.0
-123
-60611.0
-123
0.0
-60611.0
0.0
-123
-60488.0
-62061.0
318
-217
-63085.0
694
-808
-0.6140522810456209
-120
-61404.0
341
-61404.0
-61404.0
-0.6080560805608056
-0.6080560805608056
-60805.0
421
262
0.0
0.0
-563
-214
-151
110
0.0
655
761
-689
787
-759
0.0
-373
0.0
192
-795
0.0
567
-54294.0
-26
330
282
-0.5295652956529565
-684
971
4
-52160.0
-469
-898
-496
0.0
-862
-862
-48613.0
195
195
0.0
195
-48099.0
-0.48099480994809946
-325
0.0
957
-0.4850748507485075
654
-49033.0
0.0
-176
-0.4904649046490465
-0.4904649046490465
-0.4904649046490465
0.0
-47873.0
0.0
580
580
0.0
0.0
788
-893
0.0
-193
-193
445
-43807.0
-42390.0
387
-0.4263342633426334
0.0
0.0
-657
-749
-749
509
-45209.0
-241
275
275
0.0
989
0.0
472
0.0
99
0.0
-44898.0
-42793.0
0.0
-269
0.0
-41547.0
160
-806
-0.41707417074170744
392
0.0
67
-41614.0
484
484
-513
0.0
-908
-959
-942
-959
-0.3915939159391594
0.0
-818
-39169.0
-0.3916939169391694
350
-0.3714237142371424
-0.3714237142371424
880
-0.3714237142371424
265
590
838
838
-594
842
408
590
-0.3761550462018481
770
770
997
-38221.0
-613
-607
-0.3776813304399132
-153
-37614.0
-39059.0
0.0
-517
712
-38162.0
-38162.0
0.0
130
-585
743
743
-39395.0
-38827.0
568
-37192.0
-82
295
0.0
-34951.0
253
-0.35204352043520437
-35204.0
-35204.0
-990
-36194.0
-36194.0
0.0
-35207.0
-35207.0
-35207.0
-445
-34354.0
0.0
-34146.0
-34146.0
-34146.0
-34146.0
-35487.0
704
645
960
960
-796
-36484.0
0.0
-37270.0
-703
-0.3656736567365674
-0.3656736567365674
338
-340
148
-760
-760
-36472.0
148
-0.3647236472364724
-954
-38365.0
-39325.0
-40979.0
999
140
140
140
-0.3978179563591272
566
687
724
-822
-822
-0.3989579791595832
-39895.0
441
-0.4033721011630349
-38542.0
-504
-504
-504
368
-38386.0
-668
-201
-0.37853378533785337
0.0
-38826.0
-38826.0
-973
283
-37853.0
-38000.0
-37222.0
273
795
630
126
-850
107
129
-316
96
0.0
-35014.0
0.0
-286
-648
-648
-686
-128
843
-27
0.0
-204
-35518.0
-317
-317
-34920.0
-948
-35587.0
31
0.0
-32763.0
0.0
441
495
938
313
0.0
711
46
595
-33437.0
0.0
-337
-0.34250342503425035
-0.34250342503425035
-0.34250342503425035
200
200
332
0.0
950
-32773.0
0.0
987
-29208.0
0.0
-29584.0
-614
987
-337
-725
-795
435
435
435
0.0
405
517
431
360
-33083.0
360
-972
-956
-956
-435
0.0
0.0
358
299
796
-714
0.0
119
-0.33763337633376334
444
-33319.0
-33319.0
0.0
-895
0.0
-31272.0
-750
-750
-29684.0
0.0
0.0
889
-980
-717
-717
-30277.0
-0.3027730277302773
-980
-980
-0.29297585951719035
-606
506
-468
-225
-515
-674
-225
-646
243
-0.3100531005310053
0.0
634
-29728.0
-469
665
-0.2972829728297283
-127
0.0
-28781.0
134
0.0
353
0.0
-184
0.0
0.0
-25033.0
625
-25847.0
-189
0.0
0.0
-25383.0
-18
-26901.0
-26211.0
0.0
0.0
847
-778
-364
-364
247
-26353.0
-26353.0
0.0
-91
0.0
-354
-0.2752427524275243
-0.2752427524275243
-64
-742
-0.28353283532835327
-0.28353283532835327
197
0.0
0.0
0.0
728
0.0
-26815.0
-26815.0
0.0
0.0
-26486.0
-10
-0.2647626476264763
-26702.0
-226
-0.2647626476264763
-26476.0
780
-0.2647626476264763
303
-214
-26922.0
-25205.0
527
527
0.0
0.0
598
-21244.0
709
685
-17509.0
-726
-726
506
708
-125
400
-0.2061420614206142
405
-645
-18449.0
-123
718
-417
-19096.0
-179
0.0
677
0.0
-851
0.0
754
745
754
0.0
207
0.0
0.0
80
-752
-15426.0
568
568
-0.15426308526170524
-14906.0
-938
0.0
-938
-938
877
-0.15840158401584015
0.0
-204
0.0
-18401.0
0.0
-18401.0
-18401.0
-18401.0
0.0
-170
0.0
-466
0.0
-876
-18772.0
0.0
-797
-797
-19695.0
-19695.0
-139
-19695.0
816
82
0.0
0.0
960
-13724.0
-15231.0
-303
-15231.0
468
-14237.0
0.0
689
0.0
-13030.0
97
97
0.0
0.0
0.0
-12932.0
203
173
-13350.0
27
-12555.0
38
622
0.0
-12835.0
222
-12477.0
0.0
0.0
-901
-0.12733127331273314
302
302
-12733.0
0.0
43
-13725.0
-12423.0
-12423.0
-45
460
-0.12080241604832097
-245
745
-89
0.0
0.0
-55
-13012.0
0.0
-13608.0
0.0
-14306.0
-15096.0
0.0
-306
0.0
335
-14855.0
161
0.0
-13087.0
-10175.0
-10738.0
0.0
-684
-11446.0
-449
-449
-0.12125121251212512
-642
-11844.0
-11844.0
520
-66
0.0
-66
0.0
0.0
-13119.0
-161
0.0
0.0
-10986.0
-10986.0
-713
-0.1027310273102731
-10973.0
-11113.0
589
-12814.0
-12814.0
52
52
-12866.0
0.0
0.0
0.0
554
-630
-625
681
681
-6284.0
-0.06284062840628406
0.0
-99
946
-0.06794067940679407
-0.06794067940679407
436
742
-0.07891157823156462
-10973.0
-961
0.0
-813
-900
-10409.0
-194
-10409.0
813
299
299
0.0
0.0
290
786
-8794.0
0.0
-7347.0
-75
0.0
0.0
-5144.0
0.0
0.0
930
-5144.0
0.0
-5144.0
0.0
-4246.0
0.0
-177
550
-3054.0
-3054.0
-922
-0.024590245902459024
-2459.0
-249
-2034.0
942
-881
0.0
510
510
471
32
264
32
-5144.0
-5144.0
-538
0.0
-292
-292
-4112.0
-292
-4112.0
-292
-292
-437
-745
-791
0.0
-791
-5965.0
0.0
0.0
-363
0.0
0.0
0.0
0.0
57
-4663.0
0.0
-768
-0.04663046630466305
-0.04663046630466305
-6347.0
0.0
54
-7217.0
-7217.0
0.0
-6409.0
815
0.0
-5577.0
0.0
158
-296
-9170.0
-0.09170183403668074
586
400
-8770.0
400
400
-8622.0
-626
-8888.0
-655
-10462.0
0.0
0.0
0.0
300
-9939.0
0.0
-599
-0.10722107221072211
370
-10881.0
595
-61
-0.11476114761147611
-12682.0
32
594
-0.12714127141271414
20
-413
-0.12301246024920498
997
0.0
0.0
304
-0.15060150601506014
-511
-13950.0
-485
-15
-15
613
-13351.0
-12476.0
914
-14334.0
-624
0.0
-624
-197
744
0.0
744
744
-14175.0
-311
0.0
682
0.0
-11898.0
889
-11176.0
-524
-9533.0
125
-790
-790
-698
0.0
0.0
0.0
0.0
-133
915
-313
-9667.0
971
-799
-832
-11489.0
382
-12642.0
5
-494
385
0.0
385
-494
-14080.0
0.0
718
718
718
-11215.0
0.0
-475
-10609.0
-11585.0
0.0
-10515.0
-195
-38
-0.0946309463094631
-9463.0
-10099.0
-12672.0
0.0
-723
0.0
-958
0.0
0.0
660
-303
-303
598
598
-112
-112
-15910.0
-112
0.0
675
0.0
803
675
-304
0.0
-73
385
496
496
-822
0.0
-12512.0
-546
-133
-820
599
-467
0.0
375
-14071.0
0.0
-546
323
0.0
571
323
-15070.0
0.0
0.0
438
438
-852
-852
0.0
-18992.0
-435
-794
-0.19164383287665754
228
-0.19164383287665754
-495
-20505.0
-495
-20505.0
0.0
0.0
121
-22424.0
0.0
0.0
-23750.0
0.0
0.0
-607
-791
-24398.0
-25614.0
-861
-0.24753247532475325
-749
-23715.0
0.0
-83
0.0
0.0
0.0
-24693.0
124
-25972.0
0.0
-26050.0
-297
-0.25905259052590524
-562
0.0
-27136.0
-449
-449
676
-834
773
-905
-626
-627
773
-23908.0
-23908.0
0.0
197
-372
-0.25630256302563026
301
-254
-702
-0.2512925129251293
-25129.0
-24228.0
-23351.0
31
394
0.0
165
0.0
-811
0.0
-107
0.0
-21055.0
0.0
-126
-120
-380
-380
-0.2001020010200102
-792
-20235.0
-225
-711
-19299.0
-19543.0
0.0
-136
-244
-19543.0
-19878.0
0.0
-799
-20828.0
989
-799
-68
-987
890
-503
-18753.0
-18753.0
97
-503
-242
0.0
-19244.0
0.0
-19244.0
0.0
0.0
0.0
-626
0.0
0.0
-851
966
966
0.0
-20648.0
684
-18680.0
846
0.0
0.0
0.0
684
-0.20534205342053422
213
-888
175
42
0.0
-21280.0
-20930.0
0.0
0.0
252
0.0
-19628.0
0.0
-19776.0
461
-18665.0
-18665.0
0.0
461
349
-794
-17095.0
-755
-19017.0
406
0.0
-20585.0
-18941.0
-762
0.0
-620
-17017.0
-17017.0
-746
0.0
0.0
968
968
-15461.0
333
-14665.0
-15093.0
-230
-15516.0
-230
-350
-510
913
-820
-18067.0
0.0
883
97
-765
-18996.0
-19408.0
532
-19872.0
-19872.0
-0.1987219872198722
-18731.0
673
0.0
0.0
-17896.0
575
-51
575
0.0
-17568.0
-14771.0
0.0
0.0
873
0.0
-949
-975
161
-17182.0
-949
-17182.0
449
-975
-553
0.0
564
0.0
0.0
-285
-18044.0
257
-20884.0
-683
-683
-903
0.0
0.0
-22043.0
-20403.0
-932
-932
-932
-18259.0
-17974.0
106
-16321.0
559
559
157
0.0
-569
-308
-0.17597175971759718
-308
-16982.0
-17591.0
-17423.0
0.0
382
50
-0.2098920989209892
-20989.0
0.0
-918
-900
202
-19118.0
-19118.0
-20099.0
0.0
-573
-0.2073720737207372
0.0
-19169.0
-218
-18363.0
-19747.0
118
50
118
-20980.0
-105
-484
-21703.0
-993
-333
-25218.0
-783
498
0.0
0.0
-24785.0
-26927.0
-26927.0
-583
-26344.0
-260
242
-619
-25379.0
-921
828
0.0
-22600.0
529
0.0
0.0
726
113
-0.23519235192351923
0.0
993
-21178.0
0.0
0.0
-23200.0
-23200.0
-23200.0
167
167
167
-817
334
-0.23367233672336724
-817
602
297
297
0.0
-22895.0
407
-0.21957219572195721
10
-22362.0
0.0
0.0
-21262.0
-188
-21037.0
-21037.0
-21384.0
-413
-413
821
-863
-926
-772
-772
155
155
231
6
-915
-712
-712
201
0.0
306
-534
-116
-24575.0
-24988.0
-24715.0
0.0
-386
0.0
-272
-0.25747257472574725
-26696.0
0.0
764
779
0.0
-28485.0
263
855
-0.2875828758287583
257
647
-420
-29758.0
-29758.0
590
590
0.0
536
536
536
813
536
-32849.0
-0.32849328493284935
-32849.0
-725
-111
-725
-33083.0
-959
-31395.0
621
0.0
621
621
-542
-30644.0
8
-803
-32313.0
0.0
-29622.0
-246
-29754.0
0.0
-375
-598
-31091.0
783
-375
-845
-0.30716614332286646
-845
-0.3038930389303893
450
-28803.0
0.0
980
0.0
980
0.0
980
-882
0.0
-32983.0
0.0
550
938
0.0
578
-32114.0
578
-0.3269232692326923
-0.3269232692326923
-319
0.0
-32683.0
-743
812
-32839.0
199
0.0
0.0
0.0
-31935.0
-264
-689
83
-30802.0
-30802.0
0.0
-31635.0
-31635.0
0.0
299
-33213.0
-966
-32247.0
-623
287
497
512
-31814.0
-0.31814636292725856
-0.31814636292725856
-623
-31565.0
-0.31565315653156534
-0.31565315653156534
48
-32893.0
0.0
-93
823
701
-31504.0
-30197.0
42
-0.3023930239302393
-720
0.0
0.0
-29617.0
-29617.0
-30344.0
0.0
-30344.0
0.0
406
179
376
330
-30062.0
0.0
0.0
38
38
-88
0.0
-572
0.0
0.0
0.0
-30948.0
520
436
436
436
-0.31904638092761856
-30551.0
-30551.0
893
0.0
-28244.0
-619
0.0
0.0
-26650.0
0.0
590
0.0
0.0
-25181.0
0.0
-24563.0
99
0.0
95
-23635.0
-889
-36
0.0
-24148.0
-458
479
-0.23690236902369025
-23690.0
327
-0.23690236902369025
479
540
-23150.0
-23150.0
164
0.0
-607
-869
-458
-23087.0
-458
-45
-859
-19845.0
-766
-815
0.0
0.0
-815
0.0
-19491.0
-20676.0
285
-19945.0
-19945.0
0.0
957
437
150
150
-19780.0
-138
604
936
-20577.0
0.0
-19007.0
-616
0.0
0.0
-19007.0
0.0
-20267.0
0.0
628
0.0
-17730.0
0.0
505
-706
-15032.0
407
407
-15985.0
0.0
0.0
0.0
0.0
0.0
777
-15427.0
-15427.0
-14230.0
-14230.0
0.0
-13054.0
944
284
0.0
0.0
-14177.0
449
-0.13214132141321414
0.0
-423
-336
0.0
0.0
267
0.0
635
299
-906
-154
0.0
0.0
-805
-805
803
-13189.0
855
-12232.0
0.0
0.0
-250
-0.12726127261272613
-0.12726127261272613
-718
-718
-978
0.0
0.0
0.0
-970
-391
-15182.0
-14873.0
-325
-716
0.0
0.0
479
479
-11033.0
479
62
62
-0.10739107391073911
-127
543
-414
-414
0.0
993
-0.11073110731107311
-11073.0
-414
-0.11073110731107311
-0.11073110731107311
-638
-414
-11073.0
-0.11073110731107311
0.0
-418
0.0
-463
-7030.0
-7835.0
0.0
-7352.0
-932
-8321.0
-435
0.0
762
-5496.0
-5496.0
912
-6408.0
-844
0.0
-774
-0.05526055260552606
930
-476
-476
-844
-0.04650139504185125
321
321
-6115.0
-788
-5198.0
-5198.0
67
-451
-9526.0
741
896
-535
-11163.0
-0.11531115311153112
0.0
0.0
0.0
-11291.0
-345
345
844
-787
512
-12644.0
512
-77
-13780.0
-13780.0
-13578.0
-287
-287
-12583.0
-12583.0
-13243.0
0.0
-233
-13243.0
-773
-12105.0
-0.12105121051210511
-575
-11288.0
156
-11444.0
-445
-10
-12702.0
0.0
-734
-734
0.0
87
487
0.0
0.0
547
-216
-432
-9595.0
0.0
0.0
433
433
-9761.0
-9883.0
0.0
0.0
-565
-9664.0
-609
-906
0.0
-10738.0
-906
0.0
925
-668
-0.13413134131341314
0.0
809
0.0
-13194.0
233
-13427.0
-13796.0
-369
-13427.0
427
-14008.0
-14008.0
850
850
850
0.0
163
-7
-0.12603126031260312
-13931.0
-243
0.0
-773
0.0
-15285.0
-258
-15808.0
-15808.0
-0.15808158081580817
-389
-945
-389
-0.15419308386167724
-15210.0
209
-467
-749
-14748.0
-344
711
369
0.0
-206
-206
275
0.0
275
-748
-15885.0
167
-14156.0
0.0
0.0
0.0
-13224.0
-556
0.0
-892
-892
-7987.0
0.0
-826
0.0
-10429.0
-439
-0.13037130371303712
726
-909
-909
-12701.0
0.0
645
-428
446
-0.14022140221402213
796
0.0
0.0
-12746.0
14
-12848.0
-312
392
-172
869
0.0
-946
748
-13525.0
-13525.0
-658
-14359.0
-14890.0
-159
102
601
-0.14833296665933318
-14833.0
-780
853
853
-0.13980139801398014
-460
571
0.0
532
-0.13143131431314314
-13143.0
-13369.0
179
-13548.0
-13548.0
-0.13548135481354814
-12460.0
-348
-12554.0
-13634.0
0.0
-12904.0
-14219.0
0.0
906
167
0.0
0.0
0.0
0.0
-353
-353
0.0
22
0.0
165
-10868.0
-346
703
703
-0.10441104411044111
94
0.0
0.0
0.0
667
941
-11781.0
667
-13059.0
0.0
-12891.0
0.0
0.0
0.0
0.0
-13932.0
-13936.0
-14810.0
757
-14911.0
640
-91
-14221.0
0.0
-675
-13797.0
0.0
408
0.0
408
-12995.0
36
36
-12995.0
897
-11798.0
-679
-932
-581
-0.12289122891228912
0.0
-12517.0
0.0
-11338.0
0.0
0
755
755
-10209.0
-694
-11672.0
-696
-807
-807
-0.10169203384067681
-0.10169203384067681
-694
200
0.0
445
-247
-9369.0
0.0
370
-9909.0
-0.0990909909099091
-0.0990909909099091
-465
-9646.0
-9646.0
-9575.0
0.0
-9091.0
-278
-278
-278
-21
178
178
329
0.0
0.0
908
-4893.0
-4359.0
-421
-5125.0
-421
74
0.0
-4953.0
-4953.0
-864
74
-0.057470574705747055
139
-5960.0
4
4
-4858.0
-250
0.0
-4018.0
-4991.0
-4674.0
-4674.0
-4674.0
-671
0.0
-671
384
-4888.0
-571
0.0
-6202.0
-144
-514
-5615.0
0.0
-5615.0
0.0
-7324.0
94
0.0
-918
0.0
-925
-0.07106071060710607
909
-219
-219
0.0
-6425.0
-7667.0
-733
-784
0.0
-116
-5121.0
0.0
-64
-689
-793
-0.026950269502695027
-282
-5239.0
-278
598
-4744.0
-320
-0.047880478804788046
-416
-3406.0
973
-133
-785
-0.055870558705587055
0.0
0.0
0.0
202
0.0
583
756
0.0
756
385
385
0.0
0.0
-234
-0.016950169501695016
-156
0.0
-3089.0
0.0
-735
319
-2035.0
683
-2004.0
-2004.0
-2004.0
0.0
0.0
-3712.0
-3712.0
365
-4061.0
680
-6966.0
0.0
-234
-339
-5281.0
-4724.0
51
-919
-2865.0
622
-0.022260222602226022
961
961
-3850.0
-0.038500385003850036
-935
-3844.0
-471
-965
-0.023940478809576192
-0.023940478809576192
-2394.0
-2394.0
-0.023940478809576192
-1935.0
-1935.0
-1935.0
-0.01935019350193502
459
459
0.0
0.0
348
-100
348
-5439.0
-5439.0
290
-5279.0
160
160
553
-0.047380473804738046
-4052.0
0.0
-8
-2729.0
-342
-2387.0
-0.023870238702387025
118
0.0
118
364
30
364
-2759.0
906
-0.01853018530185302
-1463.0
-111
390
-1031.0
390
-0.010310103101031011
-1031.0
390
967
390
-537
-2088.0
616
-2628.0
-672
559
0.0
785
-5540.0
-5540.0
-5540.0
785
-295
-6030.0
-6030.0
-6030.0
-0.06030120602412048
-996
-0.06030120602412048
0.0
752
752
0.0
994
-7132.0
-600
-7132.0
-716
-600
269
-4692.0
-562
0.0
-4193.0
-151
-5550.0
-6268.0
-6268.0
48
-23
773
-560
-158
-6475.0
-158
-497
-0.05820116402328047
-5
0.0
0.0
-6899.0
-229
634
634
-431
-49
-7849.0
-602
-7849.0
912
-153
-9519.0
-36
-871
-8977.0
-9115.0
468
-6671.0
406
495
406
406
0.0
0.0
-5875.0
985
-0.07399073990739907
322
517
-0.07528075280752808
733
858
858
0.0
-8364.0
-394
481
-12103.0
0.0
-600
-361
-11142.0
-893
581
-64
-0.1126622532450649
0.0
-339
-13177.0
-600
917
-600
-451
-0.14363143631436315
0.0
0.0
-73
0.0
0.0
131
-63
727
0.0
0.0
493
-7494.0
-546
-0.07494074940749408
-0.07494074940749408
729
-4900.0
130
-5030.0
464
-0.05146051460514605
-5146.0
-5146.0
348
153
-6737.0
351
-5597.0
-5597.0
-957
0.0
0.0
187
-6510.0
-6510.0
0.0
187
-0.06697066970669707
-6697.0
-0.06697066970669707
-6697.0
-6697.0
0.0
-189
0.0
-7687.0
679
832
-5298.0
0.0
-706
0.0
-16
-964
-964
-964
-16
-706
822
822
-0.07876236287088613
-490
-464
-8818.0
0.0
-8751.0
0.0
-8995.0
-9781.0
-797
0.0
718
-8991.0
344
0.0
0.0
-304
-10602.0
-10602.0
0.0
79
-676
-10590.0
262
-676
-676
-10484.0
0.0
-914
-11428.0
-914
-11428.0
911
81
0.0
-10728.0
71
900
-10646.0
609
-10903.0
-10903.0
66
153
538
507
-10812.0
493
-16155.0
-16155.0
0.0
-64
0.0
-64
-667
-14117.0
-0.14117282345646914
-0.14117282345646914
-0.14117282345646914
-14117.0
879
-276
278
278
278
-295
526
526
438
0.0
0.0
0.0
803
-0.0966309663096631
932
932
-371
-0.10966109661096611
-10966.0
-11842.0
461
-525
0.0
0.0
-11540.0
-11540.0
0.0
-11540.0
-9233.0
0.0
0.0
-11728.0
78
-11743.0
0.0
0.0
0.0
664
578
578
580
-0.0899808998089981
-0.0899808998089981
-9224.0
35
978
-0.08331083310833108
934
934
125
-861
481
-45
0.0
-9651.0
-672
-8979.0
-987
-987
931
0.0
-9246.0
-282
-9246.0
-9153.0
-947
833
44
0.0
0.0
0.0
0.0
-8675.0
993
0.0
0.0
-8606.0
839
577
0.0
-10284.0
-544
-8437.0
0.0
194
431
-936
0.0
0.0
-7706.0
-8932.0
-761
-8211.0
933
616
616
0.0
-19
-125
478
-0.0948609486094861
-19
-0.0948609486094861
0.0
-545
0.0
-9821.0
0.0
-7285.0
-368
-368
-8393.0
-916
-433
-433
-51
0.0
559
-10913.0
-868
0.0
0.0
0.0
-637
0.0
229
0.0
0.0
-606
229
0.0
300
-6717.0
757
-544
-544
-544
554
554
757
-0.08281248437453123
-0.08281248437453123
0.0
588
-0.08292082920829208
515
-8339.0
-10094.0
852
-8513.0
-7965.0
0.0
-519
588
-4172.0
-372
409
-177
-6126.0
-6126.0
151
359
0.0
327
155
0.0
0.0
221
321
474
0.0
181
-3432.0
572
578
-4582.0
-0.04582091641832837
-6078.0
0.0
-7131.0
0.0
-882
0.0
-500
-8607.0
0.0
-835
-9514.0
-835
-8679.0
177
177
-276
771
-8230.0
639
-8187.0
0.0
-713
639
-8427.0
-8502.0
0.0
-8109.0
-899
-8803.0
-899
-779
61
0.0
756
61
-8272.0
-0.08272082720827208
-7741.0
-234
-7993.0
684
-234
-154
0.0
-10322.0
0.0
-71
-71
710
718
-518
-518
131
-35
-728
-10620.0
-763
625
625
58
484
141
58
-965
-9895.0
848
-817
0.0
-10850.0
-10850.0
0.0
196
-8857.0
0.0
0.0
-9719.0
0.0
-546
0.0
-9988.0
738
-10355.0
-764
107
-294
-11001.0
-294
-294
-294
745
-10316.0
0.0
0.0
-750
-793
-12542.0
-0.12542125421254213
-335
0.0
-12877.0
-335
-750
-12542.0
0.0
25
-750
-750
0.0
866
866
-7954.0
0.0
-7905.0
-832
123
875
823
0.0
0.0
0.0
6
6
0.0
-5943.0
-5943.0
167
233
167
213
-10706.0
-807
0.0
644
644
-807
-807
971
971
-243
-243
-243
-11856.0
-243
0.0
0.0
0.0
-163
-123
0.0
-873
-873
-13729.0
-848
-14371.0
464
0.0
-15482.0
0.0
-460
-460
342
342
0.0
-482
0.0
0.0
-13283.0
-13283.0
-14
-231
-210
-10935.0
-210
0.0
-77
0.0
-861
-456
-456
0.0
158
925
-0.11881118811188111
-11881.0
-0.11881118811188111
-0.11881118811188111
-11881.0
925
529
-393
-0.13668136681366813
-13668.0
-393
0.0
-14339.0
-453
0.0
893
-0.13520135201352013
-0.13520135201352013
-0.13520135201352013
-0.13520135201352013
0.0
597
-735
-15
-15824.0
-16261.0
0.0
-15576.0
-239
-0.14671146711467115
-237
-237
-837
205
-13674.0
-13375.0
-13375.0
658
0.0
-13374.0
-991
736
-987
-987
-12630.0
-11769.0
861
-12630.0
-639
736
327
-0.13693410802324069
-13693.0
-13693.0
-361
-422
-13718.0
-13718.0
-447
-482
-0.12816128161281612
-394
269
-12343.0
-12982.0
-440
78
-0.12261122611226112
-880
0.0
0.0
0.0
563
-212
-551
-551
-808
-10497.0
547
0.0
-758
859
-259
0.0
859
0.0
-874
-770
-340
-109
-0.11780117801178011
-0.11780117801178011
0.0
-11262.0
496
517
517
0.0
0.0
-896
317
-10439.0
-444
-444
-11699.0
-752
0.0
-752
-13263.0
-84
-13634.0
0.0
-12486.0
-13394.0
-16045.0
-642
-14743.0
-93
-13216.0
457
0.0
750
750
0.0
198
-6388.0
0.0
0.0
326
198
198
-7053.0
-7053.0
416
-798
-848
188
-7154.0
704
704
0.0
0.0
236
236
-56
52
-65
-2613.0
422
-2613.0
-2949.0
0.0
184
0.0
-1663.0
816
0.0
0.0
478
915
-437
551
0.0
551
-2515.0
-327
-7284.0
-7284.0
289
0.0
289
15
15
-9946.0
15
15
297
-0.10258205164103282
289
961
-9591.0
748
-10311.0
131
991
131
-10337.0
-11158.0
-11158.0
0.0
-12878.0
0.0
0.0
0.0
425
425
425
0.0
0.0
-13979.0
-13615.0
-571
-11472.0
-8
-8
-8896.0
0.0
749
-0.06550065500655007
-228
-227
560
-6507.0
-5
-5586.0
951
0.0
951
951
-0.05586055860558606
-5197.0
389
-621
313
0.0
102
-489
0.0
-4051.0
-489
0.0
-2702.0
-3458.0
22
22
0.0
-888
0.0
-7199.0
-953
-7074.0
0.0
-7521.0
238
-6135.0
477
-953
-0.06612066120661207
-6612.0
-743
656
0.0
-793
802
-307
-0.01933019330193302
606
0.0
274
-3457.0
639
-5716.0
-5716.0
183
0.0
488
-142
-400
-400
443
-4667.0
777
0.0
497
0.0
497
-3145.0
-669
-68
-850
0.0
17
-4935.0
-353
0.0
0.0
0.0
359
-647
-4099.0
706
-4099.0
0.0
839
-4472.0
-433
-433
0.0
524
524
-191
-5700.0
0.0
0.0
-220
266
1144.0
0.0
1144.0
-178
-178
554
3532.0
0.03532035320353204
554
554
554
939
3880.0
902
376
376
2359.0
0.0
1821.0
0.0
0.0
-536
110
-624
533
725.0
-526
-606
533
533
0.01857037140742815
-415
1359.0
0.0
1919.0
0.0
-826
3309.0
3309.0
4857.0
949
-447
820
-144
0.0
-144
3159.0
-519
0.0
1439.0
-558
1941.0
1941.0
-129
-133
-133
-558
0.02628052561051221
0.03340033400334003
712
2628.0
729
637
-618
-618
339
0.0
153
309
95
402
-634
0.0026600532010640212
95
0.001710051301539046
-0.00371007420148403
282.0
-134
0.012580125801258012
0.012580125801258012
-592
2156.0
-652
1695.0
1695.0
-111
0.0
1253.0
0.0
-620
-671
-447
44
2329.0
2250.0
-157
495
2649.0
2182.0
0.0
-977
495
2943.0
0.0
5322.0
-840
-574
5674.0
-185
-128
4883.0
-185
4414.0
0.0
-547
-547
0.0
0.0
4694.0
-532
0.05777057770577706
-640
6937.0
208
0.0
208
577
814
814
-866
435
152
6024.0
0.0
-599
-547
-713
-383
369
0.0
761
0.10942109421094211
0.0
970
970
917
5950.0
4668.0
-35
-981
-537
-645
0.0
-721
16
6173.0
311
0.0
357
357
0.06325063250632507
-275
-275
-640
-640
828
753
0.0
851
0.0
-572
0.0
10541.0
0.0
869
739
205
205
-87
739
7302.0
7302.0
-850
0.0
6255.0
7359.0
-586
0.06361063610636106
6361.0
5509.0
-203
-980
0.0
-478
778
4288.0
-478
-96
0.056260562605626056
-8
-8
158
0.0
-498
3693.0
-339
994
0.0
-370
0.0
-466
-217
664
-362
-454
-649
0.06532065320653206
6457.0
6457.0
0.0
-380
746
0.08148081480814807
8148.0
8148.0
8370.0
608
-865
698
10659.0
-281
8944.0
8944.0
-938
0.0
9593.0
71
-222
8960.0
-222
-703
0.0
0.0
0.0
0.0
-480
0.0
-931
352
352
8280.0
0.08280082800828008
467
0.07952079520795208
-204
-204
-553
-580
-580
7604.0
7205.0
6357.0
0.0
-108
444
8263.0
0.0
0.0
125
0.08396083960839608
9448.0
9448.0
8539.0
-99
356
356
0.0
-371
356
852
10541.0
10541.0
10541.0
852
0.0
0.0
9333.0
0.0
-472
0.0980509805098051
0.0980509805098051
9694.0
0.0
-33
0.0
-52
0.0
0.0
314
775
775
10681.0
-374
238
-921
11084.0
10103.0
-405
0.1010310103101031
-811
10103.0
9407.0
0.0
-315
6565.0
0.0
0.0
0.0
316
0.0
316
0.0
-512
-512
5164.0
-272
989
0.06582065820658206
0.0
6621.0
6621.0
0.0
7274.0
-698
-370
7602.0
-370
0.0
-301
-370
837
837
6349.0
6349.0
0.06349190475714271
762
762
0.05587223488939558
658
-531
0.0
8314.0
448
-967
-440
0.0
-295
236
831
-51
0.0
10960.0
0.0
-291
0.0
10960.0
11155.0
10426.0
-90
337
0.0
11485.0
153
-306
0.0
-294
11864.0
0.0
0.0
12649.0
12649.0
580
12069.0
320
0.0
12868.0
-58
0.0
11414.0
-717
0.0
955
-508
13281.0
957
0.13281132811328114
957
957
796
-651
-486
387
54
0.0
409
0.0
10535.0
0.0
-197
0.0
830
0.12591125911259113
0.0
0.0
0.0
145
-717
11541.0
0.0
0.0
857
549
549
-386
-386
-386
11108.0
0.0
186
558
0.0
12780.0
-847
-188
186
13386.0
-292
0.13678136781367814
111
13567.0
0.0
13572.0
0.0
15245.0
15245.0
0.0
-362
0.0
496
16019.0
496
-835
-835
17096.0
16661.0
-572
0.0
329
609
17875.0
394
394
-850
0.0
-446
-934
0.0
690
-250
-250
11392.0
-250
11392.0
9000.0
0.0
0.0
338
-269
0.0
-658
10625.0
745
0.0
10625.0
2
579
9708.0
9708.0
0.0970809708097081
-757
0.0970809708097081
-757
0.10465209304186084
745
745
9720.0
658
-154
8899.0
0.0
-569
9243.0
0.0
870
8133.0
-240
654
-569
9506.0
9506.0
-491
10401.0
10841.0
0.0
-529
9983.0
-529
31
-90
31
0.0
8054.0
-572
0.08626086260862609
-718
31
31
0.09313279398381952
917
777
9647.0
-843
-711
8707.0
-753
0.0
9329.0
0.0
9451.0
3740.0
-972
-972
-972
720
3163.0
3163.0
2309.0
-854
0.031630316303163035
0.031630316303163035
1156.0
-623
650
2089.0
650
572
3301.0
3301.0
0.0
-160
4008.0
404
-478
4019.0
108
0.0
-762
-462
-462
-462
0.0
-223
0.0
-1819.0
-1780.0
-1780.0
-899
327
-2403.0
0.0
571
-537
0.0
-5205.0
-6797.0
-966
-385
618
-28
-0.08517085170851708
-28
-926
500
500
-7846.0
91
-0.0907509075090751
-9157.0
0.0
0.0
-82
-9075.0
423
0.0
272
0.0
148
148
-7077.0
-983
0.0
0.0
-7532.0
99
630
630
-136
-7804.0
-944
0.0
-6851.0
-6851.0
979
-941
-941
0.0
0.0
522
-361
-6935.0
0.0
-401
-6935.0
0.0
-401
672
-5862.0
777
-447
281
-6278.0
433
433
-782
0.0
-958
-572
-0.11472114721147211
-862
0.0
-862
-862
-0.1041610416104161
-862
-832
-0.1041610416104161
-862
547
-278
-0.08633086330863309
-6753.0
749
-6753.0
-9745.0
-9745.0
0.0
795
858
-62
-268
0.0
-9844.0
-8784.0
0.0
570
-0.0935409354093541
520
-10722.0
-282
-594
0.0
-23
-23
0.0
-381
-491
-491
694
-14774.0
-0.14774147741477414
-14774.0
366
0.0
-939
-107
-939
-13755.0
-13304.0
-13267.0
0.0
403
-0.12701127011270114
-14226.0
-14320.0
0.0
-435
-12748.0
0.0
-435
-435
-421
916
0.0
-733
697
-733
242
468
-775
-9443.0
735
0.0
-219
0.0
-13751.0
-13751.0
-12811.0
601
0.0
601
-13688.0
0.0
0.0
0.0
-276
-13688.0
-276
-276
-276
591
0.0
0.0
-193
797
0.0
-435
-542
-192
-192
812
284
-16565.0
-15824.0
-15824.0
-15824.0
0.0
0.0
964
980
980
558
-16233.0
756
-239
0.0
204
-14785.0
-14785.0
0.0
416
930
-0.14304143041430414
-14304.0
0.0
-25
-14445.0
-14445.0
-14445.0
-72
-72
-14445.0
-13985.0
116
837
0.0
948
-13408.0
432
0.0
0.0
-16336.0
-634
-0.15702157021570215
-0.15702157021570215
635
443
443
-0.15089301786035722
-0.15089301786035722
-15275.0
-186
-186
-15525.0
-14533.0
-14533.0
-14533.0
786
-11587.0
870
-247
-13174.0
-13174.0
0.0
-994
-994
-994
-994
-12471.0
-669
600
-0.14732147321473216
-14228.0
504
-262
367
-0.14732147321473216
367
0.0
-348
-348
-17171.0
178
-17194.0
178
877
-709
877
178
254
0.0
17
-807
17
-0.17757177571775717
-17757.0
304
-0.18170181701817018
120
-0.18170181701817018
495
571
-779
-0.1944419444194442
-993
-20312.0
264
0.0
452
274
-570
-850
-17244.0
-16135.0
0.0
-428
-428
-17716.0
787
26
0.0
-818
0.0
540
540
488
488
-14894.0
-840
-292
0.0
-17318.0
-595
-17594.0
374
374
-861
-861
563
233
-0.1859718597185972
-312
0.0
-18688.0
-998
987
987
-312
-312
-861
-18365.0
-18365.0
-861
-0.18365550966528996
406
406
0.0
-103
-17301.0
0.0
0.0
0.0
-14351.0
385
-10523.0
231
-0.10754107541075411
885
-129
-23
-772
-23
-23
-0.126342526850537
0.0
2
-0.12992129921299214
619
0.0
-624
-364
0.0
0.0
-12487.0
-70
0.0
-992
213
-774
0.0
0.0
923
-154
-0.12007120071200712
-0.12007120071200712
519
-0.12934129341293413
0.0
-464
-464
-464
-637
-637
-637
-220
73
73
-14500.0
933
40
0.0
-860
-0.15277152771527716
-0.15277152771527716
147
-16971.0
-16971.0
-827
0.0
-508
-508
-508
-508
-16652.0
0.0
741
-519
-15661.0
702
-15661.0
-14749.0
590
-14438.0
0.0
-848
0.0
-14607.0
0.0
0.0
-848
-848
-311
-13448.0
-13448.0
-13905.0
0.0
461
565
-109
-14073.0
-13498.0
0.0
-15862.0
-15862.0
406
195
-356
-905
195
406
406
-14428.0
-12829.0
816
763
-128
-12214.0
-12214.0
2
-11995.0
0.0
0.0
-10517.0
-417
0.0
-199
-199
-12982.0
-12982.0
67
-12982.0
0.0
95
-13030.0
-157
-11640.0
-10562.0
118
0.0
0.0
0.0
0.0
0.0
0.0
-12640.0
-13071.0
-13071.0
0.0
-11356.0
608
819
-622
-10270.0
-8224.0
-468
0.0
0.0
-572
-572
-8821.0
0.0
22
22
22
-835
-11390.0
-835
0.0
-11343.0
-949
-0.1039410394103941
-0.1039410394103941
944
-858
-387
0.0
31
0.0
31
150
0.0
0.0
-7083.0
150
0.0
-7336.0
0.0
-7336.0
0.0
-428
-216
-8529.0
-8529.0
-8529.0
-8529.0
-216
-216
-936
-10900.0
-11229.0
-329
-10900.0
-10900.0
-981
-10900.0
-0.10900109001090011
-58
-356
-11159.0
0.0
405
-11159.0
0.0
0.0
-955
-955
0.0
-11959.0
0.0
715
-291
-12965.0
0.0
0.0
-544
0.0
355
-12411.0
0.0
0.0
-10903.0
479
575
-133
-0.11663349900497015
-11663.0
-239
-239
0.0
-11518.0
42
-8
-8
-10727.0
-1
-405
-70
-0.1097610976109761
430
42
76
493
0.0
-24
-24
76
-888
-13717.0
248
-710
-191
-14988.0
0.0
-211
-795
-14306.0
-13904.0
0.0
398
-388
427
578
-85
0.0
-16056.0
0.0
-16056.0
-212
-856
-856
724
-12
-18345.0
-18345.0
-18345.0
-18345.0
0.0
0.0
-19696.0
-20847.0
-214
-19343.0
0.0
-20176.0
0.0
922
-0.1990819908199082
-0.1990819908199082
-19303.0
973
0.0
-18616.0
680
-0.1987819878198782
-852
-0.1987819878198782
-852
-343
0.0
-18985.0
-18824.0
-18824.0
-18824.0
0.0
-446
-562
-18719.0
-0.1871918719187192
-612
-157
-157
0.0
989
-17763.0
989
803
0.0
612
-17797.0
484
890
890
-17048.0
782
782
-408
0.0
0.0
0.0
0.0
0.0
-822
0.0
12
12
12
-836
-836
-327
-194
-0.1875237504750095
734
0.0
0.0
0.0
975
-16302.0
-133
-0.16169161691616915
-16169.0
777
-16169.0
433
706
706
-14234.0
-14234.0
-867
-870
630
-11
-11
-11
-14524.0
388
-0.14819148191481915
-845
89
-536
-808
497
130
-15694.0
-773
-17985.0
-17985.0
228
228
-566
-566
-958
0.0
-917
-917
-20334.0
650
495
-20360.0
989
-255
-873
0.0
-23899.0
-285
-873
-873
0.0
-21017.0
0.0
0.0
-20072.0
-20309.0
-736
-21011.0
0.0
0.0
0.0
-21206.0
325
-21206.0
796
-21134.0
655
-21789.0
325
573
-0.2268790751630065
-22687.0
-83
-0.22143221432214322
0.0
26
26
-706
-706
-706
-27538.0
0.0
0.0
0.0
-706
-706
-617
-617
-27544.0
-737
-737
0.0
0.0
0.0
-737
900
900
-0.2968829688296883
-0.2968829688296883
433
917
629
228
0.0
0.0
-28530.0
643
0.0
-28300.0
96
96
788
-29352.0
-29352.0
-148
316
86
86
-0.2748027480274803
0.0
0.0
88
-444
-28205.0
-28014.0
-27765.0
0.0
0.0
481
556
556
-28967.0
-28967.0
832
-314
-81
-29189.0
-29189.0
-0.2918958379167583
-29189.0
0.0
-29069.0
321
-576
712
983
-29975.0
-0.2965029650296503
-29650.0
-317
-317
-317
-317
564
-31525.0
-406
546
-30698.0
-0.3069830698306983
221
-595
755
-595
221
-29573.0
0.0
538
538
-26955.0
928
-268
0.0
-405
0.0
420
770
-29248.0
-147
-27838.0
0.0
-255
-255
315
315
-25932.0
0.0
-36
-25896.0
-26453.0
0.0
-27953.0
-75
240
951
-0.29592591851837036
-29592.0
-0.29592591851837036
100
100
-0.2949229492294923
-29084.0
-29520.0
0.0
-787
-30453.0
-312
-0.3014160283205664
274
-30487.0
-516
-775
-558
0.0
-29543.0
-30239.0
0.0
427
-31506.0
-840
-384
-30357.0
-30590.0
783
-30590.0
783
-31373.0
0.0
-34006.0
-33077.0
0.0
18
-837
-32757.0
210
-0.3224932249322493
-837
-0.3224932249322493
-0.3224932249322493
0.0
0.0
0.0
0.0
0.0
0.0
656
-31785.0
0
918
-0.32067320673206734
-31799.0
-32799.0
0.0
0.0
0.0
-31689.0
0.0
0.0
-32331.0
-31439.0
0.0
-30718.0
-55
139
-0.3165331653316533
355
983
0.0
-27279.0
-288
-734
-0.2699126991269913
448
186
186
0.0
-27469.0
511
0.0
-27216.0
331
-0.2909429094290943
-30026.0
-932
-932
-803
-366
-366
-391
644
608
-28109.0
-27715.0
81
-27715.0
-28481.0
-28481.0
259
-0.2806528065280653
305
305
-27563.0
0.0
-795
-717
-28177.0
-27593.0
-27593.0
-947
-29470.0
0.0
0.0
-30075.0
-30648.0
-631
0.0
-57
-302
-139
-139
0.0
-30683.0
-483
-792
-0.29408588171763433
-29408.0
-233
-0.2917587527625829
-0.2917587527625829
-829
445
-29613.0
-30590.0
-0.3123731237312373
-0.3123731237312373
-647
-31237.0
-31237.0
-0.3123731237312373
-33458.0
-32802.0
993
0.0
0.0
-718
-32822.0
0.0
-573
259
-727
-33210.0
-573
-573
-573
0.0
978
978
-34975.0
-0.34975349753497537
-959
0.0
-409
-34008.0
-104
437
-35599.0
-777
0.0
643
643
0.0
-36797.0
0.0
-593
-0.37350373503735035
398
-0.37350373503735035
-37350.0
-0.37350373503735035
-191
-191
-37541.0
0.0
0.0
0.0
-42751.0
0.0
-43961.0
-764
0.0
464
0.0
-42341.0
464
-42
0.0
-42
-41499.0
-753
0.0
0.0
-487
-0.4035440354403544
-930
-0.39424788495769914
377
-587
-543
-39166.0
173
-39521.0
-186
0.0
0.0
-844
-40204.0
0.0
194
294
-40163.0
0.0
0.0
-906
-906
-42881.0
950
876
876
0.0
0.0
-40903.0
0.0
0.0
0.0
-158
0.0
0.0
-42043.0
0.0
184
-971
0.0
-40517.0
0.0
0.0
537
-39748.0
758
0.0
-787
374
758
0.0
-273
938
-0.3863538635386354
-0.3863538635386354
-0.3863538635386354
73
0.0
369
-38508.0
98
-750
0.0
415
-37428.0
0.0
0.0
-35964.0
-35964.0
893
414
414
-33
-33
-0.36337363373633735
-36337.0
-551
-38544.0
807
-256
613
-38951.0
-38951.0
-36712.0
367
-982
0.0
-38061.0
-38061.0
0.0
0.0
-982
-524
-38555.0
-38555.0
-556
-145
-37499.0
227
-394
-37726.0
-788
-788
-35764.0
0.0
-34565.0
294
-34919.0
-0.34919349193491933
5
-34914.0
245
-816
0.0
0.0
-37256.0
0.0
-35761.0
621
835
-604
621
161
302
-0.3661073221464429
-0.3661073221464429
-0.36105361053610535
238
0.0
-36081.0
0.0
-39
187
-37297.0
0.0
-34927.0
211
0.0
153
-691
-361
-938
0.0
-35685.0
-34602.0
0.0
-162
-41
43
-0.35507065211956357
-0.35880717614352287
-431
-36867.0
-38377.0
-628
0.0
423
-38390.0
0.0
-38229.0
706
389
-0.3893538935389354
0.0
522
-39474.0
-192
522
-0.3879138791387914
-0.3879138791387914
178
-40234.0
-40234.0
-583
-39823.0
-39823.0
-172
128
0.0
808
0.0
0.0
-38451.0
0.0
1
-0.3846538465384654
724
-38561.0
-39740.0
-790
-39740.0
0.0
-790
-590
628
-38988.0
-275
-0.38695386953869537
-0.38695386953869537
568
-0.38695386953869537
0.0
-41111.0
-652
0.0
254
-0.4230342303423034
-42303.0
239
-0.4175341753417534
-759
-759
674
-42756.0
-42512.0
0.0
-43667.0
-16
-43541.0
-43541.0
-0.43541435414354146
-186
-43355.0
-0.4404144041440414
265
265
0.0
265
-43072.0
969
-44041.0
0.0
0.0
-44959.0
0.0
-44959.0
-44959.0
0.0
642
642
-772
0.0
261
-863
0.0
813
813
0.0
0.0
-43482.0
0.0
-313
-313
0.0
-43793.0
0.0
-43566.0
0.0
-44242.0
-43862.0
256
-44118.0
-473
-45296.0
779
0.0
591
-0.4573445734457345
146
146
-45734.0
146
810
-0.4588091761835237
144
-725
-0.46429464294642947
519
0.0
-97
283
0.0
0.0
0.0
-252
-95
-41576.0
-42208.0
-42208.0
-42208.0
941
941
0.0
884
-0.4306943069430694
0.0
-42159.0
0.0
0.0
0.0
990
-42155.0
0.0
-787
0
-716
655
-11
-0.3785237852378524
655
-37852.0
655
0.0
257
-36577.0
814
0.0
-34846.0
-417
-0.3693336933369334
-36556.0
377
0.0
377
-0.3693336933369334
-0.3693336933369334
-939
-35994.0
471
-36241.0
-36241.0
-36241.0
224
0.0
-36160.0
596
0.0
-932
932
932
-932
-932
-0.36852737054741097
596
-36852.0
0.0
0.0
-37991.0
341
0.0
-38327.0
-37171.0
-36786.0
0.0
175
-870
682
-38523.0
-64
-305
821
0.0
0.0
579
243
821
-0.38165763315266305
-37868.0
297
-39501.0
-39501.0
-507
-38994.0
264
-39670.0
331
-41221.0
221
221
-0.40992409924099243
334
334
-869
13
-40457.0
13
-563
-0.3990679813596272
-39906.0
843
-517
-0.4042340423404234
-517
-517
-319
-272
-0.4017840178401784
-40178.0
233
233
-847
0.0
-326
0.0
-39047.0
0.0
0.0
174
-51
-39951.0
-39932.0
0.0
193
193
797
243
-39662.0
-461
-0.4012340123401234
-461
426
298
584
-64
723
783
783
723
-37107.0
606
-37209.0
177
606
-37386.0
243
0.0
-38526.0
736
-38525.0
871
-141
-40305.0
-393
-0.4108541085410854
-41085.0
652
-0.4108541085410854
-0.4108541085410854
-41085.0
938
898
-41672.0
-41672.0
-880
-880
-40732.0
-608
638
-457
-283
-0.409142274268228
-283
0.0
-70
734
0.0
-42132.0
0.0
-197
-602
70
70
322
-45139.0
-187
-44
522
0.0
0.0
0.0
-43949.0
0.0
-43232.0
667
-43899.0
-139
-15
-335
-335
817
685
-496
685
-0.42422848456969137
157
731
-0.42244422444224444
-40915.0
-40915.0
0.0
607
651
0.0
634
0.0
-41
-41662.0
-41429.0
0.0
-41284.0
-41658.0
-41829.0
-41829.0
121
-303
-0.42590425904259044
0.0
0.0
-43309.0
0.0
0.0
-43175.0
-753
0.0
599
-520
-746
0.0
-43763.0
0.0
20
-43783.0
-43783.0
613
-835
926
576
-43855.0
-44460.0
520
0.0
548
548
-42538.0
-42538.0
548
-314
-44663.0
668
-44018.0
-46379.0
0.0
-581
-45427.0
213
-2
542
-48842.0
-658
542
-341
-24
383
-47969.0
-81
-512
-928
-48702.0
-49342.0
-640
-47927.0
500
473
749
-0.46370463704637044
966
966
-0.46370463704637044
-0.46370463704637044
-47032.0
0.0
-946
0.0
850
415
0.0
0.0
882
-44047.0
639
-940
-8
-8
113
-0.44562445624456243
-880
-351
-45862.0
-499
-0.45363907278145565
-880
-45363.0
-880
-44460.0
-45218.0
-731
809
-51
-43032.0
-42961.0
-807
-0.42616426164261645
-0.42616426164261645
-961
-961
-42736.0
-40798.0
579
238
-0.40206804136082724
-40206.0
-41100.0
-894
-904
-904
666
-7
0.0
0.0
-39260.0
0.0
-39260.0
0.0
0.0
378
-0.4000540005400054
-39019.0
-220
-777
-38779.0
-823
-823
890
-38962.0
890
74
-39850.0
90
-36343.0
-418
189
-36364.0
90
90
-0.3636436364363644
-36364.0
612
612
0.0
0.0
612
612
0.0
244
-332
181
342
-37640.0
-38225.0
0.0
-36682.0
356
356
-36682.0
0.0
-143
639
0.0
0.0
876
108
-35079.0
-129
0.0
-129
-35079.0
149
0.0
0.0
-33127.0
-33127.0
-33127.0
0.0
-31764.0
876
371
-0.3264032640326403
0.0
69
69
-31483.0
0.0
69
-31552.0
578
-31399.0
-30402.0
-340
0.0
-644
-796
0.0
-32002.0
-31318.0
-228
0.0
-32884.0
-32884.0
-228
0.0
-692
-991
-366
-32646.0
-433
-31635.0
-31635.0
614
991
367
-786
-786
0.0
707
-542
-33622.0
30
30
617
-739
0.0
-955
-34305.0
-35474.0
0.0
-35474.0
-756
-908
15
-34365.0
-586
-33779.0
871
0.0
570
313
547
-28822.0
202
0.0
-31018.0
-31018.0
-31018.0
0.0
-437
-304
774
-31407.0
774
-32189.0
-354
-301
-0.3032230322303223
-30322.0
822
-30522.0
0.0
-31782.0
-69
-69
0.0
-33556.0
-33556.0
-791
-34440.0
-34440.0
-34440.0
-34440.0
0.0
-35441.0
673
-34994.0
-708
-708
-708
-888
0.0
829
-34165.0
0.0
0.0
-399
0.0
0.0
-33435.0
-525
-525
0.0
-666
-909
-31284.0
0.0
-31354.0
883
-463
-820
-0.3209732097320973
-323
-323
-31774.0
-922
-922
647
-922
-0.3025330253302533
-0.3025330253302533
805
-30629.0
935
0.0
0.0
323
206
-32687.0
0.0
592
-33445.0
-32169.0
960
-34347.0
-798
0.0
-35487.0
0.0
-738
0.0
118
-37167.0
-38163.0
0.0
-38357.0
-38112.0
-288
-39512.0
-288
0.0
-39512.0
136
-38776.0
0.0
-38959.0
-38959.0
-332
0.0
-919
-40772.0
-0.4077240772407724
-40772.0
-40772.0
-40295.0
0.0
0.0
-982
-41284.0
-266
98
477
-41256.0
-42070.0
-263
-42403.0
-982
-39903.0
744
387
-40279.0
377
-192
-0.4027940279402794
0.0
-41112.0
-42405.0
-954
-0.4145141451414514
681
-41870.0
-231
634
-64
-454
-64
-44771.0
0.0
294
-0.45065450654506545
-64
-0.4500190003800076
-161
-854
-854
-41409.0
-156
163
-41695.0
942
-42568.0
0.0
-45388.0
-498
-45388.0
750
750
0.0
-44862.0
-44862.0
-44853.0
127
127
-471
-49349.0
-377
526
0.0
-473
526
463
-883
316
-49211.0
120
-49396.0
441
174
-49156.0
594
-0.4975049750497505
-792
-792
-385
-338
269
174
-49132.0
-738
-48769.0
118
-375
-48394.0
722
-730
441
316
316
-0.48837441872093607
316
-0.4915394923695422
-49151.0
-217
-690
906
-0.48464392507475523
451
-48175.0
-48745.0
-0.48747437371868596
989
-0.48747437371868596
-570
491
-48272.0
-0.47546475464754645
0.0
-48085.0
-48085.0
-648
627
-864
-177
-864
-525
-45117.0
0.0
-45243.0
0.0
-43547.0
-43547.0
711
0.0
-39673.0
-40668.0
-908
-40668.0
0.0
-40668.0
-908
-273
949
-39228.0
-445
-39405.0
0.0
353
-0.3970739707397074
409
-39933.0
405
183
-39933.0
0.0
0.0
-716
301
-94
0.0
-971
-41612.0
-995
-0.40617406174061743
-40617.0
0.0
-873
-873
-42744.0
1
-43469.0
18
-43487.0
-0.43487434874348746
-44387.0
-43508.0
0.0
-566
-877
-115
-44134.0
-44134.0
0.0
-402
-42020.0
-402
-42190.0
260
-42246.0
186
-40853.0
-39835.0
-559
-41275.0
-41854.0
-39998.0
-39998.0
919
419
0.0
-39578.0
-39714.0
-42385.0
558
-41179.0
558
358
-851
-126
-126
-0.4073540735407354
-851
872
-998
0.0
-41407.0
0.0
-978
0.0
-44010.0
0.0
-461
0.0
-462
-43204.0
-42578.0
504
-486
-417
-417
996
996
996
307
85
17
-0.42495424954249544
-0.42495424954249544
-41348.0
0.0
0.0
-43779.0
0.0
-861
-44290.0
-861
1
-746
694
-43048.0
0.0
421
-232
889
-42528.0
0.0
436
0.0
779
897
0.0
897
-500
-0.4281842818428184
0.0
-409
-43621.0
-679
-991
-41293.0
645
0.0
-41293.0
0.0
636
645
645
645
-40706.0
839
0.0
-250
-0.3984239842398424
-0.3984239842398424
0.0
47
0.0
-164
-41248.0
-164
161
833
-40243.0
833
-0.4107641076410764
22
-315
-40989.0
386
0.0
-39353.0
985
386
-41242.0
-518
0.0
-42009.0
-41084.0
-802
472
318
0.0
-414
-38952.0
275
782
-0.3922739227392274
0.0
396
673
939
939
-38048.0
-36123.0
1
-36396.0
-939
-930
-930
-35852.0
-35852.0
-35852.0
0.0
971
971
971
770
-33596.0
-191
376
792
-32266.0
-412
-33694.0
-34509.0
0.0
-340
-314
0.0
500
-34945.0
0.0
-34927.0
0.0
-302
0.0
-407
908
-34239.0
-34239.0
0.0
318
-33605.0
0.0
0.0
-35366.0
424
622
-33040.0
-899
0.0
-899
-321
0.0
-32462.0
938
159
127
-0.34221026630798923
-606
34
34
-35396.0
0.0
-34562.0
-35502.0
-117
-117
0.0
-212
-34
-0.35150351503515037
-212
0.0
-5
-33783.0
-382
0.0
-382
-0.32953329533295334
-812
-33758.0
0.0
0.0
-30912.0
611
0.0
431
0.0
487
-289
-31214.0
103
-490
-35411.0
883
-33487.0
0.0
690
178
0.0
-979
-533
-33316.0
-711
-0.3260532605326053
321
-33043.0
578
-0.33043330433304335
-885
-544
-544
-32732.0
842
-635
-33574.0
218
-33574.0
-635
366
-32874.0
-32874.0
-206
-32874.0
430
364
-0.32277322773227735
-0.32277322773227735
364
-317
-32519.0
-766
-766
-528
-32579.0
-220
-31928.0
-339
610
-33112.0
111
353
838
-834
-0.35400354003540035
-231
-35169.0
-0.3516970339406788
-35008.0
0.0
165
165
614
-0.35368707374147484
-644
0.0
0.0
747
883
0.0
854
-34819.0
-925
-36754.0
-36754.0
0.0
-253
-253
626
0.0
-36426.0
0.0
930
-34809.0
852
-491
-35661.0
-0.35661356613566136
151
-35510.0
0.0
151
-491
-35661.0
-249
0.0
0.0
0.0
-732
593
-0.3348233482334823
0.0
0.0
0.0
0.0
155
-400
-31377.0
-522
664
499
-0.3204164083281666
-828
-380
-33906.0
236
331
-0.32957329573295735
331
331
-0.3296732967329673
-32545.0
593
0.0
0.0
0.0
-31591.0
0.0
-33413.0
-629
0.0
840
-33434.0
906
-34340.0
0.0
-34422.0
-34422.0
-824
974
624
0.0
0.0
-33049.0
-33049.0
-33839.0
7
-628
-843
-843
-628
-0.33080330803308033
-32720.0
360
0.0
-138
-32870.0
-480
-480
-0.34526345263452635
-0.34526345263452635
-778
-572
67
-150
-942
-39915.0
-942
-274
-178
0.0
215
215
476
598
598
-39418.0
0.0
-538
-327
967
-757
502
-842
-43292.0
0.0
0.0
0.0
0.0
0.0
0.0
-43846.0
0.0
872
872
-0.44718447184471843
425
-45343.0
425
-46420.0
0.0
76
0.0
0.0
201
201
-49211.0
-890
-716
-0.46708467084670846
438
0.0
438
-45989.0
438
57
687
-354
-354
0.0
-354
0.0
0.0
-899
0.0
0.0
422
0.0
-44788.0
0.0
-721
0.0
-43790.0
-43790.0
0.0
-42694.0
0.0
755
0.0
0.0
-296
-296
-44019.0
660
660
770
948
818
0.0
-41572.0
-33
-42867.0
450
0.0
-44242.0
55
-761
192
-44788.0
-44788.0
-243
-0.44545445454454546
-816
-919
-0.4372987459749195
440
383
137
-43888.0
0.0
-513
-42209.0
-41815.0
-43223.0
-44738.0
707
207
-41713.0
0.0
-889
-676
-40174.0
-843
-39892.0
0.0
-41341.0
856
0.0
-401
-40805.0
-40265.0
-342
612
459
459
889
0.0
673
0.0
0.0
-40290.0
-40290.0
-41634.0
0.0
230
0.0
-39623.0
-476
-41045.0
-40577.0
0.0
-40577.0
-39087.0
-567
0.0
0.0
-294
85
-39889.0
0.0
-316
-316
456
-733
0.0
941
0.0
-41438.0
941
-479
-907
897
958
-236
-42966.0
0.0
-684
848
-0.4249442494424944
-167
0.0
-831
-831
-831
0.0
-831
-42257.0
-41137.0
-41137.0
-335
-0.42616426164261645
142
-708
-42758.0
-646
-41873.0
885
-44910.0
-814
-46987.0
18
-392
-185
-48481.0
-500
803
0.0
0.0
155
-46872.0
0.0
-47653.0
532
-857
646
646
-0.5079250792507926
-50792.0
-50792.0
747
-504
-0.5079250792507926
-49307.0
23
-50555.0
-970
-760
0.0
-760
0.0
-51322.0
-51322.0
-399
-51519.0
999
759
0.0
0.0
-567
0.0
-49455.0
0.0
522
662
-49059.0
656
-687
-687
-0.4934349343493435
0.0
-918
-270
-315
-303
-0.48696460893826815
-48054.0
134
0.0
-874
-47865.0
-874
-486
642
-123
-486
791
-268
-45997.0
-45997.0
791
-0.46789871594863797
620
-0.46789871594863797
620
620
188
-778
188
0.0
-47976.0
-48994.0
18
-49086.0
0.0
18
-49236.0
-94
-786
169
-48356.0
0.0
0.0
-184
-46684.0
-222
541
328
-46531.0
0.0
126
-957
-957
709
74
-920
-50327.0
-48965.0
-800
420
420
-50214.0
420
0.0
0.0
-459
-49241.0
-50792.0
-727
955
955
-47993.0
-136
-136
-47265.0
-0.4726547265472655
130
112
606
-50374.0
0.0
-48484.0
932
-159
66
0.0
-49049.0
142
304
-959
-959
66
-49257.0
-50234.0
886
573
996
-0.5241652416524165
573
-0.5299005980119602
824
0.0
0.0
-54006.0
-21
0.0
-21
-54332.0
-54332.0
498
498
-669
172
-278
-54425.0
0.0
-52422.0
-51019.0
642
-104
-51930.0
-269
546
654
262
-464
-380
-548
619
-50690.0
-49716.0
187
974
974
-50234.0
-0.5023450234502345
-51023.0
-789
974
-48167.0
251
-49302.0
-882
0.0
-712
0.0
-712
0.0
0.0
970
863
970
970
0.0
0.0
-51850.0
0.0
343
-52342.0
-196
-196
-489
-489
0.0
0.0
-52464.0
-54729.0
0.0
-52396.0
586
-53909.0
-53909.0
-53003.0
-917
-775
0.0
0.0
0.0
-54888.0
-827
0.0
0.0
-504
960
-964
-54423.0
-54423.0
-53471.0
0.0
-52567.0
-52567.0
902
454
0.0
-52406.0
-759
822
822
0.0
-165
0.0
306
688
0.0
0.0
-2
-55561.0
0.0
-868
223
223
-56887.0
0.0
-56887.0
-56887.0
-697
0.0
854
-57545.0
-58657.0
0.0
-58671.0
0.0
476
866
0.0
-492
595
-0.5752215044300886
-308
-308
786
786
-57999.0
639
-0.5808232329293171
353
353
-0.5772873186195586
112
-0.5641456414564145
-56414.0
-56414.0
476
46
46
837
856
742
-56148.0
861
-54015.0
0.0
-54843.0
591
-161
-756
0.0
0.0
0.0
-52417.0
-53568.0
-186
0.0
-54056.0
0.0
-54056.0
-983
-54056.0
-983
-0.5307353073530735
-51604.0
0.0
-53026.0
136
-54049.0
-54049.0
-54049.0
0.0
-984
-242
262
262
0.0
909
-853
-333
-0.4956249562495625
-0.4956249562495625
0.0
-436
-48371.0
-48941.0
-48941.0
-917
-917
524
624
180
-47604.0
-691
-0.4922749227492275
0.0
0.0
-50244.0
0.0
49
-51358.0
-422
-50936.0
172
-50936.0
-0.5168151681516815
-455
0.0
0.0
-52348.0
764
764
968
968
-51505.0
-514
0.0
-51891.0
-600
0.0
-345
-267
-393
-393
-50109.0
993
791
-51893.0
537
-739
537
-53351.0
0.0
0.0
-52751.0
527
-411
0.0
-411
0.0
-382
0.0
-51085.0
310
-51085.0
-49869.0
0.0
-49230.0
356
6
-52184.0
-496
-158
0.0
0.0
-65
-65
-720
-158
-51218.0
-0.5121851218512186
-50685.0
-295
-0.5145051450514505
-50663.0
0.0
0.0
0.0
-347
-50242.0
-49461.0
741
741
-462
-462
0.0
393
0.0
393
2
0.0
2
-52627.0
-127
-628
-614
-217
0.0
-261
-261
-699
-261
-0.5223952239522395
-261
-0.5292952929529295
-951
-0.5197903958079162
-0.5197903958079162
-51978.0
-265
-51978.0
-51978.0
321
-50979.0
321
-51300.0
-51112.0
62
-51949.0
-51949.0
0.0
867
821
-52673.0
-52673.0
-52250.0
0.0
-52250.0
-53499.0
0.0
302
0.0
0.0
0.0
697
-748
-0.5419454194541945
-748
-53446.0
-793
-53803.0
-53803.0
-197
-230
436
-248
-0.5677756777567776
-0.5677756777567776
-606
960
-0.5505855058550585
-738
-410
773
773
-0.5500355003550036
-54797.0
206
-54347.0
-54347.0
0.0
0.0
432
432
-465
-689
-54003.0
-440
593
-689
-242
-242
-53583.0
548
894
-0.5196751967519675
-51101.0
-51101.0
0.0
-51275.0
-51275.0
846
-434
-310
-642
-51860.0
-371
-232
-51582.0
-51582.0
-436
-436
0.0
-46
-579
407
407
-0.5096350963509635
953
-50010.0
0.0
-962
953
0.0
-63
0.0
-547
0.0
-547
-50949.0
-63
-50235.0
-49495.0
-50534.0
-49296.0
645
-762
-818
-50077.0
-818
-818
0.0
604
165
245
-46898.0
0.0
0.0
-46619.0
-291
0.0
-45605.0
-46223.0
-298
-47162.0
303
-161
-936
303
303
-0.45866458664586646
303
-46169.0
-45829.0
-425
-769
-0.4550845508455085
-0.4550845508455085
-44640.0
-513
-513
912
-0.44127441274412743
-43095.0
927
0.0
0.0
-950
-0.4294742947429474
0.0
-574
-42072.0
-42072.0
147
-390
-42099.0
147
-0.4313543135431354
-889
-43135.0
-640
-744
-45136.0
-43289.0
-43289.0
977
191
-44010.0
191
-44010.0
-42607.0
-42087.0
-276
-276
0.0
0.0
443
0.0
254
-42398.0
-635
0.0
0.0
748
-849
975
-432
0.0
-432
0.0
-961
-623
-623
-0.4399943999439994
-0.4399943999439994
-606
581
-42616.0
325
-43536.0
190
-44262.0
-44035.0
-310
-29
-977
-0.45131451314513144
-29
-45131.0
-29
-49170.0
102
116
-503
0.0
0.0
610
-49783.0
610
108
587
506
-0.5050201004020081
-93
277
399
-52935.0
-52935.0
31
-0.5296652966529666
-253
-253
-170
-285
-285
998
-50901.0
265
0.0
984
-797
-51037.0
602
-0.5168451684516845
-52321.0
-51908.0
-175
-637
-27
0.0
-27
-27
608
564
608
664
982
982
-712
-953
-50915.0
0.0
0.0
-54225.0
-913
-0.5475654756547566
-54689.0
902
0.0
701
0.0
115
-56853.0
-56853.0
435
0.0
553
-870
-883
946
-56583.0
-441
946
-909
207
-81
-54356.0
450
359
359
0.0
-262
-55512.0
0.0
-55512.0
147
0.0
0.0
-929
0.0
-54927.0
0.0
595
-0.5523055230552305
-55230.0
-65
222
760
-53795.0
0.0
-855
-53659.0
-468
-54278.0
575
-136
-54491.0
472
472
983
-53980.0
-55806.0
0.0
0.0
-596
141
-54502.0
-54502.0
296
296
-238
-54544.0
0.0
-54452.0
0.0
-752
-153
-153
-0.5616056160561606
-0.5616056160561606
-0.5616056160561606
-752
-420
-55999.0
0.0
0.0
0.0
-56385.0
-54656.0
0.0
717
-54656.0
0.0
0.0
0.0
-54053.0
451
451
-55210.0
895
621
-767
-0.5734857348573486
-57348.0
-57348.0
-387
-767
-137
-55614.0
0.0
0.0
0.0
825
0.0
294
-53492.0
-55653.0
-860
-860
-644
-0.5379653796537965
0.0
-25
809
809
-54256.0
966
0.0
-55197.0
789
-0.5598655986559865
-763
-662
966
966
-495
-54127.0
0.0
-54127.0
0.0
0.0
0.0
-635
-914
-57684.0
305
0.0
-57684.0
156
308
0.0
0.0
0.0
0.0
-57001.0
804
-267
-56113.0
156
156
0.0
-151
-151
-57781.0
-57781.0
853
-85
-85
-73
120
120
-47
734
-59713.0
-826
-59099.0
0.0
-59267.0
44
-58111.0
-58111.0
-58111.0
0.0
-59389.0
740
0.0
-59389.0
-58491.0
0.0
303
-56353.0
-57072.0
0.0
-268
604
604
-0.5866258662586625
451
-0.5866258662586625
0.0
-39
-312
-58239.0
-100
834
-0.5897258972589726
-58971.0
-58971.0
618
-58272.0
498
-0.5827258272582726
498
-900
-169
-58939.0
545
0.0
0.0
-293
0.0
352
0.0
352
-185
0.0
-411
-57704.0
140
-417
-364
-57386.0
0.0
0.0
0.0
-58007.0
-58115.0
-266
-266
-917
-0.5843758437584375
-58806.0
-106
-0.5905159051590516
-845
-59640.0
0.0
21
21
0.0
593
593
-58954.0
841
-58954.0
952
92
92
92
-58954.0
-0.5895458954589546
-432
501
501
-60442.0
-999
-61670.0
-61670.0
0.0
424
118
267
-0.5960019200384008
0.0
-899
-717
67
-713
0.0
42
-594
339
0.0
0.0
-65862.0
0.0
368
-0.6585065850658507
-65850.0
-65850.0
-66791.0
-67529.0
-67468.0
0.0
-69013.0
-654
282
282
-68206.0
453
0.0
12
0.0
-393
-68109.0
-0.6810968109681097
-0.6810968109681097
-68109.0
395
679
-0.6782567825678257
-67825.0
841
-66111.0
-66111.0
-66906.0
-66906.0
-67517.0
-393
-523
-0.6789235784715695
-764
-68655.0
-462
-462
-0.6867168671686716
-68709.0
847
272
747
847
949
-559
-66695.0
-65518.0
-70
-0.6544865448654487
0.0
-65563.0
0.0
0.0
839
89
-0.6271562715627156
-62313.0
498
0.0
498
0.0
498
-269
-0.6281162811628116
-774
0.0
-64411.0
872
-595
-595
147
587
989
0.0
-65817.0
-586
-67700.0
-67700.0
-67700.0
-672
905
-982
-70247.0
226
0.0
0.0
-719
-670
-69685.0
0.0
393
393
-0.7103671036710367
0.0
-177
-109
-142
0.0
142
-419
-419
-0.7143271432714328
-0.7143271432714328
-261
937
-72353.0
0.0
-934
-439
-149
0.0
0.0
-866
-0.7633876338763388
0.0
-74645.0
622
622
622
-75761.0
-783
0.0
-77032.0
-377
274
-78431.0
0.0
456
-733
0.0
-81548.0
-733
-0.8081580815808158
-919
-80815.0
0.0
819
819
-80558.0
484
388
-78807.0
-78156.0
611
108
-77326.0
108
611
-0.7743477434774347
-201
948
948
948
0.0
400
0.0
400
0.0
-251
0.0
152
-75712.0
-605
-9
-75117.0
-671
-75655.0
0.0
-192
-671
-0.747934958699174
174
-76232.0
-76232.0
-659
-659
-76893.0
120
120
-159
-74431.0
-74431.0
-582
-582
496
-75412.0
0.0
505
313
0.0
0.0
313
313
0.0
-76487.0
-322
0.0
860
-74196.0
-799
-0.7499274992749928
-74033.0
0.0
0.0
-73110.0
0.0
-72906.0
964
964
964
-50
-17
0.0
265
-95
-95
-72355.0
-17
801
656
93
-70560.0
351
-70560.0
-71068.0
-70824.0
0.0
468
848
309
848
-70699.0
0.0
-70258.0
-837
-370
-69912.0
-70523.0
0.0
960
960
-69743.0
-69254.0
489
0.0
489
-910
-0.6976169761697617
-0.6976169761697617
-69761.0
489
489
0.0
0.0
377
0.0
0.0
0.0
-823
-70506.0
892
175
-778
211
418
-69955.0
0.0
418
-797
524
524
-797
0.0
0.0
0.0
-71181.0
-68925.0
501
-492
-0.7070270702707027
0.0
-72921.0
66
-817
833
0.0
833
-74621.0
-74621.0
121
-512
-75584.0
-75584.0
-242
-75983.0
-291
667
667
155
142
-0.7537775377753777
-910
722
-75470.0
-0.7547075470754707
-0.7547075470754707
-0.7547075470754707
-75470.0
0.0
0.0
-829
0.0
0.0
0.0
410
-224
0.0
-481
-21
-0.7631976319763197
0.0
-72915.0
574
-72626.0
0.0
549
-74504.0
466
-75272.0
-853
-808
-77055.0
-560
-76333.0
0.0
575
-76871.0
246
-76604.0
0.0
0.0
-78246.0
-104
83
246
-0.7822656453129062
0.0
-76725.0
139
-76533.0
-76533.0
679
-761
679
679
0.0
-76703.0
-170
-170
-78611.0
0.0
-77903.0
374
-0.7827778277782778
-44
0.0
0.0
104
-770
-79641.0
0.0
-259
-556
-77050.0
325
0.0
-75981.0
911
-75797.0
0.0
0.0
208
580
911
-76257.0
0.0
-77451.0
128
-197
-197
667
-0.7754755095101902
-77546.0
782
-998
-998
-78328.0
-0.7833034991049731
659
-238
-0.7745477454774548
215
215
454
826
0.0
-171
-841
244
-54
302
-993
-841
701
-725
-822
-0.7735909436377455
-261
-261
-261
-0.7709885494274714
-0.7709885494274714
-519
-78746.0
-713
-713
0.0
166
0.0
0.0
-970
-970
-970
238
-208
-78552.0
0.0
339
0.0
0.0
339
0.0
322
322
-75625.0
-814
-73882.0
600
0.0
-785
-75194.0
0.0
517
-0.7420074200742007
0.0
-76094.0
-76094.0
0.0
774
774
0.0
0.0
774
-73630.0
0.0
0.0
-75215.0
0.0
429
694
0.0
851
-74354.0
572
-423
851
-493
-74088.0
772
-802
-802
597
-72380.0
-646
818
-922
0.0
-73064.0
0.0
0.0
-73064.0
512
0.0
-69689.0
0.0
-492
-69409.0
689
-68705.0
0.0
689
689
0.0
781
-70218.0
0.0
0.0
781
367
-289
-978
-0.7052441048820977
-0.7141571415714157
973
925
925
925
0.0
0.0
241
-71116.0
-189
0.0
161
102
0.0
0.0
0.0
0.0
512
-174
-486
204
0.0
749
-322
-74282.0
-89
-322
-73960.0
-0.7396147922958459
690
-73270.0
-589
-0.7293772937729377
-0.7293772937729377
-684
-72227.0
710
-491
-0.7234272342723427
-0.7234272342723427
104
-73432.0
0.0
-537
119
0.0
-73368.0
-71719.0
-73570.0
-966
746
-70418.0
0.0
-70418.0
0.0
-495
-495
761
-69799.0
-69017.0
-69017.0
782
0.0
0.0
0.0
-169
-70930.0
0.0
215
-72945.0
152
0.0
-423
-379
-71310.0
-563
-71554.0
-0.7155471554715547
-0.7155471554715547
-225
-455
46
-451
-0.6905507165214957
601
-0.6910038200764015
-69099.0
-69099.0
-0.6910038200764015
312
-0.6878768787687877
-356
856
856
856
-565
-67880.0
-67745.0
135
-68846.0
-694
903
-69230.0
715
-66611.0
371
371
-66869.0
77
77
0.0
-66773.0
-66773.0
-66773.0
-930
-86
-86
-65067.0
0.0
-156
-65067.0
-674
-674
-0.6411964119641197
0.0
-158
-64964.0
0.0
0.0
0.0
0.0
-63918.0
475
-328
-66703.0
-328
-598
-438
0.0
0.0
-65286.0
-342
0.0
-566
-67391.0
-66069.0
-65587.0
-65587.0
787
0.0
0.0
-66458.0
-66458.0
59
-66873.0
-606
542
-143
-67340.0
-67340.0
-488
652
0.0
-64262.0
0.0
775
78
-0.6247762477624776
301
301
-0.6247762477624776
237
-62709.0
-765
-60373.0
168
168
-357
-596
-357
-61460.0
842
-0.6146122922458449
-129
-61063.0
-177
548
-316
-384
-897
-67047.0
0.0
-177
-178
112
112
-726
0.0
-726
-986
-69630.0
-703
437
-978
-978
127
-414
-55
223
0.0
-71025.0
285
285
-154
0.0
56
56
380
-0.6964539290785816
3
0.0
0.0
784
831
835
808
-68211.0
398
-0.6760567605676057
0.0
-65580.0
-66706.0
0.0
0.0
352
-208
0.0
0.0
-70412.0
0.0
438
0.0
438
-37
-71111.0
0.0
-70197.0
0.0
0.0
428
0.0
-711
-70805.0
0.0
0.0
93
-69314.0
43
0.0
314
-823
403
-70919.0
-70919.0
-885
-864
665
-70113.0
750
750
234
234
-70286.0
-70286.0
0.0
0.0
426
-68475.0
0.0
-69212.0
-279
651
275
275
275
366
-69888.0
-261
-0.6988939778795575
-69888.0
-69017.0
871
-0.6901769017690177
-0.6901769017690177
-69017.0
871
-927
-0.6896306889206676
-68961.0
-0.6806536130722615
897
-149
0.0
339
-895
-895
-0.6985969859698598
-0.6985969859698598
-421
-421
0.0
746
-69556.0
226
164
0.0
-70803.0
-202
-70803.0
-848
-202
-0.7161971619716198
-71634.0
0.0
-72385.0
0.0
0.0
869
374
-562
217
0.0
-641
459
459
0.0
-564
0.0
-73974.0
417
-72221.0
842
0.0
-498
-71593.0
-879
586
586
-73212.0
743
-357
-357
-28
-74300.0
-837
0.0
-73048.0
0.0
-72663.0
422
0.0
0.0
-516
0.0
-70307.0
109
889
0.0
0.0
738
172
0.0
-70
-898
-193
0.0
633
-68083.0
-68956.0
-68174.0
-935
-65663.0
361
-158
-158
-0.6631066310663106
0.0
0.0
0.0
965
0.0
-472
-472
0.0
0.0
-65260.0
0.0
-79
-65107.0
-79
-0.6502865028650286
0.0
-55
-841
-641
-841
908
-65349.0
0.0
805
-0.6376263762637626
469
-64423.0
-661
0.0
871
871
-0.6517865178651786
-0.6517865178651786
-0.6517865178651786
-0.6517865178651786
0.0
-65979.0
0.0
-257
-66125.0
-65722.0
0.0
-64217.0
-63786.0
0.0
-798
-75
341
-64683.0
596
-579
-64533.0
-64533.0
-64533.0
0.0
0.0
-918
0.0
-918
800
800
-64210.0
-64210.0
223
223
448
-0.629972599451989
-62996.0
-287
-0.6196823936478729
0.0
527
5
-202
71
-655
-723
-424
725
0.0
725
0.0
0.0
0.0
-63701.0
0.0
-527
257
-64047.0
-861
0.0
0.0
-64006.0
-482
0.0
657
-60025.0
0.0
0.0
486
486
-59625.0
-1000
-58269.0
-1000
-693
0.0
-693
-0.5908159081590816
-0.5908159081590816
-58987.0
0.0
-480
0.0
875
-0.5870358703587036
-58703.0
-165
0.0
703
411
0.0
722
424
-109
0.0
-461
0.0
714
934
644
-61665.0
446
-61811.0
-61811.0
203
-61562.0
-168
-60711.0
683
0.0
683
-0.6139461394613946
148
-832
937
-62905.0
-693
-778
-0.6221262212622126
-62212.0
-402
0.0
-61502.0
-402
-0.6110061100611006
308
-60930.0
-60954.0
-59863.0
509
-467
0.0
213
-568
301
867
0.0
-61521.0
546
-64188.0
0.0
-124
-61415.0
0.0
-619
0.0
0.0
-63935.0
-922
715
715
737
944
-63458.0
173
-61082.0
946
-61729.0
-61729.0
177
897
409
-295
270
270
-60204.0
0.0
-542
-317
666
-429
-429
-61767.0
381
-0.6153961539615396
-59210.0
877
0.0
-59846.0
-665
0.0
893
0.0
-59477.0
664
-0.5767457674576746
-57828.0
0.0
-275
-625
0.0
0.0
-59702.0
131
-452
-0.5983359833598336
-452
-59381.0
0.0
550
272
-59959.0
-0.5995959959599596
-260
550
550
-61009.0
-0.6178661786617866
-61050.0
736
-777
-0.6178661786617866
-777
-0.6101022020440409
-760
925
-707
-60084.0
872
-694
-694
-60591.0
-60591.0
-61653.0
-61911.0
-60614.0
397
0.0
0.0
321
0.0
0.0
321
-223
-337
-0.6044460444604446
-78
-78
-907
-907
-60924.0
305
959
-907
-907
-0.6032320646412929
-60322.0
0.0
-59578.0
-59578.0
-59855.0
216
-0.5953959539595396
-59539.0
462
462
-59108.0
431
0.0
-60471.0
-879
530
-223
0.0
617
961
-57610.0
-375
-418
-418
-0.5681813636272726
-548
-60504.0
0.0
914
-553
238
176
0.0
0.0
-62579.0
0.0
-60203.0
338
0.0
935
338
-0.5982719654393088
-0.5982719654393088
170
170
-486
-59175.0
0.0
-847
-60802.0
-470
-60967.0
0.0
-59690.0
-737
788
-150
-0.6062121242424848
-831
-831
-831
-61451.0
-61451.0
-831
-0.6062121242424848
-0.6062121242424848
-0.6034760347603476
-0.6034760347603476
0.0
-61470.0
680
309
-62105.0
688
0.0
-63484.0
-188
986
-61353.0
380
-0.6135361353613537
-116
641
380
-230
0.0
-61820.0
-867
0.0
-60867.0
459
-867
-867
-0.6006460064600646
86
0.0
-60352.0
868
45
258
-30
0.0
-56869.0
0.0
-58267.0
15
-575
486
486
486
-56865.0
245
-0.5686556865568656
-57838.0
-57838.0
0.0
0.0
-58110.0
-59086.0
0.0
556
556
-58725.0
569
569
-60491.0
628
0.0
0.0
0.0
20
-463
919
259
-361
-63519.0
-272
-800
717
-0.6446064460644606
838
-63256.0
-309
198
461
198
0.0
878
-779
-84
-488
-64491.0
-80
-0.6441164411644117
99
-742
-65658.0
-257
-64786.0
-65489.0
-65431.0
-64738.0
500
0.0
0.0
-68973.0
-437
0.0
-68973.0
-437
-68379.0
-68379.0
466
-66779.0
-66273.0
-411
0.0
0.0
-65661.0
955
-521
198
-66684.0
369
-860
-860
-0.6619432388647774
-0.6619432388647774
-580
340
-0.6564765647656476
0.0
0.0
148
894
894
0.0
-64782.0
71
-0.6485364853648536
-111
-156
-0.6552865528655286
-831
-0.6552865528655286
-65528.0
0.0
-73
-66249.0
-66249.0
-73
-65576.0
-318
-318
894
139
-0.6588865888658887
-65888.0
-883
-251
211
211
-67758.0
-106
-69190.0
-69190.0
-56
-56
0.0
-68057.0
-69838.0
0.0
-69838.0
0.0
0.0
562
-67607.0
562
0.0
-168
0.0
-70774.0
0.0
0.0
0.0
-70774.0
0.0
-12
305
-70829.0
244
106
-0.7118042360847217
851
-0.7203216096482894
-700
633
-363
182
-71123.0
-229
-69071.0
0.0
-712
0.0
153
153
-0.6835968359683596
-268
-70127.0
-70127.0
721
918
-0.6888468884688846
-68884.0
918
-70757.0
-0.7075770757707577
-955
-71546.0
0.0
115
-349
-359
845
-0.7054570545705457
845
-70545.0
0.0
-70266.0
552
485
-0.7014370143701437
-71717.0
-72034.0
0.0
0.0
-614
-614
443
-609
-76
969
0.0
-72867.0
69
0.0
41
0.0
0.0
263
712
189
0.0
-75240.0
-75240.0
-76082.0
-76469.0
-848
610
937
416
-0.7818656373127463
-78185.0
-107
-107
-78078.0
-236
-0.7726154523090462
420
-220
-0.7752777527775278
-77527.0
-931
-0.7653476534765348
952
0.0
239
381
-76177.0
-577
0.0
0.0
960
-249
-821
0.0
310
-77528.0
310
-821
-821
-210
-79520.0
309
309
-79829.0
-0.8045580455804558
-80455.0
0.0
-281
-34
0.0
-84180.0
883
-745
-84152.0
-84382.0
473
473
-656
-656
128
-481
128
-0.8501485014850149
-0.8501485014850149
-284
0.0
-84794.0
523
-83427.0
-83427.0
687
-0.8411484114841148
-0.8411484114841148
523
523
32
-0.8548985489854899
-87370.0
-514
-514
782
466
466
86
86
-84899.0
86
138
0.0
138
-84682.0
-408
0.0
78
968
-160
-160
-83704.0
-42
0.0
0.0
0.0
0.0
-601
-527
-627
-627
-627
-0.8380783807838078
-83531.0
0.0
0.0
199
199
-294
-0.8244582445824459
-894
-894
-0.8155263105262105
935
-299
-81850.0
-299
-299
-756
0.0
-81490.0
167
-81657.0
-81657.0
-0.8165781657816579
118
-81657.0
-864
-82568.0
-189
-189
-219
-219
0.0
-84100.0
-196
-196
-0.8429484294842948
43
-83764.0
0.0
-132
573
582
-684
916
720
0.0
0.0
700
700
0.0
664
-10
-85198.0
631
631
410
-0.8488269765395308
-0.8488269765395308
-391
483
-391
0.0
-85472.0
-86144.0
49
0.0
-85810.0
-891
-87325.0
-891
0.0
0.0
-86328.0
-370
0.0
-775
-730
0.0
-823
-854
955
-160
-160
-10
-110
-87528.0
616
-86805.0
-448
-86342.0
-448
-86342.0
0.0
0.0
515
-0.8647486474864748
-703
-0.8577271545430909
-85771.0
-86102.0
802
280
280
0.0
-683
-683
0.0
-675
-675
317
620
-90873.0
469
0.0
-91551.0
-546
-91246.0
579
-0.90289902899029
0.0
0.0
-821
187
-821
-547
0.0
-91
-91
-935
-0.9085690856908569
169
515
-88942.0
-88942.0
-90381.0
0.0
-89040.0
879
0.0
-88375.0
878
0.0
0.0
382
382
465
-538
-538
-375
232
232
31
31
-645
-0.8918078361567231
584
584
-717
-0.9015090150901509
-518
-311
363
234
-90515.0
0.0
-91304.0
-27
415
0.0
-90174.0
-88733.0
0.0
434
420
-0.895048950489505
-831
-173
-240
-89645.0
0.0
850
-88074.0
0.0
-87249.0
-81
-967
-967
-967
237
-86827.0
-23
-86804.0
0.0
-369
463
69
-87267.0
-85936.0
294
294
-85505.0
116
-85530.0
0.0
-761
-753
-0.8582585825858259
22
-0.8584871697433949
-891
723
-87211.0
-413
723
723
0.0
-400
-646
-0.8569085690856909
0.0
0.0
0.0
0.0
-133
203
474
-0.9176183523670474
-385
-92636.0
-93393.0
959
176
-95083.0
-95083.0
-95958.0
-95958.0
469
376
-96806.0
-87
172
-96224.0
-96224.0
-369
805
805
0.0
0.0
-82
-0.9456994569945699
-956
-94569.0
-94569.0
0.0
0.0
0.0
-94907.0
12
0.0
-94902.0
-361
-94541.0
-0.945419454194542
-0.945419454194542
-94014.0
-95642.0
-884
-94758.0
-0.947589475894759
986
0.0
-874
986
958
958
-94063.0
0.0
842
842
-390
-93816.0
49
375
-0.9394593945939459
-0.9394593945939459
-0.9394593945939459
-312
-312
-312
866
866
-152
-152
873
946
340
340
0.0
829
0.0
-415
-540
904
-438
-695
-798
-118
495
-679
-969
-90339.0
-281
-281
-281
-90228.0
-281
-90394.0
-90750.0
96
0.0
217
217
-90870.0
-90870.0
0.0
-89959.0
0.0
834
-0.8914689146891469
-89146.0
0.0
562
-89800.0
174
-0.8950989509895099
0.0
0.0
0.0
0.0
0.0
121
683
683
349
-88161.0
239
0.0
239
0.0
-806
-255
198
-356
557
-0.8991289912899129
-0.8991289912899129
121
-89791.0
-89791.0
0.0
-89487.0
-88604.0
0.0
-87760.0
-534
963
0.0
-88519.0
-193
-88326.0
0.0
0.0
-886
0.0
593
434
-87222.0
-0.8722287222872229
593
-0.8718587185871859
630
630
-87815.0
-117
-0.8676486764867649
-0.8676486764867649
-85042.0
-85042.0
-85042.0
-85042.0
0.0
-83491.0
-83491.0
-83491.0
0.0
0.0
-80
-80
108
-83995.0
-84242.0
-80698.0
257
0.0
20
976
20
257
-0.8224964499289986
-0.8181181811818118
437
257
-82505.0
-921
69
0.0
-329
-82396.0
-493
-458
0.0
-458
0.0
-87497.0
-51
0.0
-945
0.0
-89174.0
0.0
0.0
0.0
-87891.0
2
-88528.0
790
430
-88571.0
0.0
430
430
0.0
-344
578
0.0
-756
-89587.0
0.0
0.0
0.0
859
-828
-828
764
-88314.0
-627
-86584.0
860
860
0.0
0.0
-800
0.0
-86719.0
-693
830
953
0.0
-410
-454
0.0
-61
-89810.0
617
673
0.0
-89097.0
0.0
-60
-0.8867688676886769
0.0
-330
-86909.0
-86903.0
0.0
-42
-42
-754
-87154.0
0.0
0.0
176
176
-86614.0
0.0
-88552.0
-88552.0
844
-0.900449004490045
-446
-127
-127
-587
-88910.0
-934
0.0
187
-89286.0
-219
272
-90363.0
-934
-934
-0.8943168295048851
286
-0.8971858874354974
-26
-0.8983959358374335
-147
-147
-151
-89689.0
-89689.0
-89689.0
176
-89689.0
-89027.0
-89767.0
-859
-390
-350
-0.8937878757575152
-0.8852288522885229
855
0.0
-87582.0
0.0
0.0
0.0
0.0
-310
-233
-35
0.0
-35
0.0
0.0
876
-92742.0
-92742.0
-92742.0
-93396.0
0.0
-91932.0
-96
-96
152
-91932.0
0.0
-90248.0
586
756
-91236.0
-91236.0
-402
214
-89268.0
373
918
0.0
-84985.0
-84985.0
340
-0.8436384363843639
-83429.0
0.0
0.0
-712
0.0
764
672
437
-114
-84726.0
-83416.0
542
542
0.0
503
0.0
-83411.0
0.0
-83411.0
968
-328
0.0
-691
-86
36
-383
393
-457
-457
-87726.0
109
-87175.0
0.0
334
334
-293
-969
-338
-88949.0
0.0
-91492.0
642
642
869
69
81
596
-0.9330786615732315
-0.9260092600926009
344
344
0.0
431
-142
431
344
-0.942179421794218
12
503
0.0
597
597
-876
-381
-778
82
-961
-504
175
-92042.0
-92042.0
-93667.0
0.0
621
368
-0.962269622696227
-96843.0
0.0
93
-95284.0
-576
929
-93837.0
262
0.0
894
699
-726
611
-0.937889378893789
-93128.0
660
-0.937889378893789
0.0
55
59
59
-0.9121291212912129
955
955
-494
-92003.0
-92003.0
0.0
-92047.0
-167
-167
-408
-408
0.0
702
0.0
0.0
-90758.0
0.0
0.0
211
566
0.0
-89739.0
-90520.0
0.0
0.0
0.0
991
991
0.0
-89625.0
603
-89285.0
0.0
-89285.0
-356
228
603
828
828
0.0
-475
-86551.0
0.0
-148
0.0
-85545.0
751
56
-97
0.0
-97
515
-83831.0
-83831.0
423
491
416
681
-83184.0
-83910.0
-83910.0
-83910.0
536
-0.8444684446844468
28
28
-84446.0
990
990
-800
-0.8187181871818718
-945
0.0
670
-80994.0
0.0
-80196.0
0.0
764
-78973.0
-894
-194
0.0
528
0.0
0.0
0.0
-77370.0
0.0
0.0
-74712.0
952
952
619
942
942
-22
676
0.0
-305
-77313.0
-77313.0
-9
0.0
-41
348
-78936.0
-78936.0
-41
116
-79329.0
-79329.0
-78000.0
0.0
684
684
-78684.0
-78684.0
-0.7868478684786848
976
-78487.0
-309
0.0
-309
0.0
478
270
764
0.0
764
-74
-78866.0
-74
-78021.0
-78262.0
993
-0.7798677986779868
-317
-317
-481
-317
-78626.0
562
562
-750
-750
0.0
0.0
0.0
0.0
685
351
-79136.0
153
0.0
-77356.0
96
-78699.0
-78429.0
733
-284
-79162.0
0.0
-79682.0
-37
-0.7875778757787578
-76409.0
994
0.0
-77319.0
-399
-399
-869
123
-0.7743577435774358
-869
153
480
210
153
-626
-500
-77753.0
-389
249
41
-118
-76247.0
-76247.0
-536
0.0
-536
776
20
-76832.0
219
-76467.0
-76467.0
0.0
-411
-77087.0
-724
-78519.0
-724
0.0
481
0.0
0.0
-78870.0
-78870.0
422
57
-0.8035480354803548
50
0.0
-78103.0
0.0
-78103.0
870
870
49
-78824.0
0.0
-494
-78824.0
-78824.0
-78824.0
-78824.0
-104
-79533.0
-79533.0
271
-226
-0.7497374973749737
78
0.0
0.0
-74715.0
-74715.0
0.0
258
-828
0.0
-75710.0
-502
-0.7520875208752088
-276
-276
597
-75208.0
0.0
-820
-0.7387773877738777
-73877.0
-212
442
-0.7357773577735778
-39
-73577.0
-429
-72083.0
-72585.0
-153
809
-73119.0
0.0
152
-854
-720
0.0
0.0
-74039.0
0.0
-608
-0.7450574505745058
-149
198
38
949
949
481
-74672.0
-0.746734934698694
-0.746734934698694
-74672.0
481
-0.7494974949749498
-0.7494974949749498
-378
-378
-74949.0
-952
-77080.0
-941
-952
-0.7613976139761398
-75156.0
0.0
0.0
207
-816
-167
-167
-167
-76947.0
658
658
0.0
-76652.0
36
-410
-821
901
-293
537
-0.7512075120751207
-0.7512075120751207
-75120.0
778
-91
0.0
-91
-0.7807078070780707
953
-74051.0
788
-74387.0
-74387.0
-146
-748
44
-0.7484474844748448
-73877.0
967
-748
-0.7409748194963899
37
705
-73003.0
0.0
-845
0.0
155
-74240.0
154
-0.7439474394743948
-897
-937
748
896
0.0
356
-74698.0
579
0.0
-898
-0.7651576515765157
631
0.0
0.0
-282
-282
-282
-77562.0
615
-77479.0
-874
0.0
-79650.0
670
-517
-0.7978179781797818
-814
-72
-95
0.0
851
-78232.0
382
-78232.0
-0.7823278232782328
783
341
-80052.0
-80052.0
-216
-216
-272
-0.8104681046810468
-81046.0
-0.8104681046810468
-81046.0
-81744.0
0.0
717
-82724.0
0.0
-82724.0
0.0
-81331.0
167
145
113
-80357.0
0.0
0.0
-565
-81343.0
-81343.0
0.0
0.0
-82585.0
0.0
0.0
927
407
444
0.0
51
-83887.0
0.0
76
-83016.0
0.0
177
0.0
10
-82104.0
0.0
0.0
-65
-82480.0
-409
-375
-83548.0
-82
-83548.0
-82
-910
0.0
-83923.0
-910
-83923.0
-910
0.0
894
-84655.0
519
-0.8517485174851749
-891
-910
716
-84283.0
-836
-698
-698
-0.8457484574845748
-82805.0
293
773
79
-0.8415268305366107
293
-84427.0
-276
-276
-84427.0
-85407.0
-85407.0
226
-84777.0
0.0
629
-85
-85013.0
-614
-85705.0
-85969.0
325
0.0
0.0
897
0.0
-541
897
897
954
954
954
0.0
-81958.0
-81958.0
-81881.0
-81881.0
-81881.0
533
-0.8184581845818458
453
0.0
0.0
-754
-754
0.0
-84153.0
-84153.0
862
862
-80535.0
-79402.0
0.0
-458
-78629.0
241
-0.7862978629786298
-0.7862978629786298
241
-75805.0
0.0
-75805.0
-156
-75649.0
492
-75649.0
-74553.0
701
-147
-74755.0
-0.7475574755747557
-147
980
-147
-0.7477374773747737
-0.7477374773747737
-165
-0.7477374773747737
986
-0.7480074800748008
-658
0.0
-73899.0
-72972.0
-72124.0
300
48
-552
-0.7250772507725077
-613
-613
871
871
-71977.0
793
0.0
-238
480
480
597
173
0.0
-151
-151
-72594.0
0.0
-104
-466
-990
-634
-70794.0
355
355
-762
-71692.0
-136
-136
902
-6
902
-72052.0
325
181
-72377.0
-93
-784
679
0.0
-100
0.0
-646
0.0
443
-157
-72181.0
0.0
-84
-770
-711
-73053.0
130
-711
-71373.0
-30
-535
-0.7088570885708857
0.0
665
-69182.0
-69182.0
225
831
831
-68870.0
0.0
-128
-128
-821
-69504.0
-69045.0
199
721
-635
721
721
199
-69533.0
-69533.0
-68662.0
-0.6866268662686627
-68662.0
871
871
0.0
-71596.0
-159
-159
-70068.0
-402
-69850.0
-69850.0
0.0
-242
-69706.0
-67278.0
500
-65531.0
316
0.0
558
-780
116
208
-0.6535130702614053
208
-65823.0
-265
519
-685
-65254.0
0.0
749
-63753.0
-62626.0
127
637
637
-0.6275362753627536
-61680.0
0.0
-135
-62528.0
0.0
0.0
680
-61664.0
-61664.0
29
-60153.0
0.0
0.0
0.0
-59875.0
-123
0.0
-123
-778
-875
-0.5743114862297246
-0.5743114862297246
786
-790
-790
-790
-718
-59688.0
924
-145
-59688.0
-59688.0
-59688.0
-790
-58085.0
813
604
839
813
-0.5951178535356061
672
80
-60350.0
-0.6035060350603506
672
-61764.0
-61764.0
332
-61432.0
0.0
47
47
337
-60566.0
332
-953
-61519.0
-59730.0
0.0
0.0
-60173.0
-67
-67
-67
-0.6010660106601066
643
-58491.0
0.0
24
-59095.0
-546
-546
-546
-546
-58549.0
-0.5854958549585496
279
-57886.0
-636
0.0
-636
0.0
-168
-168
-490
-0.6009320186403728
-59205.0
-799
-799
-799
-0.5879958799587995
-58799.0
-214
-609
-57795.0
959
-0.5779557795577955
959
-566
-837
0.0
0.0
0.0
318
318
-0.5850558505585056
377
-992
-0.5797315946318926
-82
-217
355
-217
-0.5739814796295926
627
-57147.0
-57129.0
-19
-194
-58606.0
-57717.0
728
728
-935
-220
-55824.0
-55824.0
843
-505
-505
16
-855
-634
-0.5395653956539566
212
6
-53679.0
489
-54168.0
16
-542
-0.5532855328553286
-0.5532855328553286
-772
-372
-54556.0
-372
-0.5467809356187123
465
465
-54677.0
872
-53767.0
0.0
0.0
-53582.0
-53582.0
0.0
-55325.0
-105
0.0
0.0
-206
-206
-612
-504
-55281.0
-55281.0
-55281.0
0.0
-55281.0
0.0
-55690.0
0.0
0.0
-54568.0
0.0
0.0
-56877.0
0.0
0.0
0.0
-690
-487
-0.5537455374553746
-0.5537455374553746
-55374.0
-55374.0
-55374.0
0.0
0.0
0.0
-52983.0
-54151.0
0.0
-55360.0
-633
-633
-56319.0
-135
-210
-135
-633
-407
-55765.0
288
288
0.0
0.0
-58624.0
-58624.0
0.0
-517
-335
0.0
617
-56961.0
-758
0.0
637
-0.5603756037560376
-137
840
-322
840
840
0.0
-331
323
0.0
0.0
-737
726
33
-710
-57203.0
-269
-853
587
-844
-110
-743
110
-849
827
-948
-875
-948
-948
-700
0.0
-55459.0
-53948.0
740
-55058.0
0.0
0.0
-202
416
416
-56942.0
-56942.0
822
822
0.0
0.0
-56
872
0.0
-58618.0
0.0
0.0
0.0
0.0
-57990.0
-58619.0
-524
-58095.0
-0.5809558095580956
-99
0.0
941
-58520.0
0.0
-61475.0
305
-62801.0
403
0.0
-61058.0
455
0.0
-61058.0
455
455
-60658.0
-35
-61261.0
-627
-978
-978
-0.6351463514635146
0.0
687
0.0
247
0.0
247
0.0
-65152.0
-65152.0
852
-599
-0.6431928638572771
-0.6431928638572771
-64692.0
0.0
-64692.0
-65268.0
-653
0.0
-65268.0
-66869.0
0.0
-67752.0
0.0
-23
495
397
0.0
311
0.0
-356
-80
-301
0.0
150
-70624.0
543
-70490.0
400
-70890.0
-71770.0
-687
-74965.0
-687
-433
-908
-908
0.0
95
-859
76
0.0
-66177.0
0.0
0.0
-65808.0
-65808.0
429
881
-62890.0
0.0
78
0.0
0.0
0.0
428
0.0
541
0.0
0.0
-61987.0
-61987.0
-61987.0
-914
814
814
-65655.0
-154
-65944.0
-154
-660
-65134.0
-61323.0
961
0.0
961
-61323.0
-257
-798
-798
0.0
-58859.0
619
619
490
961
0.0
-50
423
-707
-60396.0
-60396.0
-395
-395
-395
0.0
-484
-60243.0
-0.6024360243602436
490
0.0
0.0
806
-60195.0
-60195.0
0.0
-60674.0
-59829.0
190
-0.6001960019600197
-356
488
0.0
734
0.0
-457
-457
-457
-457
-61971.0
-278
0.0
530
-268
0.0
0.0
0.0
152
-59920.0
-418
-500
-60233.0
0.0
482
435
435
435
-700
-376
-61756.0
849
849
849
-60586.0
-51
-61070.0
-468
-640
-61787.0
-709
-709
-683
-62405.0
322
-62986.0
0.0
230
0.0
-62325.0
719
-991
250
250
950
0.0
-62404.0
0.0
-248
-926
-64637.0
-821
0.0
-64670.0
-35
-64635.0
-519
-0.6463564635646356
-858
0.0
-68130.0
628
-657
-67812.0
323
0.0
549
0.0
158
785
-66506.0
785
-66741.0
-393
-0.6634866348663486
-66348.0
-66348.0
-342
79
79
-66332.0
23
-68615.0
-827
-836
539
-334
923
-69224.0
0.0
538
-716
-68395.0
82
-673
0.0
-458
-197
0.0
209
363
-442
-979
-664
-0.6712167121671216
-66663.0
-66663.0
0.0
-932
-0.6716567165671656
689
689
0.0
74
154
154
410
-13
-0.6834236684733694
-67708.0
-0.6770867708677086
-769
712
-488
-0.6915769157691577
-830
-68327.0
-488
-0.6784103523105693
-939
-818
-22
-0.6815168151681517
0.0
-70375.0
-248
-972
-0.6968969689696897
-966
0.0
0.0
-71851.0
-71851.0
-455
-71851.0
-455
298
298
-472
-72633.0
-141
-345
549
-111
-70873.0
711
32
61
61
61
-0.7296972969729697
0.0
0.0
0.0
-72802.0
-73882.0
-72476.0
-74309.0
-74309.0
-897
825
-0.7341273412734127
-0.7341273412734127
-380
345
-0.7298072980729807
425
425
0.0
899
-980
-73382.0
-447
286
77
77
77
-74180.0
-503
-447
899
22
137
-0.74757495149903
-74756.0
137
-764
-764
-0.7489524685740572
-764
22
-0.7415470773538677
-733
1
-0.7415470773538677
-0.7415470773538677
-0.7479299171966879
-639
-74151.0
-74151.0
-74941.0
-818
-74941.0
-0.7559026770803124
-135
-78436.0
-78436.0
-401
395
395
-78770.0
602
395
-140
-140
-79384.0
-79384.0
-44
0.0
-79384.0
-44
-0.7934079340793408
-59
-0.7928258565171303
-180
0.0
0.0
-78582.0
-773
0.0
118
-79896.0
-79896.0
297
5
-0.8019460389207784
963
-205
646
-0.7874057481149623
-78739.0
635
0.0
-79325.0
-997
-80902.0
223
918
0.0
-897
0.0
-623
-80216.0
438
845
-81991.0
-81991.0
-81991.0
-81991.0
-152
-0.7859478594785948
-923
-80438.0
0.0
0.0
0.0
-81386.0
0.0
-887
0.0
-887
479
150
-80932.0
-80932.0
0.0
931
0.0
-80567.0
-362
-480
-480
143
0.0
955
-491
-78355.0
-78355.0
-322
-446
-446
-78033.0
-657
-78033.0
-657
-657
-657
611
78
78
-0.7742277422774227
611
223
-657
663
-77381.0
-0.7738177381773818
0.0
887
397
899
-0.7599627988839666
-75994.0
-812
0.0
-391
29
0.0
-76171.0
-76184.0
-76677.0
-994
0.0
0.0
0.0
-78408.0
-326
-559
-83518.0
-559
-83518.0
-559
-518
-518
599
-413
0.0
-5
-5
0.0
-646
-80419.0
-80882.0
-80882.0
-78842.0
-79397.0
-749
517
-450
-78198.0
-78198.0
623
623
623
-77846.0
566
-79163.0
-831
-502
0.0
0.0
5
-78822.0
-78822.0
654
654
-424
0.0
-382
-84195.0
376
355
376
894
-88251.0
971
830
-87196.0
-726
-726
-784
984
73
-86478.0
-157
-157
-157
-87830.0
-259
-645
-964
0.0
-93
0.0
0.0
0.0
-565
-27
0.0
-507
-27
-91593.0
157
0.0
157
-90765.0
-0.907659076590766
-90765.0
939
0.0
0.0
-289
-285
-89661.0
0.0
-285
-138
-89573.0
583
-89573.0
-89573.0
583
601
-58
0.0
0.0
896
515
328
-719
-91653.0
-91653.0
-91653.0
-32
-719
-719
0.0
863
914
-91107.0
0.0
0.0
513
0.0
0.0
871
-89625.0
-89625.0
-88282.0
0.0
833
661
-0.9251892518925189
-199
-93498.0
0.0
12
-94386.0
-94386.0
748
-94386.0
-919
658
0.0
658
-0.961349613496135
-919
-749
-96120.0
-365
683
-749
-799
-0.9476989539790796
921
-94842.0
-663
253
0.0
-686
-0.953739537395374
335
46
46
950
-462
-0.9542090841816836
950
-892
-961
106
-0.9501590031800636
-95014.0
-714
481
481
0.0
-94922.0
0.0
-93211.0
-433
0.0
-901
-361
-91373.0
731
0.0
0.0
-828
-92852.0
-92852.0
-92852.0
-828
-371
-371
-91544.0
-642
0.0
-93977.0
0.0
910
-94574.0
0.0
0.0
-94103.0
-94103.0
854
-374
0.0
0.0
-94499.0
0.0
0.0
-793
0.0
-94596.0
-94229.0
0.0
0.0
-282
-94780.0
-501
-300
-0.963129631296313
-917
-0.9539690793815876
-0.95969959699597
-63
-63
-93859.0
-93859.0
0.0

