-1
285
475
391
391
10883.0
10883.0
853
-87
-87
11217.0
215.71153846153845
-432
222.73584905660377
215.92592592592592
11660.0
215.92592592592592
11660.0
215.92592592592592
11660.0
11660.0
-383
-383
-145
610
202.0344827586207
-188
-263
722
-263
-263
12447.0
12447.0
207.45
934
934
934
179.28571428571428
10577.0
948
-594
947
-718
-718
9921.0
-681
348
348
9323.0
115.0958904109589
8402.0
7805.0
105.47297297297297
105.53333333333333
7915.0
7915.0
-369
42
-783
117.17948717948718
8343.0
99.28235294117647
96
99.32142857142857
8343.0
154
21
8168.0
7510.0
-615
95.77011494252874
941
9273.0
-361
8697.0
-188
85.29473684210527
-594
85.29473684210527
632
632
985
-981
75.19791666666667
75.19791666666667
-884
75.19791666666667
66.6082474226804
-758
63.08
68.4950495049505
675
565
-847
-303
63.24528301886792
6704.0
6639.0
6639.0
348
6687.0
-761
983
46.150442477876105
-396
-396
-471
5049.0
-38
-38
28.447154471544714
-658
480
24.56
24.56
3070.0
3070.0
-284
3221.0
821
25.362204724409448
-861
24.38167938931298
2552.0
-642
779
3194.0
25.119402985074625
-715
2514.0
2514.0
2496.0
-18
18.485294117647058
16.795620437956206
2301.0
16.795620437956206
19.47826086956522
-10
-68
132
274
-290
-838
201
18.722972972972972
780
780
113
-187
3204.0
3972.0
768
29.46794871794872
25.89375
25.89375
4612.0
-228
-113
400
892
41.857988165680474
6812.0
39.83625730994152
533
66
42.8448275862069
40
47.78285714285714
8362.0
-888
629
8988.0
629
-3
47.49431818181818
8359.0
-3
47.78285714285714
376
-822
8418.0
41.91573033707865
41.91573033707865
-957
6104.0
-403
815
-38
7092.0
841
37.523809523809526
-400
6747.0
-669
-669
-902
157
7084.0
671
212
42.12244897959184
45.243654822335024
657
42.12244897959184
-423
39.6243654822335
-450
8256.0
-121
44.22222222222222
8756.0
9234.0
9234.0
46.402010050251256
46.402010050251256
9579.0
345
864
478
8646.0
-581
-581
-581
-7
46.402010050251256
478
41.73134328358209
8388.0
36.83251231527094
31.818627450980394
-697
29.658653846153847
28.267605633802816
28.686915887850468
118
-616
6919.0
898
26.462962962962962
20.75229357798165
-656
4524.0
-365
685
5052.0
20.668161434977577
-443
-640
4412.0
4412.0
-640
685
685
685
440
-232
-755
18.990867579908677
-365
-365
-365
-365
-656
-656
23.870967741935484
324
695
5037.0
695
4342.0
4342.0
553
456
5333.0
-319
202
-813
606
37
6200.0
-378
15
6200.0
15
5581.0
-604
-604
23.792951541850222
5401.0
19.74122807017544
4751.0
20.478448275862068
4751.0
924
16.567099567099568
-43
-190
-639
-380
2550.0
6.481481481481482
419
-633
-194
-894
966
3113.0
-731
15.437751004016064
10.07569721115538
2211.0
302
-14
268
11.153846153846153
2900.0
2900.0
268
704.0
161
161
0.21052631578947367
0.21052631578947367
56.0
0.21052631578947367
2.9213483146067416
724
2.9213483146067416
-302
-786
-231
427.0
340
-231
427.0
-425
977
427.0
388.0
-346
-929
-929
-929
727
727
56.0
56.0
-192
248.0
967
967
531
-924
705
1.1720430107526882
16
16
-468
602
602
602
3.501766784452297
265
265
265
265
-0.16376306620209058
-625
463.0
-713
-1209.0
-884
-788
1.5910652920962198
681
-734
635
168
2.9965635738831615
2.9965635738831615
2.9965635738831615
-279
6.095890410958904
1708.0
5.829351535836177
-505.0
766
-416
180
180
201.0
201.0
-859
-859
-354
-69.0
-219
-6.217252396166134
-2030.0
-84
957
-1171.0
-1171.0
209
-1660.0
-1308.0
352
-61
558
-4.717325227963526
637
-2472.0
-920
-920
-2472.0
-920
-635
-1552.0
-675
-413.0
0.7530120481927711
-665.0
113
477
-139.0
-2.699404761904762
340
-915
-3841.0
-3120.0
40
721
-11.321739130434782
-11.321739130434782
-3906.0
68
-688
-4594.0
-4594.0
-4594.0
-688
68
-11.321739130434782
-13.841040462427745
-13.841040462427745
-4789.0
-13.841040462427745
-6
-6
-260
-977
-160
-3017.0
-3929.0
-912
-6.048295454545454
888
-160
-2857.0
-358
-358
-933
-13.827195467422097
-933
-933
-733
-358
751
168
168
-205
-8.376731301939058
45
307
153
153
153
-9.922222222222222
-350
169
711
-6.975
-3.2637362637362637
-1188.0
-288
104.0
616
-1.391304347826087
3
3
507
-288
-2.5068119891008176
-693
-693
382
-858
-550
-1000
-750
891
-2469.0
-6.637096774193548
-3052.0
-3787.0
800
-12.16710875331565
-4587.0
-234
-12.216145833333334
-12.216145833333334
-4691.0
-427
-750
-5248.0
184

