-12911.0
613
739
-909
-909
-13354.0
-166
-13188.0
-309
898
124
-815
199
-589
-25.910204081632653
-240
-12456.0
827
444
-974
-12753.0
-864
354
-499
-274
-23.796680497925312
-17
275
-611
-852
-639
-115
-735
-18.47578947368421
-434
-434
501
501
501
-644
-19
-8180.0
-597
164
-649
-939
-878
-11.332618025751072
73
56
-11.65948275862069
-11.65948275862069
-695
-812
-8.448051948051948
-337
-916
855
-460
-608
-6.648471615720524
-608
186
186
186
-2437.0
-5.332603938730854
186
186
186
-5.75219298245614
546
-6.964835164835165
-254
-6.420704845814978
410
141
-131
626
-3961.0
-8.802222222222222
-706
-7.249443207126949
-3255.0
-7.249443207126949
-471
-471
-221
-265
-58
-5.033707865168539
421
421
421
897
-3558.0
598
542
249
-509
-955
-10.109339407744875
-955
-241
268
268
775
775
-602
-990
-828
-4.31712962962963
-213
-213
-213
-3.8329466357308584
586
-5.2046511627906975
785
-550
167
-6.182669789227166
-475
564
50
-2779.0
684
684
308
-129
-126
-8.371428571428572
364
914
443
443
439
-13.64423076923077
-5676.0
-554
176
381
899
-13.750605326876514
-13.750605326876514
899
-5679.0
899
-742
829
446
295
-619
-646
-646
434
-6575.0
626
-812
272
-16.569651741293534
-262
-84
-84
-981
-5334.0
-13.368421052631579
-659
-4675.0
841
-985
-182
899
899
-5248.0
-443
-660
-877
-711
-701
-783
-783
-1073.0
-2.765463917525773
-2.765463917525773
-2.765463917525773
-250
-2.1266149870801034
938
660
-6.288311688311689
-187
-187
-563
267
-103
-32
-32
-968
-2.203166226912929
-835.0
-905
781
462
-372
-315
-512
-512
431
-753
-57
-75
-237
-677
-355
980
2.106849315068493
769.0
-667
371
793
-206
478.0
-52
698
-549
99
784
66
521
159
950
950
950
-2198.0
-473
-987
688
-366
-4.08595988538682
-1426.0
-366
-403
-3.045977011494253
-403
-629
-535
-0.08092485549132948
-535
-993
-868
403
82
5.521994134897361
1883.0
-268
-951
-805
-504
4411.0
-448
164
4859.0
14.461309523809524
164
14.014925373134329
14.014925373134329
-707
4695.0
-707
631
4771.0
4771.0
14.327327327327327
967
-975
-975
145
390
494
12.899696048632219
494
11.432926829268293
-359
-359
523
-95
3586.0
-95
-95
-552
-552
4233.0
504
504
3729.0
304
806
510
-831
-831
534
660
-311
-958
9.571428571428571
9.571428571428571
-759
565
565
-530
786
11.98397435897436
786
786
-80
9.783870967741935
98
176
-17
9.042345276872965
9.042345276872965
9.042345276872965
985
-448
610
2239.0
2239.0
2239.0
2239.0
610
-651
-167
485
485
175
-115
422
422
422
-811
566
903
822.0
822.0
2.7864406779661017
480
2.7864406779661017
480
-315
342.0
-315
657.0
2.242320819112628
147
-191
2.40893470790378
701.0
2.40893470790378
-413
701.0
-413
701.0
-413
-711
-108
6.314878892733564
-108
950
468
662
651
678
-798.0
678
858
-406
-1928.0
-1928.0
-823
-943
219
-505
-505
-927
-631
541
-212
375
3.5955882352941178
730
-781
-20
93
93
723
835
316
-527
-16
-677
-645
203
-842
-842
-842
6.123552123552123
670
791
-896
0.48638132295719844
-896
-896
538
878
878
216
-802
53
418
418
-701
232
232
60
60
887
169
-43
-409
-3.622950819672131
-409
-51
413
518
404
970
-719
424
241
54
-11.662393162393162
220
-509
-742
-646
-121
125
-444
-300
-844
-864
-866
-348
-250
103
465
122
-36
-981
133
-359
15.948598130841122
307
-359
-258
17.644549763033176
-753
574
-434
-585
-179
-236
-236
-378
-165
5879.0
429
216
-389
798
798
24.246231155778894
-37
24.246231155778894
-37
4862.0
-118
922
-282
22.256410256410255
5
-440
833
425
3517.0
410
16.352631578947367
-668
-668
672
974
647
199
200
1083.0
918
-642
-753
4.434065934065934
-753
-217
9.872222222222222
-238
17
-729
-729
27
955
-121
997
-424
-140
703
730.0
-466
-466
-211
-295
1702.0
899
754
754
-84
133.0
133.0
464
464
464
-60
-317
46.0
271
34
908
-7.386075949367089
-99
-1068.0
-323
-4.7756410256410255
921
-4.7756410256410255
921
107
238
-13.143790849673202
-791
-8.026315789473685
930
930
-393
-11.713333333333333
835
945
-23.89864864864865
-928
-526
780
11
-2874.0
65
-725
-725
222
800
393
-771
859
859
-309
-25.058823529411764
-69
56
260
-951
-396
-768
-624
626
-530
-1012.0
-1012.0
-7.968503937007874
-7.968503937007874
-58
-1000
46.0
46.0
790
935
-476
-267
-742
-361
675
-719
-846
-283
-283
-937
11.652173913043478
-937
570
-646
-164
-678
3195.0
341
341
111
496
-309
383
-57
607
-253
647
-304
-304
1533.0
-672
22.272727272727273
-185
833
548
1009.0
10.510416666666666
10.510416666666666
580
753
753
-992
523
451
795
48
825
-22.431818181818183
-22.431818181818183
45
-23.20689655172414
98
98
-24.61627906976744
-482
-2117.0
-482
959
-30.88095238095238
-30.88095238095238
3
-31.289156626506024
-455
-273
-23.074074074074073
-23.074074074074073
-23.074074074074073
240
110
-26.3625
-26.3625
-2109.0
110
163
393
393
823
-19
-47.72
-47.72
-684
344
344
-119
-3120.0
869
-56.183098591549296
-56.183098591549296
-512
-752
-25
94
94
-825
-1969.0
-29.833333333333332
-1969.0
-1969.0
-740
-963
502
930
-1698.0
-128
662
-277
-843
-843
-843
-944
-338
-249
170.0
-249
-310
59
59
999
999
637
-966.0
592
-1558.0
-130
327
682
-2437.0
935
935
542
-86.97777777777777
-3914.0
-572
-330
-409
71
-207
-817
-727
-407
555
-985
-86.0
193
-279.0
46
813
-886
815
815
-8.129032258064516
815
341
-48.55172413793103
-799
336
-21.75
336
336
336
154
431
-715
544
-929
-19.545454545454547
353
353
53
-636
-200.0
879
574
-97.23529411764706
-97.23529411764706
365
-999
412
-445
-445
780
780
-1766.0
166
-516
-467
-327
-825
-644
-982
971
752
214.5
752
-513
429
619.0
619.0
429
429
190
190
null
null
null
null
null
null
null
null
null
null
null
null
null
null
0.0
0.0
null
0.0
null
0.0
null
null
null
null
null
null
null
null
null
null
0.0
0.0
0.0
null
null
null
null
null
null
null
0.0
null
null
null
null
0.0
0.0
null
null
null
null
0.0
null
null
null
0.0
null
null
0.0
null
null
null
null
null
null
null
0.0
null
null
null
0.0
null
null
null
null
null
0.0
0.0
null
null
null
null
null
null
null
null
null
null
null
null
null
0.0
null
null
null
null
null
null
null
0.0
null
null
0.0
0.0
null
null
null
null
null
null
0.0
0.0
null
0.0
0.0
null
null
null
null
null
null
0.0
null
0.0
0.0
null
null
null
null
null
null
0.0
null
0.0
null
0.0
null
0.0
0.0
null
null
null
null
0.0
null
null
0.0
null
null
null
null
null
null
0.0
null
null
null
null
null
0.0
null
null
0.0
null
null
0.0
0.0
0.0
null
0.0
null
null
null
0.0
null
null
null
0.0
0.0
null
0.0
null
0.0
null
null
null
null
null
null
0.0
0.0
null
null
null
null
null
0.0
null
0.0
0.0
0.0
null
0.0
null
0.0
null
0.0
0.0
null
null
0.0
null
null
0.0
null
null
null
null
null
null
null
null
0.0
null
null
null
null
null
null
0.0
null
null
null
0.0
0.0
null
0.0
null
null
0.0
null
null
null
null
null
null
null
0.0
0.0
null
null
0.0
null
null
0.0
0.0
null
null
null
null
null
null
null
0.0
null
null
null
null
null
null
null
null
null
null
null
0.0
null
null
null
null
null
null
0.0
null
null
null
0.0
0.0
0.0
null
null
0.0
0.0
null
null
0.0
null
null
null
null
null
0.0
null
null
null
null
null
0.0
0.0
null
null
null
null
null
null
0.0
0.0
null
null
null
null
null
null
null
null
null
null
null
0.0
null
null
null
null
null
null
null
0.0
0.0
0.0
null
null
0.0
0.0
null
null
0.0
null
null
null
null
null
null
null
0.0
null
0.0
null
null
0.0
null
null
null
0.0
0.0
null
null
null
null
null
null
null
null
0.0
null
null
null
null
null
null
0.0
0.0
null
null
0.0
null
null
null
null
null
null
null
0.0
0.0
null
null
null
null
null
null
null
null
null
null
0.0
null
null
null
0.0
0.0
null
0.0
null
0.0
null
null
null
0.0
null
0.0
0.0
null
0.0
null
null
null
null
null
0.0
0.0
null
null
null
0.0
null
null
null
null
null
null
0.0
null
0.0
null
null
null
0.0
0.0
0.0
null
null
0.0
null
0.0
null
null
0.0
0.0
0.0
null
null
0.0
null
null
null
null
null
null
null
null
null
null
null
null
null
null
null
null
null
null
0.0
0.0
null
null
null
0.0
null
null
null
null
0.0
null
0.0
null
null
null
null
null
null
null
null
null
0.0
null
null
null
null
null
null
null
null
null
null
0.0
0.0
null
0.0
null
null
0.0
null
null
null
null
null
null
null
null
null
null
null
0.0
null
null
null
null
null
null
null
null
0.0
null
null
null
null
null
null
null
null
null
null
null
null
null
null
null
null
null
null
null
null
null
null
null
null
null
null
null
0.0
null
null
null
0.0
null
null
0.0
null
0.0
null
null
0.0
0.0
0.0
null
0.0
null
0.0
null
0.0
null
0.0
0.0
0.0
null
0.0
null
null
null
null
0.0
null
null
null
null
null
null
0.0
null
null
null
0.0
0.0
0.0
null
0.0
null
0.0
0.0
null
null
null
null
0.0
null
null
0.0
null
0.0
null
null
null
null
0.0
null
null
null
null
null
null
null
null
0.0
null
null
null
0.0
0.0
null
0.0
null
null
0.0
null
0.0
null
0.0
null
null
null
null
null
null
null
null
0.0
null
0.0
0.0
0.0
null
null
0.0
null
null
0.0
null
0.0
0.0
null
null
0.0
null
null
0.0
null
null
null
0.0
null
0.0
null
null
null
null
0.0
null
0.0
null
null
0.0
null
null
null
null
null
null
null
null
null
0.0
null
null
null
0.0
null
null
null
null
0.0
0.0
0.0
null
0.0
null
null
null
null
null
0.0
null
null
0.0
null
0.0
null
0.0
null
0.0
null
null
null
0.0
null
null
0.0
null
null
null
null
null
0.0
0.0
0.0
null
null
0.0
0.0
null
0.0
null
0.0
null
0.0
null
null
null
null
null
0.0
0.0
null
null
0.0
0.0
null
0.0
null
null
null
null
null
0.0
null
0.0
null
0.0
null
null
0.0
0.0
null
null
null
null
null
null
0.0
null
0.0
0.0
0.0
0.0
null
null
0.0
0.0
null
0.0
null
null
0.0
0.0
null
0.0
null
0.0
0.0
null
null
null
null
0.0
null
null
null
0.0
null
null
0.0
null
null
0.0
0.0
null
null
0.0
0.0
null
null
null
0.0
0.0
null
null
null
null
0.0
null
0.0
0.0
null
0.0
null
0.0
null
0.0
null
0.0
null
0.0
0.0
null
null
null
null
null
0.0
null
null
null
null
null
0.0
null
null
0.0
null
null
null
null
null
0.0
null
0.0
null
0.0
0.0
null
0.0
0.0
null
null
null
null
null
0.0
null
null
null
0.0
null
0.0
null
0.0
null
0.0
0.0
null
null
null
null
null
null
0.0
null
0.0
null
null
0.0
0.0
null
null
null
null
null
null
0.0
0.0
null
0.0
null
null
null
null
null
null
null
null
0.0
null
null
null
0.0
null
0.0
null
null
null
null
null
null
null
null
null
null
null
null
null
null
0.0
null
null
null
null
null
null
null
null
null
null
0.0
null
null
0.0
null
null
null
0.0
0.0
null
null
null
null
null
0.0
null
null
null
0.0
null
0.0
null
null
null
null
null
null
null
null
null
null
null
null
0.0
null
null
null
0.0
null
null
null
null
null
0.0
null
null
null
null
0.0
0.0
null
0.0
null
null
null
null
null
null
0.0
null
null
null
null
null
null
0.0
null
null
null
null
0.0
null
null
null
null
null
null
null
0.0
null
null
0.0
null
null
null
0.0
null
null
null
0.0
null
null
null
0.0
null
0.0
null
0.0
null
null
null
null
null
0.0
null
null
null
0.0
0.0
null
null
null
null
null
0.0
null
null
null
null
null
null
null
0.0
null
null
null
0.0
null
null
null
null
null
null
null
0.0
null
null
null
null
0.0
0.0
0.0
null
null
null
null
null
null
0.0
null
0.0
null
null
0.0
null
0.0
null
null
null
null
null
null
null
null
null
0.0
null
null
null
0.0
null
null
null
null
null
null
null
null
null
null
null
0.0
null
null
null
null
null
null
0.0
0.0
null
0.0
0.0
null
null
null
0.0
0.0
null
null
0.0
null
null
null
0.0
null
0.0
0.0
null
null
0.0
null
null
null
null
null
null
0.0
null
null
null
0.0
0.0
null
null
null
null
0.0
0.0

