5528.0
400
6084.0
12.008
408
8.962
225
225
4750.0
8.042
-164
4021.0
4021.0
8.058
-5
-726
4166.0
8.332
-921
3375.0
121
208
-20
-892
-892
544
223
271
-789
6.33
441
322
2402.0
4.823293172690763
124
2402.0
859
-698
208
5.93
355
-396
114
5.26
-450
5.198
-647
3.522
-529
-800
1.2645290581162325
519
519
1.2645290581162325
1.2645290581162325
1.2645290581162325
519
0.2248995983935743
-532
-85.0
-1.648
181
-6.01
-453
-6.344689378757515
-6.344689378757515
-1.512
853
-870
-1026.0
-1026.0
-3.638
-1819.0
-1819.0
952
-69
-2.694
-943
-69
1004.0
1004.0
-873
616
6.13
9.732
-472
-472
945
5.893574297188755
6.132
10.39
10.39
-50
855
6.524
-8
-904
-499
434
9.841683366733466
-135
10.096
12.384
103
949
984
984
10.849699398797595
448
341
-420
9.448
9.448
-358
8.328
4164.0
394
-318
9.688
9.688
9.688
3361.0
3361.0
4129.0
928
-548
287
-137
-137
6794.0
-137
431
13.078470824949699
13.078470824949699
973
973
14.01004016064257
6977.0
-537
-195
7712.0
823
8084.0
19.236
658
-278
741
14.252
17.434
17.434
-195
20.744
708
943
943
23.116
-907
20.298
8913.0
523
523
523
523
523
7826.0
-454
16.148
18.112
9056.0
723
723
875
14.975903614457831
-924
8168.0
710
7458.0
7153.0
936
7501.0
-464
12.512
14.66
14.66
321
7330.0
321
321
7330.0
7330.0
14.66
415
6821.0
415
6406.0
9006.0
13.084
-700
-317
-895
3876.0
7.752
3876.0
3967.0
673
308
3580.0
-636
2892.0
3126.0
3366.0
794
8.504
923
4607.0
11.036
911
4712.0
9.424
10.982
-725
-944
-944
-97
569
49
49
49
5.878
362
6.71
-883
-883
-883
5870.0
-179
963
186
126
8021.0
16.042
16.042
16.01
-773
13.772
-471
7550.0
-120
12.69
-266
4867.0
10.98
5490.0
10.98
12.49
943
16.24
-681
-912
-912
-379
12.304609218436873
-650
6790.0
-622
14.12625250501002
445
5483.0
-990
-953
259
7167.0
-622
8450.0
661
-615
-449
-724
-626
15.234468937875752
-562
15.234468937875752
6561.0
-164
9.768
9.768
-380
10.549098196392785
513
12
4855.0
9.71
5186.0
382
382
9.627254509018035
12
-926
724
749
-187
724
250
9.583838383838383
10.553319919517103
5245.0
168
168
-282
5245.0
10.553319919517103
952
121
578
7.663326653306613
7.663326653306613
-942
7.228
3614.0
7.228
5304.0
5304.0
5129.0
5129.0
5129.0
375
9.527054108216433
4590.0
-929
12.594
762
6382.0
-478
-548
11.83
11.83
-766
11.376
-871
10.182
6.654
3750.0
-35
7.5
7.5
-368
7.334
-368
-35
-35
8.086172344689379
-35
564
564
4316.0
4316.0
8.632
4316.0
-649
895
14.178
8055.0
16.11
720
18.006
8480.0
8480.0
16.96
591
591
19.846
722
591
19.202
-674
-674
-323
-610
-661
-661
25.446
-514
24.392
418
24.822
12411.0
22.914
-875
11347.0
11347.0
572
-701
24.804
99
99
-139
30.318
31.238
-84
320
32.372
16186.0
30.336
30.336
13626.0
25.29
-295
-295
-19
-981
12898.0
12142.0
11607.0
23.214
-535
12142.0
12142.0
12142.0
-689
-67
84
25.282
10716.0
7446.0
5835.0
5835.0
383
9.142
-881
4773.0
6.828
-931
3926.0
-890
2.81
1405.0
2.81
2.81
1405.0
1979.0
592
432
730.0
-36
1537.0
447
576.0
1338.0
-272
-1.36
859
-446
-446
-3.73
-5.482
-44
-2741.0
-6.842
-2447.0
853
-2627.0
-4.222
-2111.0
-2111.0
991
559
241.0
1.392
-0.248
-124.0
-0.248
-124.0
-285
294
2984.0
5.968
102
708
-668
6.582
-940
3554.0
439
590
-840
-858
7
95
-818
-245
-245
-279
7.517034068136272
3751.0
7.517034068136272
-119
8.026052104208416
-50
8.026052104208416
9.462
9.462
333

