-25630.0
-25630.0
-367
0.0
-928
0.0
0.0
-784
-56.33266533066132
-28057.0
-618
-29646.0
0.0
-27755.0
-119
-119
287
0
0.0
0.0
-31390.0
-710
-710
-31549.0
-31549.0
-869
-869
-340
-30542.0
598
564
846
0.0
-136
0.0
446
0.0
-30274.0
544
0.0
0.0
-27614.0
0.0
-28093.0
-924
395
395
-240
-57.0501002004008
-57.0501002004008
0.0
-27795.0
-28286.0
-722
0.0
196
-27933.0
-658
516
-30921.0
516
-32907.0
0.0
-893
-577
-577
0.0
0.0
0.0
-936
-340
-31168.0
0.0
-391
293
0.0
-490
-29941.0
-480
-30559.0
-61.24048096192385
-423
293
-59.16064257028113
-243
455
-927
-60.254509018036075
-927
-927
-27537.0
-564
-54.22444889779559
-295
-27353.0
-27353.0
762
0.0
0.0
-25875.0
0.0
684
-54.82565130260521
-27358.0
-27358.0
176
-388
-55.75551102204409
-28181.0
-359
-55.75551102204409
107
-714
-54.75551102204409
-54.75551102204409
107
389
107
0.0
-943
-970
0.0
-28300.0
-457
-902
458
-55.14486921529175
-27811.0
-404
-27190.0
-25801.0
997
-27038.0
967
-86
903
0.0
639
-25902.0
0.0
-715
-26839.0
-382
-382
-26848.0
0.0
-568
-994
-278
-31750.0
0.0
0.0
11
11
825
-27742.0
0.0
0.0
0.0
0.0
920
494
421
0.0
0.0
799
-40.85370741482966
-20184.0
-20184.0
-19682.0
0.0
0.0
155
155
-38.77154308617234
-231
100
-19116.0
-321
-17351.0
617
272
272
-18428.0
-483
-17945.0
-604
-18267.0
24
572
0.0
-17741.0
219
219
-17960.0
954
-19100.0
0.0
-21144.0
-21116.0
367
-20323.0
-957
984
718
-966
0.0
38
-22530.0
-22530.0
-45.1503006012024
-22530.0
-22530.0
12
-22514.0
-318
-22196.0
-44.480961923847694
-660
-21883.0
313
0.0
408
408
-21173.0
0.0
460
-141
0.0
-20537.0
269
-21385.0
940
-20769.0
-41.62124248496994
-20374.0
-19070.0
0.0
26
0.0
-637
-19570.0
-16459.0
-16459.0
881
0.0
289
20
-17445.0
-17876.0
-431
-759
910
-37.50701402805611
-759
-36.058232931726906
-253
-18102.0
-799
-799
-799
-799
-18365.0
-799
-17566.0
-17397.0
-17397.0
-18562.0
0.0
291
-651
0.0
-700
-36.68937875751503
-18308.0
-18308.0
-17622.0
434
-15971.0
0.0
23
-705
-705
-16419.0
-457
-760
23
-935
-935
0.0
564
0.0
0.0
0.0
0.0
-16138.0
-15642.0
0.0
0.0
0.0
-15431.0
-15431.0
546
-15797.0
0.0
0.0
0.0
-17791.0
-609
-16168.0
0.0
0.0
0.0
0.0
-16512.0
0.0
542
0.0
542
0.0
724
-15323.0
724
-18
-16093.0
-246
-241
-246
314
-170
-13736.0
-13585.0
-27.22444889779559
177
177
159
0.0
-12232.0
159
-13146.0
240
240
581
-513
-14714.0
918
0.0
0.0
-13389.0
0.0
-14216.0
-14216.0
0.0
-10727.0
0.0
0.0
-9842.0
-62
-8645.0
-8645.0
-8625.0
-237
757
-515
-7696.0
-15.422845691382765
664
-157
-5509.0
170
0.0
-691
170
-4403.0
0.0
781
-774
165
-884
452
-5411.0
0.0
-4574.0
-4574.0
0.0
113
0.0
-5132.0
741
-11.769539078156313
-5873.0
-6545.0
-6545.0
188
-7704.0
0.0
0.0
-295
0.0
-447
-503
-503
-516
-13
247
0.0
800
0.0
873
-2735.0
-5.480961923847695
-5.480961923847695
-107
564
-2304.0
564
-2868.0
-959
-747
707
448.0
366
983
983
-1.812877263581489
-1.812877263581489
-901.0
-901.0
823
-1.222444889779559
-610.0
-246
-780.0
0.0
0.0
0.0
943
0.0
-45
0.0
-984
0.0
-883
474
0.0
-646
1.717434869739479
857.0
1.717434869739479
474
1.717434869739479
-124
857.0
189
0.0
484
-273
0.21042084168336672
-273
0.0
0.0
0.0
-371
624
-1256.0
224
-1111.0
656
738
88
760
-626.0
-1.2570281124497993
-2.7655310621242486
-2.7655310621242486
0.0
605
678
504.0
-269
0.0
936
0.0
894
2499.0
0.0
2499.0
0.0
-242
4568.0
4216.0
108
506
6183.0
160
6183.0
304

