805
-304
-17.784
-8892.0
-16.122
-14.032
618
-7634.0
383
-129
-8017.0
-16.098393574297187
-15.2124248496994
-15.2124248496994
426
426
-663
-663
-16.996
-8498.0
-11.426
-5713.0
-4
-4
-4
-4
-4
-5132.0
987
346
-6119.0
-5819.0
342
900
552
-302
-10.454909819639278
-5217.0
-811
-11.808
-2263.0
-4.526
-4.526
742
742
-2263.0
-2263.0
742
-3005.0
-6.022044088176353
-651
-2158.0
524
-2.036
333
587
920.0
934
934
-0.752
-376.0
-362
-376.0
495
0.91
455.0
236
-331
-331
495
-362
1.613682092555332
5.718
-132
2847.0
755
3602.0
2122.0
4.244
2.382
1191.0
-100
-2
-315
1.754
210
622
622
1289.0
2.304
-779
3980.0
7.96
10.554
10.554
-983
-918
8.514
8.514
187
7057.0
14.114
-986
-218
3645.0
3518.0
3518.0
-127
7.036
-127
610
2.618
-879
2188.0
-664
3017.0
6.034
829
546
-526
3.49
760
1807.0
228
2601.0
598
-26
2766.0
-26
-880
2926.0
2926.0
1355.0
-843
4.404809619238477
-925
232
3.944
3.664
533
1.096
1.096
548.0
631
376
1.1342685370741483
702
44
-695
702
-311.0
-311.0
-0.264
-0.264
0.692
39
346.0
2.784
2.784
103
-477
392
1757.0
5.234468937875752
2451.0
-870
2695.0
2695.0
-676
6.614
-322
-322
6.614
-322
3033.0
-773
1899.0
1462.0
355
245
2701.0
-127
-143
-143
5.678714859437751
-143
962
-183
-5
14.56
-748
11.536
4699.0
737
4758.0
7.248
96
14.208
7104.0
527
14.208
8312.0
16.624
-677
9230.0
18.46
9230.0
16.094
7748.0
119
15.288577154308618
14.878
-683
13.232
13.232
13.474
6737.0
-485
526
11.444
-803
5722.0
11.444
4998.0
5926.0
5345.0
125
1068.0
-777
-725
408
925.0
-725
-949
0.664
1.646
863
823.0
863
745.0
2.314
2.314
4.644
2322.0
-801
56
56
2900.0
56
249
8.066
4033.0
-609
4159.0
-297
808
3532.0
-490
6.084
392
392
-401
158
848
3.8777555110220443
868
3.8777555110220443
868
1067.0
833.0
-363
2112.0
916
6.95
599
5607.0
5547.0
7.178
-700
4161.0
8.322
3075.0
25
177
177
3184.0
4632.0
4632.0
-589
425
-446
6.284569138276553
928
928
529
529
445
529
10.94578313253012
-412
12.648
199
8.562
-283
-125
-60
623
54
12.058
6029.0
-855
-855
8.202
7.276
563
8182.0
7678.0
965
764
481
918
-432
-453
-892
7388.0
685
8576.0
16.424
16.424
10.694
-966
496
496
6904.0
701
7937.0
-285
15.06813627254509
401
261
6879.0
-531
7410.0
446
-384
18.382765531062123
11945.0
775
996
11561.0
869
21.851703406813627
10904.0
212
-266
775
775
896
-283
8092.0
967
-861
-647
-647
-313
410
-727
17.16633266533066
8246.0
16.492
921
6426.0
16.024
-122
-521
8030.0
16.952
-391
394
7948.0
15.896
17.206
10266.0
860
20.532
10266.0
20.532
308
223
223
21.6
8375.0
13.376
-246
14.342
-504
191
-85
7484.0
-85
-828
-255
-868
-57
-57
609
8241.0
14.668
13.242
-58
-58
14.896
12.926
6463.0
12.926
12.926
-902
6268.0
491
4035.0
175
6815.0
-5
-649
8313.0
7122.0
7122.0
-61
-989
-989
-989
480
17.28
18.296
-543
-966
10585.0
10984.0
10232.0
-509
10325.0
-168
123
497
246
497
497
123
-562
-331
21.16
7311.0
-803
772
17.222
911
-645
15.430861723446894
7544.0
586
-59
688
10041.0
688
586
-986
323
545
-439
6940.0
7562.0
13.3
-174
-174
651
8095.0
8095.0
16.19
5220.0
5131.0
-751
-893
11.238476953907815
13.72
-130
6358.0

