-4222.0
-4222.0
-0.42215778422157785
549
548
-0.531953195319532
-5319.0
-576
-4743.0
916
408
-456
101
-5712.0
977
518
-0.4218687474989996
518
977
977
-0.5715429257554533
-318
-48
-0.5397778444911439
-48
-0.5350280224179343
799
-4547.0
799
998
998
-0.6349714743268942
111
-6344.0
-0.5794635708566853
-5790.0
-5790.0
554
-0.6349714743268942
-6273.0
71
-0.6349714743268942
-6344.0
-0.6349714743268942
9
-6353.0
-802
729
-0.6287545054064878
-6280.0
-158
87
-0.6217704786701382
-6209.0
-11
-338
-249
-949
-185
-4662.0
-185
-4477.0
931
-5408.0
191
70
357
417
168
-5657.0
-0.5668336673346693
168
-5657.0
-0.5668336673346693
168
-442
-0.5837258242308848
-0.5837258242308848
-442
-0.5394868711164562
-0.5394868711164562
-0.5394868711164562
-5383.0
-793
498
498
-5088.0
-5088.0
-0.5100240577385726
659
659
-0.576140350877193
684
-5747.0
684
-727
846
846
413
199
-7162.0
-0.7183550651955868
-695
71
-0.6487110041127495
-0.6487110041127495
-6467.0
-177
-0.5630454408666867
-0.5630454408666867
-0.5630454408666867
-5613.0
-0.5630454408666867
677
-979
-6290.0
-0.6310192616372392
-0.6310192616372392
-6290.0
-0.6310192616372392
-979
-979
-926
945
-779
875
-4481.0
-0.4497189883580891
514
514
960
-0.5977715318209195
-550
-0.5426162031924505
-5405.0
-0.5426162031924505
-235
-5170.0
-4944.0
-4944.0
-0.49633570926613796
-0.49633570926613796
-0.49633570926613796
226
-469
854
-0.5249472944483485
-5229.0
-0.5249472944483485
-5851.0
312
312
-934
-5229.0
665
-59
-0.5249472944483485
-0.4655691628187111
591
591
-5219.0
-15
-15
10
-59
854
-0.5190763052208835
-4479.0
-0.4496536492320048
-0.4496536492320048
-0.4496536492320048
691
854
-804
284
-0.5242016469170516
-665
-0.5465863453815261
-665
441
284
-5220.0
284
-0.5527769408456362
-0.5527769408456362
-874
-768
-4630.0
-0.4650462032944958
189
189
189
-4630.0
-0.4650462032944958
-0.4650462032944958
-0.4650462032944958
-768
-4630.0
-768
-910
-910
-3862.0
-910
-0.2700612634327609
514
-46
514
659
-910
-910
-2063.0
-0.2072325464590658
-2063.0
-1172.0
-0.11771795901968662
256
-443
-0.08344211266191384
173
-249
256
334
466
-0.15255599076026916
-347
-1519.0
-347
-1172.0
-0.11771795901968662
891
-1172.0
-1172.0
891
630
-0.2072325464590658
-0.2072325464590658
889
-2063.0
-2063.0
889
144
-0.3110619913593891
875
875
-3096.0
875
-72
-0.3990152733118971
-333
-82
-82
-82
639
639
639
760
760
995
760
-3168.0
-0.3183279742765273
-0.3183279742765273
760
-372
-0.3947341975680836
-372
-495
-332
187
-2916.0
-769
-0.29315371468784557
-877
-877
-477
528
107
-0.26890587288817375
839
-0.35331388916825907
807
807
-375
-3663.0
-3663.0
657
-0.43452021726010864
-375
441
748
-512
-4636.0
333
333
333
-4700.0
-64
-4636.0
-5125.0
-0.515541696006438
-489
-0.5908267954133977
-5874.0
-238
-5636.0
-1000
-0.5530074431703883
-0.5530074431703883
-5498.0
-468
138
-259
-259
-259
45
-0.6157095444030977
-781
-0.5372158519412593
295
-1000
498
-512
-903
-665
-665
-309
-309
-665
-76
238
238
592
-0.4742299174552044
-5010.0
-299
966
-120
-5557.0
902
902
-0.5595046314941603
902
-6459.0
929
-7388.0
495
-672
-0.7980265807490938
-0.7980265807490938
134
-7926.0
-7926.0
134
134
-0.8116000402779177
-7492.0
-7492.0
568
901
-672
-957
-7419.0
-7419.0
-0.7469794603302456
-957
493
-831
-6228.0
234
-0.6506897593394422
-6462.0
-0.6506897593394422
-6462.0
758
-0.6506897593394422
-8074.0
-989
-989
-989
-989
-7085.0
-623
926
-7388.0
-0.7440080563947633
-0.7440080563947633
-0.7440080563947633
-0.7440080563947633
-6789.0
599
-104
-104
495
-7883.0
336
-0.7939369523617685
-166
-0.795287483637096
-7898.0
-529
514
-0.7420946626384692
514
-0.7939369523617685
-0.7664887725304602
-168
-168
-0.7664887725304602
-168
-168
439
-166
-166
-0.7772965350523772
180
-285
-789
702
-870
-179
-283
-578
-578
-578
880
56
132
172
366
-108
-7120.0
-0.7178142957959471
-0.7178142957959471
-108
-0.7178142957959471
514
-108
280
-0.7069973785037306
280
-7012.0
280
721
-0.7915910465819722
-559
-0.7353030150247051
721
721
-0.8080879386849537
-733
-733
-7280.0
-0.7342410489157841
742
178
178
178
-0.8271966105114497
405
-111
128
237
237
-230
-8629.0
-0.8709123940250303
387
-941
387
-8629.0
387
400
400
876
-607
-598
-0.9496264889965678
-598
-8809.0
805
-9614.0
948
-9614.0
-9614.0
-0.970718901453958
948
-900
-9662.0
134
134
334
930
-9796.0
930
-1.0834343434343434
-1.0834343434343434
-1.0834343434343434
-10726.0
355
355
355
-876
-10726.0
-876
-10726.0
-860
-860
-860
-597
-11323.0
-11323.0
-597
-11323.0
-597
-1.0834343434343434
-876
-0.9950500050510153
-914
-8936.0
962
-1.00010104071941
751
-620
-1.0135421930267812
-0.9296685529506872
829
350
350
-1.0135421930267812
350
-139
469
-748
-307
-1.0825919935301254
203
737
203
-748
-1.0070771408351027
336
35
-10297.0
-21
-10297.0
-21
-1.1021233569261881
-1.1021233569261881
-624
-1.0391343917484073
-494
-1.0391343917484073
-494
-9782.0
-372
-0.8599312297734628
907
-796
-930
43
-7237.0
-7237.0
447
-0.8130878931930818
-389
34
43
43
717
-363
-423
519
-844
340
319
939
939
-264
-8540.0
-8540.0
-264
250
250
-0.8376518218623482
-8276.0
250
-17
-0.8376518218623482
-0.8376518218623482
-0.8376518218623482
250
-9372.0
-0.9484869952433964
-0.9484869952433964
-2
-7742.0
978
652
-2
-9372.0
-958
-0.9484869952433964
-2
639
-542
-0.9483805668016194
-9370.0
-844
-0.9483805668016194
-844
-8526.0
870
870
-54
-0.9512046973071472
-54
-136
-0.9458337551888225
-136
-136
-136
380
380
-0.9707341772151898
239
-0.9950374721490783
-439
-405
97
-9289.0
97
608
-1.0123581847649918
-9994.0
616
-11556.0
592
575
575
-1.170583468395462
886
886
-946
-1.1024108589951378
-273
-1.0748657684125216
-387
515
-1.0880535008612828
-955
-0.9913862991487636
-73
-11133.0
787
-10361.0
524
-1.049640360652416
77
772
772
-571
-10562.0
9
-800
-9997.0
-235
-235
-52
-10536.0
-187
-826
-826
-9710.0
-883
588
-515
-252
-252
-0.8171127331711273
-128
-533
-279
630
-0.7860040567951319
-963
-0.7860040567951319
-7750.0
-0.7860040567951319
309
-8059.0
-8059.0
-344
-7715.0
657
-0.8493456426904737
-125
-8247.0
-8247.0
-179
-610
-610
-7551.0
-93
7
-0.7398010960016237
-7290.0
-0.7398010960016237
175
-7465.0
-0.757637267837207
-594
581
-0.6013396934943672
945
582
342
342
12
76
421
-0.7990658950147224
421
-184
-8291.0
-8291.0
-184
-184
883
-0.7335499593826158
-7224.0
883
313
-344
-976
-976
-489
-0.6716448237326018
-121
-0.6986691049476785
-0.6986691049476785
-387
590
-0.7194390813941672
-7080.0
918
-7998.0
299
-0.8432767557678625
-0.8432767557678625
103
-12
-8297.0
-12
-380
-504
824
-669
-0.768354687817775
-343
-506
689
-0.7335502898403335
-7213.0
-506
85
-304
-6792.0
-0.6908758010375343
-6792.0
92
97
-6884.0
97
97
579
620
620
-564
-564
-7032.0
5
-94
-841
-6102.0
-0.6210687022900764
991
-6102.0
243
-6345.0
-969
-969
-0.6458672638436482
-969
-0.6458672638436482
-969
-969
-969
-0.5472869795378194
670
494
494
-5376.0
-0.5472869795378194
494
578
-0.5976379556098554
578
-614
-0.7140093667277541
-565
-614
572
572
572
-6406.0
-0.652408595579998
-6406.0
-430
251
-198
177
177
94
177
177
-220
-0.7219845150774246
-7107.0
-0.7239482530304574
-20
-881
124
-381
-76
-628
-628
-164
861
675
309
309
309
675
-885
429
733
-0.6089038304808476
-0.5413058979321586
663
733
-885
124
-76
-5873.0
-5873.0
110
-5983.0
158
-204
-6647.0
-302
-6345.0
52
-204
-6141.0
-258
676
-716
-716
-69
292
-6602.0
-0.6730553573249057
-788
-827
-7429.0
-7577.0
-148
-0.7722964019977576
-0.7722964019977576
-7083.0
-5787.0
-5787.0
617
617
679
494
-7577.0
-7577.0
-148
-7429.0
-827
-0.6730553573249057
-788
-788
-788
-5814.0
14
810
-0.5927814029363785
14
380
-924
-0.5389087200407955
-967
-4317.0
-973
-973
-825
-0.3411200652861369
-2594.0
52
750
750
-825
995
-606
200
-0.33942052642317894
-0.33942052642317894
187
375
375
375
-0.4151193633952255
-555
-4069.0
-0.4151193633952255
-555
-606
-42
-510
51
887
887
-2407.0
-2407.0
-0.2456874553434725
873
-3280.0
-2689.0
-0.2744717770746147
591
-1777.0
-0.18134503520767425
-1777.0
-0.18134503520767425
744
-0.25729740763421105
168
-0.2744717770746147
936
-331
412
591
-0.24055929781588078
-2677.0
-45
-2677.0
142
142
142
142
142
-0.27316326530612245
142
142
-462
-462
332
332
-2689.0
591
591
-814
591
-679
957
957
850
955
-4562.0
-0.4658429490452364
-744
-5309.0
-6937.0
-0.708146182115149
-911
-0.615211842776927
-717
-842
-842
-0.6279734558448188
-6151.0
-842
-747
125
801
-0.5476919934640523
-6155.0
-792
677
-0.5476919934640523
677
766
26
766
-6040.0
-0.6554330065359477
-378
-378
-0.6397058823529411
-224
766
-0.6311919109386172
626
280
-0.6830439223697651
399
-850
-850
-850
-0.7238737358259271
843
-7929.0
-736
661
-0.7424660333026867
661
661
-0.7424660333026867
661
661
-736
-7193.0
-7193.0
375
543
-0.828921819110884
-209
-209
-631
180
180
-0.7432280486558316
-0.7432280486558316
180
-7271.0
-7271.0
-7271.0
180
-786
-6665.0
-6665.0
-0.5860764669801677
932
-54
225
-54
-5733.0
-5733.0
932
-5733.0
-0.5860764669801677
932
-779
-0.6796851037726204
-762
-0.6796851037726204
-762
-762
-6648.0
-762
362
-6248.0
-0.6389201349831272
-6248.0
-6248.0
-6248.0
762
-869
124
225
-6028.0
-0.6164859889547964
-6028.0
-863
113
124
616
-6881.0
-812
-464
-6069.0
-464
-380
888
247
-6360.0
408
-624
-63
-765
-5248.0
-5248.0
-0.5372645372645373
-0.5372645372645373
-5248.0
833
833
-6081.0
-765
-6684.0
-155
-0.6684070434070434
-7867.0
-681
-275
-0.7926517244908402
278
-284
-275
-0.7355921793428192
-809
-0.8183213920163767
-7995.0
-809
-491
-0.8194657660423703
-12
-809
470
-0.8183213920163767
-809
-809
-657
-0.7355921793428192
-657
-6529.0
-448
-411
-765
-0.5443374974400983
161
-5316.0
-5316.0
-5316.0
-5316.0
347
-201
-201
-650
-650
-840
240
806
-403
-403
-0.4531394038717607
706
-4424.0
-452
-452
-0.4531394038717607
-4424.0
52
-452
806
-338
-0.45491803278688525
-0.3654988731817251
-3568.0
-0.42947864385946943
-4193.0
-625
-0.3654988731817251
578
-606
-4146.0
-3993.0
153
153
-3993.0
-3993.0
-17
-0.40903503380454825
-3993.0
-3993.0
-0.40903503380454825
-3993.0
-0.40903503380454825
153
-0.42475156233992417
-0.42475156233992417
-4146.0
294
924
-0.3602089949800225
924
924
-357
870
-4953.0
-228
-0.48426770523726553
-354
901
-0.5320762451321992
-467
901
-233
-285
-5393.0
-285
-285
371
390
-5393.0
-285
262
262
262
-5108.0
567
-3887.0
-164
-0.39842148421484214
654
567
-0.465504869297796
-0.465504869297796
567
-13
567
262
262
-480
-700
216
-0.6080762529466024
-0.6080762529466024
-889
404
-700
-5233.0
-13
-13
-5220.0
-5220.0
-480
-480
-480
-0.48595448021324583
-0.48595448021324583
630
-0.5505998154414027
911
-878
-878
-878
900
900
-774
-0.5671350907785414
-334
-882
-382
-4313.0
-382
-3931.0
566
566
566
-0.40334496203570697
566
-3931.0
-0.40334496203570697
566
-0.4614674191893279
426
-0.4614674191893279
-4620.0
-123
-123
-4620.0
-4620.0
-994
-123
426
-4923.0
-4923.0
169
-727
-5819.0
-727
-489
169
83
667
667
-172
-5181.0
-0.5319848033679022
-0.5319848033679022
-194
-194
-5181.0
-194
163
193
474
-210
-16
138
-5729.0
668
988
905
-0.7589928057553957
905
905
-259
-8031.0
892
576
534
534
534
534
-562
-10033.0
-10033.0
-10033.0
-562
-10033.0
400
-1.0316709511568123
-562
-10033.0
-10033.0
-10033.0
-1.0316709511568123
-10227.0
-194
-562
-76
158
-0.9662655558983853
-9395.0
158
-31
748
842
842
-10301.0
-121
842
-1.0596646435551897
842
610
-10240.0
903
610
-1.2092807902047535
-11753.0
62
624
-1.2157851409755094
624
704
-793
-13203.0
-853
-12350.0
778
-1.3514515132798024
895
888
819
-15730.0
95
-555
-1.629763130792997
132
-15825.0
-1.5557615075687365
717
132
918
-1.6435266247811309
-241
777
793
352
-1.8918194930970533
-18362.0
-18362.0
-724
-17638.0
216
-17854.0
-1.8398598516075846
23
-17854.0
23
-1.8189406430338004
226
-1.8189406430338004
226
-414
-776
-180
-260
-260
-16507.0
-1.688073394495413
-16376.0
-1.688073394495413
131
131
-1.7017525773195876
-260
-16507.0
-260
-828
-580
-580
-14839.0
-791
821
596
-14644.0
-1.5104693140794223
-31
-31
-982
-13631.0
59
987
-1.4125051588939332
987
739
739
-1.4234420140321915
881
144
88
88
547
-15156.0
-1.5639252915075843
-1.5639252915075843
-15156.0
547
957
-159
96
96
957
-13700.0
465
-385
957
499
547
-794
-14909.0
-533
695
137
-1.628264684628884
-1.628264684628884
-15773.0
-15773.0
-565
83
-15690.0
83
988
-14702.0
988
83
-15773.0
-15773.0
-180
-180
-565
-1.570101176956432
-158
-412
-14638.0
-754
-754
813
-160
-160
-1.501601074269187
-148
-148
167
-1.5038743671866928
786
-1.4247495093482079
635
128
-13249.0
-294
-13341.0
653
862
-252
-236
396
381
798
798
128
786
-166
-166
-4
-445
-4
-104
-1.5576684580405127
-890
-1.5576684580405127
-15072.0
-15072.0
-890
639
-13543.0
639
338
847
-1.5863993385696569
-171
-659
-659
-659
-141
-141
-1.5009303287161464
-800
-14520.0
-141
-141
-141
-1.4865088390364933
724
427
-1.5175230021709913
-14679.0
-14679.0
-1.5175230021709913
424
-15103.0
-1.5615177832919769
-15103.0
-457
590
-770
-883
-679
412
-658
-658
-658
-13259.0
-1.3370914356640464
-12927.0
-1.3370914356640464
332
332
169
-13259.0
169
-1.3891992551210428
-1.3891992551210428
-13428.0
-13428.0
-1.3891992551210428
-888
-1.297465080186239
150
-1.297465080186239
150
-247
-12988.0
-1.3438178996378687
-298
-247
-247
-855
-919
-698
-413
-1.1272125038815857
-413
-413
-10477.0
809
-11286.0
746
329
329
-1.2800041420731076
414
678
-13453.0
-13453.0
114
558
983
-51
-303
-15022.0
643
-1.6229796933278078
-1.6229796933278078
-247
-15665.0
-15511.0
-15511.0
154
154
-1.6229796933278078
-608
-303
-303
347
-1.4747150259067356
-13928.0
303
-1.4747150259067356
-14231.0
-14231.0
870
870
-376
-376
768
768
-1.5262230514096187
-856
483
649
-13703.0
-1.3528192371475953
651
-1.4204415880584638
649
649
-13703.0
706
-1.5082391957715826
-14553.0
-614
-614
-1.473782383419689
-1.473782383419689
-778
495
-13444.0
-13444.0
495
-13939.0
-236
-349
540
540
649
-14814.0
-462
-1.5356069244324662
-462
985
-782
78
777
936
-878
-174
-174
-1.580333990249974
-292
-15236.0
-1.5284173408006638
499
-292
-511
389
-1.5378709275783358
-462
-14360.0
-478
-478
469
-835
-14351.0
-835
-181
631
-1.3843039551541576
-12701.0
634
-13335.0
631
317
417
417
417
417
417
-1.4830235697227703
-14283.0
417
248
-221
-1.4991174332883397
-14438.0
262
248
248
-1.5523938103645238
-1.5523938103645238
180
-881
39
-1.5523938103645238
39
-474
941
-15454.0
-801
-801
-14653.0
-893
-1.3536623376623376
-1.3536623376623376
-1.3536623376623376
731
-1.42975893599335
-454
-179
-179
-179
-27
-1.3616048227834945
-925
-925
938
938
-12175.0
-12175.0
358
938
199
-580
-13026.0
-294
-88
-1.3329174464545643
-88
636
583
-12149.0
583
583
-1.2398627573300063
807
807
636
379
-1.4297451898075924
-1.4297451898075924
-414
423
-760
-12079.0
-1.2563969211566466
309
-1.2563969211566466
309
-176
608
747
-836
-836
-380
-763
-13509.0
-763
-763
-763
-219
157
-683
-1.2867402164862614
-1.2867402164862614
-362
-12001.0
-1.2491932965545955
764
-900
-291
65
699
699
819
-12539.0
699
-12539.0
699
-17
-1.3785275434759972
-1.3785275434759972
-17
625
-17
-449
-449
-12772.0
-878
-878
-1.2389583333333334
-12353.0
-459
-459
-459
-459
-459
-1.286636808665764
-459
-459
-1.173315279658369
-1.173315279658369
-672
-1.240054155384295
-1.240054155384295
-1.240054155384295
-642
-11265.0
886
886
604
-1.2053738804415746
-309
-11265.0
-11265.0
629
629
629
-184
-184
-989
-11120.0
-399
-1.1170035424046676
-1.1170035424046676
-849
-849
-888
-888
-256
-634
-634
324
-8846.0
-0.9220346049614342
-428
-698
-7720.0
-280
-280
-0.804837364470392
-280
-280
-385
437
-7406.0
-7406.0
34
34
-7440.0
758
-410
-410
-7788.0
175
-0.8208550573514077
-7872.0
-84
-84
175
57
-0.7386588799666284
880
57
57
-232
-0.8124348007510953
-530
-7258.0
-7258.0
-7258.0
-597
-7258.0
127
-7385.0
-921
-0.6714315525876461
29
-0.6745278096629448
933
-0.6108096828046744
610
550
550
949
-61
-413
435
-7374.0
-7374.0
-713
-6661.0
-697
-601
-5964.0
860
-523
-523
764
-767
-0.7379360768748694
-7065.0
-767
-0.6578919878825864
210
-696
-696
363
-0.6578919878825864
-6298.0
-0.6578919878825864
210
451
-6959.0
-6959.0
952
78
-7911.0
78
-7989.0
-0.8348834778973769
-581
-581
-5530.0
-0.5778474399164054
-511
891
987
476
-0.774247491638796
-0.774247491638796
-7408.0
476
-7884.0
-7884.0
-995
-0.8240827845719662
269
-8628.0
-475
-103
-0.8416100365917407
-0.8416100365917407
-836
-0.7542869092429946
-775
585
-60
-60
141
-696
-583
-320
-320
-5826.0
-139
-5965.0
-139
-139
-5826.0
-0.6095417451349655
493
-6319.0
-167
-167
-5544.0
-4881.0
663
663
608
-822
926
152
-697
396
-6107.0
-6055.0
52
-6055.0
-0.6338986599664992
52
-672
-0.569109947643979
156
156
678
678
-112
-780
-780
-780
-780
-780
-5333.0
-356
-404
179
-0.5401215168657029
-6907.0
-6907.0
-7125.0
-218
-218
-218
-765
-986
-5156.0
-5156.0
592
-305
-0.6022001047668937
-305
-305
-305
-305
-88
282
-378
195
-302
-5152.0
-320
-320
-0.5128420169829122
-0.5257861635220126
-124
-60
-60
-0.506605158314112
-4832.0
-4832.0
-976
-0.40432001677676416
59
844
-4759.0
-646
-385
-4059.0
-4059.0
-417
670
-417
-484
-0.4256948085998951
54
-0.4355075503355705
135
-0.4355075503355705
135
-0.4865261612666457
-4640.0
-4640.0
-0.46917592786747747
165
-487
-0.5282029775634305
-398
-0.39400293562591737
-0.2946849774609498
947
-3758.0
882
-4640.0
-487
135
-175
-4113.0
-385
-3728.0
-0.39106262456729257
697
69
-4494.0
-4494.0
775
515
-144
115
-310
-0.4360831234256927
-0.49349422875131166
386
-0.49349422875131166
440
-5321.0
-0.5725222863135816
-138
-0.5581078246276484
459
-55
-148
-874
-874
386
-0.49349422875131166
386
-934
-0.4360831234256927
-0.4360831234256927
-4155.0
-4155.0
-0.4360831234256927
-0.4360831234256927
832
-4767.0
220
-885
-872
-3867.0
-0.4059416334243124
-637
439
439
-0.33910761154855645
-3843.0
-3843.0
-309
-304
439
-0.33910761154855645
-3230.0
-928
-3230.0
439
511
155
-4335.0
707
-987
-697
-660
-3358.0
-660
-660
-2698.0
-2698.0
-2698.0
-2698.0
44
483
-2698.0
-0.2834629123765497
44
178
-0.3068516183270282
348
-0.3068516183270282
-503
-2920.0
-2920.0
-0.27382578543658714
-2606.0
-2606.0
314
-503
-503
-0.35613703236654054
-0.35613703236654054
-972
-164
-164
-2739.0
399
399
-164
-0.28777054002941793
-164
814
812
814
-972
-866
-2417.0
-866
334
-0.1981499001366551
-1885.0
-572
254
-942
-0.039007465040479444
137
-252
-252
-252
-129.0
658
-362
-324
-825
-0.1488176563321072
-1416.0
-147
-0.1488176563321072
-0.1488176563321072
-825
-0.1488176563321072
-825
-825
-1386.0
-795
-324
-138
-368
-809.0
-312
-368
658
-787.0
-279
-0.08274629376511408
-279
-279
-279
325
325
-908
-162
75.0
-405
480.0
-632
461
244
244
0.04282407407407408
0.04282407407407408
-217
-586
442
407.0
0.04282407407407408
-87
-87
363
-87
-555
0.1103978109871606
-166
1215.0
244
0.1278812756551942
0.1278812756551942
1215.0
1215.0
0.1278812756551942
340
0.09210526315789473
875.0
406
386
83.0
462
-785
-379.0
-504
690
558
-806
-806
-806
-634.0
222
533
-477
989
989
50
114
0.0547426044846826
114
785
-611
406.0
785
-0.039907339159734656
-0.039907339159734656
418.0
797
797
989
516
-2240.0
-356
313
313
313
-2197.0
-0.23140931114388036
35
-419
-666
-1112.0
-579
-579
-0.05615846591507744
-533.0
-716
688
-716
0.01928345626975764
-172
183.0
0.01928345626975764
183.0
-0.020861869139184492
-198.0
-381
808
-82
968
-96
326
126
126
126
678
678
-306.0
-0.03224107048783058
914
678
126
-513
-2024.0
-513
-1511.0
-1511.0
-96
-896
622
-0.045219774428164855
-0.045219774428164855
-532
622
-0.05471797575118608
-201
-0.03353015605229861
-0.03353015605229861
-327
-327
-0.03353015605229861
-327
9.490667510281556E-4
9.490667510281556E-4
-782
9.490667510281556E-4
-782
9.0
-782
464
0.03449003269697289
327.0
8
-657
0.033649789029535866
0.033649789029535866
0.033649789029535866
-657
642
334.0
0.03523950200464233
-741
1301.0
226
-839
0.16353661109938805
475
0.16353661109938805
475
1550.0
1550.0
475
0.16353661109938805
475
475
-839
-460
447
2226.0
2226.0
299
545
545
545
0.203398775596369
-5
0.11895714587291535
1127.0
-805
-805
260
260
1672.0
-998
-998
-258
442
1930.0
1930.0
442
136
-671
575
1448.0
-896
-896
0.24762307204732728
0.24762307204732728
2344.0
0.24762307204732728
360
447
592
0.147083685545224
-4
-4
-4
-552
-552
0.20587613612344113
0.20587613612344113
-173
357
-584
-584
-268
-622
-622
0.2582725446664552
0.2582725446664552
0.2582725446664552
0.2582725446664552
-622
-723
402
402
-104
3065.0
0.3240642842038486
-104
0.33509569630961195
3169.0
-843
-843
-376
0.46409307244844
4388.0
-799
0.5486566532684578
491
-536
845
-714
-714
0.4641836842662152
0.4641836842662152
0.4641836842662152
-714
0.5397883597883598
481
-641
-821
717
-821
0.5568374259102455
-821
-821
686
686
5396.0
-163
6366.0
546
-187
-285
-99
130
108
108
0.6704774002328782
0.6704774002328782
0.6704774002328782
130
0.6704774002328782
6697.0
-220
-220
0.7088272650296359
6697.0
0.6647264260768335
279
279
0.6864882023066342
6488.0
0.6864882023066342
6488.0
279
279
0.6570370370370371
-72
-416
6697.0
0.7088272650296359
0.7088272650296359
363
-877
22
130
130
6776.0
648
6776.0
96
0.684973544973545
-168
6641.0
6641.0
-533
6108.0
-533
-727
0.6258201058201058
5914.0
-727
-135
0.7028256958408298
0.7028256958408298
-135
6776.0
0.7171888230313294
999
767
442
6334.0
130
0.6704774002328782
973
130
-158
645
5559.0
714
736
716
-372
0.3199195171026157
3021.0
-372
3393.0
3393.0
0.3593518322389324
2498.0
2498.0
2501.0
3
-895
3393.0
2859.0
0.30276395213385576
0.30276395213385576
0.30276395213385576
-534
364
395
583
0.21728996715753787
0.12541044380891855
1184.0
-255
-529
-529
0.12541044380891855
1184.0
-529
1184.0
-529
0.18146186440677967
0.18146186440677967
1713.0
1713.0
1713.0
1713.0
-338
167
308
308
491
1085.0
-186
920
0.03720585117659529
-334
-383
585
-625
0.11323155216284987
1068.0
1068.0
0.11323155216284987
0.11323155216284987
855
1923.0
855
708
1776.0
-307
1776.0
708
1776.0
-696
708
585
585
585
0.05121408122150355
66
697
697
253
568
-340
-340
230.0
-340
247
247
-460
851
949
-360
-304
949
1161.0
1161.0
-473
1634.0
0.17331353415358505
851
0.08305929776174817
-870
0.06162494696648282
0.06162494696648282
-67.0
-0.0034994697773064686
34
-952
34
-67.0
-648
-648
-723
0.13832608465047205
590.0
-714
590.0
590.0
590.0
0.06257955027577429
928
5.0
-0.028413910093299407
-314
-582.0
-314
114
-939
505
-0.11405554377782488
-606
-202
-202
-939
-102
666
5.0
-638
53
0.06257955027577429
-714
-349
0.13832608465047205
-349
0.17536600891152132
0.17536600891152132
-556
-556
-556
1653.0
0.17536600891152132
-974
-974
-974
0.2787267904509284
0.2787267904509284
0.2787267904509284
-477
-55
118
118
-216
0.335243553008596
118
812
2229.0
-181
-388
2798.0
492
492
386
-11
2137.0
-169
2137.0
-169
1798.0
1798.0
1935.0
-93
0.21528662420382166
230
0.15677741216431376
0.15677741216431376
-551
230
0.19089075273383585
1798.0
-508
889
92
92
889
889
2306.0
2306.0
406
676
1900.0
1900.0
676
692
-408
816.0
-126
690.0
-126
-408
-534
139
139
263
-534
1224.0
924.0
-300
-892
413
1637.0
413
-534
0.18672331386086033
-693
1907.0
1907.0
149
149
-693
1758.0
-693
2451.0
2451.0
500
1951.0
-532
250
2233.0
-19
-474
0.20435706695005312
-803
-803
361
499
0.1983629212288721
64
-251
1551.0
0.1648772190921654
0.1648772190921654
0.1648772190921654
1551.0
0.1648772190921654
1308.0
1308.0
0.1390010626992561
-938
-938
-938
0.23870762036348178
541
0.23870762036348178
541
-160
-160
154
154
-251
0.1648772190921654
1551.0
0.1648772190921654
-251
0.19157984265362535
-999
-270
631
0.4052099946836789
740
740
0.4809736394557823
25
25
671
0.4096949080471989
-568
611
740
3071.0
0.3060074428495481
-193
0.3265631646108039
-556
305
-710
3627.0
3383.0
-244
3627.0
0.38572795916196956
0.38572795916196956
-514
-514
-65
-65
-713
19
4900.0
-408
-828
382
-337
-476
-476
6949.0
0.7396487493347526
0.7396487493347526
-897
0.7396487493347526
-254
-254
0.7396487493347526
-254
0.7667660208643815
0.7667660208643815
0.7667660208643815
7462.0
259
-792
-792
-872
664
0.8482009793485203
-27
7995.0
-872
7545.0
7545.0
0.8031722375984671
-958
-364
915
206
7746.0
-452
516
0.8182786536003409
0.8182786536003409
-63
-63
-693
8438.0
257
250
7337.0
-844
221
8181.0
0.8717101758124667
8181.0
221
589
-228
742
0.7309455281952884
402
402
6455.0
739
0.6881663113006397
-424
-424
-805
-805
-749
7851.0
-582
-786
-509
1.0376533333333333
1.0376533333333333
9728.0
9728.0
9728.0
9728.0
-601
880
1
516
1.008108396457911
1
9449.0
8905.0
0.9499679965863025
-544
1.008108396457911
1.008108396457911
1.008108396457911
9055.0
9055.0
0.90336
8469.0
-611
0.90336
789
-586
0.9659697034350331
457
1.0146133333333334
-818
0.9272610921501706
-818
457
457
-394
-394
9449.0
-130
1
553
454
0.9492049941308291
657
1.0192061459667094
657
657
882
-243
8921.0
-243
269
0.9492049941308291
1.053137003841229
975
467
467
135
135
8428.0
8681.0
100
253
8428.0
135
0.8994663820704376
-233
135
0.8119530416221985
546
8554.0
0.9127187366623987
0.9566840926064227
8967.0
0.9566840926064227
413
0.9566840926064227
9310.0
343
0.9445274162577342
-113
413
413
341
341
8213.0
0.8764272756376054
605
-685
976
-296
-223
-466
0.7629163108454312
7147.0
0.7171523108122532
-428
-466
-466
7613.0
0.8127468773353261
-223
7613.0
-223
7836.0
334
7836.0
334
0.80106780565937
7502.0
-123
-123
0.7747997864388682
-369
7625.0
-244
334
246
246
-425
-425
7714.0
-302
7714.0
207
207
882
366
366
8080.0
366
-309
207
7714.0
207
219
7726.0
7726.0
0.8254273504273504
0.8254273504273504
0.8000213652387566
-237
-389
219
712
0.8021156106421626
124
124
0.7889506304765975
0.7889506304765975
7383.0
463
6920.0
6920.0
440
-163
6480.0
0.6926036767849508
-919
-919
229
-919
47
400
-972
-972
9
-661
-661
8362.0
-382
-382
-86
148
-359
118
0.954535729567822
0.954535729567822
-308
96
215
215
215
0.9545211342964152
0.9545211342964152
-228
8920.0
-228
119
9029.0
500
-35
9064.0
9064.0
281
0.9402633551011669
-198
185
8981.0
0.898726046461835
0.898726046461835
-586
-586
185
8796.0
-701
-701
8873.0
77
0.95
77
-701
867
8999.0
369
-92
0.9242797472421549
756
756
756
7874.0
466
7874.0
0.8434018851756641
466
7408.0
-600
7942.0
-66
-879
8008.0
8008.0
0.8579387186629527
-879
0.8579387186629527
8008.0
-879
0.9522125790206794
0.9930362116991643
8738.0
254
8484.0
-785
8484.0
-785
382
93
-989
-204
-204
9783.0
-204
84
84
776
704
704
1.0704180064308682
10749.0
10136.0
-613
762
762
10749.0
1.1519665630693388
1.1519665630693388
523
637
762
84
84
363
84
628
9275.0
9275.0
-948
-948
587
587
-508
0.9943181818181818
-948
1.0960651870912406
597
9626.0
-496
1.049431696332833
-335
315
315
0.9542189342768307
-612
-610
441
441
1.0877211796246649
462
40
-205
-205
-205
64
648
648
9782.0
648
-213
1.0030046142289946
584
9347.0
9347.0
9347.0
0.9759656652360515
9096.0
-251
206
382
9347.0
382
892
-305
0.8314908232263604
-631
623
0.8325281803542673
-655
-410
8256.0
8256.0
-564
0.9470632449264469
8986.0
8986.0
96
8986.0
166
-464
0.9484591431332546
9383.0
-299
885
508
550
8833.0
-451
-475
-451
-819
-819
-451
628
-719
-638
1.1206229860365198
11345.0
11345.0
11345.0
-639
-639
1.2184512941681882
912
10433.0
1.1206229860365198
10443.0
1.1214561855670102
677
1.1214561855670102
677
1.0488669315862957
9766.0
-667
-605
420
10013.0
10909.0
10499.0
-410
896
1.171750805585392
896
896
147
147
22
517
-546
1.0176211453744493
-919
-905
-334
-919
-919
619
619
10390.0
-923
-923
1.21579795808705
11313.0
439
1.168744625967326
1.168744625967326
796
-758
1.001719690455718
-758
-758
-523
10078.0
1.0833064602816296
10078.0
1.158104041272571
697
656
-675
10097.0
-394
579
-787
10699.0
645
10054.0
-618
1.1480206540447504
-390
-390
1.1480206540447504
509
-390
11062.0
-136
1.1901022054868209
-136
11198.0
-795
11198.0
11198.0
-795
573
136
480
-896
10940.0
-896
11836.0
218
218
539
32
32
-125
330
49
49
10793.0
-500
-609
-835
-864
-175
12992.0
112
112
12880.0
566
12805.0
1.2894084689149876
20
1.451314088754847
1.4436187399030695
-709
-70
-269
-269
-269
1.451314088754847
645
645
-421
715
12759.0
1.3744479155445437
20
-813
11946.0
-813
1.3744479155445437
-179
12580.0
147
-179
-179
-463
20
575
1.3744479155445437
1.3744479155445437
1.3744479155445437
20
-422
772
-838
-320
-320
491
491
291
763
763
763
57
57
-428
-428
1.2540161725067385
1.2540161725067385
-797
-723
1.340090575803321
1.340090575803321
1.340090575803321
12428.0
-723
13151.0
13151.0
-877
14028.0
-398
1.5129421915444348
1.5129421915444348
-398
1.5560349476863338
-827
-827
-827
15253.0
15253.0
1.6454153182308522
335
14918.0
690
15414.0
-592
1.6626038183583216
15414.0
311
690
690
-462
-589
14645.0
1.5794866264020708
1.5781300549983823
-11
850
14645.0
-485
14479.0
319
319
1.5270139113555483
637
637
-485
850
-929
1.5883495145631068
-194
667
-194
14918.0
-585
15503.0
574
1.6109852163591238
735
174
15350.0
779
779
1.5725232031081373
14571.0
14687.0
841
841
-725
551
-69
850
-375
-402
-325
-438
-260
469
469
-870
13578.0
1.4659900669401857
1.4659900669401857
13578.0
-438
-182
14198.0
173
819
819
819
-68
819
13206.0
-874
14080.0
-229
14080.0
-229
-229
1.5459161624891962
1.5459161624891962
951
951
-439
13797.0
1.597666378565255
14788.0
859
132
-36
-214
13833.0
-214
-877
479
-208
-330
-872
911
-936
15
14614.0
1.5804044554990808
-431
1.627190136275146
755
1.627190136275146
755
13125.0
13042.0
1.3295135135135134
-744
1.4100983890150287
12985.0
12985.0
12985.0
-57
12985.0
1.4037837837837839
-57
843
-926
-805
120
11405.0
-817
-903
1.4193792581377744
-264
13389.0
13389.0
412
-901
537
-146
1.4877758546083946
-146
13899.0
1.5037325543654658
-191
14485.0
1.566962353959325
1.566962353959325
586
13899.0
1.5037325543654658
883
-742
13758.0
13758.0
1.4887999134292826
-762
14520.0
753
753
14520.0
-547
15067.0
333
1.5949339683914268
14734.0
14734.0
1.6666305877259444
664
1.6666305877259444
664
14734.0
-589
1.5949339683914268
15269.0
535
535
535
-939
-939
-589
-589
15323.0
326
326
326
744
969
-517
13745.0
13745.0
978
978
-517
12767.0
1.3824580400649702
-517
79
1.4385964912280702
442
1.4385964912280702
1.4385964912280702
1.3470492690850027
12440.0
-844
79
-459
916
355
-498
1.4351029252437704
-393
-393
13823.0
-464
-464
13823.0
13823.0
13823.0
577
577
13823.0
577
577
13246.0
387
68
68
13261.0
790
402
-945
-945
13466.0
13466.0
1.4584642044839164
607
607
68
12791.0
12791.0
630
-455
-393
-725
12905.0
-341
1.4351029252437704
-393
323
323
12915.0
-724
323
323
323
930
1.3379564416513166
12348.0
1.3379564416513166
-968
-968
930
1.342364798959575
689
689
273
348
1.275959245610232
348
361
80
1.2383739837398373
361
819
479
505
505
-434
1.0042294761956403
-434
-434
1.051409978308026
-982
552
10124.0
-627
-627
1.098285962247776
771
9353.0
1.0147553433872192
652
652
1.0147553433872192
8480.0
-873
652
1.0147553433872192
1.0214797136038185
1.0485952923310555
9667.0
1.0485952923310555
251
1.0214797136038185
9416.0
63
1.0560798351231153
1.1209327548806942
599
1.1209327548806942
1.1209327548806942
599
320
9736.0
1.0560798351231153
320
63
652
150
0.9602907670608658
0.9602907670608658
150
150
0.9441189236111112
694
19
896
-940
-419
0.8719062092922275
-419
657
657
312
-910
329
0.8757467144563919
8063.0
0.8757467144563919
102
0.8647621116663046
0.8647621116663046
471
-435
7925.0
-520
0.8044541010320478
-520
7925.0
-214
869
0.7900456422516844
7270.0
274
8050.0
0.8747147669238292
780
0.7900456422516844
274
274
7270.0
7270.0
274
-683
0.8346739130434783
5
-19
476
0.8880313077508425
279
0.9182608695652174
8448.0
8448.0
279
0.9182608695652174
8448.0
0.9182608695652174
279
8169.0
8169.0
476
476
963
963
134
134
6596.0
-960
0.8217509516041327
7556.0
7556.0
356
434
0.7831194257124211
434
0.7831194257124211
434
662
0.6640557006092254
-118
84
0.6860313315926893
-6
-6
-31
84
0.6860313315926893
0.6860313315926893
84
0.6860313315926893
0.6860313315926893
-721
6891.0
585
585
989
989
989
0.7852947574505112
989
-75
84
0.676966597758677
0.676966597758677
0.676966597758677
853
853
0.5842219804134929
393
956
-998
4836.0
-182
0.5263387026556378
790
0.5263387026556378
-182
-182
0.5462065962773485
5018.0
5018.0
0.5033739660426644
-393
0.5462065962773485
-874
0.6414108425865448
0.6414108425865448
-853
120
6745.0
0.7343494828524768
5784.0
384
5784.0
-961
120
6625.0
-205
-205
-976
5649.0
5649.0
-976
120
120
120
120
74
0.7138190133943156
0.7138190133943156
124
124
124
185
-515
5813.0
-752
-752
-433
550
-149
5845.0
516
516
-301
0.6984317142234807
-301
443
516
0.6751633986928105
353
372
778
5845.0
778
778
-58
939
-494
-576
4296.0
-693
-78
-15
-78
-58
0.5520810634125082
-58
-58
0.5584613708183502
-97
733
6
0.5590542601874047
6
-97
-254
-97
-965
-131
357
0.5916076294277929
5428.0
5428.0
432
-637
0.6140848141284203
-121
-849
0.7199869152764148
-179
6603.0
0.6227649367640645
5712.0
-891
125
-981
521
-268
7459.0
-625
0.881762652705061
-264
-132
0.9251581933231507
0.9251581933231507
599
424
203
-124
0.8052826893691334
7378.0
7094.0
7094.0
7094.0
-284
-791
7761.0
351
351
823
-791
374
-152
-152
0.6827059465357338
-152
6409.0
-220
6409.0
-178
-791
0.8052826893691334
0.8052826893691334
0.8052826893691334
7378.0
647
660
6071.0
859
859
859
859
0.6627729257641921
0.6627729257641921
0.6627729257641921
6966.0
895
0.7683658989193319
-916
968
968
859
0.5690577573970957
-334
-668
-212
549
6975.0
7631.0
656
0.7617123512067271
549
-717
549
7154.0
179
7154.0
179
0.7617123512067271
549
6068.0
-358
-760
8114.0
0.8860980670525281
525
525
403
-942
0.7849262697979247
0.7849262697979247
0.7849262697979247
0.7849262697979247
-565
7186.0
0.8698121450415028
0.8698121450415028
778
778
0.7849262697979247
-942
-47
-47
-563
-254
8175.0
-254
192
-601
-281
-281
-762
-762
864
-672
0.9759483983819832
182
355
0.9759483983819832
355
0.9759483983819832
-812
8401.0
-526
1.0719282903366856
1.0719282903366856
879
9806.0
9806.0
879
9806.0
1.0719282903366856
9806.0
879
8927.0
355
8572.0
-914
8992.0
118
8856.0
-136
9754.0
762
762
-996
8167.0
-996
1.0017492073904013
-73
9163.0
171
171
1.0017492073904013
171
171
-494
-629
10643.0
1.1638053581191907
10643.0
1.2362781543844303
664
528
528
119
706
706
8459.0
-831
-5
1.0321522309711286
316
-168
-168
-350
772
1.0545892134339787
1.0545892134339787
-852
1.147921225382932
1.227983809211246
733
737
-643
540
11135.0
49
-738
511
-974
12287.0
239
-439
-439
1.3299759141668492
-339
1.3672396802803022
-772
969
727
-368
727
727
-324
261
1.426568831453291
261
261
508
-905
390
-877
11921.0
-877
-877
-695
-225
10340.0
10340.0
-661
-661
-225
1.2041374781085814
-225
-695
252
252
252
252
11478.0
-709
10769.0
-709
252
1.2288998357963876
-695
-560
1.2288998357963876
-695
-695
11921.0
11921.0
12113.0
192
-877
-497
140
271
271
390
12765.0
12765.0
-390
390
878
1.3981380065717415
1.3981380065717415
878
11887.0
-234
1.327892199824715
1.327892199824715
-63
12121.0
1.327892199824715
-63
-63
738
311
1.2202739726027396
16
16
16
1.2202739726027396
-23
-23
16
11119.0
11119.0
804
804
-538
-230
10196.0
-235
-422
765
10088.0
1.106019076855608
450
834
-907
-790
1.0920057023796468
247
-156
773
976
-73
616
0.9382269036646916
0.9382269036646916
854
11237.0
854
854
854
854
1.1388614675880224
697
10383.0
697
325
9686.0
325
325
1.0269884805266045
1.0269884805266045
1.0199627070308215
-956
-267
10255.0
894
1.12975759570034
617
9683.0
322
810
810
8551.0
-778
-173
8724.0
-303
781
0.7865686382091518
7168.0
0.7865686382091518
-493
0.7865686382091518
0.7865686382091518
-313
0.8210052677787533
-765
7481.0
7481.0
-765
823
884
-673
-673
-673
-673
493
6539.0
493
-495
6046.0
799
0.6638120333772508
799
872
5247.0
965
-515
4797.0
0.5268533772652388
373
403
10
5298.0
-101
-101
0.5929708951125755
5366.0
0.5892817922249066
5366.0
-992
5366.0
-33
975
4424.0
463
0.43513127540371305
890
-595
3071.0
3071.0
408
-324
-324
668
0.25486317177711837
-674
-64
-64
-19
-19
0.3310981642299659
-890
267
-300
-701
-701
4336.0
142
4336.0
142
0.4612339161992742
-401
4194.0
4194.0
0.4612339161992742
-589
0.39641521882559927
0.39641521882559927
0.39641521882559927
-505
-589
75
741
-652
-652
-652
-768
800
800
273
-486
3443.0
3443.0
3443.0
3443.0
389
2377.0
-677
3054.0
-191
3245.0
447
0.35454045129334066
0.35454045129334066
423
0.3080140907089388
-995
668
668
0.4876706296785557
4430.0
4430.0
-154
4276.0
-154
0.4876706296785557
637
3793.0
668
-385
139
958
-406
0.2657781694019165
1756.0
-657
0.2657781694019165
2722.0
0.2503853776701167
2274.0
0.2503853776701167
2274.0
487
487
2274.0
0.1874931190135418
-571
950
-571
890
478
-448
0.2997467239290827
713
713
780
2722.0
780
0.21387665198237885
-471
-735
-611
3759.0
0.4141236091219566
0.4141236091219566
-637
877
0.31754076685764654
2882.0
723
723
0.31754076685764654
-939
101
532
4916.0
0.4792332268370607
0.4792332268370607
0.4792332268370607
-566
0.5416483032172763
772
0.6266387572986669
5688.0
6472.0
171
0.6940956157743996
613
613
772
664
0.46853994490358125
532
3720.0
3720.0
-962
0.5160365920864102
125
4557.0
-824
5381.0
5381.0
963
4447.0
0.490189594356261
-934
-710
-710
-880
-880
6091.0
-880
-943
-880
722
6249.0
-150
6399.0
-960
180
7359.0
0.8037939781625676
-71
7359.0
180
341
-325
866
866
6513.0
-325
-32
-32
6838.0
-32
-715
-715
-931
-931
-931
0.8608474950342088
-547
0.8514840560520799
-84
482
482
-261
7580.0
7580.0
-375
0.8366445916114791
0.8366445916114791
658
-243
658
-375
-245
0.8781322441770615
-245
508
0.84928784365684
7692.0
0.84928784365684
-701
-701
0.84928784365684
-701
369
369
369
-145
-77
436
0.9108582790235281
436
436
-114
39
8585.0
-927
775
0.9483044294708937
8585.0
775
39
-233
7771.0
-233
-17
-17
8021.0
57
0.8863962868825285
8021.0
177
57
-594
0.9825395071278594
-405
738
807
447
8558.0
807
265
265
8823.0
-878
265
807
-458
0.8298695556046871
7507.0
7507.0
-702
0.9075732448866777
0.9075732448866777
8209.0
221
8209.0
221
0.8832375055285272
7988.0
7988.0
0.8832375055285272
1.0565996020340482
712
858
-174
-174
6927.0
-174
6927.0
0.765752818925492
-174
0.7605571523325226
-221
0.7605571523325226
0.6783464131756384
6137.0
-743
-221
-221
0.4540833241242126
-773
-773
-755
4882.0
-97
-755
-700
-700
-764
7101.0
-887
7101.0
0.7850746268656716
-887
7101.0
7101.0
-887
725
7988.0
725
7988.0
725
0.875829279080053
7921.0
658
732
7263.0
-29
-12
0.8078752350403716
0.8078752350403716
0.8078752350403716
-376
214
32
-502
382
0.8781675334734979
382
7936.0
382
560
0.8978643355095718
560
-779
0.9965692784417884
672
0.9965692784417884
9005.0
672
0.9965692784417884
9005.0
672
0.9223021582733812
0.9223021582733812
701
7632.0
22
22
7610.0
914
620
-168
-168
6076.0
-168
-631
-315
0.7357696566998893
0.7357696566998893
358
358
6644.0
6644.0
-231
0.76143537490309
-525
0.7723145071982281
99
-525
-525
-377
-377
396
-344
-927
8652.0
-177
-905
207
10445.0
918
486
1.2012634378809708
10839.0
944
368
368
368
9895.0
-718
1.09676346708047
1.09676346708047
368
1.09676346708047
9895.0
368
9895.0
853
368
1.0560913424232348
9527.0
9527.0
1.0560913424232348
1.0560913424232348
8705.0
0.8613543167460933
7772.0
-933
0.9337322695035462
0.9337322695035462
0.9337322695035462
654
-933
8705.0
-822
-822
8827.0
585
0.9781693262411347
585
-463
-463
7566.0
-942
0.8384308510638298
-942
0.8384308510638298
0.8384308510638298
-942
-942
8508.0
-197
-822
-822
8705.0
-822
9527.0
1.0560913424232348
-848
-180
-180
75
1.1703071293935026
264
264
75
75
10555.0
75
1.1194013303769401
-458
10555.0
75
-241
1.188976377952756
1.188976377952756
1.1711022399645155
-160
1.188976377952756
1.1483699268130405
-365
454
454
454
-621
-721
-721
-721
1.1387533274179238
-721
10988.0
-724
10988.0
262
262
10988.0
262
262
1.1956738768718802
53
1.2976150859678315
972
972
-454
11180.0
-676
-996
142
-318
-318
-730
-542
1.467702552719201
-542
-389
-389
1.467702552719201
-542
1.435578737099101
-288
12936.0
-288
-542
1.528027528027528
1.528027528027528
-914
1.528027528027528
1.528027528027528
-232
-914
194
194
1.6027746947835737
14441.0
381
-966
-191
675
15370.0
929
675
675
-914
-914
13766.0
-914
-914
410
14270.0
783
783
-36
1.4975571840994892
73
605
-629
-629
1.4896168795113827
-539
-270
-926
-984
-984
13895.0
-984
1.6526713317782962
-380
-153
-153
15259.0
938
-153
15412.0
-105
263
1.6950772308034225
15254.0
15254.0
15254.0
1.6950772308034225
-490
-490
591
1.6950772308034225
-490
1.6950772308034225
-490
-756
1.7497221604801068
-756
-756
1.833944648216072
303
-947
-947
795
1.905947748749305
17144.0
795
-69
524
524
-970
524
524
1.8256421661292117
16418.0
524
16418.0
16418.0
1.8256421661292117
16418.0
524
16418.0
1.8256421661292117
524
717
952
1.582313681868743
365
14225.0
1.582313681868743
-448
1.582313681868743
1.582313681868743
13773.0
1.5318651985318652
624
1.4782608695652173
-284
-195
-195
-452
965
15190.0
1.6894672450228005
965
1.6894672450228005
965
965
-448
-448
-470
13755.0
-470
14225.0
-491
-448
852
130
-69
-782
1.5312708657912308
791
27
1.4405609973285842
-622
13564.0
809
12585.0
1.4008236865538735
-979
809
179
-286
1.4520654715510521
456
13143.0
13143.0
102
102
377
12664.0
-57
259
12462.0
468
234
1.4074404098908442
642
-743
-743
13487.0
558
558
12929.0
1.4400757406994877
935
-529
1.4400757406994877
12929.0
935
935
-743
1.3360810961345662
-743
1.3360810961345662
11994.0
-258
1.3071953664513254
-258
11994.0
-743
-584
764
1.2911096256684491
-384
-384
1.2911096256684491
11589.0
-384
735
735
-494
-494
-212
-772
-772
1.417456247909932
1.417456247909932
-899
561
13615.0
1.5178372352285396
13615.0
14276.0
661
1.5913499052502509
661
561
561
77
561
245
12809.0
12809.0
1.428300624442462
895
11914.0
747
1.3286494925839187
11914.0
11914.0
1.3286494925839187
1.2953835860838536
11617.0
1.2953835860838536
11617.0
11617.0
11617.0
11617.0
-297
11617.0
-297
11617.0
11917.0
11917.0
300
11917.0
672
10544.0
10544.0
-361
1.175342771151488
-488
10544.0
987
274
274
1.0110306406685237
-928
-928
-928
9074.0
9074.0
-928
10002.0
-526
-21
-21
-795
9122.0
-48
-998
-998
7815.0
7815.0
-357
7531.0
0.8345772529798373
-39
-641
-998
1.0218408736349454
-824
-824
274
1.175342771151488
-488
-885
1.4299888517279822
995
738
910
300
601
601
421
12218.0
12416.0
198
1.3622477422232133
601
-297
747
747
747
1.3286494925839187
747
-373
1.1241779065878943
-335
10420.0
-212
-212
-373
1.2033671535288215
-939
1.308206958073149
-182
-182
747
1.2454829355342405
1.30188468830155
507
507
507
1.30188468830155
345
507
-731
11674.0
507
-514
1.2454829355342405
11167.0
1.2454829355342405
-514
11681.0
1.3029559397657557
154
-554
-307
-554
12081.0
-78
486
315
1.356728408837313
1.356728408837313
1.356728408837313
1.356728408837313
24
1.4227379225705679
-511
1.4227379225705679
415
-875
415
415
415
12337.0
12337.0
202
12135.0
1.3542015400066958
383
924
924
871
11290.0
11290.0
-462
1.3116071428571427
924
206
10828.0
1.2086170331510213
1.2086170331510213
10828.0
206
-634
1.2566707602992073
11256.0
1.2566707602992073
11256.0
121
-66
-393
11340.0
139
1.2508096035734226
-393
69
-393
1.2948402948402948
994
12388.0
1.3832067887449755
12388.0
1.3832067887449755
-635
-635
11753.0
11753.0
-635
629
994
12388.0
1.3832067887449755
12388.0
994
994
1.4203416322429385
12722.0
1.4203416322429385
334
994
994
260
994
11394.0
-200
-200
154
-295
-295
172
-99
818
11016.0
4
-751
11016.0
-751
11767.0
11767.0
765
765
949
654
1.050637156270959
-724
8782.0
0.9815580641555829
0.9815580641555829
-617
0.9815580641555829
-617
0.9815580641555829
8782.0
8782.0
-617
-617
-724
82
1.1226520572450804
10041.0
-691
1.2000447277200044
-442
-442
1.2496085886826214
815
10770.0
1.2042938611204295
-404
495
949
-536
-536
10266.0
453
94
9719.0
-376
1.0875013986796465
-376
475
-26
-26
1.079695545108574
1.079695545108574
-559
-559
1.079695545108574
1.079695545108574
-637
1.079695545108574
1.079695545108574
-559
725
8998.0
-482
8998.0
-482
-482
-482
1.0613524406627854
-895
10375.0
10375.0
10375.0
-66
-66
10913.0
538
11115.0
11115.0
1.2442628456285683
1.2442628456285683
202
538
336
10039.0
-778
-778
103
481
481
10233.0
780
-263
-263
853
8863.0
923
923
9806.0
9806.0
1.0987114845938375
943
840
8863.0
0.9931645002241147
62
62
0.9863274683402443
8801.0
0.9863274683402443
-423
9224.0
1.0338489127998207
877
0.8431965926922215
0.8431965926922215
0.8431965926922215
-824
-300
1.1201389667152304
1.162034961900493
375
375
-31
1.1201389667152304
949
9046.0
9046.0
699
996
9343.0
996
-300
-300
0.9693946188340807
687
0.8924767350599843
0.8924767350599843
65
7960.0
-819
-480
10864.0
683
683
1.141623682440009
9824.0
9457.0
-367
-374
938
-367
1.060201793721973
-367
-901
-412
-412
-901
8923.0
8923.0
-901
-357
-357
-357
-357
9824.0
-357
273
9824.0
-79
-79
-79
1.101468774526292
9824.0
1.101468774526292
-357
922
977
1.0383537064034989
977
-418
8282.0
-620
0.9985417835109366
17
17
0.9349411104879417
0.9349411104879417
-550
0.9349411104879417
-550
-775
-775
726
-775
524
150
-122
9660.0
1.0838101649276337
-122
-122
-122
486
486
850
-729
850
1.0432050274941085
850
178
-482
0.9822631342613382
325
9730.0
655
325
8750.0
460
460
-494
-494
8784.0
372
-969
-969
-969
0.8357287222097463
-969
468
468
0.9446378439079169
-320
-320
-589
994
-467
994
-54
-168
-168
8213.0
-168
0.9226016625477421
-168
838
-833
0.9412293516125407
-433
0.9412293516125407
824
0.9412293516125407
824
8093.0
8093.0
0.9094280256208562
541
-579
0.9300078642849118
0.9300078642849118
613
878
-171
-171
7665.0
-579
-579
-579
692
7552.0
51
7552.0
0.8487300516970105
996
0.9605573659961794
996
0.8487300516970105
87
-495
-649
7530.0
-517
0.8462575859743763
-460
6653.0
640
837
837
7917.0
624
891
0.819438202247191
0.8696775643186159
448
7293.0
640
640
7293.0
640
0.819438202247191
0.819438202247191
640
6653.0
-877
0.8462575859743763
454
0.8462575859743763
7530.0
7530.0
0.936172603663333
801
-517
-722
-796
-796
-566
81
10050.0
-265
-265
397
10315.0
397
397
1.1155100663592397
-722
-847
11487.0
11487.0
-953
-33
-869
-157
13499.0
-187
1.6483232050416385
14647.0
403
403
14244.0
372
1.6031513787281937
-798
1.6031513787281937
1.6031513787281937
558
1.5405222872579918
-530
14216.0
641
-922
997
1.5202702702702702
1.4724693165184102
-423
1.5202702702702702
-981
-981
1.5202702702702702
-312
13188.0
1.3969379714060566
1.4128770823953174
1.4128770823953174
143
6
-785
790
-312
13080.0
399
213
-819
-819
12723.0
12723.0
1.5413195226300382
1.5413195226300382
1.5413195226300382
967
967
-777
74
1.4818151109109334
-340
-981
14481.0
88
88
-962
15355.0
-363
1.6886686190583464
-363
-363
790
1.7297510420187001
15355.0
1.7297510420187001
790
-777
-380
784
353
353
1.7432950191570882
532
532
1.7109533468559839
245
-151
-151
-151
1.683534317592697
14938.0
663
1.7580572458868604
1.7580572458868604
1.7580572458868604
663
14938.0
14938.0
-151
1.683534317592697
1.7813838178949741
870
142
15808.0
870
-151
15089.0
1.7007439134355276
-431
-944
15022.0
15022.0
1.6931920649233543
-498
850
850
-498
-944
-634
299
163
1.8761700687944063
16636.0
1.8761700687944063
1.8761700687944063
-465
-650
1.9288292352808483
133
339
-433
816
1.9631092057761732
816
17401.0
17401.0
816
816
816
17401.0
921
1.9631092057761732
17931.0
530
530
2.022673434856176
2.022673434856176
17455.0
-476
1.9883838953422803
176
1.9687570494022106
-476
17147.0
-784
530
530
647
17401.0
816
-26
-26
-753
-753
1.8712625521832336
957
17542.0
17542.0
1.9790162454873645
17542.0
17542.0
957
957
-26
606
1.8744075829383886
16611.0
16611.0
16611.0
16611.0
1.8744075829383886
299
229
-718
1.7596479350033853
-718
15594.0
-718
15594.0
15594.0
1.7596479350033853
-718
1.8408757476582778
97
97
16312.0
229
229
229
229
1.815237020316027
-443
377
55
-347
-347
-389
574
-240
171
-368
-187
-441
943
-136
1.7747768109390891
6
6
15705.0
1.756045197740113
501
1.8000677736360555
-537
16473.0
431
1.8124505705569993
1.8124505705569993
1.8124505705569993
-71
593
16635.0
593
593
501
501
501
-850
1.756045197740113
-164
6
15705.0
6
15588.0
15904.0
15904.0
316
-111
1.7615549779636117
1.7615549779636117
-111
15588.0
15841.0
-612
-612
253
253
1.7615549779636117
16381.0
793
-111
1.7742992766726944
286
1.7421724878489884
15413.0
-920
-920
-724
-920
-920
16333.0
16333.0
1.8463712412389781
16333.0
16333.0
309
16024.0
334
-986
-970
-793
-793
2.123162180502149
147
147
-357
18626.0
-357
-238
-238
-238
-571
239
115
993
115
-799
727
473
2.226660631436008
2.226660631436008
2.2259560986648563
-4
965
251
19677.0
364
2.2675944783887756
364
19677.0
251
-921
19461.0
64
2.1787734781624803
19256.0
916
20172.0
20172.0
916
19256.0
-205
19461.0
64
-950
20347.0
-378
739
20725.0
2.346049354765678
20725.0
2.346049354765678
739
-893
20206.0
20206.0
-673
-432
21311.0
-52
21363.0
431
-947
-947
2.478364295423652
765
21879.0
-915
2.5344886170574243
498
498
498
21879.0
-915
-661
530
22794.0
2.5823042936445
23547.0
2.6673085636610785
22958.0
22958.0
-161
23119.0
-428
-564
2.618529844829539
2.618529844829539
2.539864099660249
-692
-428
23547.0
23547.0
753
530
-240
-38
-38
22466.0
-38
-38
-38
839
879
912
19874.0
-182
2.2527771480389935
19874.0
-182
-424
-585
19047.0
-585
19632.0
-424
-344
676
-651
20375.0
2.310614651848492
20618.0
-203
-131
2.3379067921533054
243
220
2.310614651848492
220
220
-600
347
2.246823956442831
-808
914
914
-126
19828.0
123
19705.0
19705.0
-140
-264
-264
20109.0
2.2825198637911464
-827
-827
20936.0
-547
-247
2.4250851305334846
-500
21365.0
932
-707
-707
-707
21365.0
-652
-652
534
-247
21730.0
21730.0
479
-668
2.444141689373297
21528.0
21528.0
21528.0
2.444141689373297
2.444141689373297
455
455
-417
945
21528.0
360
-714
-630
-714
945
20583.0
-668
-668
641
2.4132409720645014
2.4132409720645014
-306
21941.0
120
264
35
21522.0
-187
914
2.341020106781779
20608.0
2.341020106781779
2.341020106781779
-617
923
923
-561
-638
2.3707954545454544
-723
20140.0
2.288376320872628
-723
2.3707954545454544
-120
-638
21501.0
2.555340909090909
22487.0
22487.0
22487.0
986
-151
-151
329
142
-151
21501.0
2.4435731333106037
-151
2.4435731333106037
-151
809
-369
-835
41
2.3693304535637147
20775.0
125
2.32
20416.0
2.32
291
-178
2.299511419156914
-625
2.299511419156914
20238.0
2.299511419156914
-178
2.299511419156914
-178
-178
-178
20416.0
125
125
2.3060575065348337
-484
-691
21521.0
746
612
746
-68
-835
131
21547.0
2.4499147242751564
-974
-352
258
258
505
505
21899.0
-330
258
258
385
663
370
370
2.300682593856655
20223.0
20223.0
851
2.3474749772520473
852
852
852
2.4441032639599682
852
-509
925
20376.0
20376.0
153
153
153
20223.0
278
851
-316
19688.0
-193
684
2.184953334850899
-951
19197.0
19197.0
229
229
2.159134889015367
19501.0
19501.0
533
2.219553835647621
533
2.159134889015367
-621
-487
2.2148224043715845
-890
-457
19455.0
-206
-206
-457
2.267106911078219
19912.0
19411.0
19411.0
2.209813296903461
19411.0
19411.0
-501
19411.0
2.209813296903461
-501
19309.0
-603
-587
2.4070363201639533
642
679
679
2.2571461109213073
970
970
-503
2.199612844454566
2.199612844454566
957
-503
970
970
970
18850.0
-668
250
-829
2.1950330371383004
2.1709761931882903
2.1709761931882903
19059.0
-209
-564
-162
754
-754
18469.0
-918
2.2093447293447293
-607
213
19781.0
19781.0
925
547
547
2.19265845873233
60
19234.0
-229
-229
747
893
339
133
133
339
1.9677272208917778
17011.0
17011.0
-788
-788
1.939459582715768
-788
544
2.068635275339186
85
18144.0
85
18059.0
18059.0
804
17255.0
1.9677272208917778
17255.0
17255.0
1.9677272208917778
927
1.8428555137415896
15223.0
15251.0
28
1.7356059742332688
15223.0
1.7356059742332688
-338
-599
-599
-168
1.8622262773722629
-623
815
713
15423.0
14638.0
-785
-756
641
663
663
1.6976717644373431
574
14301.0
1.6323479054902408
1.6323479054902408
1.6323479054902408
78
1.6236301369863013
14223.0
14223.0
14223.0
240
-176
-246
-905
-905
1.6477104031060865
1.6477104031060865
-881
15310.0
1.7485153037916856
752
1.6628212450028554
1.6628212450028554
-939
1.6628212450028554
-939
-233
15497.0
1.661222158766419
1.661222158766419
-868
1.661222158766419
14387.0
-157
-953
-953
-953
1.7702764450536896
-233
717
717
15013.0
158
-82
-918
-372
1.8727854611955652
1.8727854611955652
-878
-942
138
138
18203.0
18910.0
707
876
138
16963.0
585
16787.0
-761
585
585
585
585
16963.0
1.938850154303349
-158
-68
-68
-68
1.965130902023551
1.965130902023551
384
17189.0
384
-516
16805.0
838
1.8258433390508861
-679
16646.0
420
-477
-898
1.8800183003545694
1.8800183003545694
-266
16703.0
424
95
288
-851
-708
-708
1.9978253405058946
1.9978253405058946
674
-806
1.9209020146520146
187
833
1.8045569040531257
15761.0
-474
-324
-964
-964
-964
786
786
481
-246
519
-224
-224
1.7806414662084764
210
1.7538655365937463
1.7538655365937463
965
-232
210
-713
14622.0
1.674914089347079
-713
15335.0
-424
-224
-878
1.857224704938696
-653
-232
-874
-874
-477
-477
-477
1.8586981434792573
-874
254
-755
-345
-983
-983
-345
-676
1.8922512608895001
-676
-730
17184.0
-730
-926
16722.0
-600
16549.0
-844
-173
-926
2.023157170698154
-266
-660
2.1298016282536407
-940
-719
19890.0
376
376
376
44
-437
-437
-77
-77
2.2834365680201882
19907.0
2.2834365680201882
992
773
773
-21
-21
-21
2.0841078600114744
-130
607
18770.0
607
607
607
18770.0
607
2.0841078600114744
2.0841078600114744
562
-878
-878
17285.0
17838.0
2.0463462200298266
553
-878
-130
275
-420
687
2.147710317915758
18713.0
18713.0
18713.0
687
18713.0
687
2.0691000918273645
2.0691000918273645
349
423
17254.0
2.061416599701527
17957.0
54
703
17957.0
703
703
249
1.9568361841350017
-208
17254.0
249
17005.0
1.9088404133180252
1.9088404133180252
16626.0
16626.0
-379
-655
-655
754
947
947
15304.0
15304.0
-295
15599.0
-173
947
14825.0
388
14825.0
388
-564
384
384
384
384
-970
408
-723
1.828236376178432
15902.0
719
-157
1.7640294388224471
-212
1.7886141460609546
-82
-746
-337
16717.0
1.9232627703635528
1.9232627703635528
16717.0
-208
-503
1.9903370528011044
585
2.0870715435932827
2.0870715435932827
-467
-467
-467
849
2.204691812327507
2.204691812327507
849
178
2.0870715435932827
2.1912593444508337
908
908
495
18710.0
-838
-838
-838
18710.0
-838
495
2.247930082796688
2.247930082796688
495
2.1912593444508337
2.1912593444508337
2.1912593444508337
19053.0
908
204
650
650
650
39
18145.0
650
778
-100
579
884
665
16138.0
16138.0
665
15473.0
15473.0
1.7805523590333716
-570
15473.0
15473.0
-570
1.9184213554251524
533
97
202
1.8233195211786373
-333
1.8618625532404742
583
1.7949574027170159
314
117
3
3
1.7457392906494702
-925
3
1.7457392906494702
3
3
15157.0
559
-243
-243
-243
807
807
559
238
621
621
-652
-226
14203.0
81
14122.0
1.6271459845604332
-532
-532
1.6037561931098052
-735
-190
1.6737727587001614
-319
-770
14844.0
-770
-610
-610
-610
814
-679
93
-282
16278.0
908
335
335
15035.0
-951
-966
-951
-951
1.7343407544122735
-951
-951
15035.0
15035.0
-951
-806
16792.0
772
1.9374639436944734
1.9374639436944734
1.9374639436944734
-295
17087.0
1.9717285945072698
-286
415
-39
-39
990
990
611
990
990
978
15029.0
15029.0
15109.0
80
80
1.735249971134973
15029.0
1.735249971134973
-933
-690
15962.0
15962.0
-690
-446
17098.0
333
1.9748209748209749
17098.0
333
333
16765.0
16765.0
-467
1.93658311193254
16765.0
1.93658311193254
1.93658311193254
-467
-76
-76
-594
-959
995
995
-594
17308.0
-594
2.203164703164703
19075.0
-255
19330.0
164
2.3425337798822037
2.5591733056229073
962
919
790
20284.0
2.3425337798822037
790
164
164
475
2.178257855822551
2.178257855822551
18272.0
-583
219
17796.0
17796.0
-905
65
632
632
734
2.0686387797550267
811
811
-62
-262
1.9825473878871938
-198
454
-961
1.8712585230555876
-961
16192.0
-961
-262
2.067953310990408
2.067953310990408
2.067953310990408
741
-262
1.982087137408991
-2
-262
-262
-755
-69
928
17415.0
928
654
15833.0
15833.0
770
15063.0
-406
-406
1.7889441424771597
152
1.7715706685172334
959
14358.0
209
14358.0
209
1.7460390887012838
268
268
14830.0
14830.0
472
-751
1.7575161887141535
510
376
15242.0
43
-524
893
472
1.6608444187391556
209
1.6368579361406757
14988.0
839
14341.0
1.658877964141122
1.658877964141122
192
192
192
-399
1.683211847738054
62
14486.0
576
-40
1.6097673880337924
-976
1.5043971302939134
13001.0
13001.0
1.5043971302939134
-909
13910.0
-40
280
-173
1.6468001388728157
659
659
659
649
-938
13292.0
1.5380698912288822
-938
1.6468001388728157
280
13950.0
685
1.6145833333333333
685
-303
-17
13265.0
-219
13046.0
-219
1.5354786433615002
-17
993
122
371
710
788
1.1928645893663847
10298.0
1.1928645893663847
726
-668
1.186421040435639
1.186421040435639
10240.0
72
-115
1.1916792212307337
1.1916792212307337
10283.0
-940
1.4276445371335882
37
-592
630
13280.0
1.5386397868149693
13280.0
995
995
12285.0
630
11655.0
11655.0
11655.0
432
11223.0
11223.0
1.3007649513212796
-330
1.3391677292222093
89
502
-158
-498
10622.0
-498
-498
-498
-779
700
12599.0
700
787
280
-411
-332
1.2951276102088167
1.201020763252523
1.201020763252523
-810
378
528
-900
-900
-436
-436
295
295
-629
11183.0
-160
11251.0
11251.0
-177
-177
85
-620
-872
-872
11290.0
1.3097447795823667
1.2469551096160538
-540
1.3097447795823667
819
-872
-629
11117.0
11117.0
10789.0
-200
602
-930
-930
-930
11117.0
1.289974472035275
1.289974472035275
1.289974472035275
-855
11972.0
12575.0
12575.0
603
12514.0
-61
376
603
603
11972.0
160
-439
247
-671
-671
-671
247
1.4397772104896729
436
-582
-582
11390.0
11390.0
11390.0
-582
7
304
29
-694
12326.0
220
-925
1.3963315532853495
-925
12953.0
1.5038894694067109
847
12106.0
-556
-489
409
12742.0
12742.0
1.4800789871065165
-180
-180
685
1.4217497385848727
47
-313
-724
1.452992446252179
-724
13227.0
-758
13227.0
13227.0
297
1.4812921217755055
-776
13524.0
297
1.5716443927948867
1.5716443927948867
570
570
13356.0
-168
297
1.5373082287308228
-865
-865
-727
-727
-117
1.7227388979307139
-117
1.7227388979307139
14819.0
179
14819.0
-117
-741
-186
15863.0
1.844749389463891
178
-751
15112.0
-751
1.844749389463891
1.844749389463891
178
-620
-804
1.9903443462075383
1.9903443462075383
1.9903443462075383
666
666
18484.0
18484.0
709
666
17109.0
327
1.9525305410122165
16782.0
-350
17132.0
-607
2.0643547073199118
-515
-89
-399
-399
-581
-581
-581
19234.0
499
2.181278379322389
-451
20050.0
864
-531
351
351
19717.0
2.2961453359729824
351
401
401
19366.0
401
2.3499475952020497
2.3499475952020497
2.4604098742431297
951
813
813
19366.0
401
401
2.209085614443797
259
18965.0
19211.0
-592
2.2374796179827627
19211.0
246
259
564
-720
18862.0
18056.0
-806
748
748
2.110942780561706
-8
-281
2.145121809068656
2.145121809068656
2.145121809068656
-665
-665
19068.0
19068.0
745
2.136294741751195
-942
-942
80
400
400
783
2.136294741751195
783
626
-723
2.068897178829564
694
17747.0
694
-811
1.988224320858109
862
-723
16138.0
-776
16914.0
-161
1.9914858875670631
17075.0
-877
-261
-261
1.9914858875670631
-877
17075.0
-877
-877
654
-910
2.1243728853109323
18208.0
472
472
17736.0
-226
273
17689.0
695
2.064542483660131
695
152
152
2.082039911308204
644
18558.0
18558.0
18558.0
2.1654609101516917
18558.0
2.1654609101516917
717
898
-987
152
897
17897.0
17897.0
208
695
1.9836582234154314
428
428
110
592
592
1.8505545826036194
15850.0
1.8505545826036194
-14
106
739
1.840242905523765
739
1.840242905523765
739
1.840242905523765
739
650
798
1.7541462275169353
1.7541462275169353
14735.0
-284
1.718439799135817
-304
14715.0
-304
15019.0
1.7541462275169353
997
798
1.7541462275169353
15019.0
798
798
-941
-380
-380
1.8158663395256456
15542.0
1.8587616822429907
1.8587616822429907
369
886
886
14577.0
-79
14656.0
-863
352
-296
352
1.6688084112149533
14285.0
-723
1.7534758733496905
1.7534758733496905
352
1.684776258908751
14420.0
181
14420.0
-236
1.7125496611357793
1.7125496611357793
-863
-632
-155
-871
17177.0
-154
17331.0
2.0263065591020695
18168.0
2.1239186345569325
837
837
-469
-469
-344
18144.0
-205
-205
499
17850.0
-690
-273
-40
19758.0
20534.0
452
780
972
972
-491
785
2.525669512337738
2.525669512337738
785
228
2.589851514088624
326
21825.0
228
-653
2.475388752484508
-653
228
21597.0
785
2.4341520467836255
2.4341520467836255
452
2.3815650953327876
2.3815650953327876
-174
-174
20360.0
20360.0
-174
20360.0
-174
-430
517
2.4342690058479532
-430
2.484852029477132
709
709
776
905
296
2.311688311688312
19758.0
2.325105287786617
37
700
2.2113697508480525
2.2083966787510234
-486
-722
-722
2.265497076023392
465
18905.0
2.1905040346158344
18731.0
-575
2.2580116959064327
401
2.2580116959064327
401
2.2580116959064327
20485.0
810
369
401
-970
117
622
622
2.311688311688312
905
2.311688311688312
905
18853.0
209
209
2.1818607372732592
2.1818607372732592
724
17920.0
2.097378277153558
18824.0
335
245
324
53
53
650
-468
17217.0
-468
-468
1.8808520599250935
-562
-562
1.9468570759686292
-722
1.9468570759686292
16632.0
16632.0
16632.0
-722
-331
497
17685.0
-987
861
1.9548115195504565
-987
17685.0
-114
17685.0
17854.0
17854.0
-231
17854.0
2.08989816223809
2.08989816223809
17854.0
17854.0
17854.0
-231
2.1171856708030905
400
69
2.0843965819969568
17807.0
53
69
399
18153.0
399
2
2.078435963474596
69
2.0706006322444677
497
934
-247
1.9035015809813796
1.9035015809813796
-247
787
846
1.7417994376757264
881
14868.0
1.6755680487233544
-897
-257
1.7808363593768302
1.7808363593768302
15203.0
1.7808363593768302
335
1.7417994376757264
916
14868.0
881
881
-625
-625
-625
-760
-962
-943
-943
1.8014766201804757
1.8014766201804757
228
-962
1.9144397562119082
-200
-633
697
568
1.9310587407667956
568
-283
1.8646810506566605
-283
1.898088425002932
-886
152
617
617
17612.0
39
17452.0
2.046435272045028
-160
2.065439193151167
2.065439193151167
17612.0
17342.0
-559
-559
931
17339.0
-562
17901.0
289
541
152
-310
2.021234162365087
62
62
-434
17601.0
-827
18380.0
18380.0
85
-133
18428.0
359
297
17772.0
745
619
1.998943413946936
1.998943413946936
619
371
1.883161108501644
-670
1.962066940692895
701
217
-305
770
16094.0
770
1.8004934790271414
15324.0
1.8004934790271414
30
30
15294.0
1.6943954881917518
14421.0
14421.0
-873
-873
-673
627
-600
15367.0
1.8057579318448884
1.8057579318448884
15367.0
1.8057579318448884
15367.0
1.8057579318448884
1.8057579318448884
-79
-79
-79
-79
-79
-79
1.918575960521678
16329.0
962
196
1.8285747855716132
196
-600
627
-357
-357
-314
14
15997.0
421
-994
-353
672
15576.0
-353
640
707
1.8733388215923792
829
-386
-134
15100.0
15100.0
1.776052693483886
1.776052693483886
233
607
478
-61
13843.0
-410
-410
14253.0
14253.0
-904
65
1.677415558432388
-904
-904
-904
91
1.7840160075329567
1.7840160075329567
15909.0
752
91
91
323
701
14042.0
-408
1.7016015073009891
14450.0
1.7016015073009891
-914
1.8094452950182547
490
1.7807089859851608
1.7807089859851608
246
246
1.7519434628975266
14874.0
1.7519434628975266
-278
1.7848981034279656
15152.0
15152.0
-396
-396
-367
664
85
1.9003181336161188
1.9003181336161188
877
46
-355
1.834040546911834
15560.0
1.834040546911834
1.834040546911834
-492
-492
905
-432
-148
963
963
936
-17
14781.0
631
1.8176671777332232
249
631
258
14523.0
430
15210.0
687
430
430
154
-764
-968
849
14822.0
14822.0
-117
1.7635462165033644
187
14752.0
1.7416765053128689
-869
1.8444916755224938
-245
15621.0
-245
80
299
299
15567.0
1.8385496633990788
15524.0
15524.0
14978.0
-546
1.7685677175581533
1.7685677175581533
-546
1.8332546055739254
-43
650
597
49
49
-885
14892.0
800
-262
14092.0
14092.0
1.66434392346758
14092.0
1.66434392346758
1.66434392346758
-825
14917.0
1.7619891330025987
14917.0
-652
975
-930
1.739366729678639
-802
15524.0
-522
540
540
540
890
-814
-458
-458
497
890
-53
1.8326438955206241
1.8326438955206241
890
1.7276595744680852
15059.0
15059.0
95
95
443
15059.0
443
556
1.793168656187212
15172.0
15172.0
1.793168656187212
556
556
1.7276595744680852
377
-947
377
941
13272.0
-26
862
862
766
1.5291336721427726
-717
-289
646
862
618
1.4704978124630483
744
744
961
1.4704978124630483
744
12436.0
12436.0
744
744
736
-471
10105.0
1.1950094607379376
-851
1.2958013010053222
18
18
10938.0
-881
231
-575
1.4392379600047331
-894
1.4392379600047331
1.4392379600047331
1.4392379600047331
-416
1.4886390532544378
1.4886390532544378
875
875
-465
-465
12579.0
12711.0
132
1.4886390532544378
-465
1.5438513433542431
-736
-128
-178
1.5804427607434592
-330
1.5804427607434592
13350.0
539
13350.0
-330
-936
-660
15276.0
-444
-478
121
121
936
936
-156
1.81265552790615
1.81265552790615
-744
1.9010429011614127
-670
-65
511
-65
-182
-634
2.0104327208061648
2.0104327208061648
1.915244191559981
16157.0
16157.0
-801
17627.0
17627.0
669
669
669
1.9715504978662874
-326
-634
2.0858430163623427
17592.0
546
2.0858430163623427
546
17046.0
2.094261323215556
18149.0
486
617
454
-30
-158
454
17046.0
2.0213447171824974
454
-651
15941.0
15941.0
-651
-10
1.9691614280631005
-761
-69
17363.0
2.059667852906287
2.059667852906287
-69
878
1.9641670621737066
322
185
16232.0
1.926189628574819
16232.0
185
460
673
15587.0
-318
673
604
1.6989196248367564
285
613
1.5926849542809642
-592
12820.0
12820.0
-592
1.5222037520778913
12820.0
-592
713
13412.0
713
-15
-444
-540
-129
668
668
613
-369
-369
-184
-170
12278.0
431
431
-821
1.6132176393676454
1.6132176393676454
1.6132176393676454
473
70
-97
592
814
814
1.5571802187351402
-227
1.6211815048139784
540
14100.0
14100.0
-367
1.6753802281368821
72
72
38
14740.0
712
38
262
13990.0
780
351
540
-227
82
975
975
975
-514
-604
-420
867
703
-196
1.479590622396763
18
313
12102.0
12102.0
1.640961561347138
815
815
1.4415893409469427
111
-290
429
-576
-576
-820
1.544156153296834
872
12974.0
12974.0
12974.0
872
1.544156153296834
872
872
874
559
327
10669.0
10316.0
-353
-588
-588
599
10496.0
1.2496725800690558
1.2496725800690558
1.2496725800690558
-503
-503
-503
-503
1.2496725800690558
-761
12555.0
835
463
1.2515775687581856
-620
10850.0
-620
958
524
-745
10512.0
10512.0
-745
1.2515775687581856
10512.0
1.2515775687581856
628
628
-745
45
-445
-445
1.3883992377322534
-823
222
-155
1.4603288062902073
1.4603288062902073
-155
1.47897057071369
974
993
11420.0
11420.0
1.3608198284080075
658
658
11114.0
1.3243565300285987
11114.0
352
-469
-469
-732
519
695
11963.0
519
-107
87
11551.0
1.377250506736616
87
841
841
827
827
570
9165.0
9165.0
-61
392
9226.0
9226.0
392
-360
832
748
431
8793.0
8793.0
8793.0
8793.0
1.0491588115976613
431
748
748
0.9087003222341569
0.9087003222341569
-362
-830
-830
-830
-75
0.9610839202578488
0.9610839202578488
848
0.9683657633997851
-69
-69
459
909
0.8599570200573066
766
267
190
-676
0.7950310559006211
0.7950310559006211
-458
-512
7626.0
667
667
0.8315210897359302
7529.0
7529.0
570
570
7529.0
570
570
6959.0
6959.0
6946.0
6946.0
0.8298685782556751
7223.0
7223.0
7190.0
7190.0
-442
7190.0
0.8587125283649827
-954
0.8262686567164179
684
-946
-954
-868
835
277
6946.0
-13
-13
6959.0
331
7690.0
731
731
6959.0
331
331
331
6959.0
331
738
738
903
0.7039560176885383
903
-135
5777.0
790
5684.0
5684.0
697
-135
0.6123132098027495
5122.0
789
5911.0
789
-639
0.6887852702056433
495
495
5266.0
810
-722
-189
-257
489
489
0.6728077521234598
5624.0
489
-185
5320.0
-222
220
5542.0
220
22
0.7350089766606822
6141.0
841
0.6344266219774958
-71
5371.0
499
0.6430025140668023
5371.0
499
472
472
4400.0
0.5268830080229913
850
0.5268830080229913
850
4400.0
0.5268830080229913
0.5268830080229913
0.5440613026819924
144
4568.0
24
4544.0
0.5440613026819924
144
850
0.4251497005988024
3550.0
-271
-148
132
3837.0
864
-565
0.4596861147717743
-644
-644
4481.0
-346
0.5784301977231875
4827.0
959

