738
623
-7.177417741774177
-71767.0
445
-72212.0
-7.22062206220622
13
-72199.0
13
-72199.0
13
13
-777
-422
-558
-102
-7.049024512256128
-102
-113
901
-298
-7.090681613452107
-616
-71526.0
-117
-683
-616
-616
573
-70227.0
573
677
677
-924
-69876.0
-69876.0
-69876.0
826
757
757
-7.07249424251527
-7.07249424251527
-7.07249424251527
986
986
-7.171940717003805
725
725
-543
-71801.0
-7.19160657051282
-7.268402603905859
-7.268402603905859
-774
-208
-392
-71201.0
831
-7.2169121330528005
823
-286
-7.272171560276581
-72569.0
907
-7.272171560276581
-7.272171560276581
907
-7.236272545090181
-72218.0
351
907
-73476.0
-883
-72593.0
-460
-460
-72667.0
-7.351337809399739
-692
-109
-692
-7.351337809399739
-684
-7.419138276553106
-684
-421
-421
-421
-74067.0
-708
-692
-73034.0
-73034.0
325
-73034.0
-73034.0
325
-692
-72476.0
-7.262124248496994
-7.262124248496994
883
-692
-7.351337809399739
-906
-692
-692
-692
-7.351337809399739
-692
-74
-858
775
-72593.0
138
138
802
802
-952
-7.277020252656908
884
-709
-7.366389250977639
-956
-709
-7.296028880866426
-72756.0
-7.296028880866426
349
888
-718
-718
-931
-7.159245888487765
-7.159245888487765
-7.159245888487765
-7.159245888487765
-7.242731100862242
-7.242731100862242
-935
165
-7.149704201343628
-71304.0
-7.149704201343628
88
125
125
-33
-33
-7.172500250727109
-33
511
-209
-209
-765
-71841.0
-820
-71881.0
-7.210452402447587
-40
-820
-398
821
-449
-7.125150541951023
-70995.0
-278
-278
-70762.0
-45
-582
-41
-70094.0
-386
-717
-6.998795180722891
-70015.0
-70015.0
-70015.0
-307
-751
-680
-728
-67549.0
-262
-262
-454
-65994.0
-6.628565689031739
839
566
-522
566
-437
282
-67244.0
771
771
-68
-68
-6.828844221105528
287
287
-6.8583777264046635
-163
-68234.0
-6.8583777264046635
-68234.0
-68308.0
-67835.0
-68363.0
-68363.0
-528
-6.8169028238368
-67835.0
-907
-67454.0
664
-283
473
473
-74
992
-68234.0
-163
-549
-549
-549
992
-496
-575
-636
-6.718998290254451
-66807.0
791
-67598.0
-6.79923556628445
628
628
955
-69181.0
-69181.0
968
968
968
-68213.0
968
-7.11575983103691
-7.11575983103691
-7.181516492357201
-7.181516492357201
-7.11533433886375
651
-661
-70038.0
-7.043242156074014
-7.093815987933635
-510
629
-6.9792860734037205
-6.9792860734037205
-6.9792860734037205
-70198.0
-70198.0
-866
-70850.0
-70850.0
-652
-70198.0
-866
147
-69332.0
77
629
629
714
714
714
-415
-415
-7.11575983103691
-70803.0
587
-71390.0
724
-698
60
-7.11575983103691
-70752.0
-415
-70337.0
-582
-582
-7.074733454033393
-582
-7.0569301951317644
-405
-405
-574
-574
-69181.0
-10
-830
237
237
-118
-118
-6.890096618357488
-863
766
-67597.0
-67597.0
766
848
848
-220
203
203
-6.946335078534031
-6.946335078534031
-6.946335078534031
203
896
896
896
-6.967475581512436
442
442
896
-70879.0
759
-148
-148
-71158.0
-70580.0
-7.104892289108114
-70580.0
578
578
-7.052239557121289
516
-350
-350
-70930.0
-350
-350
-350
578
578
578
578
-7.16379744286721
-279
-279
-71158.0
-279
-874
85
592
85
-70090.0
-814
-814
-354
-354
396
-6.982774252039891
-69318.0
-7.028001611603545
-456
156
156
22
22
-69496.0
-614
-26
-68856.0
636
-6.939030535120427
-6.939030535120427
636
151
151
151
-69643.0
955
-7.019756072976515
955
955
311
-835
-70074.0
484
-7.0653357531760435
484
80
80
186
186
-71423.0
-785
232
-785
-7.123638563937072
186
-101
-7.143116490166414
-70824.0
-101
608
438
-678
-7.172939158510745
8
-71091.0
-7.172939158510745
8
929
-539
-539
-7.12079927338783
-70239.0
321
-7.087689202825429
-70239.0
-7.087689202825429
321
461
-313
-70708.0
-45
6
760
533
188
188
950
950
-350
-350
-73035.0
-73035.0
415
-350
-628
-72472.0
553
553
692
692
692
-73025.0
-7.377007778563491
-7.377007778563491
-346
-7.377007778563491
-73025.0
692
-73717.0
-90
-7.401858773613497
446
-7.401858773613497
-7.401858773613497
446
-73104.0
167
446
-73717.0
693
-73717.0
693
676
-7.587510105092967
-7.587510105092967
-7.587510105092967
564
564
-7.587510105092967
-7.587510105092967
-161
-33
-7.572006063668519
-987
-841
-288
-73650.0
-66
-7.438738374443995
-366
-366
-366
-75
-7.395652173913043
-73143.0
-73143.0
-7.3036093418259025
903
-7.395652173913043
-421
-72722.0
955
-73677.0
-73579.0
-322
950
93
-74675.0
-7.549792740875543
-7.549792740875543
-74904.0
-229
93
-74675.0
93
-561
-530
-7.503994337142279
-530
-979
-74630.0
-953
-953
-979
-109
-7.34206533832305
128
-2
-7.34206533832305
-7.34206533832305
-72591.0
-7.34206533832305
-2
-241
-241
-7.3426057050374265
-241
159
159
-7.325781329017902
159
-7.3426057050374265
-7.3426057050374265
-7.3426057050374265
-241
-677
238
-7.251214083367058
-7.251214083367058
888
-53
-847
-847
68
410
-71774.0
-71774.0
410
-7.3792370737630275
-745
-7.304594211698037
-7.35333400789234
-7.35333400789234
-489
-489
-489
-489
-846
-165
-846
815
-846
389
555
-528
855
855
189
487
-72430.0
430
-525
-7.281518987341772
652
-72557.0
978
-7.44809075255748
-721
101
-7.50552010533779
-466
-620
-620
-809
-264
-7.2897963319485255
-7.348632218844985
-588
-7.2897963319485255
-7.278593860804376
-70890.0
957
957
-70890.0
957
957
-110
-162
-162
-72009.0
-162
-7.221333063209076
558
-71289.0
-71289.0
558
-110
206
480
-72751.0
-273
-7.37017526086516
-7.37017526086516
-273
-72751.0
-273
-535
-71943.0
-71623.0
-7.256636271529889
-71623.0
320
-7.256636271529889
320
320
-7.256636271529889
320
-71943.0
-7.2897963319485255
-984
-984
576
480
-868
-997
-7.231985405898449
-800
-94
-726
-726
-204
-7.058799675587997
-7.058799675587997
-7.058799675587997
-634
-634
-747
-68247.0
-81
-68247.0
-81
579
-68166.0
-68166.0
-6.9126863401277765
-68166.0
579
792
-820
712
743
743
712
712
176
-7.062195616883117
-308
713
-368
-7.09864014613355
675
675
-864
-864
-69086.0
-7.011671572110017
-115
-69086.0
-69086.0
-7.011671572110017
-115
-69086.0
-115
959
959
959
-724
-69649.0
281
-69649.0
281
-7.043641530498325
248
281
-69649.0
281
-69930.0
190
-69930.0
-7.09877169830474
405
405
190
-69930.0
190
-7.09877169830474
190
-971
656
-69149.0
656
-7.088241267262388
-69805.0
-7.088241267262388
-7.088241267262388
-69095.0
-69095.0
-320
710
-7.088241267262388
-956
-68849.0
-6.977459640572647
-68721.0
839
-69560.0
-711
-69560.0
-711
-7.06336311941511
388
-711
-875
-67974.0
-6.903717245581962
616
-67358.0
616
579
579
-68553.0
-6.963230066023362
566
-7.021434376269809
-7.021434376269809
-69119.0
820
-7.105455653764096
255
-336
-70194.0
-7.132086974192237
-410
97
-69881.0
-584
-260
-7.174778985875419
-70607.0
-7.174778985875419
-70607.0
-726
-726
-7.101727642276423
-584
-69297.0
23
44
-69276.0
44
-69320.0
-7.046147590973775
-657
-69320.0
-7.046147590973775
-7.046147590973775
-657
-657
-657
-560
-560
-560
-68143.0
520
-68663.0
-560
-68103.0
498
-68862.0
-759
-759
-406
-217
-217
-494
-6.861907667276795
-494
-6.861907667276795
-494
-66986.0
-290
-6.783563873067535
-996
-6.783563873067535
-996
-6.682941714983216
-6.737082994304313
-66239.0
-22
-6.737082994304313
-539
455
590
734
-6.790619595075796
-933
105
-6.696377696377696
105
48
-782
-566
-748
-63821.0
-6.496437296416938
-6.496437296416938
-384
683
-64504.0
956
-65460.0
-65460.0
-869
-6.664630421502749
-6.664630421502749
-869
-869
-869
31
-64591.0
31
-64622.0
-6.576519702677935
34
-925
588
-339
444
277
306
-699
-226
-226
597
-876
-6.522780552441137
36
36
36
-6.5111609418000205
-63881.0
150
-386
33
-6.492455138662317
691
218
-6.563577036810441
218
112
112
218
-6.586477666734652
496
415
-6.6807425540595675
-30
-30
-837
-64631.0
383
-65014.0
113
104
-6.556258288279098
-6.556258288279098
104
-64375.0
-6.56753723729851
639
639
-565
-565
677
902
-6.738926311492142
226
226
-6.738926311492142
-66028.0
226
-546
836
836
-536
-536
-916
402
-994
-994
-994
-66197.0
-6.71266714300296
-65764.0
-6.71266714300296
433
-65764.0
-65764.0
-65764.0
433
433
-66197.0
85
527
-66648.0
76
-994
-994
680
680
386
-66796.0
491
-6.87233173322439
-6.835375816993464
355
-6.928002450980392
-67839.0
-6.928002450980392
-552
-67839.0
-552
-67287.0
595
-957
77
-67287.0
77
-528
-6.880898876404494
-934
-6.880898876404494
-934
-66430.0
-145
-66285.0
-66285.0
525
674
-66810.0
674
674
-6.895973840179849
-796
-796
887
526
-68897.0
-844
-68053.0
486
362
362
862
-68901.0
-828
-68901.0
862
862
-68901.0
862
862
191
191
-7.1332310838445805
-69763.0
-7.1332310838445805
191
-69954.0
-7.153492177114225
-69954.0
336
-7.153492177114225
336
-7.188586623031295
702
702
-7.188586623031295
152
-640
593
902
976
547
-70395.0
-70395.0
-7.20153452685422
-70395.0
-7.194148936170213
65
-7.20153452685422
-69674.0
721
-546
-69849.0
-7.1464088397790055
-69849.0
68
-7.22999795375486
-7.10904255319149
108
108
-7.10904255319149
358
-69856.0
810
-7.22999795375486
-70666.0
-70666.0
-70666.0
-749
-473
-473
-473
-7.154098025171391
-473
-7.106426524764633
269
-7.106426524764633
269
374
-69864.0
-7.148674920699888
77
-69941.0
-7.157286123618502
-228
-228
374
-7.173694984646878
-800
-800
-7.25483573840958
-800
-800
-203
-800
-7.173694984646878
428
-495
-495
-495
362
-70020.0
362
560
-7.264181855416752
571
-71513.0
373
-7.3623514952888165
-71886.0
-426
-426
-426
997
997
-72457.0
-73281.0
-7.505992010652464
-7.505992010652464
-824
-7.422351977053882
-72457.0
-709
672
672
-72420.0
-72420.0
102
-7.408872041798996
102
-760
-71660.0
-7.342965467773338
-27
-27
879
-329
-329
-7.398831488314883
-7.386696730552424
111
-945
-945
727
-72067.0
-102
-102
-7.377998769735493
326
-7.416854623744105
-53
-53
299
-7.412180867425407
299
393
-72590.0
428
-7.443601312551271
393
500
-72983.0
500
500
-7.484668239154958
-72983.0
-72983.0
-72983.0
-7.526353568498769
-414
500
38
-73483.0
38
-7.541388860395938
-7.541388860395938
534
-802
-802
-57
-57
-57
-57
-74112.0
-73170.0
942
-7.60201046261155
-57
-802
-802
-140
138
-7.501846911553458
-73113.0
138
-395
-786
-73251.0
-7.51677783478707
-7.51677783478707
-7.51677783478707
-726
-617
906
-72814.0
-862
-862
-496
-7.2460732984293195
-70584.0
-70584.0
872
-70584.0
872
-7.435170927009548
-970
-374
559
-841
-841
-7.308892996508523
-675
33
-71141.0
792
33
-675
-475
-70259.0
240
-331
-70168.0
-70168.0
-70168.0
-7.296292492554175
-7.296292492554175
-7.296292492554175
-7.296292492554175
-876
-7.207066557107642
739
564
991
-7.239856189008731
991
-71471.0
357
357
357
-70912.0
202
-7.2834839769926045
-7.2834839769926045
202
357
357
-7.304982023626091
357
-71471.0
-207
199
-207
-7.321894585431008
88
-204
-7.301685162351007
-304
-554
98
-459
-459
-535
148
-73
-648
-70072.0
-648
-69424.0
977
-15
-69424.0
-15
-566
-7.078971722365038
-7.078971722365038
-68843.0
-7.06868188361094
93
-7.061690314620605
-68682.0
-7.061690314620605
-68682.0
-68682.0
161
899
899
-791
-69742.0
-791
-791
-68951.0
-7.091535534300113
-68951.0
-68951.0
-7.091535534300113
-560
194
194
-68391.0
-7.034663649454845
-744
-585
-6.899382716049383
-66621.0
-66621.0
-699
441
441
-637
-6.964201213866886
-6.950010285949393
-6.950010285949393
-6.950010285949393
131
-637
-67121.0
-67121.0
578
-6.964201213866886
-6.964201213866886
-6.964201213866886
-637
-575
-6.787757201646091
-65977.0
-65977.0
-6.846312107807838
-66553.0
-576
510
277
312
312
698
698
155
-306
422
-306
-68839.0
-910
-910
-68191.0
-262
-526
-526
-668
-66735.0
790
-899
-7.002676549310274
-72
-67952.0
-427
-67525.0
-67525.0
219
-892
-442
809
-67219.0
-431
-6.924083230325505
-67219.0
-6.924083230325505
-431
-297
37
-66528.0
-6.855023183925812
-907
-65621.0
348
-801
-233
-65969.0
-65969.0
-6.798825105637432
-65969.0
-6.798825105637432
-801
176
538
176
297
-65336.0
305
-160
-160
-6.694464488197093
698
698
-6.695835910121624
-20
698
-160
-6.751314568512218
294
-393
-65382.0
-6.742497679694751
-65412.0
-30
-6.742497679694751
-989
-436
-989
-989
-6.669382283180365
-280
-280
-64393.0
-64393.0
689
854
-6.729963898916967
-73
-64951.0
849
-626
-6.723127707860533
-6.723127707860533
-668
-64506.0
-541
837
-6.5678770373426865
-6.5678770373426865
837
-541
-6.512122150005158
843
-6.599773008666942
332
332
29
585
-6.538739296399464
585
585
499
585
-6.538739296399464
-6.538739296399464
-6.538739296399464
585
723
723
-830
92
981
981
-63227.0
-63227.0
981
-145
-145
-6.539263233928387
-145
981
563
169
169
-989
-989
-65342.0
-989
-989
-989
-989
-976
-183
-183
-989
-65342.0
-6.742544629037251
-6.742544629037251
-65342.0
-6.742544629037251
-306
-306
-65342.0
-65342.0
-197
-65342.0
-6.812938505984317
-689
-6.8279170535437945
-152
-689
-989
-6.641176470588236
-145
-6.626896480544948
231
-64439.0
-39
-64485.0
-64485.0
-46
-6.651424442609414
-191
-63801.0
-64008.0
-6.605572755417957
-207
-6.605572755417957
-207
638
-191
-64439.0
-6.651424442609414
-6.651424442609414
-191
785
-923
812
-6.62230252968508
-141
-123
-6.596406072498192
501
-179
-678
-6.631029852287987
774
-678
-6.703057219582731
-64899.0
-6.703057219582731
-704
-704
660
-678
-63517.0
-63517.0
-313
-313
-63204.0
309
-6.53001343113958
-6.53001343113958
-63204.0
-63204.0
-63204.0
416
-6.459766553042041
749
-62537.0
749
-63286.0
-63286.0
394
-82
309
927
-588
-588
-6.464414833178391
-62582.0
-62582.0
-6.464414833178391
-305
-62277.0
927
-6.53001343113958
-6.53001343113958
309
-63513.0
-6.569583634673004
-6.569583634673004
661
-71
-71
-6.569583634673004
-6.569583634673004
-74
-994
-713
141
-6.460576624987083
-713
-61806.0
-225
-61806.0
-6.387556841670111
-225
-955
-955
616
-6.266900971676659
-569
-938
-60057.0
-938
-60057.0
-6.29481083316105
-6.29481083316105
-839
-60057.0
-938
-6.208725317895172
-938
-60057.0
-938
-757
-463
-6.03474304622066
-320
-58682.0
-6.012095523622454
-6.012095523622454
-58155.0
527
-320
380
-58343.0
-6.0321546732837055
19
380
380
-58742.0
-204
298
-6.0746639089968975
43
-58742.0
298
298
298
-386
-386
-6.106112317716414
815
617
900
-6.349265466583902
707
-62079.0
-6.512000827643286
-866
-866
-909
-909
-62945.0
-866
656
151
695
-6.580521631132271
-63581.0
-63581.0
221
221
-347
-699
-63441.0
14
-63455.0
-63455.0
-63455.0
-63455.0
104
-6.580287814473548
-787
-787
-6.580287814473548
-63559.0
-787
-289
-62483.0
760
-63243.0
-865
218
-6.483944478972447
-758
-61838.0
-41
-6.43903449704755
201
-62156.0
-359
-61797.0
452
-488
-6.454460677649984
-531
-531
14
-61761.0
-61761.0
-6.384312506476013
-61615.0
146
-61761.0
-6.400103626943006
-6.400103626943006
-6.400103626943006
14
-6.400103626943006
-61761.0
14
14
14
-246
-6.377383913764511
-6.377383913764511
-41
-61737.0
432
-6.443051093377552
-6.443051093377552
-640
-61529.0
832
-6.464289416398881
-672
551
-61782.0
-804
-804
-553
539
539
-6.404270757748523
581
-93
551
-6.395293385859423
551
551
-62240.0
-62240.0
298
-62538.0
993
2
-63533.0
-599
-62244.0
-62244.0
690
-62244.0
-62244.0
690
-6.527746084431076
181
-63115.0
138
-63090.0
-6.543926978529198
-6.543926978529198
-63090.0
25
-855
-6.459176263097832
688
688
-6.37216056425682
453
-6.419813278008299
-6.419813278008299
-6.419813278008299
373
639
-276
818
-62205.0
-62205.0
-6.453470276999688
72
346
-6.498184082183252
922
922
-62623.0
922
828
66
66
-64439.0
-64439.0
-64439.0
-932
-932
-63507.0
793
-63507.0
-63422.0
544
-6.5259989621172805
-62878.0
544
-6.583143035084078
85
-388
-6.583143035084078
691
85
28
275
793
-692
-692
-111
-111
-658
-6.743278314128516
-658
-6.602616007474307
697
-64360.0
-757
-6.666078472078057
-6.666078472078057
-618
697
697
-692
-63608.0
-63608.0
-63608.0
-6.6045062817983595
-63608.0
-32
-682
-682
-6.560411044218394
-32
-285
-6.475503425368487
786
-285
-62886.0
722
-62886.0
722
722
-6.619537008200976
-6.619537008200976
-880
-6.46268036956296
631
722
-63608.0
-627
-627
607
-6.540083073727933
-6.540083073727933
607
-6.654517133956387
-64083.0
-495
-495
217
-283
-304
803
803
803
803
-63588.0
-567
-567
-567
-6.603801017758854
561
1
-240
-203
-6.565285135556248
174
174
-6.565285135556248
706
-63328.0
582
-6.639310201537502
-70
-6.632727272727273
-6.5656555163099934
-63201.0
639
-639
-639
-64420.0
-64420.0
-580
122
-6.707324675324675
-6.707324675324675
-596
-64558.0
-596
-580
-580
-434
-434
-6.646093100581878
-580
-6.646093100581878
-580
314
314
314
314
314
-63696.0
319
-6.6536742542355265
-64015.0
888
200
347
-378
-854
-6.641468233336799
18
685
-64574.0
915
714
714
-6.727301092043682
806
806
714
714
-6.886819931342973
-6.886819931342973
-641
469
-611
-66263.0
-611
-611
-65652.0
-90
-90
469
588
490
-6.9839733583099175
-6.895421436004162
-66265.0
844
-101
-6.9839733583099175
-67109.0
-6.9839733583099175
76
-67185.0
-6.992610324729392
100
603
526
-67888.0
-67888.0
184
184
-67888.0
184
-419
-7.044252394835485
-67
50
786
-333
-53
-67858.0
-713
-6.990629880270692
508
508
-67653.0
-67
-6.93981674302374
936
-565
324
324
-7.072484898979379
-7.072484898979379
-7.072484898979379
677
-545
-7.282069970845481
-7.282069970845481
-69937.0
-69937.0
431
-795
107
-714
-70044.0
-7.293970634176819
-70044.0
-386
-386
-386
-7.263272954403498
-386
-46
-69339.0
-69339.0
-69339.0
705
705
705
705
705
-714
-743
-7.1959804227845465
-7.1959804227845465
227
-743
-68587.0
190
-404
379
-170
-170
-7.16699656214189
-69708.0
-69708.0
-912
-69708.0
-69708.0
-912
841
-7.16699656214189
-7.16699656214189
841
164
921
15
784
784
-70737.0
784
-71521.0
-7.454763393787784
-631
270
499
23
-72313.0
-998
-788
-500
-70027.0
-851
636
289
267
267
-69732.0
-7.275117370892019
-69732.0
-825
294
294
-69201.0
-394
-7.284015025041736
-609
-394
26
107
494
951
26
-719
-7.110020876826722
-523
-7.056164526568535
203
364
110
-67591.0
-362
-69
251
-7.049697222802255
12
-407
-67127.0
-373
978
-735
-735
-6.998537553535987
-619
-6.998537553535987
415
955
-482
-6.992999686553129
628
-6.992999686553129
628
-66930.0
628
-6.996447602131439
-66963.0
-6.996447602131439
595
-67558.0
528
-68086.0
-283
-7.115268053088097
-68086.0
-283
-67803.0
939
-118
545
527
-69696.0
-692
-69004.0
-400
-68604.0
-114
-419
-68490.0
-7.163476623784123
-7.163476623784123
-419
-419
-7.120397489539749
-958
-820
-67113.0
-67113.0
-7.020922690658018
-820
-528
-875
14
-64890.0
997
997
-398
-252
-6.828954255207788
-64551.0
-64551.0
686
-17
-749
83
-64471.0
-64471.0
83
-64554.0
90
-191
403
403
701
701
681
-495
-495
379
-65743.0
-6.888411567476949
-6.888411567476949
379
-6.938181056160939
-6.938181056160939
-66218.0
-66218.0
-96
-67011.0
-182
-611
-96
-965
-6.820182332599812
-555
72
-6.828442674491721
595
-535
-491
905
366
-65997.0
-182
-6.920100660585089
-708
-708
-708
-6.920100660585089
-505
-505
-708
35
-6.842193561916745
35
356
-65645.0
-65645.0
-6.88463555322496
-6.88463555322496
-212
-83
-83
255
255
-6.8631214600377595
693
109
-425
-6.948699118757868
390
390
390
456
456
456
-66625.0
456
969
-674
-66407.0
-66407.0
-480
-780
-65147.0
-65147.0
-65147.0
-267
-267
-528
-417
-63935.0
-423
-917
-63512.0
-917
-6.669326892785887
-917
376
-489
-6.56809828835451
58
-6.509344813103738
993
553
-6.56809828835451
-6.56809828835451
47
47
-6.573724007561436
882
-62595.0
-724
-6.498372019745825
-77
-77
262
-20
-61871.0
-6.498372019745825
22
-6.495379122033186
781
-6.495379122033186
-61849.0
-61849.0
-62016.0
-899
-167
22
-61871.0
-20
-61851.0
-6.496953781512605
724
724
724
-62181.0
394
-63310.0
-735
28
-859
-859
-240
343
642
-6.499947451392538
-6.499947451392538
18
-275
-62853.0
-988
-275
-6.4742983286029645
-61590.0
-61590.0
-6.4742983286029645
-294
-294
-294
-294
-6.444070647603028
-6.444070647603028
293
293
293
-6.475554620965198
-61589.0
-61815.0
-226
-226
-61589.0
-415
524
463
-834
-6.488379430013671
-6.515036803364879
-6.524495374264087
-62340.0
-279
163
163
-266
-260
-260
-541
-6.488379430013671
-61698.0
-541
891
891
-907
-62048.0
-907
943
943
-407
-61141.0
943
-913
-423
-6.392507629169736
-6.392507629169736
-529
-529
651
651
590
607
607
-270
-61110.0
-61110.0
-510
-60600.0
962
-40
-294
-294
-294
-91
-6.441718437401285
-6.441718437401285
379
379
379
-6.482308340353833
-6.482308340353833
-61556.0
-6.482308340353833
351
772
-620
-661
-6.6019591320834214
-62679.0
-661
964
-351
-62679.0
-661
-301
-170
-170
-6.502001685630004
-6.502001685630004
-61156.0
872
-6.44154202654308
422
139
-6.502001685630004
-61717.0
-612
-651
-651
-651
-170
-61437.0
-61437.0
110
110
110
978
978
-62525.0
351
-946
-946
984
-6.527192242833053
984
-62914.0
-518
107
-62396.0
107
-62396.0
-6.577693442968585
-62396.0
107
107
-340
-812
-61351.0
-61132.0
272
-53
-61404.0
-53
-6.469577138036486
885
517
917
-6.61881658052948
-62753.0
-62753.0
918
-736
917
-63359.0
311
-63359.0
311
-63359.0
-6.682733888830292
-6.682733888830292
-350
-63359.0
-63359.0
311
-63359.0
311
-756
-835
935
115
115
469
-6.68738130407259
-101
-326
-178
-63887.0
-63887.0
-178
-178
-63709.0
-326
-63383.0
-684
-6.68738130407259
-684
-62699.0
-63100.0
-6.657522684110572
-401
573
958
-6.697478104885512
-200
924
-6.7753034300791555
692
-64196.0
-64185.0
11
-6.7753034300791555
-64196.0
-64196.0
692
-6.849060586869326
-6.856464379947229
-64965.0
-77
760
-64888.0
-64888.0
-64888.0
-6.849060586869326
760
418
577
-65071.0
577
418
186
186
-343
-933
-933
-127
-6.8289154081740415
-64663.0
-334
728
-6.775079197465681
503
503
-6.775079197465681
-64160.0
709
-6.775079197465681
-64160.0
503
-6.801816070108753
-64420.0
-325
-512
-6.9569302227383085
-65903.0
-260
-6.983639434241081
-6.983639434241081
-66163.0
-260
-6.983639434241081
-260
-6.9569302227383085
-956
-527
148
95
95
-334
-101
260
-64329.0
-6.794359949302915
-449
-6.794359949302915
260
260
-524
-524
-6.767906190576801
-409
-409
-63656.0
-63656.0
87
-64249.0
-506
-909
-506
685
685
-506
-6.835094020705683
-452
-64580.0
-6.822311430382421
-6.822311430382421
-331
-506
183
-63623.0
-6.721212761462075
337
-63623.0
16
-6.622161191507342
-62692.0
-62692.0
931
372
-252
183
-6.755362992708443
-6.755362992708443
-639
393
-6.730789557129268
-6.730789557129268
317
435
-735
50
-6.694015648128568
-62442.0
870
-713
-6.694015648128568
-6.694015648128568
-6.694015648128568
555
-153
-63312.0
-63312.0
-6.694015648128568
-713
-474
-562
-6.511158117398202
-6.511158117398202
703
-6.586206896551724
-62266.0
-62266.0
-6.586206896551724
-830
-830
-61436.0
886
225
225
96
-6.678903935674989
-6.678903935674989
-582
96
-62643.0
-6.628888888888889
-62643.0
693
-62643.0
772
-900
693
383
693
886
-64222.0
-6.797417442845046
-64222.0
204
685
204
-6.797417442845046
420
-64222.0
-44
-6.80135464070272
-64266.0
-44
-64266.0
-64266.0
-44
-64266.0
-6.80135464070272
-44
-64222.0
-6.797417442845046
204
534
831
-307
-307
-307
-307
-307
963
860
860
807
-67067.0
-67067.0
-7.10229799851742
84
241
84
-7.1119466214785
-685
-66320.0
831
831
-7.0231917822725825
831
831
-7.146669490627978
-7.082698009318086
118
118
-66798.0
-66798.0
-7.0715646834639
-7.0715646834639
-595
-595
-847
-847
100
-432
-7.1011747274843895
264
456
-432
-66931.0
-66931.0
-7.084894675558378
119
-7.049645390070922
452
-847
-698
686
-7.082698009318086
-7.032821598729487
-66425.0
464
597
-7.146669490627978
-982
-7.146669490627978
-335
-827
-604
-68030.0
-463
-463
-463
-383
-827
-7.066920796272766
-66740.0
-66740.0
-7.066920796272766
-66740.0
-7.066920796272766
964
964
964
-553
-553
-7.1119466214785
-452
-203
77
77
-67151.0
-685
-7.0401440525368075
789
-65677.0
789
-7.0401440525368075
253
-515
-140
-7.013878588833563
46
32
-198
-894
-421
-421
-37
128
-109
-164
-656
-6.907134527721827
-65155.0
-64585.0
-64585.0
570
-6.907134527721827
-65155.0
-6.907134527721827
886
-7.001802374893978
-177
-177
-65864.0
-6.983776905948468
828
302
863
741
-6.983776905948468
-66657.0
-680
-6.91562433750265
-6.91562433750265
974
974
441
-793
-246
-920
-920
-920
-6.861597200127267
-192
-6.841960118795079
-64506.0
-68
-121
-64438.0
-6.835472578763127
-65200.0
-762
-6.835472578763127
-64438.0
-121
-6.8233609166136215
-705
-6.89742229765567
-649
-705
707
-232
-6.899098143236074
-65635.0
-6.9631869297687246
-6.9631869297687246
-611
722
722
-399
-65746.0
-849
525
525
825
156
-7.076735300360857
-7.076735300360857
-430
-698
-65873.0
-6.9914030991296965
-7.066539318688315
-7.066539318688315
666
-580
-67168.0
-67168.0
-580
-715
-6.9914030991296965
-613
-66486.0
722
-613
-7.01432664756447
-223
-7.01432664756447
-223
-6.9914030991296965
-911
-66656.0
-783
374
531
-6.974739970282318
-612
-902
-675
-66103.0
-758
-758
-387
-387
531
-66247.0
-698
-779
-6.958492569002123
-779
-779
-6.876526170506423
-64770.0
-64770.0
665
665
-65435.0
779
779
-66214.0
-66214.0
-912
-7.031326324731868
-7.012421700817496
-7.012421700817496
-66050.0
-214
-469
378
290
-912
891
891
122
122
-842
-66925.0
61
49
-66986.0
-7.113305723691197
-66986.0
49
-842
315
-66193.0
-66410.0
-65439.0
971
-65439.0
971
-271
-7.052888700084962
-217
-66410.0
-217
122
-66315.0
569
710
184
161
-7.158644139836362
845
-7.158644139836362
689
-68059.0
856
43
-7.280263577425869
458
458
-7.280263577425869
458
-7.280263577425869
458
563
-183
336
336
-483
-7.35761378136963
-7.542632362321922
-813
-7.542632362321922
-70946.0
-7.542632362321922
-813
-70133.0
117
-928
-71691.0
-928
-7.621026894865525
-71691.0
-928
-7.523176695726132
-630
-630
-942
-821
-528
-528
27
285
-360
-360
-360
-360
123
-590
-67327.0
-7.16473342556135
-67012.0
-7.036706032556655
874
315
-67327.0
-67327.0
94
-7.175500212856535
882
-7.2701436934539645
-347
-67956.0
-828
-462
-458
-458
-458
755
-458
49
-115
-7.191971890971039
-115
-115
-790
-7.097124600638978
-559
-601
17
-6.977628635346756
740
-691
-6.9843367075119875
-65548.0
-221
-6.954618088846277
-65283.0
-6.916817552455001
-64942.0
-6.916817552455001
143
143
143
-64942.0
143
-65085.0
198
-221
-221
486
-72
-7.034199872150011
-475
-72
-72
-74
46
46
-701
-701
-6.975911319548071
-65448.0
-937
-937
149
-787
-6.893390191897654
-787
788
623
-954
-954
291
291
837
-668
-6.9034563686793255
77
73
73
-64790.0
73
73
-993
871
-6.71449909313987
871
64
851
-243
-243
509
509
-65764.0
-65764.0
-777
-6.937126387702818
-6.937126387702818
-6.94769986124453
-918
510
510
-430
-7.127734500053356
-905
-66794.0
-7.127734500053356
-7.127734500053356
-905
-65889.0
-65889.0
-796
-65093.0
-106
-65258.0
-271
-271
-7.0022414345180914
-7.0022414345180914
-7.085272145144077
-785
-7.085272145144077
-807
-785
-65604.0
725
-11
-7.0022414345180914
-7.0022414345180914
-66297.0
-693
-617
-617
826
-6.937126387702818
-331
-205
-64451.0
-112
-850
-6.863534436732515
-788
-6.780115335326784
-860
-6.6860651361452215
874
-62615.0
874
-63489.0
-63489.0
943
-6.780115335326784
-6.780115335326784
-6.780115335326784
-860
-534
-470
571
-61625.0
-61625.0
-608
571
-6.5831641918598445
-61625.0
571
-380
-61816.0
-6.604979164440645
-190
-190
-676
246
-676
-676
-821
-60950.0
-60950.0
933
-6.5138399059527625
-60950.0
-60950.0
-6.5138399059527625
-60950.0
933
621
-62504.0
-975
-975
-64299.0
-883
-912
-975
-84
-62937.0
-6.7269132107738345
-433
-975
-61529.0
-6.577827667308103
588
313
453
441
-514
-62423.0
-514
-61909.0
-61830.0
-61830.0
79
-6.620575339535878
-62114.0
-106
-62114.0
-6.641787852865697
-62114.0
-62114.0
-205
-923
-923
-347
-6.486148251149856
-808
-60639.0
-60639.0
-808
-59831.0
-59831.0
544
291
291
291
-60375.0
291
-60375.0
-60375.0
-6.459291751364074
291
-6.386779334688202
-59710.0
478
187
291
-400
-6.420241788809244
-305
561
154
154
-6.466181506849315
-261
219
-6.463070006422607
-6.463070006422607
-777
-777
-59601.0
-494
-494
157
-6.328372591006424
157
-59107.0
-59107.0
-6.328372591006424
-6.372872283481426
-422
-59107.0
157
-105
-6.345861441267802
-105
-212
319
-206
453
453
518
-59400.0
518
979
-6.524212556245982
792
955
-61852.0
-6.627236687024537
-6.632311977715878
-54
-54
-6.7199785752544186
-825
-6.7199785752544186
-825
-825
-54
-6.674523248339404
-448
-6.627236687024537
27
-6.627236687024537
27
-6.630840120017146
-61879.0
-396
906
27
-61799.0
34
-61799.0
967
-61137.0
-590
-60772.0
-225
-60547.0
-275
-275
-275
560
967
-60832.0
967
34
-6.624491107778016
-61833.0
-61833.0
-61833.0
906
906
-860
472
-834
-834
-61879.0
-61879.0
-61879.0
-830
110
-6.555091103965702
213
213
-6.57862579054561
-6.651554126473741
-687
-690
-6.579635584137192
-6.579635584137192
-16
-60936.0
499
-63
-910
588
588
372
-60678.0
-6.5049313893653515
-60678.0
-6.5049313893653515
372
25
25
-727
64
64
-199
703
-60916.0
139
844
-60574.0
-808
445
-60211.0
-121
844
-61055.0
493
459
-77
-419
-419
-419
-61511.0
-314
-922
544
-61197.0
544
544
-833
-238
-60670.0
219
-60670.0
-60670.0
219
-69
-6.538767182130584
-6.538767182130584
-6.538767182130584
-69
-60820.0
-60820.0
-6.532058855117603
-60329.0
-6.448845947396672
270
-60341.0
-12
-60229.0
112
-12
987
-990
53
-561
-60935.0
-60935.0
-990
-990
384
384
-6.477934070653925
435
-6.525654787462431
-113
-60793.0
-60793.0
-113
597
43
218
218
43
-6.573698336017177
-61371.0
-137
-6.549162730785745
222
-61234.0
917
200
43
43
-251
385
-104
-6.589479334406871
-104
-948
-61277.0
-948
-60329.0
987
-6.584621993127148
-496
-6.532058855117603
-6.532058855117603
-164
-164
-566
-566
-906
-60656.0
444
671
-6.587925663336556
-6.587925663336556
-61327.0
9
152
-61488.0
149
875
-6.718108543793659
-62512.0
-228
-228
649
-62512.0
-62512.0
131
771
-996
-6.832330180567498
-6.83481998925309
-63598.0
-30
-154
-63568.0
-6.832330180567498
-6.832330180567498
-154
-154
-63568.0
-154
-996
-996
-6.710169855944958
-62418.0
921
-6.710169855944958
-62418.0
921
921
-62418.0
921
-739
631
921
360
838
-628
436
383
436
436
-64345.0
-6.921049801011079
715
-201
-6.977837547068316
557
-354
-65913.0
-497
-354
995
-7.109018510546707
-66057.0
-66057.0
881
-7.013450984612073
-7.013450984612073
881
172
172
172
617
617
-7.12829620062426
-66229.0
-66229.0
-7.12829620062426
-149
672
-7.18613413715147
-518
-66234.0
101
-66335.0
-7.142780230429633
-285
-7.112858065905664
-527
535
-7.115252046531667
-324
-7.081116018528493
-7.081116018528493
-65734.0
718
-7.159232923938807
-176
-66276.0
878
624
933
-68711.0
-474
-474
-69893.0
-708
243
-474
-68711.0
-345
116
-172
-7.401358344113842
-7.401358344113842
600
600
-68655.0
-7.401358344113842
600
600
-548
-7.4085615699805905
-68707.0
-7.368625336927224
-795
363
-68344.0
-7.368625336927224
363
363
363
156
-68863.0
-7.426183543621266
-7.426183543621266
-7.490942419667888
-608
-374
-374
-374
-68489.0
891
141
-68742.0
-68742.0
-7.412335561785637
141
-7.42834034293109
-7.330278197110201
902
902
356
141
-532
-532
-532
-7.467536669542709
-69239.0
-69239.0
141
-69239.0
141
-69380.0
-7.483550857512674
-952
-70118.0
-70118.0
-738
-952
-952
-7.2733254233631754
-7.2733254233631754
-206
997
400
400
387
387
-115
-7.617152103559871
-470
-71081.0
-470
-470
-70611.0
-470
-7.51866235167206
856
443
-926
-7.4681700474751835
873
873
-129
-7.492448759439051
-129
-111
-115
-115
-115
825
-7.4565663105643685
205
825
344
-7.584349703184026
-58
-58
-70211.0
4
-7.600215866162979
-205
-159
923
75
75
-31
-7.587822519702041
-31
-85
109
-207
-207
360
-138
-458
-458
-69561.0
275
184
184
986
-71006.0
202
912
912
-7.673006267559974
166
-70381.0
625
-70381.0
625
625
625
625
166
-564
-70608.0
-803
-944
617
-514
-7.551075559398984
567
975
-514
-119
-415
-415
-7.502325078403807
-768
-7.420073545316894
-419
-355
-968
-893
519
-66490.0
-7.195108754463803
-7.195108754463803
546
-376
-376
-66660.0
-269
-7.180283519099665
275
32
-630
-66660.0
-378
-66660.0
-630
-7.192965367965368
197
197
-630
-7.215066565645633
-630
-630
-66030.0
-66030.0
-755
-7.099372158475861
-309
-545
-65275.0
714
-65275.0
533
-578
440
440
-64755.0
80
80
-174
-7.0363675722480785
-65009.0
-174
-64835.0
440
-7.0182940030309595
440
-545
-64730.0
889
-65619.0
-65619.0
-869
-120
-64630.0
232
232
-664
-426
-426
43
43
43
730
611
255
-66812.0
-737
-66075.0
-7.161049095047145
-7.197204464188969
-66423.0
25
-66423.0
-7.197204464188969
-66423.0
25
-7.197204464188969
25
25
25
-66448.0
-373
-373
-640
-640
646
-760
-345
-7.044996205139325
-7.044996205139325
-844
-844
-6.954239861201475
-109
-6.954239861201475
-64132.0
-109
-6.954239861201475
-64132.0
-530
-7.010950883660414
-530
-64132.0
-6.954239861201475
-109
-6.943173191627806
-358
374
-940
-940
459
443
183
-6.996962464742895
-64498.0
183
-7.017576217858306
917
-64681.0
46
917
-64681.0
-7.017576217858306
-64681.0
-7.017576217858306
-7.017576217858306
-64681.0
917
371
995
-65598.0
-65598.0
823
-885
-7.027443323570886
-885
-6.93219787372532
-637
-6.93219787372532
-63901.0
874
870
-6.9068329718004335
870
-650
874
823
371
540
984
-256
-66765.0
-65896.0
-7.150173611111111
869
869
-256
984
-7.325843916205362
-529
-67493.0
-67493.0
-7.395810722813111
-652
-529
-7.269214068606166
-7.269214068606166
-753
-451
-66211.0
-66211.0
-66211.0
-451
478
-66567.0
-146
-146
-329
-31
-31
-794
908
-953
-953
-13
-13
-958
-66149.0
-958
734
734
-173
-7.16342497011844
-173
-173
-215
-215
-65537.0
82
-425
-7.109227257906749
-65412.0
-784
-7.109227257906749
-64679.0
918
733
207
-176
-65443.0
-363
-726
-363
480
-338
-65560.0
-338
-65222.0
-7.092431491953023
-7.024247037077308
620
-7.092431491953023
-726
-864
-64496.0
-7.014246873300707
750
-864
918
-63632.0
-6.9210354579073305
-792
-220
-62620.0
61
-62559.0
-6.80506907429566
-62559.0
61
592
-61967.0
-61967.0
-722
-6.739939090711333
592
-6.739939090711333
592
38
-62559.0
-62559.0
-6.80506907429566
61
-6.8956814967910365
-772
-209
-62411.0
-6.8085291557876415
-173
514
-61550.0
-6.711737191341238
-151
861
861
514
-40
-769
200
-62116.0
-6.760557248585111
-62116.0
-62116.0
200
-201
-201
-6.761920313520575
336
336
336
-62
611
611
855
947
30
154
-7.0623093681917215
-7.204312785885428
-919
-919
-593
-164
-306
-593
-593
-725
-64832.0
154
-64986.0
516
546
898
898
-7.295771578029642
-730
199
199
-7.23948114235884
-233
-408
-7.214869726370871
263
-66182.0
263
263
-66182.0
-7.214869726370871
-66182.0
-473
-66182.0
263
-29
63
263
576
134
134
-375
-375
-906
-65740.0
-7.169811320754717
-393
-7.169811320754717
-65740.0
-7.169811320754717
-393
248
-958
351
24
-65012.0
-7.094281972937582
-7.094281972937582
-215
718
-166
-64963.0
-64963.0
-166
-7.0715922732729455
-453
-394
977
-6.873280943025541
977
977
-6.980678965178474
-298
-64139.0
-487
-6.948908296943231
-6.948908296943231
-151
-6.948908296943231
-151
-63501.0
-63501.0
698
-64944.0
-355
-65512.0
-65512.0
-568
-568
-602
-65007.0
-63
-602
-64944.0
-602
-602
-602
-143
952
864
864
864
864
703
-66015.0
-27
227
369
-389
-389
705
-7.168323320589842
-65626.0
705
-7.246121913917413
-906
-7.1479296405550095
-13
782
975
111
111
651
651
-7.3538091594709805
-7.338251366120218
-67145.0
135
-67145.0
135
-7.3538091594709805
651
-890
-890
-67041.0
-280
106
-787
-263
-263
-65817.0
719
729
-201
-7.3003390572022315
-201
772
-109
-7.35328227571116
-7.245268570178317
-7.245268570178317
-7.245268570178317
980
-7.227302559614964
-7.227302559614964
-7.227302559614964
-7.227302559614964
875
-66947.0
262
-7.35328227571116
-7.35328227571116
-901
-901
-7.35328227571116
311
311
-7.388116861801072
-67520.0
-67520.0
-794
-866
-389
-805
-64666.0
-888
841
-112
-65395.0
190
-470
-470
-7.131201401817982
-65115.0
-65115.0
951
-65115.0
-7.131201401817982
951
-65115.0
951
-65115.0
268
-7.131201401817982
951
951
893
87
-67671.0
-625
-67671.0
-7.412750575090372
-7.412750575090372
-600
-7.412750575090372
-625
-67671.0
-625
-416
-625
-625
-7.345092024539877
-777
-319
-602
-65950.0
-602
-7.161424657534247
50
203
795
795
586
-7.343712312246464
-7.343712312246464
-7.356720017540013
-126
525
525
-511
-395
941
113
941
-7.408358012504113
-343
-67542.0
-343
-235
-235
-235
16
16
88
-67594.0
-67594.0
-702
-702
88
785
-881
114
236
-66884.0
236
-67120.0
-451
-66356.0
313
-826
-826
-65843.0
865
-65843.0
79
79
865
-460
515
24
-734
-66763.0
24
-833
-528
-7.253405096660808
-609
-737
-945
-967
-63744.0
-967
-847
-847
-62777.0
-847
-61930.0
-383
-383
739
739
253
101
-6.887300714678394
-62640.0
-750
39
-6.805586100725753
966
-88
-550
788
670
-62159.0
847
670
-63006.0
-63006.0
-63006.0
-6.931353135313532
-6.931353135313532
-753
-938
670
-63676.0
-7.089108910891089
-764
-7.002750275027503
21
21
-744
-755
-610
966
966
-6.949482720669161
40
-749
-6.954650522839846
-6.954650522839846
-6.954650522839846
-749
-6.87296345222369
405
-927
330
-6.854090959145468
-901
500
500
-6.811432977200132
319
-6.847323198942498
561
-6.847323198942498
-62079.0
-6.837647317986562
81
561
561
-62160.0
561
561
561
-62721.0
-693
-964
-715
-6.7288154269972456
-61064.0
555
-330
-6.7029975754904125
960
-6.596473829201102
-318
960
960
466
-310
-6.755097542158051
-310
-60979.0
370
44
-61393.0
-184
-61393.0
101
798
936
-6.857536663358695
-62191.0
-6.857536663358695
-525
-6.902425578831312
-414
-6.765516481093595
-6.765516481093595
803
18
18
936
791
-7.049520238226536
-7.049520238226536
-347
-442
-39
-64485.0
-931
-931
-425
-39
614
614
992
449
-722
-7.029019088602008
992
-64696.0
-64696.0
-64696.0
149
-64845.0
-7.156494868116102
449
-65294.0
-65294.0
416
-7.253559995584502
-65710.0
546
177
451
451
-7.385600706713781
-220
-7.385600706713781
750
-66765.0
869
-67634.0
-67634.0
-7.469243511871894
-67634.0
898
-7.569251159708416
960
960
-7.676129459847564
-69492.0
906
-70398.0
789
789
-71187.0
-460
-70727.0
-7.815138121546961
974
544
366
-72067.0
-528
-328
-895
-746
-328
-126
-71085.0
-71879.0
-7.978008619736988
-71829.0
-7.936906077348066
-71829.0
364
-314
-314
-7.944186560565871
-7.944186560565871
-965
-965
-70914.0
-140
311
-70774.0
-70774.0
-70774.0
-961
311
-7.859038142620232
32
-7.86344537815126
713
713
713
713
-71830.0
-317
-734
-483
-7.746405662464056
-377
736
-483
193
783
100
72
-7.897753679318358
-71372.0
-71608.0
-71608.0
-71608.0
-7.922991812347864
-129
779
779
-236
-566
-837
-7.744216934144991
-7.744216934144991
-578
-922
-922
-7.782291090204759
-922
-955
764
-875
-875
111
491
491
773
-7.7398671096345515
448
529
448
-70339.0
-70339.0
-70339.0
299
299
299
299
-7.824324324324325
-19
-19
-382
-70237.0
760
867
867
662
-70899.0
808
-220
-70679.0
-69906.0
773
-327
830
830
-528
-491
-491
-69824.0
-491
-69333.0
-7.685733288992351
-69333.0
-744
-7.6041019955654106
-7.6041019955654106
-27
-504
-278
318
-190
-790
-7.526560940445824
68
68
567
-67935.0
-790
-47
-156
568
-7.491122947181536
-67510.0
-7.491122947181536
-7.491122947181536
-68440.0
-930
-7.593476090092089
-68440.0
-930
-930
90
90
-7.501942070802353
403
-364
403
-7.547502774694784
-709
-7.377469478357381
823
-66471.0
-66471.0
-7.377469478357381
823
979
-67294.0
979
-67294.0
979
979
-800
-800
-324
-800
-710
-68273.0
-7.677877677877678
-897
-710
-200
-7.479791250277593
-453
-68136.0
-68301.0
-165
-773
-7.479791250277593
-67363.0
-453
-453
-7.430316490838423
-647
-834
-66263.0
-66263.0
-834
-834
-7.331852509995557
-7.331852509995557
-7.331852509995557
-587
460
-7.319373472561653
-293
-293
-7.28763470725475
-65596.0
-65596.0
-51
-7.282777777777778
-61
-64392.0
478
-64392.0
-64392.0
-64392.0
-7.152282572475841
-421
478
478
478
-7.206176405243279
-7.206176405243279
-64870.0
-64870.0
-64870.0
807
764
-64870.0
807
346
346
-65331.0
-7.257387247278382
-65331.0
346
-132
-65589.0
-44
-44
-781
-277
-277
-883
-944
-7.06268756252084
-63543.0
-7.06268756252084
-996
-454
-62093.0
290
-62093.0
290
652
-7.009340598243078
-369
-76
74
-1
-76
-6.96140585029474
-63049.0
-459
-6.96140585029474
-6.96140585029474
-6.966637010676156
-54
-62590.0
95
-6.96140585029474
95
-435
-856
-856
-856
854
-288
-7.028908160996219
-7.100500277932184
-651
450
-63668.0
-7.079728677860558
-87
-87
-7.079728677860558
-63668.0
-63668.0
-87
-64250.0
-582
-64250.0
-7.143651323104292
-582
-7.079728677860558
354
-64338.0
-7.205202312138728
-64818.0
-480
-480
310
-63871.0
467
310
-7.187903046475428
-980
-7.187903046475428
261
-980
-87
-384
-63668.0
-7.079728677860558
-7.079728677860558
-422
-64090.0
-7.2040022234574765
-710
-63105.0
985
985
-422
-7.079728677860558
-7.0770513675783855
17
-7.102512786301979
-212
-63880.0
-63880.0
-63880.0
-63880.0
-63880.0
-212
-87
-63581.0
-7.070165684421217
-7.070165684421217
-7.070165684421217
-1
-62608.0
-6.961859223840765
-681
-62947.0
-681
-6.923059817656215
342
-6.923059817656215
342
342
973
-288
-608
-435
479
-6.829254727474972
-61395.0
855
479
-236
315
-62178.0
-62178.0
315
745
697
-7.115748469671675
-310
-7.146656281295204
-7.164552736982643
-64395.0
-64395.0
-168
-7.146656281295204
-64227.0
-65026.0
-799
-799
-799
-64427.0
-7.168113039608366
-200
-836
544
544
-7.0420654351213
655
-63070.0
210
-7.017914765772783
-7.101357365376057
-757
-757
-7.020024474357548
-63103.0
724
-7.020024474357548
724
724
-757
210
-63070.0
210
655
655
-7.0420654351213
435
655
-7.0420654351213
-7.0420654351213
-63280.0
-7.0420654351213
-7.0420654351213
-63871.0
-591
655
-63280.0
-7.0420654351213
655
-545
-7.055877114870881
-711
447
342
551
551
-609
-63126.0
-63126.0
-7.028056112224449
-62372.0
754
-7.028056112224449
-74
-338
-740
665
665
-6.976943640008911
7
-20
-62626.0
-419
-6.931142061281337
-6.931142061281337
-509
-611
-550
-36
-60501.0
-60501.0
-60501.0
901
901
901
-323
765
690
690
690
693
-62534.0
-6.9737927958068475
-283
-6.943006915012268
-62062.0
-62062.0
803
779
189
49
881
-60539.0
881
-61420.0
880
-228
-61587.0
-6.869715560513106
142
-7.025315044050407
-589
-820
-6.869715560513106
-6.869715560513106
-6.869715560513106
788
485
-360
-360
209
-61378.0
209
-61587.0
-6.869715560513106
485
261
-878
-468
-6.959843837144451
406
-468
-878
394
-7.005690694041508
-7.005690694041508
-62785.0
-936
992
-6.876366882392323
223
-6.876366882392323
-61527.0
536
536
99
223
-61903.0
-431
377
942
-6.807743807185896
-6.858529510208635
-462
-6.807743807185896
-6.807743807185896
838
942
-559
-6.8975446428571425
-61802.0
430
-881
-881
-615
-615
-807
-6.69149173738276
-59756.0
-6.671430166350341
173
-6.69149173738276
-168
-6.673478503629258
-6.673478503629258
228
-59761.0
228
-943
-943
282
-6.595107785099967
-6.574762702400894
860
-691
999
0
0
-59737.0
-691
-691
-691
-59584.0
-6.65222730825053
-59584.0
-229
555
640
-59589.0
-59589.0
-874
-874
840
-58715.0
-6.555208217036954
640
-6.555208217036954
640
-6.627400625279143
-895
555
-59910.0
-59910.0
-150
-150
-150
-59910.0
-150
-150
-150
-59910.0
-59910.0
-150
-714
-714
-6.674112128657583
-714
-59944.0
-184
-184
-714
-59046.0
-537
408
-6.595107785099967
-784
408
-6.64142091152815
-6.64142091152815
-291
-59454.0
-291
-886
-886
-59163.0
-59163.0
-886
-263
-263
-58277.0
-263
-263
299
356
-345
-6.557393539733989
741
741
-345
-6.557393539733989
-345
456
72
591
189
93
-452
-419
-608
-356
93
-6.488697403760072
-6.488697403760072
361
-57607.0
737
-6.52982652490207
-644
-644
-6.52982652490207
-6.52982652490207
-644
-57700.0
66
744
-6.466584574051271
744
-6.652076570021269
-6.610744264129827
865
-6.708305350346989
-509
-913
734
-58673.0
-6.537109593641554
277
-6.537109593641554
277
-212
-212
-58369.0
304
571
571
571
-59244.0
-59244.0
-418
-1000
-58244.0
-6.4416078826559175
-57530.0
-57530.0
-57530.0
714
18
-6.438871473354232
242
-57512.0
18
-6.4416078826559175
714
-59244.0
-6.633523681558616
-1000
-58244.0
-6.522284434490482
-900
-729
-729
-476
-6.296640537513998
406
233
-56239.0
-237
629
-6.369623655913978
498
542
498
-6.369623655913978
-56868.0
466
466
-56868.0
-56868.0
466
-53
418
418
-163
-163
-163
-220
-57316.0
-57316.0
-6.423400201725877
453
-6.423400201725877
-6.423400201725877
-57316.0
453
-6.4748935216319214
-676
-676
-588
-694
-56399.0
-56399.0
296
821
-57516.0
986
-6.449428122897511
986
-57516.0
986
-784
-784
-784
-57718.0
-483
-483
-6.4256393001345895
-6.4256393001345895
-56
94
246
916
-55401.0
-308
-308
-6.246804216191971
-308
916
-6.104956268221574
957
-54444.0
957
697
-6.134110787172012
-602
697
916
-6.384882808119323
-6.384882808119323
-75
-56934.0
-617
918
-57235.0
94
-40
873
-6.427577695500954
-968
-56321.0
-440
-26
520
432
-306
-56295.0
-56295.0
520
520
-588
178
-6
-483
-152
-56399.0
-483
-423
-56816.0
-423
-477
-927
-663
-6.352194902885371
-6.352194902885371
-663
-927
51
51
414
904
-6.299303683737646
-56089.0
218
455
-56762.0
572
500
754
-748
-322
-322
699
889
825
566
-6.456169925826028
-6.456169925826028
-57447.0
-57447.0
521
566
-6.515454647634034
345
905
-57968.0
566
324
324
324
-6.616975829117481
-359
609
567
-59675.0
-59675.0
878
-6.810594983691374
-967
-59586.0
-717
-717
-6.622679716503543
-58869.0
-6.622679716503543
-725
-58144.0
-58144.0
608
-327
-58752.0
-6.5712196219621966
-58710.0
-6.604792440094498
-58710.0
-6.713723284589427
-975
-975
-6.604792440094498
-6.604792440094498
-305
-58405.0
-58405.0
347
-6.611004838528188
71
111
-6.573871947788905
-6.573871947788905
401
-83
-6.685193519351936
-800
-58618.0
547
-425
-58740.0
911
-645
-6.642575706405494
-6.642575706405494
-972
-58034.0
-58034.0
117
-62
-57204.0
885
885
-57204.0
-6.515987390227426
-671
-671
-671
-671
885
-750
-750
-225
885
-57204.0
732
-57204.0
-57204.0
-6.441166535300079
885
-58089.0
-6.649926810043914
-59058.0
-969
-6.471462343802769
-57486.0
-471
-58281.0
-58281.0
-795
-57486.0
728
-6.554154469714028
-748
-748
-6.47066771759937
-6.47066771759937
-6.47066771759937
623
-6.541554054054054
545
259
-6.633588646091462
-59
-6.633588646091462
-58893.0
-59
715
719
81
-6.780869761153673
81
-60268.0
-6.790760563380282
-204
-295
713
-60981.0
-590
359
362
-61112.0
529
-6.82856176735798
529
529
-6.888964040130763
-785
-785
-981
-60294.0
-60884.0
-590
-163
-6.796753466351031
-163
177
-407
-407
-407
-231
-60132.0
-231
495
-60806.0
-6.854469620110472
-6.787646528403967
-60220.0
-6.787646528403967
-60220.0
-6.787646528403967
-6.787646528403967
586
-6.854469620110472
-6.854469620110472
-987
-987
-6.9649458972046885
436
417
-987
-672
-60134.0
-60134.0
988
-60134.0
-455
886
886
-60134.0
640
640
-873
-6.85240726124704
-60774.0
-873
-393
-873
-873
-60799.0
-6.9271702367531
-645
-60799.0
-898
-898
-898
495
821
-60396.0
821
821
49
-61414.0
-197
85
-427
-61302.0
-61617.0
-6.948240866035182
-691
613
-237
-427
-427
-6.867666967509026
-60875.0
703
30
-6.926331227436823
-61593.0
-198
-198
-6.926331227436823
183
183
183
-6.926331227436823
183
-6.9477603520252735
30
218
218
-263
-263
506
162
297
-360
-583
-844
-515
87
-60970.0
-60970.0
-6.883043576428087
-6.883043576428087
-6.883043576428087
-60970.0
-55
-6.877610929208536
-6.877610929208536
-61909.0
-6.989049446827726
-61909.0
-994
-61909.0
-6.989049446827726
-994
-625
337
-6.846640316205534
-6.846640316205534
243
-60627.0
243
-6.874858820871922
-6.874858820871922
919
-59951.0
-59951.0
-41
-59992.0
-59992.0
-41
919
-743
-59951.0
919
919
-6.874858820871922
238
-6.9740230404337025
-6.9740230404337025
-6.9740230404337025
-753
-753
-753
559
-7.002483630616392
-443
-61585.0
405
405
-753
-6.930103884372177
-349
-6.930103884372177
-61373.0
-61373.0
987
-136
511
-640
-7.002597109304427
-7.002597109304427
-621
-7.002597109304427
-62015.0
-621
290
-576
-470
160
-76
-406
-61268.0
-76
-870
-699
-60322.0
-387
-6.858998983165744
-60709.0
-387
-6.784657100892555
271
-6.784657100892555
84
-6.784657100892555
-6.803773158608224
-181
-618
-618
733
-618
-61390.0
-6.933589338152248
-6.933589338152248
-982
-181
-176
30
30
-6.713721061547148
-59578.0
-128
-128
-6.713721061547148
-59450.0
-59839.0
-389
-389
-6.713721061547148
-46
793
30
30
-6.86638807318726
-6.86638807318726
-598
-60197.0
-59328.0
-59328.0
-59328.0
751
-6.7855206686243505
-6.7855206686243505
118
-60197.0
30
-176
-592
-6.869874618773297
-60819.0
-592
-6.803773158608224
-176
271
-6.816045197740113
-60565.0
-682
-682
-61247.0
-6.917438445900158
-6.917438445900158
-641
-6.917438445900158
-682
-682
-76
-60122.0
-59725.0
982
-58742.0
983
-558
983
397
397
-177
-865
-6.791144244888739
-6.791144244888739
-6.791144244888739
-60122.0
367
-6.791144244888739
-6.71973803071364
-6.68838207067856
271
-59510.0
877
-6.819536984754376
721
-60387.0
-60387.0
721
721
-986
367
150
-6.815655709928838
-60339.0
150
-60489.0
-6.833370989606869
-561
-6.770760366060332
394
-59928.0
394
-6.816045197740113
-699
743
743
-6.7378234828794215
743
-59623.0
743
-59623.0
-59623.0
-58984.0
-6.664858757062147
-6.664858757062147
639
743
-189
-6.801966768396066
-6.801966768396066
-6.801966768396066
-311
-60177.0
-311
-819
-58119.0
928
19
-13
-6.678652193577567
-59066.0
912
-306
-299
-59373.0
-6.715643026806922
-59373.0
405
-59778.0
806
-59450.0
-59450.0
328
-6.762217194570136
-6.762217194570136
-59778.0
806
806
728
-6.937316134872143
-237
-6.937316134872143
546
-6.937316134872143
-61312.0
546
-61312.0
546
777
755
-445
-445
143
-139
-139
967
-566
-566
-7.157400067942476
687
687
-7.157400067942476
-686
-7.157400067942476
-258
738
738
-258
-150
14
497
497
-686
-7.080520951302378
125
-7.09548080190282
871
-62646.0
301
301
-939
-7.024810241305087
-97
-97
-62008.0
-97
-97
-576
-6.9501416430594904
-808
-61561.0
-6.97417015973717
-61561.0
-6.97417015973717
582
-6.871318531943815
-60660.0
901
582
-808
551
-6.9501416430594904
551
-6.9501416430594904
551
-61335.0
-6.9501416430594904
-6.9501416430594904
551
219
219
-684
-6.962253457265926
-6.986739204352261
-6.986739204352261
-223
561
-969
-7.034799365223305
-79
-7.034799365223305
-79
-969
424
-969
-217
-6.917573696145125
183
-61013.0
-6.917573696145125
-6.993991610928466
-61694.0
-681
-681
-681
-681
183
489
-61685.0
-61685.0
-6.995350419596281
-342
-7.066681787253345
-971
-61936.0
378
-7.023018482821182
-62833.0
-62833.0
-788
-62833.0
-62833.0
-897
-62833.0
-7.123922902494331
-6.974268873271367
-61527.0
-61527.0
-61527.0
783
-62310.0
-683
523
568
523
-533
-7.0638249631561045
523
-62030.0
803
-7.123922902494331
-897
-897
-7.084911007822242
337
337
337
527
337
-897
-61936.0
-6.981746031746032
357
378
17
-61936.0
-832
-7.023018482821182
-7.00578231292517
-61791.0
145
378
378
-971
-6.957355109447658
356
-5
-6.998752127056155
-542
94
-61152.0
-61152.0
94
-6.938053097345133
-6.938053097345133
94
-428
-428
-6.949506410983774
-6.949506410983774
-6.911060692002269
558
-117
-233
-60261.0
-6.836963921034718
263
985
-60261.0
-6.836963921034718
-6.836963921034718
985
985
-6.949506410983774
-61728.0
-482
-428
-47
-47
-6.901724920562869
-47
-60818.0
-47
-6.901724920562869
-47
366
-60275.0
-768
-804
-6.840880717285212
862
-60275.0
-6.840880717285212
-6.840880717285212
862
721
-61137.0
721
-919
-6.918596730245231
-517
-6.918596730245231
-517
920
920
-59296.0
-6.731297536610285
719
719
-6.877171075036894
-571
44
-61060.0
-479
-479
-6.930760499432463
-479
-566
407
920
-635
804
-349
-349
508
-7.00636219041127
-408
-360
-360
-6.920681818181818
768
-61670.0
177
642
642
-7.103444356030465
-62495.0
-62495.0
687
-693
-191
-7.030120481927711
638
-61851.0
-62722.0
-62722.0
-871
194
638
180
-7.1247157798999545
-319
-889
-6.988969752103707
-690
90
90
90
-60861.0
-60861.0
-570
-60291.0
-6.858264133773177
107
-6.871217292377702
335
-60636.0
-60636.0
97
97
-6.910114916372739
-6.846871444823663
-6.846871444823663
549
-6.910114916372739
-6.910114916372739
397
-34
380
380
-7.060985322562294
-929
620
-34
110
-6.952998748150677
-61096.0
906
608
608
-789
-7.118042117245304
-7.118042117245304
-62532.0
-7.118042117245304
-711
-7.037909836065574
572
-7.037909836065574
-61821.0
-61821.0
-7.037909836065574
572
795
310
795
936
936
936
-63329.0
169
-63329.0
169
-881
-63090.0
-63090.0
433
164
-473
542
-960
911
-64272.0
-153
-34
-960
-960
254
-63159.0
254
-409
-334
-63118.0
-63118.0
-448
315
-279
-7.222260195944407
29
29
-62437.0
-7.112085658958879
-587
960
-279
-448
478
-64087.0
-7.302529626253419
-939
378
54
-7.235475051264525
54
-485
-7.191615402141718
-63128.0
439
-7.191615402141718
-63128.0
-198
-7.191615402141718
439
-63567.0
-63564.0
3
-797
-797
-7.152461257976299
378
-926
-926
-926
-62222.0
884
924
349
349
353
-7.381071835803877
-451
-451
-7.330482381115292
165
405
157
157
-64603.0
-919
-919
-409
-399
-656
-7.414689781021898
-7.414689781021898
-7.414689781021898
-65012.0
-65012.0
-654
-409
-409
-7.414689781021898
-65012.0
-409
-64603.0
392
824
-7.414442162902122
-64995.0
-421
-64995.0
824
-830
702
-644
-462
-7.42376169824241
-7.42376169824241
-64418.0
-324
-324
953
953
953
-462
566
-65151.0
-502
-999
-999
-7.222602739726027
-7.222602739726027
-7.222602739726027
-140
-140
916
476
-7.277771435095331
-7.277771435095331
-96
282
282
-51
447
-64328.0
-7.34757281553398
692
692
-65714.0
-694
836
-65856.0
-65856.0
-7.528901073794836
-66468.0
73
-7.592004568817819
-560
-560
-65908.0
-52
-65908.0
-52
352
-708
-7.484858873271626
-7.484858873271626
-926
979
-972
-7.602857142857143
-972
722
-7.492627728883301
-65553.0
-65553.0
-7.491771428571429
0
-7.5682285714285715
-669
802
-7.585162322816644
715
-64894.0
-64894.0
849
715
-103
288
288
-66643.0
-7.618955070309821
-588
906
-66961.0
-66961.0
-7.657061177815895
-606
862
-66727.0
-7.644294534644409
-7.644294534644409
-81
-49
-779
-302
-66727.0
-7.631175663311986
490
-7.771614821591949
-738
-211
-67217.0
-211
532
-7.664836421871425
532
532
-7.664836421871425
-67006.0
-7.664836421871425
532
-67006.0
532
-603
274
-7.658466819221968
-7.658466819221968
274
-7.690696876072777
-7.690696876072777
-65689.0
997
-994
997
-194
-65689.0
997
997
997
523
861
960
-7.900881309373927
445
445
445
-465
-73
882
882
974
-7.739010989010989
974
-68582.0
355
-68937.0
-68937.0
278
278
-175
942
-7.9690792487402655
396
-8.015347611957393
-8.015347611957393
464
464
-8.015347611957393
841
-8.042716445258819
-8.042716445258819
-8.042716445258819
-8.144165807855261
-894
-894
-70229.0
634
-247
-8.015347611957393
-69982.0
464
-70446.0
-234
-214
-705
-69507.0
-7.963680109990834
-7.963680109990834
702
-8.110219981668195
-577
-8.110219981668195
-577
-8.04503265727054
-8.060036663611365
-139
-139
-817
-667
-69392.0
-7.965623925747679
-7.965623925747679
-124
-7.952326380930552
-7.952326380930552
-7.952326380930552
-667
-7.876790830945558
-68725.0
-410
-70002.0
-8.020394133822181
217
-650
-703
76
-7.876790830945558
709
709
-7.958963778083448
-891
46
-69358.0
-7.949340974212034
46
-7.955524988537368
-7.856275071633238
-68546.0
-7.746733898693559
948
-7.746733898693559
948
858
-7.856275071633238
858
858
-861
-7.8577324315029236
-68543.0
-41
-67935.0
-7.788031640490657
-7.788031640490657
567
798
-998
-286
-242
-7.8008945980043585
-7.7457568807339445
-67543.0
-67543.0
473
-242
245
-7.9002064693737095
-7.9002064693737095
-68874.0
875
-7.9002064693737095
-855
-195
-196
-196
-67695.0
-7.749569806125961
142
-68391.0
-696
-67
-145
-67483.0
354
-67483.0
-67483.0
-67483.0
354
-67837.0
-850
-7.6457018248594055
370
370
-651
-66336.0
-66336.0
-7.615199173458845
-66336.0
271
271
-66607.0
102
102
102
102
263
331
436
-7.780725936135998
754
754
943
754
932
-776
-66807.0
932
-406
-7.780725936135998
754
-7.868236645605974
-457
-68688.0
-652
-908
-908
-67128.0
-580
552
-524
241
241
241
-67397.0
-7.746781609195402
955
-68352.0
112
-755
283
979
374
66
47
929
-666
-8.06672034970666
-70124.0
-70124.0
-49
-666
-793
-793
-68665.0
-7.900701875503394
-7.900701875503394
418
-69083.0
-69083.0
-287
-68796.0
-68796.0
641
-7.992288213627993
75
-7.898952698814593
-68412.0
-68412.0
453
-68412.0
-7.87159130134622
-544
-7.933271974229176
-68956.0
-544
453
-767
-7.842268752876208
-68165.0
247
966
247
-68165.0
247
-68412.0
453
453
-7.87159130134622
-7.87159130134622
-68412.0
-7.87159130134622
-7.7589737689829725
-67441.0
971
-67441.0
183
-7.756355688484988
-231
-7.756355688484988
-67426.0
-7.756355688484988
15
971
-7.87159130134622
453
-7.924626006904488
-7.924626006904488
-231
803
803
803
-767
-328
-68342.0
-7.868063550541101
-7.868063550541101
392
-512
-68222.0
-7.856057116536158
-704
-67518.0
-67518.0
-7.775883911090637
-7.775883911090637
-533
-7.715388159410274
777
843
-7.813385554659601
-326
-326
-326
-67828.0
-7.813385554659601
-326
-326
-551
312
406
406
-67263.0
-67885.0
-622
-564
599
-7.756800368833564
619
-7.829048991354467
167
-68893.0
-809
-667
-322
-979
-68016.0
-667
-7.7617840267373515
594
-7.936268295493834
-68863.0
-920
950
-809
-7.84920451925294
817
-7.9443099273607745
4
-7.945687269372693
-440
500
-440
-7.895859762426479
-50
565
-67745.0
670
565
-550
-7.95708847617949
-68980.0
-550
-68980.0
-550
-127
0
-68303.0
-806
-806
40
40
-876
-644
-644
-67497.0
-448
-66911.0
586
681
681
-672
-709
-935
-69150.0
-354
-69212.0
292
292
-8.020309254558043
-354
-7.980380842469706
-935
-935
-935
-709
-7.792450652199007
-942
-923
-923
-68429.0
-68429.0
-68429.0
-923
-923
-942
548
-7.792450652199007
-67506.0
-942
-942
-7.7198753462603875
621
-68111.0
-68897.0
-68897.0
-786
-605
-7.792450652199007
-67506.0
-942
-66698.0
-338
-66698.0
-338
869
-665
635
-809
-261
-261
-261
-329
-329
-935
-416
-7.445586876155268
-390
-7.401386481802426
-7.401386481802426
-7.401386481802426
650
-7.401386481802426
650
650
650
650
-7.477351513750866
-386
-975
-345
-7.282741879551497
-7.282741879551497
429
-880
265
-7.232281188576714
265
-874
-7.113899167437558
422
-7.113899167437558
422
773
773
-113
-62056.0
-113
-7.163524921938245
682
773
-7.253758963682627
-7.253758963682627
612
-911
287
650
369
-270
-7.537714021286441
286
200
-759
-7.618898912792043
-7.618898912792043
-759
42
-615
93
-270
-64364.0
-64364.0
680
-65044.0
-65044.0
986
-7.64324574603542
322
675
-7.760449230056732
-7.760449230056732
-7.760449230056732
164
-67653.0
-67653.0
-269
-269
-7.832021301227136
-7.832021301227136
-626
-693
-7.681102362204724
746
-7.7110107676276485
-7.7110107676276485
215
265
-7.768384481760278
519
-329
-7.792192748754778
-267
-67003.0
93
-286
-780
-787
-508
506
-65150.0
-757
-64710.0
326
-317
-317
-64710.0
-7.5257242178447274
-237
-64947.0
-7.5257242178447274
-484
-237
-317
-323
-65033.0
-323
-317
-64393.0
-7.463259156235512
-7.463259156235512
-7.463259156235512
-64393.0
-90
-90
-588
-7.453691897531007
-64303.0
-7.453691897531007
9
-7.455599350799908
598
598
57
1
1
-64968.0
-7.534268815957323
535
-65503.0
-65503.0
-66290.0
-7.703849721706865
-148
700
-787
-65503.0
-568
-451
-177
-177
-451
-451
52
-64536.0
136
898
-378
-668
-64672.0
-64672.0
-7.596240863209189
664
664
-7.518329466357309
-126
-64934.0
-126
664
-800
-64672.0
898
-24
-252
-7.635836137867007
-252
820
946
569
-67061.0
-7.785117250986766
630
-67061.0
-7.699709808473592
-66333.0
728
630
277
64
-67968.0
-7.892243381328379
-7.892243381328379
-590
-719
-67968.0
64
-367
305
-7.822552549065149
305
546
-66269.0
343
-7.694067107860211
343
748
748
748
3
748
748
305
-975
-67665.0
-975
-66690.0
-7.690708478513357
-66217.0
473
63
17
-506
-66264.0
-66264.0
-269
-107
-107
-762
-7.699744364396932
-269
879
-7.669378268448576
879
386
-76
-7.818202952458445
-67260.0
-76
-7.818202952458445
-7.818202952458445
-76
-761
-68075.0
-891
947
-67342.0
789
-67603.0
-68166.0
214
-777
-777
639
391
137
-7.921288222299733
228
-529
-67830.0
-425
-961
-425
922
-309
-7.912750116333179
99
-296
-7.925189063408959
-296
817
-7.987664377982078
-230
-67728.0
-7.881764226696148
-67728.0
680
486
-8.029209821948097
-7.938096346288108
273
775
-8.029209821948097
-68995.0
-788
-68207.0
-7.938431098696462
-7.938431098696462
687
-68894.0
-68894.0
-8.019322546851356
-8.019322546851356
-68889.0
5
5
-68889.0
-68889.0
-68889.0
750
5
538
-8.15527878011873
-630
754
783
26
-8.209129017233348
495
-8.267730289973215
-70089.0
906
619
-71614.0
-71614.0
475
-8.397087944088527
-680
-8.317843000232937
-71417.0
672
-71980.0
-71980.0
-563
-563
-563
-71417.0
-71655.0
-8.27348934683898
594
743
743
-71659.0
-747
-70912.0
-8.256141576434976
-70830.0
82
-685
-685
-685
545
-8.181236177394949
545
82
82
743
527
-765
-8.405962501455688
-765
-73058.0
-73271.0
-8.530795203166841
-213
-8.506986492780625
-876
-8.405962501455688
-765
-765
672
-8.452841173730787
-72593.0
-72593.0
-69
-8.445790147897986
-8.536329762459246
-73310.0
-8.536329762459246
-786
-549
-8.382832518052643
114
-72089.0
-680
739
739
147
147
595
-72295.0
595
-8.602889769284548
-940
-72890.0
-650
-8.41958041958042
-72909.0
-8.496562172240997
968
-8.572943369843859
-664
-72909.0
-72111.0
903
-949
798
-72909.0
-8.496562172240997
-669
-154
362
-72
-8.438381718549609
-8.438381718549609
-8.438381718549609
-8.438381718549609
-72887.0
-511
-72887.0
-8.496968990440662
-8.487003147219955
-8.487003147219955
-72810.0
-8.487003147219955
77
-72810.0
-72810.0
77
-72810.0
-72810.0
77
77
-511
-72376.0
104
-8.44001399090591
90
-8.451492537313433
-325
-72480.0
-325
-325
525
-8.41457725947522
525
-8.47679029624446
-72680.0
-72680.0
-8.47679029624446
767
-668
-8.490317312179188
-292
-292
-8.363159122725152
163
-8.34317041875656
-71526.0
-435
-71526.0
163
-71689.0
798
798
-8.363159122725152
798
798
165
-8.473291345929555
-720
-72650.0
-72650.0
-72650.0
-720
-71930.0
-269
826
-8.457239528643099
-1
-619
-8.386859610222896
452
208
208
208
208
-702
-730
-576
-8.300642148277875
-8.300642148277875
-576
-71095.0
-576
-673
-673
808
-8.320098096461521
-71245.0
-591
-70736.0
-82
-70654.0
-70654.0
-18
-535
779
-8.25090526807616
-70636.0
-8.301681850035038
-8.301681850035038
-71079.0
-443
-8.301681850035038
-8.301681850035038
-71079.0
501
-66
-71145.0
-66
-443
-8.301681850035038
-443
-3
936
936
936
936
-3
-70636.0
-3
-70633.0
-70633.0
-8.251518691588785
-70633.0
-70633.0
-8.32227543511272
-614
98
-905
-905
-69826.0
-69826.0
439
-69826.0
-3
-8.122897196261682
-69532.0
545
-70077.0
-70347.0
-270
-251
-69826.0
439
439
-69101.0
275
-69101.0
275
-69376.0
889
-8.106566954896003
889
182
182
-8.233637213651239
-70447.0
77
460
460
460
302
-418
871
-8.276297335203367
871
-71683.0
-71683.0
-699
-8.379076563413209
-699
-699
613
790
-8.306451612903226
-71070.0
-71070.0
-44
-8.306451612903226
613
613
-71683.0
-609
-699
835
862
862
-8.442132335749356
-368
469
-8.455916744621142
744
-73059.0
-8.54391299263244
-73412.0
-73412.0
-73210.0
-73210.0
-939
-939
-8.668342296001871
-74149.0
-74149.0
-939
202
631
-353
-527
-527
-405
-8.590271281571562
-405
-73720.0
-8.62020579981291
-73720.0
-73720.0
-661
-527
-527
-596
-618
-71936.0
-71936.0
-618
-618
-8.343238184370612
46
-8.332358446420216
-70735.0
-8.174482516664717
835
-8.273099415204678
544
-8.337700315826412
-54
139
-71364.0
826
-72190.0
-72190.0
-8.447226772759185
610
541
-8.583918539325843
-363
-363
-73336.0
5
5
-73341.0
-363
-183
730
761
-679
-72846.0
-8.529976580796253
570
231
-8.625790583274771
-211
-8.602085041583695
640
-786
-786
265
-73555.0
91
91
246
-73646.0
246
-73892.0
-776
-73892.0
-73892.0
-8.660571964369433
-776
-558
-72558.0
-8.392802719493611
959
959
-388
150
-195
-644
-72320.0
-644
-644
222
353
353
575
575
-8.543641482871891
758
-8.633579725448786
618
-783
400
-73201.0
-73201.0
-8.670969256043183
-693
-45
-8.59065837343035
-45
-726
511
-8.563160366283165
-68
-8.556181754138782
-894
-894
-11
-11
-126
-582
-299
-8.451908396946564
-71968.0
-71968.0
-299
-66
-8.41101844238224
-270
-71004.0
-8.3406554681076
329
-8.3406554681076
329
329
-8.3406554681076
-8.3406554681076
-71004.0
329
-71333.0
-983
-8.265773704617553
-284
-204
879
-881
478
-70338.0
319
-78
-70579.0
-70579.0
-70579.0
-8.299506114769521
-8.299506114769521
-642
-8.224979419028578
-225
-69706.0
231
-8.224979419028578
-8.224979419028578
-70392.0
-455
-225
-27
-154
-8.199482474711832
-27
-27
-27
887
494
595
-8.361689610542417
-71066.0
595
-8.414401694316979
-71514.0
147
-71364.0
297
476
-71749.0
-72012.0
-72012.0
-8.425244088930715
-8.425244088930715
389
-71623.0
389
756
389
667
-489
389
-8.383013763086696
748
-8.472
-263
-263
-162
-177
445
445
-60
-60
-849
-60
445
-72012.0
-8.472
-263
-71749.0
-528
-528
-8.442052006118367
-88
476
-8.489702247852183
856
-713
376
-8.553802684247705
932
932
-8.553802684247705
-72656.0
932
-8.61695114773396
-545
-72656.0
-72656.0
-72656.0
932
-72656.0
932
-8.553802684247705
932
-8.664547274225834
297
269
342
342
342
-8.774558303886925
-112
-74384.0
-126
-847
859
-74258.0
-8.748586239396795
859
-74949.0
-74949.0
-676
-676
-676
-15
242
-717
-985
-985
-645
-8.823536341147367
-645
549
-73822.0
-73822.0
-8.69619507598068
436
-8.69619507598068
-73822.0
-74965.0
-545
596
-74420.0
-8.765606595995289
-598
-8.69619507598068
-73822.0
436
436
859
-8.850830682219865
-75117.0
208
208
-75117.0
208
-284
-8.843959929286976
-8.843959929286976
379
-8.88967468175389
999
-888
-76419.0
-888
-296
-37
-358
-358
-373
-822
-8.783557442793112
-822
-74467.0
-8.783557442793112
-74467.0
-74467.0
-74467.0
-822
-8.783557442793112
571
571
-8.715178676730746
-8.667334905660377
397
571
-822
-8.687625339153001
-8.725288983250767
-8.740299563627786
-136
-136
-8.725288983250767
-328
-73973.0
-73973.0
-73973.0
-328
-328
-73645.0
-8.687625339153001
-194
34
-73451.0
-371
-8.665762151958472
-371
142
-174
-217
-499
-72332.0
-209
-209
-72332.0
-912
-8.645420207743154
-912
-912
-239
-912
422
-912
-209
-8.515112160566707
-802
-72123.0
-802
-480
-117
-580
-409
-69496.0
-69496.0
648
-8.207865832053857
-8.207865832053857
-8.297590930562116
-768
-768
648
648
424
424
648
-902
-69242.0
-8.179799173065565
-69242.0
-467
876
-68366.0
-8.075360264587763
876
-467
-8.125590737240076
964
-69353.0
-578
-718
-718
-69353.0
-69353.0
-578
-68775.0
964
-191
-756
-8.218860789411487
-68863.0
-8.136949072432943
-8.136949072432943
685
-756
-167
-8.111702127659575
-8.111702127659575
-68450.0
-68450.0
-68450.0
952
-8.090060276563054
175
175
-8.111702127659575
543
-69168.0
600
-8.248758571766375
205
-8.273974222537543
-417
912
-8.334476641040805
-28
-8.334476641040805
-28
-8.334476641040805
-70468.0
-28
-70440.0
-70440.0
143
943
751
-389
-8.462612399432087
-71244.0
-8.428250325328285
-8.428250325328285
282
282
282
-71526.0
-389
186
-590
-698
-8.290127840909092
-70035.0
-8.290127840909092
-70035.0
-8.290127840909092
-8.290127840909092
-166
-69869.0
-384
-8.226971347383376
-563
-68922.0
555
-8.161278863232683
-68922.0
555
842
-487
-168
-8.309760720208482
-70151.0
-257
-8.402700461921118
-552
-49
-552
-70392.0
-8.338308457711443
-8.338308457711443
-498
-498
-8.34229539263295
-42
-498
-483
-996
-8.394528011370365
-8.394528011370365
-70875.0
-483
-483
-498
4
4
-8.28175355450237
-609
667
-821
774
-355
-69909.0
-8.286984352773827
-355
-974
-8.13137301399099
-8.13137301399099
749
397
397
-69106.0
397
-69503.0
-174
-69329.0
374
-69047.0
-8.185773562537047
-8.185773562537047
-69047.0
-666
-8.185773562537047
-92
374
-560
-69501.0
-69501.0
144
-8.240573867678444
-172
-69329.0
465
-8.221154986363098
228
465
-474
-605
428
-453
-69748.0
-453
-69295.0
954
-8.232530549294104
857
-155
-9
430
786
-8.195917882995134
-575
373
662
662
786
786
786
-8.36973293768546
-95
872
-8.463967707467647
-338
-8.463967707467647
-493
50
50
-855
-373
-71696.0
50
-71696.0
50
-70821.0
-8.405055779729409
-70821.0
-50
975
-219
259
692
678
16
-454
-71746.0
-71746.0
-8.516856600189934
-454
-338
134
-309
-708
-911
-911
-519
-519
-8.155043364619223
-101
-101
-8.144011406844106
687
520
-68697.0
207
174
174
-68523.0
174
207
399
843
-707
-8.20634731962439
-375
-8.162743699476938
-8.162743699476938
816
-69481.0
-458
-458
-8.207253269916766
454
-877
-925
-617
-7.966932318306173
80
822
822
-7.977397097311444
-7.977397097311444
391
391
-67058.0
-7.977397097311444
391
391
-7.977397097311444
-67058.0
-722
-393
-67461.0
712
712
712
712
712
-68173.0
-8.108111322549952
-67749.0
424
424
-68173.0
-393
-68173.0
-68173.0
-68173.0
-393
-393
-722
-67058.0
-8.022362317116688
-386
391
-757
-489
-7.935744883388862
-489
773
-66976.0
950
-8.085466015950482
-619
-619
-67926.0
-619
-619
717
152
78
-8.099059411834743
152
349
355
-8.16065261402882
-8.16065261402882
355
-142
-68738.0
169
-8.209077912794854
469
-173
-69203.0
-69203.0
-133
62
327
426
-8.331545064377682
-69390.0
829
-1000
253
829
495
-8.271546072237454
-990
321
-8.271546072237454
-8.271546072237454
-69390.0
-69390.0
495
-8.271546072237454
495
495
653
-426
-8.410397043042805
-8.410397043042805
-426
-973
826
465
-247
-8.345062022900763
848
552
-8.442562328522008
591
-71365.0
-8.51407778573133
-8.51407778573133
934
-8.700190885230255
-72925.0
-8.700190885230255
-8.700190885230255
-8.700190885230255
-72260.0
-72260.0
129
-72131.0
-72131.0
-8.50494931425164
-71314.0
817
129
-72131.0
-72131.0
129
665
-626
284
361
361
361
-72464.0
-8.64416080162233
-72464.0
-72464.0
461
-72464.0
-8.64416080162233
-72464.0
461
461
-626
-539
-8.763449838959799
-539
-8.763449838959799
-539
-539
-8.763449838959799
-539
-11
-72925.0
-626
-8.626536212862426
-8.626536212862426
-555
259
259
-8.593268886501969
-684
167
-622
800
800
-71664.0
-8.556895522388059
-8.556895522388059
-8.556895522388059
275
275
-8.556895522388059
-8.556895522388059
-464
-464
-72510.0
-382
-464
-464
-8.611270296084049
-72128.0
-464
275
-8.59075710532601
810
-8.688522632270393
-72749.0
-491
-491
-491
-846
-931
-401
-70882.0
-70882.0
-70882.0
-70882.0
-401
-8.420669056152928
-71130.0
-649
105
105
105
-8.483635929288104
105
-8.497192689045514
-649
124
-70785.0
-645
-665
-70805.0
-665
-69930.0
781
210
210
341
-8.420669056152928
-533
527
527
-92
-232
-555
-555
-70151.0
-70659.0
-244
-8.415800167324011
-264
-264
-167
-340
-340
-28
-28
-70123.0
-8.40509203920631
-194
-796
-201
-201
-201
-8.332695756126718
-8.332695756126718
-8.332695756126718
-69703.0
-69703.0
-69703.0
219
-8.359875657580105
-70235.0
-70235.0
-313
18
-313
-723
-723
-68712.0
487
-640
-8.19887586701746
-8.091474351309339
890
-8.19887586701746
177
177
177
50
-666
740
-8.22102619303911
-298
863
863
863
-131
-131
-957
-70127.0
-8.389400646010289
-957
-957
-69170.0
-230
131
131
131
168
27
94
-599
-206
413
-171
766
-8.240148520780933
766
-68797.0
-68797.0
334
-8.240148520780933
-68797.0
766
-877
766
766
-69934.0
-8.37633249490957
-69934.0
-8.36071856287425
122
-8.37633249490957
-8.37633249490957
-69934.0
-69934.0
-371
377
-8.379058344315323
419
-8.385527734515394
-69994.0
365
365
365
452
452
-851
-70359.0
-70359.0
287
164
-70214.0
-8.412892403546609
432
-8.465668064709407
164
-8.48633748801534
-585
271
-70496.0
-70496.0
-70496.0
847
-70496.0
777
694
694
847
-71343.0
717
717
646
-71446.0
-71446.0
-8.564612802685208
345
132
132
-8.58146505215202
411
-847
-8.631774580335732
-8.631774580335732
-847
-8.531238757644802
663
808
248
248
-372
-72489.0
-72489.0
290
-72779.0
-72819.0
-72819.0
-72819.0
-40
-72779.0
610
-8.7327813774898
-72779.0
610
610
747
-97
-97
-74375.0
-239
-239
-8.84939397575903
-73742.0
394
-8.897743638982238
-8.897743638982238
-97
-213
979
-8.86266506602641
-8.86266506602641
-73826.0
979
-8.932412965186074
398
-8.932412965186074
398
953
-678
-885
-678
-75080.0
-75080.0
-9.016452503902967
-824
-902
-271
-73083.0
-73083.0
-73083.0
-608
-990
-71485.0
405
-988
-70902.0
-385
-385
-385
895
-8.476619786031975
-70517.0
895
895
-963
-451
-789

