-2.2131
935
776
-428
-428
-23414.0
841
-24255.0
-2.426470588235294
-24255.0
-414
-2.3852926463231614
-706
-706
-206
-23135.0
-23135.0
-995
946
-187
-22899.0
263
-23162.0
-917
-602
-22245.0
-602
-786
-786
278
278
278
278
-2.116463048267575
-2.1400821067387605
-942
-942
211
-238
703
-903
995
995
-387
-2.22561586220709
-2.22561586220709
-2.22561586220709
-387
351
-927
-20975.0
287
-783
942
393
393
71
-21655.0
217
-21655.0
217
-21872.0
-21872.0
-21872.0
-780
272
639
-23311.0
-780
-659
212
380
-22084.0
-744
-762
-2.0623371417117657
-2.0623371417117657
-195
-880
965
965
-18731.0
772
772
965
-20468.0
-20468.0
62
136
-2.072194926301013
463
460
-2.165179019155551
435
-22024.0
-2.209027081243731
-22024.0
-22024.0
-22024.0
-990
25
-2.1126605136436596
-21059.0
-2.1126605136436596
-776
116
-776
-706
966
-525
-525
966
830
51
-22200.0
635
-2.250777722027095
155
-22274.0
-2.2349989965884007
-22274.0
155
-229
904
-22200.0
904
-23801.0
-23801.0
-23801.0
-697
-455
-23800.0
497
-954
-239
-2.3189802268393054
-455
-243
-2.2493725529565305
-22406.0
564
-2.2493725529565305
564
-22970.0
339
-22970.0
-22970.0
-2.3062248995983934
-311
-2.275228436590019
193
-22852.0
-2.2948383209479815
-22852.0
-22484.0
-22484.0
368
-2.2576563912039362
-22414.0
-2.2504016064257026
-2.2504016064257026
-2.3474550747916876
-969
70
-22484.0
-2.2576563912039362
368
-2.2948383209479815
-22852.0
420
-22852.0
420
841
907
581
-2.513309894525364
581
-25020.0
-25020.0
581
-2.5719308820574645
-46
-2.5675675675675675
-25555.0
-25555.0
373
-83
977
-2.48980206972772
-2.48980206972772
691
-152
-261
19
367
852
-658
-763
-24876.0
515
734
-2.627476616715277
278
-2.7101478427034094
-544
-764
440
-864
-25689.0
255
-2.605109635888151
44
135
-26079.0
-2.62364185110664
-864
954
-863
-863
-2.5466438562946565
918
918
-2.639291465378422
-26224.0
-34
-734
-734
-34
637
-629
-26224.0
232
984
-27440.0
-27440.0
-2.762230722770284
-456
-26
-417
23
23
-940
-2.677003624647604
-26588.0
432
-2.677003624647604
432
652
-945
-2.720773336018528
-27020.0
-460
30
-836
-755
-308
-991
618
-2.5500251889168766
-2.6237154946604875
-2.6237154946604875
-26043.0
-2.5793291024478693
438
438
-26542.0
-2.6737181424398107
-499
-734
727
-26036.0
-751
-26036.0
-26036.0
-2.62353889560661
-2.62353889560661
-27029.0
-27029.0
-2.7142137604512944
-26944.0
85
-69
-27029.0
-69
-69
-69
-2.6276445698166433
878
-617
103
-877
-27210.0
-27210.0
-2.7410093683892414
-2.7720588235294117
-311
-27210.0
-2.7410093683892414
-2.7410093683892414
367
-27210.0
367
-617
-27577.0
-617
-924
-26960.0
-2.7163727959697734
-2.7264027400020145
-27065.0
-513
408
-924
-2.6900060447310095
-2.6900060447310095
-2.6679762264531077
216
-2.6900060447310095
259
259
-924
-2.7163727959697734
-2.7163727959697734
-924
-2.62353889560661
-26036.0
-2.712241813602015
-26919.0
-883
-391
-2.62353889560661
-391
-391
-26036.0
-25703.0
162
-685
162
-2.573141245214588
-2.573141245214588
162
162
-2.589722921914358
333
333
-391
-391
587
-2.6438218101189275
-785
237
-2.6276327723470723
-26074.0
158
-785
-785
288
-25447.0
-2.5649632093538957
288
288
-2.5942540322580645
726
224
-2.5714141719584718
224
-2.5714141719584718
224
726
235
235
-26696.0
553
-2.7074301844944046
-159
-159
-26696.0
-768
-27546.0
-760
-27546.0
-850
-26696.0
-768
-361
88
88
672
672
-2.6236385639370714
-26016.0
672
672
672
-934
-934
-25754.0
-985
-25754.0
-2.5977405688924753
-985
172
-2.498638151921719
-2.498638151921719
-2.498638151921719
172
172
-24941.0
-20
943
382
-2.5162429378531073
-24941.0
-24941.0
643
230
891
-2.635354656442337
-2.635354656442337
-305
891
-333
-377
-25995.0
847
-2.6588959531738823
-533
-25814.0
181
-25098.0
456
897
847
-481
850
154
165
154
-481
247
424
363
-858
-2.728539688951727
761
294
-27804.0
-27804.0
-25
-27804.0
-27804.0
-2.8079175924055746
-25
294
-2.8356565656565658
-682
175
214
214
214
-2.8356565656565658
-682
-27391.0
-522
930
-26413.0
-2.6682493181129407
10
456
-26869.0
930
-553
-27246.0
-27246.0
-27303.0
-27303.0
-57
-57
-27246.0
446
-27692.0
913
-2.798585144012127
-27692.0
913
-28605.0
-963
-27642.0
650
-34
276
29
-393
403
-28292.0
-34
-841
-28258.0
-966
870
-2.945197168857432
-2.945197168857432
618
-604
-2.9472087378640777
-29142.0
-2.922944686014764
-317
-29222.0
-317
237
351
-2.98300799029028
-29
369
198
870
-3.1266821815238286
-3.1266821815238286
956
-31857.0
-804
-370
-804
-815
-965
-78
886
886
442
262
-3.11746835443038
-30622.0
163
-30785.0
-30785.0
-3.11746835443038
-3.11746835443038
-133
-3.104314360947944
-471
237
-58
-3.075676223280316
-30360.0
725
430
-3.0958459979736577
334
334
-3.0958459979736577
959
-865
-588
-3.155100800324182
-3.155100800324182
-588
-3.155100800324182
-588
959
-3.193332657817408
-3.193332657817408
-541
-31146.0
-30418.0
-791
-982
-31209.0
-791
-791
728
-354
369
-3.193332657817408
-3.193332657817408
-541
947
684
-3.304784107034259
-179
156
-3.303122465531225
-3.303122465531225
-3.303122465531225
375
663
-649
-649
-3.4090448184952344
534
-32741.0
534
-33275.0
-33275.0
-33275.0
345
-3.4090448184952344
132
-3.4090448184952344
132
953
-3.4227765946658555
-369
-369
-33835.0
-3.4301500405515
-33835.0
-281
441
-3.4020075027881984
-33554.0
441
441
-33643.0
-222
-222
-222
-222
352
-411
-411
-3.4470695599269927
-243
-33752.0
-33752.0
-871
22
-677
-32903.0
-677
53
53
-3.2747286192553515
-14
-32265.0
-259
-259
-94
-3.2384818347879034
-3.2384818347879034
-3.2384818347879034
-3.2384818347879034
-71
-3.231604587435299
-31841.0
976
-582
-32817.0
-3.330998781973203
-3.330998781973203
-603
607
-3.2701248604202617
-30
607
607
-631
-3.2683521169661893
-32190.0
-32190.0
-3.2683521169661893
-739
-32190.0
-739
-334
-999
466
-30270.0
-3.135736040609137
-617
-617
-3.135736040609137
2
-617
890
-43
973
-840
-840
-916
373
74
-30781.0
-30978.0
-197
-3.147211216092655
-193
-197
-228
-94
-94
-503
-30050.0
-2.9815078236130867
849
-30193.0
-143
-538
-56
-538
-2.999491818274215
-29512.0
-94
-30482.0
-3.0977642276422763
-3.0977642276422763
-781
-29701.0
-283
-29701.0
-283
-168
-405
-29387.0
-29387.0
-137
-2.9178778331131214
-2.9178778331131214
-2.9178778331131214
989
-29698.0
-448
-448
976
-2.9734675205855443
976
5
-418
4
4
-662
-662
-662
952
-3.0624554979147596
448
798
-29595.0
960
-30555.0
702
702
-71
-3.180079357004782
-31257.0
-71
-30572.0
-30572.0
-3.1100712105798576
-30572.0
-30572.0
541
791
685
-71
-639
-639
-3.1731786731786733
-498
-734
-27
-29954.0
-27
-29927.0
-999
-868
-28905.0
23
282
-868
-2.9446254071661238
-28928.0
-868
34
769
769
-2.938906425007637
612
-595
-595
896
896
596
231
-30603.0
-30603.0
-328
911
-5
-3.084564442180336
911
-694
-31186.0
-694
-31186.0
-31186.0
-31186.0
-694
513
-737
261
513
-484
-30492.0
-3.1073066340568634
305
-30492.0
513
-954
-31005.0
780
198
423
424
-3.347267536704731
737
-3.347267536704731
-32830.0
739
170
46
-3.445690973992861
63
63
178
-3.470978271957564
183
183
908
908
-35117.0
112
-3.583001734516886
112
112
112
-3.583001734516886
-3.583001734516886
112
-850
360
-948
-3.594795918367347
-186
-850
-986
-986
-986
-34379.0
-986
-34180.0
-34180.0
-3.4881110317379322
-34180.0
-787
-34180.0
-34180.0
-3.4881110317379322
-787
-3.5442857142857145
-554
-3.4881110317379322
-787
-787
-366
-3.3711340206185567
-3.3711340206185567
893
-3.530060222517097
-664
-34584.0
-664
-33920.0
590
-3.462637811351572
-3.462637811351572
590
51
707
707
-34561.0
-34561.0
707
707
707
-3.52879313865632
707
-528
-33851.0
889
-34740.0
-678
58
-3.478909202328669
-34062.0
58
973
152
262
-678
-678
262
-847
-34398.0
713
-156
65
-3.579313164349959
41
-34
-3.583869978534192
-34
-64
-64
571
-675
-675
844
844
-3.65753144493302
-35767.0
493
-855
459
-474
-3.6685761047463177
511
-771
-3.708542199488491
-36251.0
-3.708542199488491
-647
-491
461
461
-3.5928578737337564
-35113.0
-35095.0
-34430.0
665
-3.4252250409165304
945
-34430.0
-3.4522299509001635
681
665
168
665
665
18
-35095.0
-35095.0
18
461
-35647.0
-35647.0
-35647.0
-73
-3.640401146131805
-34945.0
-43
-34083.0
819
-34083.0
819
-381
-381
-3.6098833640270103
-381
-3.6098833640270103
-381
-34902.0
672
-101
-934
-3.630437007471088
-35473.0
-878
99
-35473.0
-934
-3.5352098259979527
774
-34539.0
543
543
-33996.0
-3.4792754068160883
543
543
774
-34539.0
774
928
-289
-602
157
-736
-35507.0
-736
-736
-3.5436763952892987
-3.5436763952892987
-34604.0
167
625
625
-3.5611429741909055
-34771.0
-794
174
-3.498360991600082
270
-3.5263804938018644
908
-491
558
-766
-766
-34630.0
958
-3.549246694680742
958
413
413
-3.6905176832393645
194
923
-613
-3.8058033425612634
-613
-613
-613
573
-37078.0
365
365
-37443.0
-3.9292380268690392
-871
306
349
-396
349
-633
-8
97
-916
-37248.0
-118
-37130.0
901
523
523
449
-39003.0
-39003.0
-366
135
-3.9806981519507185
-998
-37774.0
859
-38633.0
-3.9672417334154857
-162
-3.939515300883138
108
-3.9510116052172126
-3.9510116052172126
-38471.0
277
601
898
898
-3.9398233723557197
105
105
105
-3.9510116052172126
-38471.0
335
984
984
984
-38427.0
984
984
-4.047550580260861
-4.047550580260861
-605
361
-4.02331792501284
470
-4.0720156153688105
-4.0720156153688105
-4.0720156153688105
-4.118746789933231
-40096.0
-4.01910435497124
818
-39411.0
-281
966
966
-459
584
-4.0720156153688105
584
-488
788
-40521.0
878
-984
-42383.0
-4.355461925804131
-42383.0
-984
673
-4.324390995991366
185
-4.343852796052632
-4.343852796052632
-365
-4.306774956307186
-41892.0
661
717
717
-42938.0
-4.352693256578948
595
-658
-43199.0
-39
-43199.0
-39
-574
-574
-43160.0
-43160.0
-222
-43160.0
-222
363
-42938.0
-4.414310681607896
900
-970
-63
-63
-43901.0
-4.5316611842105265
-911
-4.593011305241521
-4.593011305241521
-4.593011305241521
-4.607851197204809
-4.607851197204809
-149
305
305
-911
-183
-43076.0
825
-63
-568
649
-4.516556972439325
-43919.0
-43919.0
-43919.0
-43919.0
-632
-632
456
-4.499382843036412
-81
-43743.0
-81
-43743.0
-81
-43662.0
-43662.0
484
-648
132
-816
-4.406092415354533
-185
-257
654
-41975.0
654
-4.319748893691469
654
-257
886
-4.453160387070208
-4.453160387070208
-4.453160387070208
-584
47
-42721.0
124
124
124
762
-42845.0
762
-42845.0
717
717
-4.540512714918151
-4.540512714918151
-781
-4.540512714918151
-781
-476
762
-43607.0
-4.490937178166838
935
935
-45395.0
-45395.0
-481
-46345.0
-950
-4.771931630971993
-950
-950
-737
-116
-525
-4.4285861394295125
-43006.0
-26
-26
839
839
-896
-896
198
-4.513235142651149
97
198
-125
-44017.0
-4.500566484704913
-43696.0
-43696.0
321
-125
-125
-42934.0
-42934.0
958
-43892.0
222
21
240
-467
977
-437
-338
572
263
263
734
933
-45679.0
-45679.0
-45679.0
-45679.0
-4.710632154274518
-4.710632154274518
933
237
-4.710632154274518
-45679.0
-45679.0
-45679.0
933
-4.710632154274518
933
-4.807343234323432
-773
-140
-140
-45839.0
213
213
-4.7281072717895825
-945
213
-4.81691593604951
431
-648
-560
-46978.0
-4.84559051057246
-4.84559051057246
-926
-4.84559051057246
-926
-4.750567361254384
-4.750567361254384
-46052.0
-4.71253223310985
364
791
-4.792719397751882
-307
-47068.0
-47068.0
-46236.0
-46236.0
832
832
-824
-286
-286
-4.823881212621159
-307
-4.823881212621159
-4.823881212621159
-307
-46681.0
-206
-4.792719397751882
-4.792719397751882
-46475.0
791
791
-987
-46279.0
-227
-227
-560
-560
944
-46052.0
179
-4.742058580858086
-4.742058580858086
-249
-249
-45211.0
519
-45730.0
322
-4.750567361254384
-46052.0
-560
-439
-4.714020427112349
-640
24
-176
-870
826
826
826
-378
-43408.0
623
-4.479669762641898
623
-44031.0
826
-4.630161023947151
-4.630161023947151
712
-627
267
-253
-45086.0
123
-253
-4.667940113577697
-4.667940113577697
49
-4.667940113577697
119
-253
242
-4.667768253640401
-165
-165
430
430
430
430
499
499
-209
-4.69610577419688
832
-646
-646
-46295.0
-867
-646
-4.8055785123966945
-869
908
-909
-44740.0
-4.622855961975615
-4.670420497985329
-465
-350
-44390.0
-4.538437693738376
-4.538437693738376
-43867.0
-200
56
-478
-4.466632231404959
630
56
467
-2
-936
-4.5874328234807775
-44388.0
-884
331
-44380.0
-545
-891
-43835.0
-891
-822
-822
-891
-324
-324
-324
-324
-108
-108
576
-4.466549477820288
-4.466549477820288
88
-43196.0
-43196.0
88
-663
-43196.0
-43196.0
88
88
-43284.0
-174
-4.458578963698417
118
367
-370
-107
-107
-609
-609
-578
-42879.0
-4.4365235385411275
140
-43550.0
763
-834
-43550.0
-728
-4.429709320368263
-42822.0
140
-83
-42879.0
-578
739
444
477
-748
-4.5774604160198695
-748
-43484.0
-857
-42396.0
201
756
-43152.0
-4.465693883886992
-43152.0
-43152.0
337
-862
-43489.0
-862
-307
-307
110
-42430.0
570
-4.452267550217436
-4.452267550217436
-4.452267550217436
-494
-4.401573987780885
-925
-302
-302
-41581.0
-302
-302
-917
-568
-4.02983219390926
890
890
-775
-4.042581848321591
-386
-716
-4.215594905250078
-4.215594905250078
-41731.0
-4.3229813664596275
-29
-459
-41731.0
-4.3204265451910135
-232
-41499.0
226
-4.33416149068323
-41868.0
-4.33416149068323
-41868.0
-979
-663
-42531.0
-663
-979
610
-789
812
-994
-4.167771333885667
-4.167771333885667
284
-40528.0
-674
-674
-517
-517
-233
-835
-3.9475810628820054
-38106.0
396
555
-3.9311094996374183
555
555
-199
-38303.0
-38303.0
-3.8650020721094074
998
998
-38303.0
-4.017302113551596
-38775.0
-4.017302113551596
851
-38775.0
-472
-38303.0
-128
-3.96881152212206
-3.96881152212206
-38333.0
-30
-38333.0
-30
-30
-30
-128
-934
-3.8595709399937816
964
964
-37241.0
-3.8595709399937816
-3.8595709399937816
-3.8595709399937816
964
541
-4.016378148647248
-39553.0
-807
-729
864
-744
864
-515
864
-38881.0
-38881.0
-451
-316
-3.9388220655329738
128
-140
-140
-3.938394523957685
-37974.0
-37974.0
218
-556
-3.938394523957685
-556
-664
-3.938394523957685
-556
-936
478
-78
-36560.0
-36560.0
-36560.0
-78
478
-3.7060470905507725
752
752
478
-36630.0
330
442
433
-37402.0
-3.8806806391367505
433
433
988
-4.0289539227895395
-162
-99
-493
959
-39028.0
-607
-38421.0
-855
661
-3.9009345794392525
635
635
-37566.0
661
661
159
-519
749
-519
139
-3.933416432948998
-693
-693
-693
-693
-37638.0
922
-39422.0
-862
-4.094090767473258
-862
-38560.0
-693
139
-424
-3.9046233766233764
-400
-400
-957
430
-346
863
-37172.0
-150
-3.7954261954261956
-36512.0
510
510
-3.848840835845722
-760
987
-37249.0
-37249.0
-37249.0
-37249.0
-3.8732452947904754
-37249.0
-3.8732452947904754
-3.8732452947904754
-435
-37249.0
386
-3.8732452947904754
-3.8732452947904754
-37249.0
-37249.0
-37249.0
-37249.0
-37249.0
-37249.0
-37249.0
-435
390
390
-37505.0
-37505.0
-301
-301
-537
-36667.0
-3.813917204077387
-3.813917204077387
132
132
0
0
-36799.0
-442
462
-36819.0
-36819.0
-36819.0
-893
-3.8313215400624347
-3.794610342316096
-3.794610342316096
349
-3.794610342316096
349
-893
975
-921
-3.745185802019361
-312
-312
-312
-35668.0
-473
-83
-83
-83
287
-3.6559766763848396
-3.6756897449245183
-193
-3.6559766763848396
-3.711087975013014
-533
-35112.0
-35112.0
287
601
185
768
-475
-3.8001875195332846
-36478.0
-36478.0
-3.7509375
469
469
469
-36478.0
-36478.0
-3.8001875195332846
331
-3.8001875195332846
331
-201
-3.8145253725122434
-37224.0
-382
-616
-36608.0
-3.8145253725122434
-860
-3.7253022092538557
-52
-973
-34775.0
887
351
351
893
-3.7025534132360605
136
136
-35832.0
-35832.0
-306
145
-800
-151
-151
-3.5923108981037717
-3.5923108981037717
295
-33908.0
71
-3.4715625
510
-3.525054693197208
71
71
497
71
866
-3.6234239866624987
-3.6234239866624987
607
145
136
893
-3.8105910559783176
140
-3.789978122721117
62
-3.79683267347364
-36442.0
-3.79683267347364
140
-3.8118161925601752
942
-350
-3.8743095362167796
-3.777303042934556
-3.777303042934556
-36247.0
927
927
-37174.0
-826
-3.8743095362167796
-826
207
-3.8105910559783176
-508
-3.813946216385241
-36591.0
9
-553
-478
-36525.0
-3.8014383989993745
54
-3.8074637756697594
-3.8074637756697594
-478
625
317
625
-3.8235846105724116
556
52
-88
129
-3.8928757692708875
-650
-36671.0
-61
-36671.0
-36671.0
-61
-3.825474650532026
-61
-61
-36610.0
311
311
-857
311
574
79
594
509
-3.921310791066583
-117
-117
-37574.0
-400
-3.8799707754931636
-547
-3.8390900553062717
601
708
-816
601
-570
-36825.0
-3.8427423562558696
125
-936
-3.8427423562558696
566
-570
-36821.0
-194
-194
889
750
-466
-4.0434283328113585
-38732.0
-466
-3.9951973272081855
-396
-604
790
535
-3.9745169712793733
438
535
-38591.0
-4.030812617505744
-38591.0
-426
402
-4.029147513581279
925
-38567.0
925
-898
-4.126214606624178
285
-4.096009193480986
-39207.0
-4.096009193480986
285
-39492.0
-39492.0
-4.126214606624178
592
-423
-4.032180545397555
-4.032180545397555
-4.032180545397555
791
-38592.0
791
791
278
278
-39661.0
-4.144738217159578
-882
-883
-882
-882
-882
-39933.0
-39933.0
-882
-39051.0
610
381
-39280.0
381
-617
-38275.0
-38275.0
-4.054017344060182
-297
-4.0234064785788926
-4.0234064785788926
-38504.0
-38504.0
55
-4.0234064785788926
-229
769
769
-39044.0
-580
415
415
-297
337
337
-642
-4.136016727652901
-642
-642
72
-38991.0
309
309
-38
-39300.0
-38
-39262.0
74
-4.1146443514644355
-560
873
-39649.0
-620
829
-4.083812912001674
-39029.0
829
829
-4.1709920468815405
-39858.0
52
52
52
-860
251
-4.1768707482993195
-39910.0
-860
-39050.0
809
809
-4.172406573851147
-933
-933
828
-38926.0
-39233.0
-307
115
-4.0507693918140895
-38697.0
229
828
202
634
944
-41534.0
-347
147
733
-41534.0
-347
-4.275107341082836
-4.275107341082836
711
711
-347
-347
785
49
49
-4.480674557452603
-42777.0
-834
78
78
-506
808
-706
-4.3869041382923
439
-41873.0
439
11
-4.43336127409891
11
-42323.0
-706
-4.4349785182856545
-42323.0
-706
-41617.0
-883
-40734.0
-4.269363798343989
954
954
630
-4.335849056603774
-340
-634
-4.234640385825121
-246
-40636.0
-246
-4.234640385825121
-4.25285669357375
-178
-4.234640385825121
-4.234640385825121
715
-4.234640385825121
-4.234640385825121
-40390.0
-40390.0
-4.234640385825121
196
196
537
-232
-41123.0
-4.312395134228188
-4.312395134228188
-4.312395134228188
659
878
-42660.0
-265
-83
-42312.0
-423
826
-4.31319488147682
-41122.0
364
-41122.0
655
364
826
-41486.0
-41486.0
826
-42312.0
652
-703
-703
-41712.0
-4.375078665827565
-41712.0
799
-42511.0
-199
-854
283
-42312.0
283
-226
-226
-226
-614
-42595.0
-226
-226
-4.4691008288742
-226
-4.445855194123819
681
920
-43970.0
67
-44037.0
-148
-148
-148
-148
30
357
-44276.0
321
-44276.0
-4.648887022259554
321
-4.683083062060275
-67
-67
-44597.0
-67
-813
-4.5916395336624305
-4.5916395336624305
29
-43717.0
29
-396
-396
-396
-44113.0
-396
29
537
-44283.0
-4.6520642924676965
502
935
206
206
-363
-45357.0
-4.766393442622951
-45357.0
-45357.0
-194
-947
-4.746505517603784
-45163.0
-947
-4.647466890897625
125
125
975
975
-4.647466890897625
-145
-44143.0
-72
-44143.0
-72
-72
-44143.0
-44143.0
-72
-44143.0
-72
-72
-125
-43946.0
-165
-43025.0
-41221.0
-179
-41021.0
607
-241
-166
-166
942
-41221.0
-41221.0
942
862
-42163.0
-4.43167963001892
-41698.0
465
-4.372674724119811
557
862
-4.522758330705351
-43025.0
921
-4.544097550720068
718
-4.544097550720068
718
-165
-43562.0
-43562.0
-43239.0
-4.586714315745217
-399
-399
323
219
219
922
922
-979
-979
796
-44520.0
-44520.0
369
-44520.0
-778
-778
369
-4.682372738746319
-44520.0
369
-44889.0
415
724
-659
724
-451
-4.795559764309765
-571
-46148.0
-4.8551288795370855
-571
-43
-564
-44970.0
844
-4.732687855188382
844
-44970.0
844
-30
-4.819368421052632
-45784.0
71
-45855.0
-243
-729
364
-175
364
-44883.0
364
-4.764848357203033
-4.764848357203033
154
277
277
277
-4.7184670456938305
277
-4.748130988733284
-4.74415666456096
-45060.0
33
-4.748130988733284
-45093.0
-45093.0
-45093.0
154
-45247.0
-366
-366
323
323
407
-4.8254001684919965
-45822.0
-941
323
-4.761322940804718
527
-45731.0
-4.8173390919624985
-900
-63
130
-44906.0
-138
-45443.0
-537
-931
-45245.0
808
-4.765139547130069
604
-221
336
-4.787910699241786
-221
-553
-221
-4.787910699241786
-221
-4.765139547130069
-331
808
-931
-216
-44906.0
-44906.0
-138
794
-576
-4.740857835388344
-4.740857835388344
-4.740857835388344
-4.740857835388344
360
835
-45346.0
-45346.0
835
-46181.0
-4.867819120902287
659
169
-999
-999
-47009.0
532
-59
-50
-47482.0
-5.007065274702098
-5.080442804428044
-636
62
62
-48188.0
62
-870
-48250.0
-48250.0
-5.141591987348445
-5.141591987348445
-518
-768
-47482.0
-50
492
-50
-47482.0
-50
-5.002320185614849
-86
-47432.0
-47432.0
-86
-4.99377702773969
-645
-4.92626582278481
-46701.0
-709
-4.851988606393079
571
571
-778
931
-46716.0
-46716.0
684
684
841
-5.091935824361411
-48763.0
-48763.0
-522
324
324
212
-490
-490
-490
-490
-5.098405659381269
-48287.0
299
-5.098405659381269
-287
-558
-48061.0
-5.074543342836026
-61
-61
-558
-47442.0
-47442.0
-47442.0
455
-503
-430
-430
-5.006232174923418
-5.006232174923418
-183
928
-183
95
-46637.0
651
95
11
11
-47394.0
-47394.0
-430
-283
517
-47198.0
-4.987109044801352
-715
-4.91207862200148
-731
-46106.0
-4.871724429416737
-46106.0
377
-4.91207862200148
-731
-45752.0
-4.835341365461847
-808
531
-399
228
386
-4.916261366039332
-801
-801
-667
-812
-717
-43501.0
85
663
663
-4.671638633238126
-726
88
439
-236
-4.63273727647868
668
-4.703915343915344
286
-4.734680918615727
218
-963
-372
-24
-4.6158814187400745
-769
-769
-672
-43597.0
-769
-769
-42828.0
264
-43092.0
-4.563380281690141
-540
-43719.0
-43719.0
-4.629288437102923
-627
-540
-540
-4.50667231518746
-708
-43232.0
-43232.0
-680
-549
-553
-42556.0
-553
183
-168
-42018.0
-42018.0
-590
-4.451530882508741
-590
-590
-67
-41495.0
-4.396122470600699
-4.396122470600699
-67
-41428.0
-4.389489298580208
-226
-344
-4.232489138497404
-39942.0
916
-40858.0
-40858.0
-4.330012717253073
-4.404640813731723
-41571.0
143
-856
-40858.0
-324
-40987.0
-40369.0
618
-453
-453
136
-402
-299
-39833.0
-4.22272871832927
-39896.0
-63
-4.252278990884037
-283
-4.374801313976899
-431
-40259.0
922
595
-241
-497
-497
189
-283
-39833.0
777
-40610.0
-4.305555555555555
-544
-544
-40610.0
149
-40759.0
119
119
331
331
331
913
-42122.0
-617
-617
-42470.0
-348
-42470.0
-4.455143160127253
-4.455143160127253
752
-495
458
-348
-348
-617
-617
-4.439435723377175
-350
-350
-669
-41505.0
-669
-42115.0
-4.467013152312261
-610
-4.402779251087303
76
-4.402779251087303
-4.402779251087303
-669
-40836.0
-40836.0
571
-37
-37
-37
-37
727
-4.393315649867374
-4.386484192658604
-4.386484192658604
60
-37
-37
-37
-4.389855687606112
493
333
-858
-4.387856915401762
-200
783
-55
-55
-4.393228613882403
-55
-200
-877
-41138.0
-877
-877
-166
-877
-4.1893842887473465
-39464.0
-39464.0
797
-39464.0
-39464.0
-4.1893842887473465
797
-913
-843
-843
-843
246
-39172.0
246
-714
-617
-4.022186836518046
-37889.0
-811
-37752.0
-4.007217917418533
137
-37752.0
137
412
862
-4.074408236917525
-38385.0
-496
-4.074408236917525
-496
-3.9906601570791764
785
785
785
-38385.0
-496
807
-610
722
384
384
-39802.0
-19
414
745
-39057.0
-4.147058823529412
607
745
-19
-414
-39369.0
263
-395
-395
880
-418
-587
-4.218361491871215
-4.218361491871215
-587
-4.1347359472957175
200
-838
-4.0678074184291635
-4.0678074184291635
-38274.0
875
-38274.0
875
803
803
-4.1612457482993195
-39149.0
-39149.0
-903
-39149.0
-903
-4.065695758477729
-4.051126700680272
133
972
791
-40009.0
-330
-4.254013822434875
-871
680
848
-4.07123870281765
-38290.0
390
-930
-930
-207
-38497.0
-207
103
103
-207
-38939.0
-849
407
407
-4.092813098022539
-207
-38497.0
-207
848
848
-39138.0
680
26
-4.237821740055307
-962
-38882.0
-152
-197
-455
-4.099691456537929
-4.099691456537929
-455
797
-3.966485796361315
797
844
729
428
939
-317
-38605.0
554
-525
-936
-454
-454
-650
-848
-848
665
-35842.0
665
-3.8162265758091993
-35842.0
468
-35374.0
468
468
-3.7629337875239512
-3.7629337875239512
25
247
247
-3.7659959544341532
468
468
665
35
-371
-371
-3.891586794462194
-371
-351
-351
-351
-584
148
-3.722092032381764
-537
-3.778890190648631
-537
293
148
148
-3.7364720920323817
-35078.0
-3.7364720920323817
-3.7364720920323817
-3.7364720920323817
638
-332
-343
-339
821
473
473
748
-35996.0
-38
748
748
-36744.0
-622
-3.8509594882729212
-803
-803
-35319.0
-732
-732
-34811.0
-3.811747148491632
-35758.0
-35758.0
-3.811747148491632
-947
-500
-947
-3.711194029850746
-839
-839
-3.6221345559228064
-988
-33972.0
615
-3.6880998080614202
926
-163
985
941
985
-35477.0
-35477.0
-269
858
-35477.0
858
763
-263
-263
-37098.0
935
935
-38126.0
-4.066339590443686
-4.066339590443686
-175
-567
-567
-853
-37951.0
-853
-37098.0
-474
-474
-845
-3.8176483141271875
695
-401
-401
-3.794111371879667
695
-3.868665315267257
-37633.0
-678
-3.91339590443686
941
-589
-589
-783
-36261.0
-482
-55
-35251.0
651
-178
76
833
438
-327
-3.765044814340589
438
-3.765044814340589
-35286.0
438
-35169.0
117
438
438
-3.765044814340589
438
-35286.0
438
-35724.0
76
-35800.0
-35800.0
609
248
-758
-3.8324970641614176
756
-36655.0
-279
-279
-3.9429913526209033
-279
-36655.0
115
115
-37290.0
-3.9814221652786674
-37290.0
-520
-36770.0
-280
-3
-36490.0
-3
-3.896934743137883
-808
134
324
731
-36868.0
307
-4.043376068376069
-37846.0
-978
307
-37175.0
-709
-445
-445
993
993
-3.975737494655836
-183
-4.042432663531423
-3.9871753767233087
513
-3.9871753767233087
513
-807
-4.013360410431808
-94
-535
-3.956600748262961
-3.961419258309287
234
-287
-405
-405
781
532
-37922.0
-37922.0
-4.054961505560308
-4.054961505560308
-785
-372
-36765.0
-3.9320855614973262
-896
366
-462
635
-3.850342319212666
-35993.0
-220
-35773.0
-3.827217288969723
-3.85344458707745
-36022.0
-36022.0
-36022.0
-36022.0
-36022.0
-3.85344458707745
-36265.0
400
400
-643
-643
-249
-36022.0
-249
635
936
770
-37344.0
-347
-980
734
-3.933954185399272
966
9
973
-36808.0
-3.9392123287671232
407
973
973
-471
-471
227
-364
849
-364
-4.141083279811603
-969
-4.0377903864682585
143
766
694
-4.0372551118723905
699
-667
-4.030617706883631
761
-4.112526766595289
-829
903
-262
-198
145
-36977.0
18
145
821
821
821
-626
-3.954063604240283
-3.954063604240283
-571
-626
-36927.0
-3.954063604240283
-36927.0
-36927.0
-626
821
-37122.0
-673
-36449.0
-30
-30
-36449.0
-3.9041345329905743
-36449.0
-36449.0
98
-36449.0
343
-36792.0
-707
-3.86223888591323
-3.7630676949443016
-35132.0
-35132.0
922
31
313
79
79
-116
-3.896795627478298
-649
-3.896795627478298
-36361.0
-601
-3.896795627478298
-36361.0
-649
-35712.0
914
566
-3.9871355060034306
-578
674
-553
-37288.0
-553
-84
804
701
701
701
701
701
701
933
-4.015015015015015
933
-4.015015015015015
933
-823
-823
-4.027676464278052
-663
-36883.0
-3.9569788649286557
-36067.0
816
-604
-3.9569788649286557
354
-3.9569788649286557
-36883.0
-3.9569788649286557
-37018.0
-37018.0
-135
-36883.0
-604
-36279.0
-36120.0
-36120.0
-3.875120695204377
66
159
37
159
159
159
-457
-35822.0
513
685
-3.9733819899109157
-3.9733819899109157
-49
-37020.0
-49
-36971.0
-816
266
266
917
917
917
-679
-589
590
421
-3.9833494467719412
-170
-267
-36200.0
444
444
444
2
2
442
-541
-37629.0
-588
-541
-3.968300021491511
-3.867304179649726
936
-3.867304179649726
-35993.0
-3.867304179649726
936
229
-3.9432685075749436
-35463.0
791
791
791
446
-36700.0
229
159
775
775
-3.985814078452445
775
-163
-677
-37023.0
-771
-3.980111803913137
-37217.0
-4.000537461034075
-194
-194
-771
-3.897645414471562
-3.897645414471562
-36252.0
-372
-35880.0
50
205
-3.794516129032258
641
641
-437
-3.8172725317272533
-3.8172725317272533
-3.8172725317272533
86
-35493.0
86
-3.8172725317272533
-3.8172725317272533
-3.8172725317272533
86
-35579.0
-35579.0
-35579.0
-36116.0
-537
-35579.0
263
263
-35842.0
263
-39
263
690
-36105.0
690
-3.8843464228079614
690
-906
-36863.0
423
-758
-36105.0
-36019.0
-36019.0
86
690
-3.8843464228079614
690
-861
-380
-36415.0
656
-36415.0
-428
-4.019795589026359
-37364.0
-37364.0
-37364.0
-120
-120
-4.019795589026359
292
-37364.0
-4.019795589026359
-37364.0
-428
-36936.0
-521
813
-4.006457167455876
-622
-3.9399418792379723
-122
-3.9399418792379723
-36949.0
-343
-36949.0
-343
-343
-36606.0
-36606.0
781
-3.855467068445975
781
-36606.0
-122
-122
-122
3
539
341
-896
-122
-436
-462
-916
-3.7604480827229643
-3.69025309639203
-34264.0
-3.69025309639203
-34264.0
-34289.0
-34289.0
-25
-34264.0
-3.69025309639203
-3.6604566013353437
273
273
648
648
-363
-34549.0
-784
-33893.0
-33893.0
656
666
666
-35215.0
-560
-34655.0
-34655.0
-34655.0
-3.7339726322594546
-33489.0
-33489.0
-3.6075622104922975
660
-865
24
24
24
-3.7718409996768285
-3.7718409996768285
-89
-865
-3.7718409996768285
-865
-35014.0
-865
506
149
-3.7504310344827587
-34804.0
398
541
-35202.0
-36000.0
-3.8793103448275863
-798
-793
-793
-793
-3.799267320331861
-3.799267320331861
-827
-3.799267320331861
739
-3.799267320331861
739
739
-3.8793103448275863
-798
-3.7900862068965515
-35172.0
30
30
464
464
-3.793727772389266
464
-35666.0
404
404
726
577
-4.029433962264151
196
196
583
583
-37661.0
-37661.0
-288
-409
-37373.0
-409
-4.09993531694696
-658
-4.09993531694696
-4.09993531694696
-658
-4.029433962264151
-409
-3.9857666594781107
-769
646
-744
-3.973360655737705
-232
-3.9487649660230826
437
-37046.0
278
-37324.0
-4.026755852842809
-4.026755852842809
-4.026755852842809
135
-37459.0
-4.041756581786793
-4.041756581786793
-4.0646240155356566
-37555.0
120
120
-4.0646240155356566
-37675.0
-216
-38412.0
139
-953
411
411
-906
-906
-74
-957
-3.8863464651915813
-3.8863464651915813
-759
-3.8048359240069085
-3.8252563410685374
-193
-193
-35441.0
-35441.0
-35441.0
-35225.0
216
-193
-832
-35248.0
-35248.0
-3.8048359240069085
-832
859
859
655
-3.8085726624919025
-3.8085726624919025
-3.8085726624919025
-194
655
-645
-317
968
-761
-992
-33750.0
-3.645889597061683
433
-34183.0
289
-3.6930639585133966
433
-523
-3.684136589582883
-33359.0
494
-33359.0
-3.695008643042351
-33320.0
881
-34201.0
46
-34155.0
-34155.0
46
-34155.0
-32208.0
-32208.0
989
-3.591036717062635
-33253.0
-56
755
203
-3.6896402722264234
-34155.0
207
-3.6896402722264234
46
-34201.0
-842
734
734
187
734
-33359.0
-33822.0
-3.5521710952689567
936
-33822.0
-433
-33822.0
-138
-33822.0
-433
-433
-3.664470130711894
-33922.0
788
-3.670339166126593
-58
-33922.0
-533
-894
-894
-894
-894
-533
-533
-3.664470130711894
-533
-533
-30
-48
-33359.0
734
734
118
-852
-852
-33359.0
611
-3.6055987894509296
611
-797
-33970.0
5
-797
-3.5862702702702705
-269
142
-3.563675675675676
-60
-3.5575737917612713
142
142
142
2
2
142
91
85
85
-33289.0
-152
85
-2
-3.5932936722552733
343
-17
-34098.0
-314
-564
-924
-629
-3.5613845321795563
-629
-629
-32925.0
-629
632
632
632
-3.5624797143784486
-3.5624797143784486
191
680
-3.6575045990693646
136
-141
466
-855
941
-34124.0
-3.693473319623336
941
-3.795735007577398
989
-164
-3.885881333910784
-3.742693223641481
194
579
736
-35770.0
120
-3.958865555315003
-1000
-392
-3.958865555315003
-3.8793159432839053
731
-3.8793159432839053
-36632.0
-791
-791
731
-556
-556
-36016.0
-36016.0
-126
-583
-583
-187
-187
-619
-619
-3.869951272333514
-619
-3.803335499241932
-3.7007038440714672
-3.68492854049372
-3.68492854049372
142
944
944
420
583
583
583
-596
-596
-35540.0
-596
529
-3.931109185441941
-819
-819
52
342
-763
-926
839
-3.612808842652796
839
839
-515
-3.648710166919575
-415
-33663.0
466
-648
521
-3.6866529328851785
45
-34002.0
-383
-383
-383
-34002.0
-34002.0
-383
-383
-3.698688062452564
-3.698688062452564
-494
-494
-219
-219
-749
-199
-290
-22
886
-32140.0
-3.4870348269502007
886
-3.5835503472222223
-3.5835503472222223
812
446
-3.672056429734129
446
-33838.0
883
-33838.0
-199
-3.636215688401866
-3.636215688401866
522
-3.6932508680555554
-199
-33850.0
-3.6729600694444446
-12
446
446
-34284.0
734
734
55
-3.800933463584066
-35018.0
-35018.0
55
55
-35018.0
-35018.0
-3.800933463584066
323
323
55
-35073.0
-292
189
-3.776028661383129
-3.776028661383129
-3.776028661383129
-3.832175423360834
-261
-261
-521
189
-34970.0
546
-778
-335
-35516.0
-778
-778
-3.7725890529973936
12
-3.7743021613989356
-908
-35658.0
-35658.0
-3.8725021720243267
-908
-908
-3.8725021720243267
-35658.0
-908
-347
-347
-34403.0
-3.7370193352161634
12
-3.738728951656708
-3.738728951656708
-487
919
-3.6862233811386353
81
407
407
407
-3.5664783836628287
688
-3.693026287203997
-339
-34628.0
-34628.0
-630
-3.693026287203997
-477
-477
-3.641607821835959
407
81
-33292.0
717
-34009.0
-3.7318557149065623
-339
61
61
44
44
44
44
105
664
632
-34085.0
632
-129
-34717.0
-129
-3.7731768286055862
-129
-192
-3.7595652173913043
-192
-34396.0
-571
-571
-35355.0
-35355.0
-35355.0
-959
-3.751304347826087
-116
-571
-571
-3.677429876060013
-758
-457
-195
-195
-989
-3.5209873858199217
-200
-32379.0
8
-32379.0
-200
-3.4996193583469277
218
-715
-3.5237111159451815
-3.5237111159451815
543
543
-3.5237111159451815
-239
909
909
531
-440
531
-799
-3.5689880304679
291
-32799.0
291
-914
-3.601044727391446
-914
-914
-31243.0
933
933
-830
595
148
-3.493630919978225
292
292
942
942
-33031.0
-63
-3.5965810104529616
-948
-3.5965810104529616
-33031.0
-3.5965810104529616
-63
-3.5901121637808995
-415
-33302.0
-3.6256940664126294
-33302.0
81
-33383.0
-415
-21
959
767
-3.7770152505446624
-94
899
-232
-232
-35246.0
-35246.0
-35246.0
-869
-35171.0
-35171.0
-35171.0
75
939
939
205
-4.018090671316478
-480
198
-889
198
-171
-37446.0
-171
-885
198
609
-929
-375
-375
-375
-375
-4.0924149956408025
282
-588
-37246.0
-49
-929
-3.954208460532054
-36548.0
-3.9843017551509865
-3.9843017551509865
-3.9431000654022235
374
-36548.0
-3.9843017551509865
-280
-280
-3.954208460532054
-3.954208460532054
511
-4.010358739504961
931
882
-911
-911
-4.01341476715018
617
630
-4.150321806479765
664
664
664
860
812
812
-425
787
787
-4.374113281676307
192
-40080.0
192
-4.39554682383759
-4.39554682383759
35
-4.39554682383759
35
558
12
12
275
-576
-563
-505
-505
-276
-4.3482250136537415
-4.3482250136537415
-551
-551
-706
-706
-706
483
-265
-849
-38551.0
-265
-764
-38286.0
-38286.0
-764
-37522.0
-779
713
-38165.0
-709
-4.17103825136612
-38165.0
-709
-940
-410
-11
-796
-36660.0
-4.007433318758198
-483
-36177.0
-701
902
-3.977911427009295
628
-37006.0
-973
-973
-37006.0
-973
-197
-36033.0
-54
-3.9410477961281853
-3.9410477961281853
-197
658
658
617
933
933
-710
-637
-37334.0
73
-38193.0
17
-38176.0
-38176.0
17
-859
-37334.0
-561
611
-4.024625150487031
-36773.0
-36773.0
-36773.0
611
-38095.0
-711
-711
-4.169311590237496
-711
346
-37384.0
373
-160
-37597.0
-483
-628
-207
-36279.0
-3.9731683276749536
-36279.0
-354
-278
783
-35647.0
783
690
690
-35740.0
-139
690
-3.9910166520595967
-3.9910166520595967
-36430.0
-3.9910166520595967
-378
-378
-930
-36492.0
-440
-3.950038347759395
-3.950038347759395
-35121.0
-49
-3.8476117440841366
931
-3.950038347759395
-930
-693
240
-3.7997588776852256
-34669.0
795
152
-635
-34981.0
-3.8352154369038485
-3.8352154369038485
-3.8352154369038485
-34981.0
-63
721
721
-138
-35056.0
-138
-3.8434382194934766
-35040.0
16
16
-35056.0
-35056.0
-35056.0
-35056.0
-138
-138
721
893
-34746.0
-3.854182655410591
451
451
380
-3.8121026090769567
380
-504
380
-35154.0
-408
893
507
-3.908213619914464
-3.908213619914464
-3.908213619914464
-35639.0
-15
-35624.0
-900
-3.9069971484974775
-900
667
-900
-900
-900
-312
-34412.0
-570
-739
-942
-942
-942
-942
773
-3.74042786615469
-3.74042786615469
-991
-3.658731899956121
-3.658731899956121
-33353.0
-3.658731899956121
-33241.0
-3.646045848415049
-33848.0
141
-748
-748
-33241.0
-33630.0
-389
-33630.0
-389
-389
-3.646045848415049
112
741
741
-991
-991
-942
-167
-167
-389
-31605.0
-3.468883766875206
591
-855
-31341.0
-31341.0
30
-775
968
968
968
-3.466285965297606
-415
-31979.0
-3.511474689799056
-415
-3.466285965297606
971
-30593.0
-3.359284067201054
971
-31564.0
-55
904
-88
-55
453
453
-3.510764499121265
264
-3.5401515983741625
-3.5401515983741625
-3.4938488576449913
481
-31808.0
-3.4938488576449913
-959
-3.649461893257193
-959
-32273.0
-465
414
418
-218
-486
917
-534
-3.641287629092507
-3.641287629092507
-3.641287629092507
-534
-33143.0
-534
95
63
-32704.0
63
-3.5938461538461537
63
-481
-35
-3.545234692755854
439
339
-450
-32579.0
-32579.0
-3.5824719595337586
-33148.0
-33148.0
-569
-963
-3.4769602991312
-162
-162
-162
-185
-3.4595248570171577
-31454.0
-3.4595248570171577
-185
-185
-3.4395556044439557
483
736
-30533.0
-30533.0
736
736
736
736
483
-31269.0
483
-482
363
978
-972
162
-31801.0
829
-3.592029942756495
-32630.0
-789
-656
-656
-3.7216596962359674
-396
-789
-32630.0
-32604.0
26
35
-32665.0
-716
-32593.0
-3.5871670702179177
492
-32593.0
492
-32593.0
492
352
-772
-33437.0
-772
-716
-668
-965
-965
-965
-30316.0
-289
-3.307302566361934
-624
-833
-833
-959
947
947
701
-107
-107
-483
-36
-396
-777
-972
882
-28147.0
-516
-516
-572
-27059.0
-735
-2.984667990293404
-2.8970993713466417
-26268.0
-26268.0
791
-2.909341568324694
-26379.0
-2.8298411998235555
-25661.0
-25661.0
-2.8298411998235555
718
680
748
748
748
-920
748
300
-27359.0
-27359.0
15
-821
-547
59
-120
-25945.0
-2.8636865342163356
602
602
224
-26771.0
-26771.0
-26771.0
-26771.0
-26771.0
927
-648
-27050.0
19
19
-2.8971952296819787
-26237.0
832
-2.8971952296819787
832
225
26
26
-27554.0
-260
-27294.0
-27643.0
-349
-3.0145791915175613
-636
-747
-26547.0
-28
627
728
-2.99922660479505
728
-2.99922660479505
-27146.0
-2.99922660479505
-27146.0
728
-2.99922660479505
-2.99922660479505
728
-27874.0
-27874.0
745
-828
-338
-41
-573
-26839.0
-26839.0
-189
-2.946704997788589
-26650.0
-2.946704997788589
-27147.0
-2.9956891787332816
45
-27147.0
-536
-536
39
-26611.0
39
-134
184
-2.911543564794339
-27046.0
-714
184
-26332.0
-285
-817
-2.9427307904919844
-285
184
470
-26516.0
470
-2.984516699845167
691
-2.984516699845167
500
674
-416
-27598.0
-354
-3.013716814159292
163
-26497.0
-26497.0
-26497.0
584
163
163
-27081.0
-2.9953544961840506
-2.9953544961840506
163
-27244.0
-3.013716814159292
666
666
-3.0877309436884612
239
802
-683
-3.0800796372082733
973
-26874.0
-26874.0
973
973
-27847.0
-211
-27179.0
-27179.0
-5
-3.0060820524162337
-27184.0
-3.0060820524162337
-3.0060820524162337
-3.0060820524162337
-27078.0
-583
-2.994029190623618
-2.994029190623618
-2.994029190623618
106
-27078.0
106
-195
-2.994029190623618
106
106
106
-2.994029190623618
106
-27078.0
106
-5
-5
668
746
-683
-683
-3.0877309436884612
802
-241
-976
236
156
-3.086893956165597
-27887.0
841
-601
-28127.0
-3.1141496899911427
-584
841
-27543.0
-917
841
841
-3.0498283689513896
841
-28384.0
-28384.0
-154
-28609.0
-3.168217054263566
-379
-3.1265920921475248
-3.154485049833887
-28485.0
-3.154485049833887
-255
-138
132
-3.051611474138886
539
825
-959
-3.2175213201904973
-29051.0
-959
-921
-921
-29972.0
-921
-959
132
132
132
427
-28224.0
-3.218542312804608
-833
-229
-27995.0
-3.1015953910924
-690
-459
97
-325
663
-28092.0
-3.112686980609418
663
663
663
-28755.0
262
262
-614
-948
-3.186502659574468
616
-29371.0
-764
-3.2039233071040676
-482
-29391.0
-482
-302
-92
-28515.0
153
-690
544
-28522.0
-569
-28522.0
-3.162785540031049
-3.162785540031049
678
-28522.0
678
-29200.0
-354
852
-380
-133
-28846.0
-28846.0
852
-78
-78
-3.294287298946201
-78
235
-29620.0
-29620.0
235
1
-3.4010873183179853
-798
991
359
359
359
-644
-30562.0
984
685
-32231.0
-32231.0
-278
-278
-278
-31953.0
-3.5479680213191207
-480
-839
948
633
-3.561528209684585
-32068.0
-32694.0
-626
-32694.0
-32694.0
528
-32694.0
-626
-626
-684
-32068.0
-32068.0
966
968
-821
967
137
-706
-3.624069341037893
-859
-31754.0
-512
-512
167
-3.5479604312548627
508
-3.60482436638506
-175
-276
-3.6703345559630987
-129
-32893.0
-639
-764
892
-764
669
669
-376
-31490.0
669
-3.5012230375806093
669
-142
147
676
676
-3.63489768683274
718
-33482.0
-79
-79
-3.715159604048493
-33403.0
-33403.0
-563
-780
-32840.0
-3.6161717272828384
-33346.0
-833
619
619
619
-833
-833
-3.6161717272828384
327
-3.6161717272828384
327
327
-780
-32060.0
-458
-596
507
-31513.0
-385
-73
-73
-73
-3.5068996216336523
-3.5068996216336523
-195
841
841
841
688
-32847.0
-3.6565735277746856
-76
-3.6485192607437096
2
356
95
-33224.0
-3.752672605790646
-3.752672605790646
-3.752672605790646
-475
-475
-33699.0
-475
-3.70018933066043
-85
736
-764
-764
-33111.0
-454
-3.6386629526462397
-3.6386629526462397
-698
-698
-32657.0
-3.595856076640303
-328
-328
-31445.0
-31445.0
507
-3.5597147950089125
-3.5597147950089125
-46
-3.6027397260273974
-626
275
-3.5644424640748578
-3.5644424640748578
-46
-3.5597147950089125
-31952.0
705
-698
-32590.0
-631
103
987
-32746.0
-3.6489859594383773
-3.6489859594383773
166
137
-32912.0
137
-3.6835711101203743
-645
-33049.0
-645
-3.587605884975479
216
-32404.0
-32404.0
-587
-3.5470457079152733
-31817.0
509
-3.5470457079152733
173
407
407
-33284.0
407
-963
-963
-963
-479
-31830.0
445
-26
-3.5948054843384236
-432
509
533
203
-750
-3.5439946470391437
-31779.0
-3.5439946470391437
-3.5439946470391437
-3.5873104371097235
-3.5873104371097235
-32171.0
-32171.0
-392
-31779.0
-31779.0
-31779.0
690
-171
-171
-171
-3.6213473120678117
-3.6213473120678117
-32469.0
-171
-171
-171
-401
-3.5583444890673808
-681
-3.5583444890673808
138
-31897.0
-681
-681
60
-264
-31012.0
-805
-805
-3.4607744671353644
-805
-3.371316964285714
-3.371316964285714
937
-31144.0
-214
-3.452779638312123
-286
-286
-3.452779638312123
-286
-30930.0
-30930.0
-3.4291773635450387
-3.4291773635450387
208
-30930.0
-3.452779638312123
-286
-3.4212347884336274
-595
-30049.0
-3.355180884323359
346
-3.3941931881630376
951
-468
-3.448899810119513
-3.448899810119513
-865
63
-30076.0
-508
241
-29809.0
-3.330986702424852
-3.330986702424852
773
214
-669
-669
-3.330986702424852
773
-30582.0
-249
-249
-3.390298424052755
0
-29698.0
-3.2964908359409923
-29497.0
270
-29497.0
-3.2964908359409923
-3.2964908359409923
-3.2964908359409923
-175
-3.3156777293552353
-175
-175
-29497.0
-29497.0
-3.2964908359409923
-29445.0
52
-3.290311766677841
52
201
201
635
-30333.0
-98
-3.390677397719651
-98
182
-3.4008273703041145
-3.4008273703041145
583
-3.46639830034664
129
274
-945
446
446
-644
-3.4095738731685494
-30485.0
-553
-553
663
-3.361154620720519
-568
-742
-378
-3.1733631785114715
-976
-29911.0
42
-976
-623
784
784
-76
297
-29062.0
-3.253330348147319
-3.221961047683009
-28785.0
-28785.0
277
277
297
376
371
-3.2869458128078817
-3.3201612000447778
-300
-3.2869458128078817
753
-879
-879
650
-987
-28896.0
-902
-28896.0
-3.236559139784946
-937
-28896.0
-902
603
-3.2037866905668833
-28597.0
-285
-28312.0
544
-28856.0
-906
-906
-3.1323545892637004
995
-70
413
-29288.0
-681
-676
-27949.0
-27949.0
-27949.0
-18
-935
-935
886
-27882.0
-141
-27457.0
-636
-2.9774587865874174
-2.9774587865874174
907
-26550.0
-2.9774587865874174
907
-27457.0
-3.079519964109466
284
-847
-847
-847
-703
-369
25
25
-25847.0
855
244
-2.969139266075637
-26458.0
-26458.0
244
-197
-557
-26505.0
-557
-871
-871
-871
-25948.0
-871
-2.815426069383631
644
21
416
-2.937780772686433
875
875
-920
-3.1393755615453727
-27953.0
-3.1393755615453727
-920
-920
-27033.0
216
-416
-28
-456
-26349.0
-667
-2.9976401842903697
-994
335
335
-26403.0
-386
-26017.0
-377
-2.8821942446043165
-128
628
628
628
226
-26140.0
226
-26859.0
462
-719
266
-614
-2.9713322091062393
-290
-538
-864
-864
-27004.0
-27004.0
-27004.0
-864
-26140.0
-547
226
258
-415
258
-26366.0
-26366.0
297
743
258
-2.9941520467836256
-2.899246598448218
-2.899246598448218
-26395.0
-725
-612
-25783.0
841
36
-714
-2.918560179977503
172
172
-3.018558092453042
263
-27101.0
-3.0484814398200224
-983
-2.9382382720215996
-2.9382382720215996
-3.017660292463442
-3.017660292463442
-26827.0
-3.017660292463442
-709
83
719
74
74
47
-816
-3.037812288993923
-816
744
-25484.0
694
-867
-26178.0
-867
675
675
448
279
-26434.0
279
-26713.0
-24915.0
-2.804479963980189
-529
106
919
-2.9205133978833597
773
-507
-3.0573133656119804
-946
588
-2.891341065195361
-2.891341065195361
528
588
-876
-233
-970
371
-9
-2.785175171792272
-2.785175171792272
-9
371
-883
-2.883631857609553
-883
-24715.0
371
691
-25777.0
-429
506
506
-25348.0
506
311
-2.949498365460489
328
222
-26493.0
222
599
-473
-24
-331
-26242.0
-331
765
-345
-906
-25770.0
-25770.0
-304
-524
-2
-2
-24940.0
297
-25237.0
-2.8480984087574766
-2.8480984087574766
-213
-25237.0
-25237.0
-25237.0
-213
-612
-781
-532
-532
38
974
371
77
77
-2.6034093474825015
38
-412
-2.56176603432701
-2.56176603432701
-2.56176603432701
-589
-344
403
-2.4569686017619157
-67
-2.4453980801806887
-21654.0
-2.4453980801806887
100
403
-22157.0
-2.502767423472269
338
-22495.0
-697
-697
-2.4504687676493844
801
-22495.0
-588
747
-2.456568394894386
-2.456568394894386
747
-2.556584594533544
-2.556584594533544
-888
-564
405
715
-564
-2.519990964535803
-564
-22312.0
-22312.0
-22312.0
-2.519990964535803
-2.519990964535803
-564
666
-2.456568394894386
747
-22495.0
-2.5412336195210123
-32
-22495.0
-22495.0
-2.433412402575398
-2.433412402575398
952
339
845
657
-22834.0
845
-823
-22856.0
422
-430
-430
-2.582570362834859
984
-23832.0
-2.6940990278091794
995
-2.806896551724138
-2.806896551724138
-879
334
334
-2.772352209788629
-23972.0
-361
-23611.0
916
916
-312
334
334
-24549.0
395
-143
344
-25404.0
-855
-25404.0
-855
-47
-772
-24549.0
-601
-23948.0
-23948.0
-23948.0
-138
-23948.0
-138
-23810.0
696
353
696
-2.692525161144408
696
-2.7715448993440397
-24506.0
-24506.0
-2.7927174035960647
-190
-433
-2.722882026920032
-24073.0
-24073.0
838
-2.722882026920032
838
-2.722882026920032
63
-24965.0
-892
-24965.0
-24965.0
-2.823456231621805
-316
-24552.0
-24447.0
-475
-403
105
-24552.0
413
413
413
-892
838
-708
553
553
-2.7382056793754947
-2.7382056793754947
553
553
-864
553
285
-773
-773
-2.74649162516976
-561
-2.74649162516976
-561
-561
-24268.0
-2.74649162516976
-561
310
310
-23397.0
-2.7522915016408285
-925
310
213
237
237
-2.6833050367855122
237
-896
-695
924
-2.8153515226989696
-24868.0
-849
-562
-562
859
-22598.0
859
-845
-2.560815402038505
902
-2.6632687733605165
-23514.0
267
103
103
-23781.0
103
212
-2.6814680561848663
361
212
679
501
-220
501
-24563.0
-24563.0
501
-2.840113314447592
-581
-581
-2.840113314447592
-581
-24483.0
897
-25380.0
-968
-2.7381842910574634
253
253
253
-24159.0
253
-24412.0
-2.767172976649286
620
-2.8377734950685864
-211
-2.770774288629407
-2.770774288629407
380
905
-22
-22
-2.917110783535548
-944
-24782.0
-144
-24782.0
-144
-439
-144
-2.7943745037994785
951
-558
-558
813
780
780
-2.9321533923303833
-2.9321533923303833
-683
780
-25844.0
780
780
-2.8524106636415203
-24404.0
348
-24404.0
-24404.0
348
392
-2.8524106636415203
461
700
780
-2.9321533923303833
780
-3.0397005444646097
-39
-3.0356211003970506
-915
780
-2.968459269344225
460
-2.968459269344225
-853
-26164.0
460
-312
170
-905
-628
463
948
-2.885104450499546
948
-25525.0
-25525.0
835
457
-26817.0
-26817.0
-26817.0
-26817.0
-3.0453100158982513
82
-26817.0
-27613.0
-99
-796
-3.0453100158982513
499
-3.102328222600795
-3.102328222600795
-977
925
-2.9437947087544
-25926.0
-2.978996366939146
-313
-25926.0
465
925
-977
-214
-561
323
546
-433
-433
546
546
546
-558
-26776.0
-769
-479
-3.009430746506079
-26610.0
145
-3.1141656253549925
-27414.0
-804
-804
-910
689
849
-910
-3.0231765507839126
-124
-479
-479
-132
-984
-691
-691
-821
-821
-725
-725
-725
-2.5757816941444003
270
270
-639
632
994
511
-673
-23479.0
-806
270
-194
-23555.0
-2.680359581247155
875
-105
776
776
-867
938
938
938
-24234.0
938
-24234.0
938
-102
-265
-265
584
-24907.0
-24907.0
584
-2.9029723266142806
-2.9029723266142806
-25491.0
805
974
-2.8102937827374173
811
461
-2.9558086560364463
-611
-2.8865474427611346
-658
-501
-2.8865474427611346
-658
-2.8865474427611346
-658
413
-57
404
-25039.0
404
-2.8994871794871795
-2.8994871794871795
-25443.0
743
-2.8941431175934365
-25399.0
44
290
-2.932869842717119
-383
-383
-2.889547475208025
-623
-25350.0
-623
-25697.0
-2.929100649720734
-970
-3.0353316617278323
752
752
-26632.0
-935
885
-2.929100649720734
-2.929100649720734
-25697.0
-2.929100649720734
-25697.0
-2.929100649720734
-970
-24727.0
-2.818855449156407
-2.818855449156407
-965
-965
-473
-396
-2.5518184927602325
374
137
137
-22893.0
-856
963
-2.7208029197080292
669
669
-356
-2.7571298197581564
-46
-2.7571298197581564
-2.7571298197581564
-46
-2.7571298197581564
-2.8802463503649633
-25254.0
-879
-879
-992
-24375.0
-2.7803125356450327
-206
-46
-24123.0
-698
39
264
46
-17
855
309
-2.815047379837881
-2.815047379837881
-24657.0
-24657.0
541
-24657.0
716
-24493.0
280
-24213.0
280
-206
-2.6960739557178726
-2.7562478603218077
-530
590
280
164
541
-24414.0
784
-2.877140899748801
-397
-676
-24801.0
826
-2.926793056190041
220
-2.95225585379783
-859
552
-2.8544665295864746
-24988.0
-2.8544665295864746
-24988.0
-370
229
-2.8964020559680184
-370
-25358.0
-370
-2.8964020559680184
-370
-25384.0
-222
-222
-25162.0
-25162.0
-25162.0
301
301
-475
-394
-25390.0
-827
797
-372
-372
-24988.0
101
-2.8544665295864746
552
552
678
-25540.0
-2.917856734833771
678
678
647
-2.9956581352833638
647
543
-3.0699348645869042
543
-838
-3.0369185049719967
918
-2.9986285714285716
332
131
-701
898
866
-27764.0
-394
-511
-27370.0
-27370.0
-511
-511
-26859.0
-26859.0
-650
-3.0720576461168934
514
514
24
24
-3.0720576461168934
-26859.0
24
-3.0751544269045983
-26883.0
670
593
593
187
-3.2732265446224256
-275
-275
-3.242132967158714
-601
855
239
701
-3.350463545839533
391
-3.295948729686427
473
401
401
378
401
-29674.0
-358
-584
-184
-3.2896725440806045
-29580.0
-848
-3.2896725440806045
-184
-3.1815891916647585
760
165
-19
746
-919
-28521.0
373
373
811
-29332.0
-799
-991
-991
615
615
973
-86
221
823
823
823
-29295.0
-251
892
-886
-30566.0
-3.589064649243466
-745
-630
-29936.0
-3.4322403118550793
-3.4322403118550793
-3.4322403118550793
18
-3.4387252092170124
-3.4387252092170124
-60
-3.371317207382781
528
34
-29936.0
-29936.0
-29936.0
-3.3213344033016163
-3.3213344033016163
964
-3.4322403118550793
18
-29954.0
-408
-3.388302752293578
-29546.0
-892
-29546.0
-892
-883
-28654.0
-786
-3.350229357798165
-262
-3.350229357798165
-560
-3.350229357798165
-560
-883
-28654.0
-883
182
-27771.0
182
-3.206722496271653
49
49
16
-3.212712253327214
-3.212712253327214
16
-471
-3.212712253327214
-28002.0
16
-28002.0
16
-28018.0
714
841
-3.3941237231722714
-3.3941237231722714
-29573.0
318
-43
-29848.0
-360
-360
-3.3620293847566574
558
905
-288
-3.4981054081984153
635
699
-501
-517
522
-610
-3.437744084539398
852
852
-3.5360137851809306
659
561
-31440.0
-3.6121323529411766
-31440.0
561
561
694
286
286
-32981.0
-3.790483852430755
712
-32269.0
89
712
712
-3.7597104113996784
264
264
264
-6
37
-206
-475
-475
636
-3.794918956201862
-32562.0
450
-3.742758620689655
-3.742758620689655
450
-3.794918956201862
-3.794918956201862
391
-33012.0
-475
858
-32864.0
-327
-362
899
-417
-32120.0
-677
-31443.0
-3.6158003679852806
-3.6158003679852806
-31627.0
-957
-31701.0
-30737.0
-29817.0
-3.4268474887943916
920
383
964
211
-3.5329885057471264
964
-312
-31701.0
-3.6442119783883204
-31701.0
-31701.0
-312
-719
773
-753
-972
616
-275
138
-34
-30438.0
-576
781
-681
-604
342
352
-29091.0
609
-29700.0
352
430
-3.5101335789958545
-30482.0
-30482.0
-850
-850
-850
-3.5101335789958545
-30482.0
-850
-3.5101335789958545
-30482.0
-850
122
-850
-850
-30482.0
-3.5166896869244937
-30553.0
114
114
-266
-37
-894
-31295.0
-894
-37
118
-3.5101335789958545
467
-850
-792
69
740
-798
-3.4046082949308754
-3.4046082949308754
-701
-507
-507
813
-507
-3.266190366443881
-931
316
316
-3.229404309252218
316
-28028.0
316
-931
-931
-931
-536
760
-476
564
564
-3.1313119667973255
-3.1313119667973255
-3.182478386167147
-447
564
564
731
731
-3.1967024097774703
731
151
151
-3.2991581132510666
-6
953
-3.2988465974625143
-3.2988465974625143
-28601.0
-456
166
-97
186
-28214.0
186
-28400.0
-931
567
-812
-3.2881864328564836
896
-812
-29398.0
-812
-3.2986383567966766
-3.2986383567966766
-3.2986383567966766
-3.2986383567966766
381
832
-789
-29799.0
-3.439404432132964
-3.439404432132964
-789
-759
-759
443
-3.313012354231613
553
-58
-29189.0
-28617.0
572
-452
-89
-28826.0
-89
287
374
374
-157
-3.3526625851911747
374
374
-29398.0
219
219
-636
582
582
-28252.0
-3.2634861961418506
783
582
-29035.0
-29035.0
582
534
42
-30151.0
42
42
-946
-946
-545
-545
-295
-3.41407604299087
-295
-3.380374479889043
-545
751
86
-903
241
-3.3112858464384827
-167
-28314.0
-167
489
474
-3.4825991444097584
-887
-124
-3.380434782608696
-28328.0
906
-28328.0
-28328.0
-28328.0
-28328.0
-29296.0
-968
906
906
-124
207
-29317.0
-912
-147
-147
-147
73
73
-3.2779127617725328
-232
866
-928
-569
-3.2124508215690812
-27762.0
-3.2124508215690812
-27762.0
613
690
-998
-3.3640046296296298
710
-998
-29065.0
-998
658
-571
-571
-3.2677703172030563
-3.295520314851256
-243
-73
-3.2677703172030563
-28227.0
-73
-3.259696653930763
-3.259696653930763
163
-28154.0
163
-28317.0
-28317.0
-66
-86
-301
-588
-490
-3.103464256748928
-149
-26786.0
-3.103464256748928
-26786.0
607
-3.174159907300116
-486
-132
1
-535
-618
-2.9707826086956524
-25623.0
485
485
-490
181
-26108.0
-490
-523
-25618.0
-25618.0
354
404
-25972.0
404
-3.0595058577891194
463
62
-26839.0
990
649
649
-3.3044789974472035
920
82
-391
-29398.0
-3.411628176859696
-3.411628176859696
-3.411628176859696
-29398.0
-561
-560
-560
-3.346912720519963
-3.346912720519963
798
798
-28837.0
-3.259603110131136
-3.259603110131136
-3.2920631236945925
-283
-28088.0
749
-400
-28437.0
690
310
-28127.0
310
372
-28970.0
-28970.0
-533
479
-27918.0
-27918.0
-27918.0
-3.2394987236017636
92
-3.2505512359289774
-371
-52
-27958.0
479
479
372
-3.344439284885071
-3.344439284885071
-189
-28809.0
-28809.0
-3.344439284885071
383
-28809.0
383
383
-28809.0
383
-310
-28082.0
-279
727
-3.3284968078932096
134
383
-3.3892952513642167
721
-153
-865
-865
349
-3.414285714285714
164
81
-29642.0
-591
-29642.0
-29642.0
-29642.0
-29642.0
-591
-591
-3.3752759381898456
-29051.0
23
23
813
813
-3.473213248111563
-985
-3.3591352859135286
-450
-3.307218412181797
-792
-29133.0
-29133.0
-29133.0
-681
-28452.0
507
-3.359251510925151
-451
-3.380592678675189
-29090.0
-29090.0
-187
-28903.0
-28903.0
-451
507
164
164
-28959.0
-28959.0
-447
164
164
164
-720
-765
-3.528652795536441
-765
-765
-3.44013020227854
-469
-469
-29998.0
-29998.0
-3.4812274787864697
49
-875
-29123.0
-720
-3.3860016277177074
-720
-720
-817
-27586.0
909
-25890.0
787
909
909
170
-296
-3.1025700662867775
-26679.0
611
-3.1739939520818794
-3.1739939520818794
328
-27618.0
726
726
421
130
367
-28895.0
367
-28895.0
-3.362229462415639
-28656.0
239
367
-29262.0
-137
-767
218
218
512
231
-29238.0
-29238.0
-3.40372526193248
-29238.0
-3.40372526193248
-1000
-1000
-332
-3.2494177922682814
-280
-27906.0
569
-27906.0
-236
-3.117023754075454
901
693
-27583.0
-3.2118071727992548
-27583.0
-3.2118071727992548
219
-3.185935498893934
-27364.0
-3.185935498893934
270
219
87
-3.2223127984162105
-696
-696
-3.2223127984162105
625
273
403
194
-3.397996038681114
-29165.0
-234
-29165.0
-29165.0
-234
587
958
-3.43992541661811
958
-3.551981351981352
-988
-134
-3.4372304464389787
-980
-980
-73
-3.315261746531421
-3.315261746531421
803
-28435.0
803
803
-285
-911
-911
-522
-522
-3.210078152338738
-738
-738
-3.210078152338738
-28351.0
-831
-738
-26782.0
144
-26529.0
-26529.0
-3.094482678175668
-27033.0
-3.1529041287613717
-504
-3.1529041287613717
-3.1529041287613717
-27410.0
-377
-648
-648
-504
833
-26529.0
-26529.0
-3.094482678175668
-3.094482678175668
833
-436
109
-3.1415237428538094
-3.1415237428538094
-26926.0
-26926.0
109
106
-189
-648
-3.0703863662892497
517
965
-539
-3.131099696474434
-539
842
-3.0685347343841216
842
-371
-294
-3.167211583372256
-371
242
-26511.0
242
-899
-25854.0
-25854.0
-436
-436
-813
-813
-813
379
-24984.0
-2.919032597266036
279
-24984.0
279
-79
345
901
901
901
901
-3.0894213909994157
580
-27020.0
-590
-590
803
-27233.0
818
-27233.0
-788
-788
-27233.0
-3.183656768763152
-27233.0
-27233.0
-788
19
19
19
481
-26447.0
-26447.0
479
479
-26447.0
479
-618
-26926.0
-618
659
-3.076599228160449
-547
659
-26967.0
-3.1540350877192984
-26967.0
-26967.0
-407
-3.1540350877192984
-3.1540350877192984
-407
-254
-612
-26306.0
-26306.0
-3.0774450163781
-26952.0
-3.152649432682185
-646
-377
-91
-91
-398
-25440.0
504
-25944.0
-3.0365168539325844
-25944.0
-25944.0
-3.0365168539325844
-844
-25100.0
692
-3.0194333879653477
753
753
753
-3.0745639705021657
-218
-3.0745639705021657
-474
481
-606
-606
-606
480
-3.1004566210045663
-814
480
-3.0620681578639184
276
276
-558
561
-26150.0
-948
-804
-2.8585823081429407
737
-25135.0
-2.945277712678697
-2.945277712678697
-25135.0
-25135.0
-2.945277712678697
-2.945277712678697
-684
-936
-25135.0
-936
-936
-2.945277712678697
-936
-936
-423
-24199.0
-423
730
904
373
-25410.0
373
-3.0229804197444015
-3.0229804197444015
-3.0229804197444015
-455
-25328.0
-739
-25328.0
-739
-739
721
721
412
-3.0882007975604036
-608
-459
-2.963749413420929
-25263.0
284
-26366.0
-3.09314875645237
-819
-3.09314875645237
94
-3.0817595307917887
94
-170
-3.09314875645237
-3.09314875645237
-819
-2.99741874926669
-2.99741874926669
187
352
-25734.0
-3.0197136822342174
-25080.0
-2.942625835973249
-2.942625835973249
-25080.0
-25080.0
-2.942625835973249
-2.942625835973249
654
-25734.0
352
-3.061377772561906
-26086.0
-220
-3.0359154929577463
10
361
-689
-25548.0
-608
519
-534
-2.928604978863316
519
-185
-2.9685224336387126
-412
-819
-2.9685224336387126
-819
469
469
-445
-25369.0
-2.980030541524727
-25369.0
-445
127
127
-805
-805
-24924.0
-981
-25950.0
-263
-981
-25687.0
-981
369
-981
-24706.0
-24706.0
-486
-25192.0
-2.9588912379610055
-2.9588912379610055
-486
-24706.0
-2.9021496534711617
-2.9021496534711617
218
-24924.0
-805
-805
-2.9281015037593985
-805
-2.761983082706767
609
171
171
-724
-2.861943367406885
-24358.0
-68
-2.861943367406885
-24358.0
-68
-967
-2.7409801386766954
812
600
600
541
-109
-109
-109
-262
412
558
558
864
-986
538
-26828.0
-550
-537
-26828.0
-26828.0
-26828.0
-537
-26291.0
-2.9900011763321963
529
-2.9900011763321963
-25418.0
529
-3.0525882352941176
-3.0525882352941176
-25947.0
-3.0525882352941176
-3.0525882352941176
344
-116
-344
-483
-753
-753
-753
-3
-3
-26291.0
-26291.0
-116
836
-260
-27271.0
-687
-28267.0
-28267.0
-28267.0
-996
-260
-260
-27271.0
-27271.0
-27386.0
-26877.0
-26877.0
509
-115
-3.2091080254177453
-260
-3.3003529411764707
-681
-3.305764705882353
-727
-727
-28099.0
-727
-3.309375367603811
-348
-3.175605739825923
940
-154
-413
-101
-260
-27271.0
-3.2091080254177453
-3.262235294117647
-130
-557
-328
-27271.0
-27571.0
-300
-260
-3.178886665882076
272
-100
-3.199882283696292
807
-6
-3.2949487813493463
-27984.0
871
871
716
-3.393782383419689
-3.393782383419689
-28820.0
751
-848
-3.482628665645978
-3.482628665645978
-3.482628665645978
-352
538
-3.5053598774885146
-29757.0
-29757.0
-29757.0
-29757.0
287
-631
-3.465653352185696
268
-92
-29589.0
-29589.0
651
156
156
973
-281
767
-3.7891758047400073
3
-3.7891758047400073
3
-628
-628
-963
-33501.0
-963
-963
-3.8365758754863815
-399
-32191.0
-32191.0
-32191.0
-32191.0
-3.794766002593422
-34
220
482
499
-135
-399
-628
540
540
-3.780490681764567
-32051.0
-127
-31924.0
-728
-728
233
-19
-109
-3.706632050979467
-3.706632050979467
724
-3.706632050979467
-3.706632050979467
-3.706632050979467
-31410.0
511
-31410.0
724
724
-201
-962
-32134.0
-201
186
-31933.0
-3.7957040009441756
-228
945
-32161.0
-228
-31933.0
-3.76923984891407
186
-31933.0
-3.76923984891407
-3.76923984891407
-3.76923984891407
-31933.0
186
-36
-3.6897650808641247
-31256.0
827
658
-467
-899
-431
-3.655090952043468
-541
-305
-305
-30944.0
-3.655090952043468
-305
740
-31379.0
-284
-31095.0
-30868.0
227
233
-31328.0
-3.702198061923895
88
221
-3.739598108747045
573
-598
-598
-3.7375266020335776
39
-171
-31612.0
39
-31651.0
635
-32755.0
-469
-3.8181173131504256
406
-32692.0
-593
55
561
550
-315
663
-3.971360946745562
883
-673
-33768.0
-358
-3.997159090909091
-952
-952
-34720.0
-4.109362054681028
-952
-358
-3.997159090909091
-358
157
157
-33567.0
-3.9743073644328675
-865
-32069.0
701
701
-110
-33011.0
-3.907089596401941
-283
-283
-48
-48
-283
-283
-703
-703
-3.907089596401941
-703
-3.909456740442656
-3.909456740442656
-723
-723
-33031.0
-3.909456740442656
-3.909456740442656
-723
51
-290
633
633
841
-251
841
-311
-33232.0
614
614
-612
-4.009239516702204
-4.009239516702204
-4.009239516702204
-33846.0
-612
-4.116427810020135
-34755.0
-4.116427810020135
207
-19
-19
-19
-4.186145648312611
-19
-4.1843912837517765
-578
-909
-612
-612
-617
-303
-303
-999
-3.86457345971564
656
533
-33273.0
533
-686
-686
-107
-33013.0
-33013.0
-264
-3.8825133372851215
520
953
-34161.0
-3.9504504504504503
835
-4.049911084765856
-33535.0
-3.975225225225225
-3.975225225225225
626
-4.049911084765856
-892
-892
-3.944628883092246
953
-4.058105063441243
-34222.0
-4.058105063441243
865
-34222.0
-4.058105063441243
865
-592
-592
-592
-592
-4.161171726755218
-592
-938
-3.980664294187426
-3.980664294187426
-33557.0
138
-50
957
-34602.0
994
223
-35819.0
-639
-558
-558
-35109.0
-35109.0
-4.167735042735043
-4.167735042735043
-35109.0
-487
-34468.0
-202
641
641
-34835.0
274
-4.167735042735043
-487
-4.110411967232578
477
-824
-4.2077397910731245
-824
-34622.0
477
618
-4.262345679012346
-4.262345679012346
-35906.0
-229
-413
-4.262345679012346
20
-35926.0
-827
704
718
-36521.0
-36521.0
-36521.0
-781
-680
-4.169735122936216
-4.169735122936216
-45
632
-4.279691211401425
-930
-45
-724
963
-785
895
727
344
344
-726
-4.3302425106990015
-36426.0
-672
-4.250861966472477
-198
-198
-198
-158
362
883
-4.3586297133341265
-846
-275
-4.3586297133341265
-4.3586297133341265
-36643.0
-275
268
-199
-199
-446
-36437.0
-446
-4.33567348881485
-4.373349196906603
-36758.0
-4.373349196906603
-321
-446
-4.283113173866476
-4.283113173866476
925
695
933
-4.366341347298262
933
933
395
745
-4.4779192953219855
-4.444656034277553
275
745
37
142
233
-411
-38984.0
-4.642057632769707
-661
-253
-661
-208
-411
-38776.0
-411
-650
-218
-4.492555092316855
-218
-4.492555092316855
-4.492555092316855
-218
-37497.0
-247
-4.438222328130585
-4.438222328130585
-37606.0
-356
-37606.0
-4.480104836788182
-356
674
-477
-38401.0
-38401.0
-477
393
-4.566440233583601
400
-226
211
-874
-4.719871259983312
-893
-4.613972341440153
-4.510311121706997
-172
865
-749
-749
865
-37837.0
-4.510311121706997
-37837.0
-37837.0
-4.510311121706997
-4.510311121706997
865
-38702.0
625
-4.68904256587576
-4.68904256587576
-862
-862
238
-4.586811352253756
238
-4.615742397137746
-379
-4.615742397137746
-4.615742397137746
-4.615742397137746
-4.615742397137746
-379
-379
-97
810
-799
-95
-799
320
-812
143
-4.5048335123523096
-37501.0
-38424.0
-923
245
-37501.0
245
-37746.0
-37746.0
143
118
347
-38007.0
-38007.0
-4.537065775337233
347
-688
-37486.0
868
-4.632012413463833
-38826.0
-19
36
114
-38921.0
-567
-688
-192
-4.759966579135832
-735
-4.672794556523815
-790
-4.579035339063992
-4.579035339063992
-38354.0
-688
-38354.0
-674
-688
-688
-319
-478
-4.459875806066396
-478
24
991
-4.5222169135212615
491
303
-156
-4.600071693153303
-38498.0
802
-39300.0
-4.696462715105162
-39300.0
623
-4.696462715105162
-39300.0
-39300.0
623
623
-616
-215
-38957.0
-215
-215
-38742.0
558
-4.696462715105162
-39300.0
623
-4.771483207840325
-830
-4.771483207840325
31
34
231
-4.775759024623476
-39954.0
-40443.0
-4.8335325047801145
-40786.0
-339
-4
-489
231
-40185.0
-40185.0
-40185.0
-40185.0
-955
-39230.0
-4.717991631799163
-236
-236
-230
-39230.0
-4.690339550454328
-230
-81
-81
-4.663398302044721
-39000.0
-4.663398302044721
-4.644428503108561
154
-81
-737
-4.584429562305669
-38335.0
-138
-153
-37468.0
163
-173
867
-4.480210450795169
848
968
968
-37468.0
-4.425035868005739
457
-4.480210450795169
867
867
-4.584429562305669
-38335.0
-153
-38182.0
720
-521
-38381.0
-4.481698564593302
914
-641
-375
-641
-37621.0
119
-37740.0
-537
-37203.0
838
791
-820
-4.550155614077089
-4.550155614077089
408
408
-4.550155614077089
-38012.0
984
408
-4.550155614077089
-37244.0
378
768
-38012.0
408
592
-4.599545073626242
603
603
-38142.0
-37150.0
992
-37050.0
-4.432348367029549
-37050.0
-956
999
57
992
-4.437956204379562
62
-4.44590713259933
-37150.0
992
-38142.0
-4.565170556552962
603
-195
-38745.0
-325
-38420.0
592
-985
-4.599545073626242
-4.599545073626242
-38420.0
592
-39012.0
-43
-4.670977011494253
-39284.0
-39284.0
-4.702418003351688
-4.702418003351688
585
-4.773015682988148
-857
-39012.0
-4.670977011494253
-4.670977011494253
-43
-38969.0
-38969.0
-688
485
-37796.0
485
-37796.0
485
485
-179
698
698
698
698
-4.514306237280019
-4.514306237280019
267
-37975.0
-179
485
-4.5845508982035925
-4.5845508982035925
-873
-873
466
466
466
-4.480536591208528
466
-4.536895064686153
-4.536895064686153
-4.536895064686153
-70
-70
-70
713
-38517.0
-746
-746
-746
-794
-4.419122933141625
-4.419122933141625
889
-4.526183343319353
-37771.0
-794
-409
-37830.0
-37830.0
-4.532167245717024
350
-38180.0
-409
-4.526183343319353
-4.601965013179966
-38408.0
-637
-794
-338
-338
-37228.0
-432
-432
-4.460579918523844
-37228.0
-4.144328662115224
831
935
-34520.0
912
-4.13462690142532
-34520.0
912
-4.24436990896023
935
-35432.0
935
861
861
861
87
-4.460579918523844
87
-4.4715398442180945
-338
747
517
572
-4.5841524814193235
-38733.0
-492
-492
357
-4.6425746134484
-492
142
-4.5841524814193235
142
142
-986
-986
910
-614
-4.574185043144775
-38167.0
-18
-4.574185043144775
-4.516596764529658
476
476
-18
-352
92
-4.5841524814193235
-38134.0
-4.570777897638739
107
142
-4.601726411701235
-4.601726411701235
-375
-4.706425317669623
-878
802
838
-839
-4.69944830894699
309
-38889.0
-4.663508814006476
-4.663508814006476
295
-166
418
418
233
-4.730806142034549
-4.730806142034549
-39436.0
233
-39669.0
-4.759328134373125
410
-40079.0
-618
-39461.0
298
-574
-4.703516984755732
-569
-168
552
552
340
449
-753
-39909.0
449
449
350
350
461
-41169.0
986
-4.945225225225225
986
986
986
-584
983
-42554.0
-915
633
-41639.0
-5.004086047350079
633
-5.0807692307692305
410
-5.130664743358577
837
-43519.0
-43519.0
966
-401
-401
176
-795
790
-44079.0
-5.301780129901371
-400
-44079.0
-742
729
73
73
-191
-5.3772109252797495
-44690.0
117
-5.39193742478941
-5.39193742478941
-743
253
-731
-43685.0
-99
-5.246900204646684
-43586.0
-175
555
555
-5.314351071514568
743
-340
599
-43882.0
599
599
-340
-44141.0
-442
-44141.0
-5.314351071514568
-442
-928
-42771.0
579
579
8
8
8
450
450
-413
-419
-392
-43416.0
-132
209
-43493.0
263
263
263
339
293
293
-778
-292
-5.223441456650187
-240
564
-53
-5.2176796912686925
-43265.0
-5.2176796912686925
-5.2176796912686925
-43265.0
-996
-5.337151814783552
-5.303881388621022
970
970
-44971.0
-5.421458710066305
-5.387777242044359
274
-5.387777242044359
-5.387777242044359
274
274
-44971.0
-623
-5.363669238187078
-44497.0
-44497.0
474
-44971.0
-623
-5.343580470162749
-44325.0
23
-44325.0
23
-87
-87
-87
-441
-44669.0
-441
-514
-5.331243972999036
-36
-5.331243972999036
-5.331243972999036
-5.331243972999036
-36
-36
-711
-5.406219864995179
-44850.0
-44850.0
-668
566
-361
-701
-701
716
-43466.0
716
-43728.0
454
-43728.0
454
-701
780
-996
-970
-718
62
-5.131709082137257
-42547.0
-42395.0
-5.112759286058852
152
669
-43216.0
-960
-960
-42256.0
-42256.0
-641
-5.0978405115212935
-641
-641
-80
-80
-5.021114864864865
-108
-80
-41615.0
-41615.0
-5.021114864864865
-80
-5.012067093037287
-988
-559
95
-40091.0
-8
-676
-676
-39992.0
-39992.0
634
-857
634
-352
-442
-39992.0
-442
533
-676
-40083.0
-676
-39407.0
91
-4.769137889398696
397
-39895.0
864
-38943.0
952
-4.8176548725999275
-39895.0
864
864
-4.8176548725999275
-4.8176548725999275
-39895.0
864
-40759.0
-4.922584541062802
-40759.0
-4.922584541062802
909
-4.922584541062802
909
-5.032974996980312
-5.032974996980312
-746
-746
-4.980917874396135
426
-41668.0
-41668.0
431
-446
-5.032378881237163
616
-632
-41637.0
-837
-5.208841647541973
-901
-5.208841647541973
-380
-5.254106280193237
-5.220504769955319
273
-5.254106280193237
-5.254106280193237
-380
-380
-43124.0
-5.208841647541973
-5.208841647541973
-43124.0
-5.244202898550725
-43422.0
-298
-897
-5.1011113795602805
-42227.0
-337
-337
-41890.0
687
-42577.0
-940
-407
-769
-769
-769
-769
-16
-40445.0
-10
698
315
-900
-900
-39350.0
-39350.0
195
-39927.0
-4.826764990328821
-39927.0
-382
-4.826764990328821
-382
-979
339
339
-38905.0
210
210
210
-4.715685088886201
121
-39115.0
645
-4.809483488569009
-4.809483488569009
-4.809483488569009
480
-4.809483488569009
-4.809483488569009
480
-4.868134526977982
71
-40240.0
-4.868134526977982
71
-40311.0
-752
-543
-777
-232
-38475.0
-236
-38239.0
-4.628298232873396
141
-38380.0
745
-4.645926643263527
745
-4.645926643263527
745
-297
-39422.0
-297
-4.772061493765888
-4.772061493765888
-39422.0
-4.661946259985475
-39187.0
-39187.0
-39187.0
-4.742466416555731
-4.742466416555731
-4.742466416555731
-39187.0
-670
939
-4.725765460486506
-39908.0
-859
791
791
-532
905
-4.772061493765888
-297
-4.736682808716707
-39125.0
-146
-146
564
-4.6678368236291
564
-963
-453
-172
-4.51780092031969
229
-4.546082112147269
-873
-36664.0
112
-36776.0
-671
415
849
-4.425057554828547
-36520.0
849
-36520.0
952
952
952
-36520.0
849
849
849
-37369.0
390
-37563.0
-37563.0
864
-4.445669291338582
864
864
864
-4.550884419675309
-4.550884419675309
-4.550884419675309
-37563.0
390
-584
-584
-887
-4.429419604992124
-521
447
447
447
-497
926
926
-4.468969696969697
-4.468969696969697
42
290
713
-38059.0
-145
-37914.0
-4.597308112040742
-687
-687
-4.647429679922405
-418
-4.597308112040742
268
268
-718
-4.6303662381760855
-718
-4.543844754396604
498
-4.604803493449782
439
-4.604803493449782
-4.604803493449782
666
666
-37962.0
666
-4.712882096069869
-38853.0
-4.712882096069869
-437
-4.712882096069869
-37670.0
518
-4.567167798254122
-37670.0
518
518
944
-92
-4.756153752879835
-92
-39132.0
-14
-39132.0
-39440.0
-39440.0
-308
-4.767915605674791
979
-39321.0
-189
-14
-4.74445118253487
-265
-225
64
64
195
249
249
-38887.0
249
-871
675
-871
-871
565
29
-39730.0
46
515
515
-788
212
-4.7013838310269485
-38730.0
-38730.0
212
-39646.0
-4.811991746571186
-4.811991746571186
14
-718
-479
-539
-204
-4.605221615057681
422
-204
-36760.0
960
-37720.0
-628
-628
-628
-4.581005586592179
-628
-37720.0
-628
-414
567
476
476
476
45
942
9
-4.5293402988701255
-4.5293402988701255
-37281.0
9
942
-37290.0
-37290.0
942
942
-37806.0
-4.593681652490887
-4.593681652490887
-37806.0
426
-4.6501032681326695
-469
426
-537
-4.581307729703451
-265
-4.581307729703451
470
-773
-38165.0
-773
-4.649690044973867
-4.649690044973867
-861
-861
-408
-408
-4.496534954407295
602
-36984.0
-570
-570
-36414.0
-825
-37295.0
-4.53434650455927
-37780.0
-4.592754680282033
-37780.0
-485
661
-4.592754680282033
-4.592754680282033
-485
-4.525893508388038
-37230.0
65
-881
-582
315
-4.357533746807734
315
-4.357533746807734
-4.357533746807734
-4.292071984435798
-35298.0
-84
-610
-4.273091881380651
-610
-84
-4.189764162411865
-34465.0
416
-34881.0
417
417
534
-35298.0
534
315
315
314
-36619.0
-786
-4.452699416342412
2
-4.402188449848024
831
650
623
669
-719
-719
411
411
-786
-4.357655356925696
314
259
724
314
-4.517031630170316
314
314
733
370
-4.72991723466407
-39071.0
-210
-40135.0
-40135.0
-333
-4.883791676807009
-4.883791676807009
-333
-941
-39802.0
-941
-894
590

