-766
5222.0
-32
765
408
-32
785
5222.0
-32
476
146
146
4632.0
-983
-983
0.5617808904452226
-822
857
-169
-714
-406
-184
-184
6869.0
-184
-184
-559
301
0.7320516671673175
748
737
-588
-588
-939
8090.0
406
-68
-744
406
-192
-192
7684.0
7684.0
0.7697085044575779
-192
7876.0
7876.0
0.7890202364255661
7876.0
210
588
7078.0
704
-837
-837
7078.0
937
6141.0
5426.0
0.543687374749499
5426.0
-715
85
58
83
83
-227
-227
-42
5915.0
5915.0
-227
150
0.6007619811509926
0.6007619811509926
-976
365
326
-976
6968.0
-732
754
0.7721620537505014
0.7721620537505014
754
-354
0.6543667903339015
6526.0
-290
492
-290
-290
6526.0
6526.0
-290
0.6835138387484958
-130
6946.0
0.69662019857587
-245
-781
-942
0.8942616372391653
0.8942616372391653
-445
93
565
9266.0
9266.0
565
-495
8701.0
-495
8618.0
-578
-578
-578
426
155
8615.0
-615
0.9266137937958037
31
-466
460
460
460
107
0.8668407310704961
-133
-826
-826
0.963338690237043
730
0.963338690237043
9591.0
0.963338690237043
730
8861.0
0.8937324226597027
0.8937324226597027
37
8898.0
37
743
0.8155515370705244
8118.0
0.8155515370705244
8118.0
8118.0
-857
430
779
225
681
-338
552
374
0.8481012658227848
8442.0
8442.0
333
333
0.8147292273686326
8109.0
-338
317
-529
0.848774115755627
681
-910
819
0.7897276108151573
45
0.7852834740651388
7812.0
504
-150
0.804703990350789
8006.0
194
0.7852834740651388
504
259
-696
7049.0
-696
0.7787833081950729
-220
0.8009855189058729
-536
0.7378582202111614
-627
318
7965.0
-536
-536
704
0.8009855189058729
-536
0.8549733480840792
8501.0
532
282
0.8015489841078254
282
282
863
0.6865191146881288
6824.0
112
0.6753194486366838
0.5950704225352113
-293
-486
-797
5915.0
184
184
6099.0
184
-797
553
6159.0
-937
7096.0
386
295
286
286
6129.0
0.6169720153009866
396
439
0.5330245670559807
0.5330245670559807
5706.0
0.5743909804711094
-378
5757.0
0.5794665324609964
564
-891
-891
790
-297
0.5330245670559807
0.5330245670559807
5294.0
-297
0.5330245670559807
-297
-297
-864
6455.0
6455.0
0.6105125365018629
-259
562
562
0.6105125365018629
-392
6063.0
6063.0
-392
-392
6455.0
5977.0
-478
0.6500503524672709
6455.0
622
622
5833.0
0.587471044415349
5833.0
5833.0
5833.0
-779
6612.0
5730.0
-882
694
-693
-693
-250
0.6660286117267782
6611.0
-250
-982
6861.0
269
96
96
96
0.654640733649098
0.654640733649098
0.654640733649098
76
76
0.654640733649098
-763
76
0.647046966337432
6420.0
-797
0.7378816890053411
6606.0
-267
-267
-716
0.6656590084643289
0.6656590084643289
6606.0
-716
-344
-344
-344
0.6309319899244332
0.6309319899244332
7244.0
7244.0
982
-344
6606.0
0.6656590084643289
-360
-465
6141.0
0.6187405541561712
-465
0.6656590084643289
-716
-133
7322.0
0.7358927851672713
0.7358927851672713
422
-19
902
-797
7217.0
762
-751
-773
-773
-773
0.8044968743698326
-112
593
593
0.8044968743698326
593
649
571
0.6218860312657589
-655
6166.0
-655
0.6218860312657589
-206
5960.0
-206
-655
0.6490520371117386
270
0.6218860312657589
-655
987
7153.0
987
-655
497
-919
6663.0
6663.0
497
497
0.6218860312657589
-655
-122
0.6880169457333064
-122
-122
6943.0
6943.0
6943.0
-984
-984
478
-866
-228
8588.0
8588.0
8588.0
273
273
-228
0.8390514631685166
0.7926546261729391
-459
-228
-228
-228
0.8621455242708649
8543.0
797
8543.0
0.9287588294651867
22
22
22
661
959
747
0.9579255372818081
290
0.9287588294651867
661
797
384
7746.0
384
384
384
8220.0
858
-754
-846
-522
-522
9484.0
0.9575928917609047
-79
0.9575928917609047
569
-79
-190
0.9656669696051702
0.9656669696051702
427
-430
-35
9566.0
-35
0.9697979797979798
-690
-968
1.039599959591878
-968
11259.0
-264
-264
-264
270
270
11523.0
270
-918
12171.0
217
12171.0
-899
13070.0
-878
1.3210026278552658
-878
13948.0
13948.0
1.409885777822703
1.409885777822703
-975
-987
-664
1.6758341759352882
1.6758341759352882
1.6758341759352882
-601
16116.0
-458
16574.0
-601
187
1.718042071197411
1.718042071197411
16988.0
1.718042071197411
1.718042071197411
303
-654
1.7734398705370689
195
1.7899261656720946
358
1.7538943961157192
16496.0
-843
17339.0
17339.0
-400
549
1.7945371775417298
1.762593566659923
-314
549
-450
-450
17190.0
-450
522
17118.0
-604
-604
-604
-604
1.7322404371584699
-604
1.7935431636474042
17722.0
17722.0
1.7935431636474042
217
1.7935431636474042
-90
-90
18203.0
1.8420360250961343
1.8420360250961343
18203.0
-3
207
184
-283
-283
162
184
106
17706.0
17205.0
17205.0
-501
817
837
-162
1.6251898349701326
-162
16214.0
-180
-180
16394.0
-411
-411
1.7019445007089324
345
345
-881
-881
17341.0
65
-699
-420
65
-806
1.75017728700233
438
-431
17269.0
-77
1.749822677069612
-77
-751
727
1.7605919318872896
1.7605919318872896
17370.0
1.7605919318872896
1
17369.0
1.7606690319310694
746
766
1.6852189781021898
-696
766
188
1.575425790754258
14678.0
693
-740
-122
-122
15418.0
1.5628991383679676
15418.0
1.5628991383679676
15418.0
426
-122
15908.0
368
-317
126
126
1.595112553234638
-911
-18
1.5970996856302606
15
1.5957403651115618
1.5684007707129095
15466.0
-268
15734.0
15734.0
1.5957403651115618
1.5957403651115618
15734.0
535
-839
-132
-132
1.6404585573703967
439
1.7156624061675796
743
16913.0
743
743
1.539561777236762
-993
308
-895
1.539561777236762
1.539561777236762
1.539561777236762
15177.0
-993
504
-800
1.6831000202880908
16893.0
17445.0
1.7692697768762677
-328
149
-18
149
149
1.6985398499290205
550
15930.0
-766
16696.0
-55
149
-843
552
1.7692697768762677
18198.0
-742
1.6780898306803205
1.6780898306803205
1.6780898306803205
16551.0
-905
1.6780898306803205
-905
17456.0
-742
646
1.770026363820726
1.770026363820726
-742
753
17445.0
552
564
1.82628536659568
564
552
1.7446247464503042
309
17202.0
309
1.7446247464503042
17202.0
1.7446247464503042
309
301
422
1.6404585573703967
16968.0
16266.0
16612.0
16612.0
346
-35
-667
702
-256
16266.0
16266.0
16266.0
17190.0
924
18177.0
17871.0
1.8122908427137208
-306
-306
987
987
1.7435845420428036
1.7435845420428036
924
16266.0
96
122
1.6404585573703967
-142
122
16048.0
900
272
1.5096407550233408
14876.0
14876.0
-261
-603
-603
-603
15740.0
-268
379
60
-762
16331.0
57
-617
-928
-836
-836
-742
180
1.8761682242990654
1.8761682242990654
509
-614
357
896
1.8436293436293436
-72
896
16570.0
-751
16570.0
1.6837719743928463
-751
17321.0
257
17321.0
257
-344
17064.0
17064.0
718
14
14
-230
1.6615165684082132
-230
-230
-549
18114.0
989
-366
1.8414150655687709
989
989
989
1.7410532736884912
-141
-270
1.8375355835705571
808
-922
1.8495017286963595
-125
-125
-48
1.867473555736371
-203
-203
1.867473555736371
-203
-694
805
805
-217
18909.0
18909.0
673
673
18236.0
18236.0
18236.0
18236.0
18236.0
17682.0
-554
-217
-719
-719
1.8040691759918617
-719
1.87740360158714
-113
-328
-558
-558
-558
1.910968660968661
-15
-46
1.910968660968661
18781.0
-921
-634
2.0696112354976592
20336.0
278
2.0696112354976592
20336.0
155
155
155
20491.0
155
-725
278
-574
-551
20632.0
-551
21183.0
-790
2.1564695103328924
21183.0
-790
27
997
-944
-944
21066.0
21066.0
2.144777031154551
2.1381451695001528
-63
-63
21066.0
90
20976.0
-944
-944
327
414
-528
-528
-528
21920.0
327
2.239205702647658
21989.0
396
396
21303.0
-989
21631.0
-661
699
699
-835
-22
22428.0
-22
803
-290
22740.0
-437
-437
607
607
921
-437
-606
-606
-823
678
678
23928.0
-447
-131
-167
-219
24208.0
190
2.4671830411740725
24996.0
2.5472332619993887
788
-167
24375.0
2.4844562226072777
24375.0
-131
2.5090186487312747
2.5090186487312747
189
189
2.5090186487312747
189
57
24432.0
57
24123.0
-309
2.490012229922544
57
57
24432.0
57
57
-131
-769
-395
-167
-847
-925
2.7038849801162437
-925
-36
27478.0
27478.0
-55
2.808343533251734
2.808343533251734
2.808343533251734
27533.0
-892
28425.0
2.899622564521065
28425.0
-587
575
575
447
2.8561224489795918
493
-83
-83
27580.0
-815
28395.0
2.8778322106552356
2.8778322106552356
29046.0
29046.0
29046.0
2.963877551020408
166
683
-198
2.8778322106552356
28197.0
28197.0
-198
386
-154
563
-470
-944
2.963031045751634
29014.0
29014.0
-711
934
28791.0
2.940858018386108
218
2.940858018386108
28791.0
218
822
822
-988
28739.0
-464
29203.0
996
2.984161046392806
29203.0
-82
28294.0
-909
-909
2.890977827730663
-909
29203.0
996
-254
28694.0
28694.0
233
989
478
923
26994.0
26994.0
923
923
26071.0
405
731
-438
2.5949069339333195
2.5949069339333195
-723
-723
26096.0
2.6691214073846785
2.6691214073846785
149
149
274
169
2.6093718027419683
-638
528
528
392
526
526
2.5813120458499643
526
2.539760515812097
24816.0
24816.0
24816.0
24816.0
24816.0
24816.0
120
2.61788784281621
2.61788784281621
766
766
120
156
24540.0
24540.0
2.512027843177398
24540.0
83
2.579076671102467
738
-829
2.418671307196233
-829
23628.0
-829
-378
-709
25166.0
141
2.5624616014745034
970
24055.0
-904
738
24959.0
738
24221.0
2.4808972651848817
24221.0
24221.0
287
24221.0
24221.0
287
2.4203625934651236
-304
-82
23852.0
-82
-44
-1
-1
-785
677
2.4680807459780714
2.4680807459780714
574
25338.0
25338.0
25338.0
25318.0
25318.0
-20
2.595840590103473
574
2.595840590103473
-692
-86
458
-773
25710.0
458
25252.0
-732
2.450634985661614
-592
-157
23928.0
-592
2.5115230974085834
-732
-86
25252.0
-86
574
678
24086.0
-531
23330.0
2.390123962708739
-444
-312
23774.0
23774.0
23774.0
2.435860655737705
2.435860655737705
22865.0
-909
-909
2.435860655737705
2.435860655737705
-962
-962
302
23582.0
-192
-192
-312
-531
121
23985.0
23985.0
2.4574795081967213
2.4574795081967213
-101
367
2.3517361466762265
22960.0
2.3517361466762265
367
2.314382298709281
-703
-893
2.3866407130416967
-689
23985.0
-101
-101
24086.0
-531
363
-934
23683.0
-934
-960
24213.0
-404
-404
24617.0
2.4461522696997644
2.519877049180328
24062.0
-532
-664
400
400
722
24594.0
722
-745
363
2.4858050630316697
24254.0
24254.0
-1000
24254.0
-861
952
-26
-26
25141.0
25141.0
-199
-980
26320.0
-241
-62
138
176
90
90
2.7253615013844734
90
25377.0
25377.0
-870
25377.0
25749.0
25749.0
372
132
132
25091.0
2.5723805618207916
-585
2.5723805618207916
2.5723805618207916
-286
25091.0
2.5723805618207916
-576
-576
-286
-870
26247.0
-420
26667.0
26667.0
182
-539
26485.0
-539
279
2.7719766129859473
27024.0
279
-607
27024.0
-209
2.705055891703415
2.705055891703415
26377.0
2.705055891703415
26377.0
-438
26377.0
2.705055891703415
-438
26815.0
-209
2.753948717948718
-173
2.7719766129859473
279
26745.0
26745.0
675
2.674669128962758
26070.0
662
2.674669128962758
662
2.60701826390314
25408.0
-475
948
121
548
548
2.725305159503539
812
27062.0
493
548
522
522
2.7785641025641024
-31
27060.0
27060.0
-31
2.7785641025641024
27091.0
-396
-396
26695.0
2.737667931494206
-396
26695.0
26575.0
-120
-396
-396
685
27776.0
2.8485283560660446
27776.0
685
685
2.7785641025641024
522
522
26569.0
141
141
26569.0
548
2.669368075502667
2.608267514616884
-593
-593
-593
-330
2.703498512362778
-380
26351.0
2.703498512362778
-380
2.74276626308229
-640
-640
848
848
948
2.6560287326834273
25694.0
-189
948
24935.0
234
826
-723
2.7523340515030266
851
25976.0
826
826
25976.0
163
826
25976.0
2.665298584034476
25976.0
826
215
2.5590106732348112
234
-561
2.5931020324368714
25262.0
2.5931020324368714
24564.0
-698
116
20
25126.0
889
889
25126.0
826
2.579671457905544
826
181
82
826
2.5613512680973405
24945.0
25106.0
161
826
82
2.4767919490655164
82
2.4686248331108143
529
-600
22906.0
-602
-619
-888
-888
24399.0
-68
2.5130443714050945
71
71
24396.0
134
-98
2.5646055875102713
2.6306870699394063
25615.0
646
210
2.5432973805855164
497
497
2.462557781201849
2.462557781201849
-289
24262.0
2.4925005136634475
2.4925005136634475
2.4925005136634475
24262.0
45
24307.0
45
45
-98
2.502825439227371
-25
24360.0
2.502825439227371
377
23983.0
783
-385
-385
-385
2.38413318261227
23200.0
-385
23585.0
2.4019114171205427
-212
-86
-212
2.4239465570400824
24
24
23561.0
2.4217288518861135
-987
726
-3
24548.0
-733
25281.0
280
25001.0
789
-161
25001.0
274
274
-184
-184
2.561805841217606
25757.0
25222.0
25222.0
409
409
26044.0
26044.0
914
-855
2.589329769736842
25189.0
25189.0
23734.0
-590
-865
-855
25189.0
-855
25189.0
25189.0
2.589329769736842
-855
2.677495630718618
822
-535
2.5932551922681473
2.5932551922681473
25222.0
-535
846
25757.0
846
846
2.561805841217606
2.561805841217606
456
-325
843
23937.0
163
932
2.3667695473251027
-139
-930
24074.0
752
23322.0
2.400123494905835
-989
-466
-90
680
680
2.6462171899125067
841
680
-160
-529
24684.0
-192
-455
25331.0
2.6087538619979402
2.6087538619979402
-673
-602
26606.0
42
-953
2.6421876609331547
25653.0
2.6421876609331547
-541
315
998
26218.0
26218.0
998
-541
108
108
783
-309
2.7416331994645247
2.6891474464579903
-507
863
2.8374176276771004
27597.0
937
937
168
168
2.878229541945445
2.878229541945445
27962.0
27962.0
2.878229541945445
533
27429.0
2.823656578134651
2.823656578134651
27429.0
-856
728
933
-741
-343
-741
863
108
-953
42
26564.0
26564.0
26564.0
-897
28228.0
97
28068.0
979
-160
767
307
2.7979392065945388
27154.0
27154.0
304
212
-422
-243
36
-953
2.909578307041963
292
28214.0
286
27928.0
-465
619
481
481
27774.0
2.864480198019802
2.864480198019802
27774.0
2.864480198019802
2.7898319067752912
2.7898319067752912
-754
188
-754
-754
-754
2.7898319067752912
-721
27774.0
2.864480198019802
-907
-907
28681.0
-874
28681.0
956
956
2.860016505054673
942
744
2.7631280305375014
502
2.7631280305375014
2.7631280305375014
26783.0
2.7631280305375014
744
-199
522
2.653869969040248
25028.0
-688
2.653869969040248
-527
500
2.587986376303024
320
2.6207430340557276
320
320
-668
-668
-839
25743.0
2.657204789430223
-839
962
25620.0
46
2.6417879632497163
-29
46
27
149
2.622947433646597
-40
25438.0
567
25438.0
25438.0
25438.0
2.6273497211319974
25438.0
567
24211.0
2.401900041305246
2.401900041305246
-799
2.4715539494062986
23937.0
-523
409
409
-800
22471.0
22471.0
-800
683
22588.0
2.331784866315681
-523
-523
22588.0
-523
-826
-826
23937.0
23937.0
677
2.3295818275684046
-698
-698
-799
2.4846638438500466
-867
-867
24059.0
-152
24739.0
2.6553077240809584
25714.0
975
975
2.5314952498967367
2.5314952498967367
-224
528
-660
24211.0
2.59991738097697
964
2.5006197066721754
25174.0
25174.0
963
24211.0
2.5006197066721754
2.5006197066721754
24211.0
-660
25120.0
2.5945052675067135
249
2.569052783803326
24989.0
2.5809750051642224
118
2.569052783803326
-706
487
2.51900826446281
-777
2.51900826446281
-260
-260
-945
23702.0
23702.0
-945
263
-514
24898.0
-699
779
779
-438
2.6719363504856375
24916.0
-943
-176
2.690399917329751
771
26035.0
2.690399917329751
771
26035.0
-963
25075.0
-155
24920.0
-155
-155
25075.0
25075.0
-960
2.690399917329751
771
25264.0
25264.0
-517
-517
974
2.818811369509044
974
849
2.630931458699473
302
302
-455
-250
982
-329
-91
-91
982
-600
24870.0
24870.0
-797
62
2.6548407116259827
2.6548407116259827
-166
2.6548407116259827
62
25667.0
62
104
353
25252.0
24263.0
-989
-671
25923.0
-87
52
2.691432119205298
52
395
263
-888
-1000
-1000
26188.0
-1000
106
-42
-42
-42
27082.0
2.8499844704420747
446
27082.0
-378
-378
2.8041002277904328
27082.0
27082.0
-42
27124.0
-473
2.8051154602878743
2.8051154602878743
-508
-508
-508
-508
274
934
934
934
2.8580157415078706
803
817
26794.0
26794.0
26578.0
26578.0
-216
26794.0
26794.0
2.7751424132573796
817
26794.0
817
25977.0
771
-192
-278
-278
2.6313717364276834
-278
25398.0
25398.0
2.6313717364276834
2.6313717364276834
-278
25676.0
25676.0
25676.0
26512.0
-217
836
-741
89
-723
568
2.745205763449777
-889
2.8376529131246113
-133
-133
2.851736651114567
27505.0
-685
-685
855
838
194
-469
2.7562720298569356
440
2.710938310005184
963
2.710938310005184
-469
2.710938310005184
-469
143
-852
-852
-72
27510.0
894
143
143
26106.0
26705.0
2.8759328358208953
617
617
27843.0
713
425
425
425
599
2.706687402799378
-897
2.706687402799378
415
-782
-29
26502.0
-133
2.762680219894202
-174
614
26195.0
-264
2.6899377593361
2.6899377593361
25931.0
-264
79
79
26116.0
26116.0
2.709690807221415
-167
26283.0
-929
-929
923
-261
247
81
2.64193046185781
81
2.64193046185781
81
81
-518
-518
400
-356
2.687843870030105
2.687843870030105
-356
-356
26248.0
26248.0
2.725083056478405
-114
-114
489
739
873
2.8275539867109636
27235.0
873
934
2.737202782680926
26362.0
-518
489
489
25873.0
310
25563.0
-875
27040.0
602
730
-163
-289
863
26160.0
27000.0
840
2.717922077922078
26160.0
2.719094120091419
160
2.719094120091419
2.701464630726083
2.701464630726083
-167
2.7273293861015895
26256.0
2.7273293861015895
82
26174.0
2.719094120091419
2.72753713514075
84
26174.0
2.719094120091419
14
26160.0
-815
26310.0
150
26310.0
25891.0
26471.0
164
26157.0
2.6805440199335546
25819.0
25365.0
-454
841
-338
25819.0
26590.0
2.7603031246755942
771
2.6805440199335546
2.6805440199335546
2.6805440199335546
-338
-159
164
-319
-319
2.7841935818880463
2.7841935818880463
26809.0
338
26471.0
580
-419
150
150
150
-815
26160.0
-816
2.717922077922078
-815
25593.0
-567
-815
-815
-815
2.717922077922078
-815
420
26555.0
-418
-418
-246
2.7339983374896093
-912
27224.0
423
-77
2.7936804905934935
2.8943047183537725
971
26878.0
735
26143.0
-19
414
2.7494542052188375
26447.0
22
699
699
699
699
2.677063838635891
-328
-328
-140
-140
26076.0
26076.0
26076.0
26076.0
26076.0
732
2.6356073211314475
30
903
903
25052.0
-235
2.6287437603993347
-9
25287.0
876
876
-722
-722
-722
24866.0
554
24866.0
24866.0
2.586167446697868
24866.0
455
455
-722
25133.0
192
2.614480391137002
25133.0
864
340
24700.0
431
431
24700.0
431
2.463330906064704
-589
-875
-826
25970.0
25970.0
235
25970.0
235
-885
-167
-797
27584.0
27584.0
17
26815.0
26815.0
26815.0
2.8345997710003124
2.8345997710003124
2.8345997710003124
417
843
27619.0
27619.0
804
-752
2.870067673086934
2.870067673086934
-755
-569
-205
-542
-542
2.9706341768197437
2.9706341768197437
-542
918
28527.0
-943
2.9706341768197437
-929
-929
2.9706341768197437
-968
28527.0
-542
-215
29069.0
11
-919
663
29314.0
29314.0
3.0538597770601106
3.0538597770601106
312
3.021671181496145
107
3.021671181496145
29173.0
171
29173.0
171
-910
-910
29002.0
-910
3.116807335625716
29912.0
221
-92
28990.0
28990.0
3.0207356465562154
-701
-701
-814
-814
-814
3.0786622212961032
-814
672
-92
29783.0
29783.0
30343.0
560
560
3.1620466861192162
3.1620466861192162
560
30343.0
560
29783.0
521
-662
-463
3.119357865109976
29924.0
-527
-463
-980
29407.0
-980
400
923
324
-48
3.0385818561001043
-48
-48
426
28762.0
-143
2.999791405924072
-143
-143
-143
-43
-143
-933
647
675
220
957
572
-591
-591
3.030252451491759
-570
-570
29618.0
-591
943
567
28763.0
64
28699.0
841
2.9076296837490867
2.9076296837490867
-861
-82
-82
3.006681281970978
-341
29142.0
3.0425976195447904
623
623
623
371
371
-614
535
856
-797
2.953842940685046
-797
-797
856
3.0373890339425587
856
856
29083.0
856
-11
28227.0
826
818
26583.0
665
-370
69
69
69
170
-238
804
804
804
2.6639138615931426
25483.0
810
2.6639138615931426
2.6639138615931426
810
810
25483.0
2.6639138615931426
810
-214
24673.0
-214
-214
2.579508625196027
-214
-214
727
608
23552.0
-37
-37
809
-395
316
-846
-846
-419
23705.0
-419
23705.0
23705.0
23705.0
-419
2.5244872331519463
818
24124.0
650
237
650
650
2.4567242281527997
2.5371494349100043
771
771
771
771
24245.0
2.5371494349100043
2.5371494349100043
2.493041749502982
-419
-117
2.493041749502982
2.493041749502982
-419
771
-715
22759.0
-715
23474.0
-731
566
306
-634
890
118
-628
-51
206
22804.0
445
445
22359.0
2.342237586423633
-934
2.440335254059717
-707
24000.0
24000.0
24000.0
579
-609
-523
-523
323
23098.0
23098.0
-218
980
931
-351
190
2.2284306531082922
2.2284306531082922
2.2284306531082922
42
-874
-874
-874
2.2284306531082922
42
-345
798
2.260668973471742
188
-645
22017.0
-44
2.30907184058731
2.30907184058731
2.30907184058731
-44
2.313929095867422
644
21417.0
372
2.2466170145809294
21417.0
21417.0
372
372
210
939
-914
20384.0
2.138480906420478
-451
939
939
2.087722980062959
-946
2.1872179662084164
-821
329
2.277258893902823
21700.0
347
161
161
161
-729
2.3300807890043016
161
22047.0
347
21700.0
37
21700.0
37
-250
2.3000944683531017
-926
2.3975435649800545
2.3975435649800545
22839.0
22839.0
559
2.251837077472181
-829
21451.0
116
116
-829
324
2.3053338933221337
21055.0
-901
2.210498687664042
-901
-301
-646
22903.0
299
829
-579
-235
76
2.491281512605042
76
23717.0
-209
23717.0
76
23717.0
76
76
2.4835591973946842
24093.0
23972.0
23972.0
-121
569
452
23641.0
989
2.3799117461651607
22652.0
206
765
449
-959
2.3585163391825157
2.3585163391825157
827
827
-959
-959
-591
6
6
-953
-896
-299
2.6159991590455167
-953
-953
-299
25839.0
25593.0
2.6900357368089134
25593.0
25593.0
-77
2.6900357368089134
-77
-169
-169
77
25839.0
-299
206
2.7481863105877404
26138.0
26138.0
206
2.726813880126183
-232
349
349
-767
26701.0
465
26701.0
119
237
471
2.7960450194593456
2.7960450194593456
471
-194
2.7674907943187796
894
25411.0
25411.0
22
387
498
24526.0
-9
-9
-9
24526.0
24526.0
-101
-9
-587
-587
-276
2.6150931480896746
-276
245
-8
753
835
753
-953
2.6416385846672283
25085.0
741
2.5638757240652974
300
300
-685
-685
-956
24729.0
25426.0
697
25426.0
25426.0
2.678112492100274
697
24729.0
2.6049720846939852
-956
25685.0
2.7059629161399075
25685.0
825
-613
25685.0
552
309
-173
878
808
2.5420531197301854
24119.0
808
251
251
23311.0
23311.0
2.457151892062823
23311.0
251
251
-14
157
2.4292189311689683
-14
-751
-751
-408
23811.0
2.5103848181338955
-408
2.6401686874011596
24076.0
-966
-966
-363
823
2.5536693378321385
-976
-234
2.6818181818181817
2.713170937467046
2.713170937467046
2.7707718262336565
2.7707718262336565
430
549
2.7800969850305712
2.7800969850305712
509
-451
26314.0
585
300
70
-921
379
279
279
672
672
672
24950.0
24950.0
-80
25030.0
695
332
24335.0
332
-694
2.5335655478150727
-694
2.5335655478150727
-876
-374
-374
-374
-694
-694
24003.0
-694
24003.0
-28
-28
-28
211
2.5926551287463067
24568.0
714
-149
-694
24697.0
188
2.587521114864865
24509.0
-939
81
242
2.653395289893336
2.755015839493136
2.8426776475556963
2.8426776475556963
26923.0
833
965
25125.0
-555
139
25541.0
2.6978979613393896
-363
-363
26564.0
660
2.736530741601521
-623
573
25904.0
695
-180
25389.0
2.6826923076923075
-231
24945.0
24945.0
376
-820
25014.0
25014.0
365
-740
667
2.6826923076923075
2.6826923076923075
25389.0
667
2.6124907534608477
-629
25351.0
584
24767.0
-265
2.6460887949260044
25032.0
-363
-363
2.6460887949260044
-363
-363
811
-595
2.5412747066906247
2.5412747066906247
-595
-757
25395.0
25395.0
648
2.6165151194755762
107
-610
980
763
763
451
672
22384.0
2.3681760473973763
22384.0
2.3681760473973763
2.3681760473973763
-574
-574
-507
2.3752644942869234
2.3752644942869234
-507
-507
97
736
-423
297
-423
440
440
-823
2.3402138244945485
2.3699195596951736
283
22108.0
2.3402138244945485
2.3402138244945485
2.3402138244945485
698
22867.0
759
759
652
2.3402138244945485
22108.0
652
21456.0
-475
650
21281.0
-159
2.2704648946309436
-715
-119
22274.0
261
22274.0
261
261
-181
60
2.362673445609575
293
82
2.44407964414319
771
293
22013.0
-181
2.3513084013136987
-36
-956
-957
816
-343
21164.0
2.242424242424242
2.242424242424242
-621
-397
-532
-532
-625
-661
-809
-570
-570
2.630301102629347
24809.0
-570
25379.0
-854
25379.0
-854
-854
-75
2.790115600806024
-158
2.790115600806024
26308.0
-158
26643.0
2.825644288895959
26643.0
177
-568
-214
-214
-682
2.89072777424146
-682
172
2.846716877055267
-740
-354
2.963395225464191
-760
-760
26757.0
-413
828
27294.0
27294.0
-966
-966
28260.0
953
27408.0
2.9067769646834236
101
25
25
2.8963725074246924
550
2.8963725074246924
2.8963725074246924
550
116
-413
2.8378235044548155
975
-89
-89
2.8378235044548155
-2
-2
2.8378235044548155
2.8378235044548155
-2
2.8383366924790496
-413
-760
54
27930.0
962
28892.0
962
28468.0
21
538
538
27930.0
104
104
2.9526740237691
256
929
2.8543988114188688
27425.0
528
254
2.7946513849092645
-309
-769
591
25488.0
25488.0
-564
216
-842
25836.0
-842
26678.0
819
26678.0
819
319
319
319
-432
-736
2.758283772302464
25001.0
-700
-700
-700
2.729213125199108
-271
2.758283772302464
-736
-490
2.8891013384321225
27198.0
-862
28060.0
28060.0
2.980983745883353
-446
-446
29116.0
610
19
118
-94
28369.0
-94
254
185
185
28394.0
28394.0
185
-220
2.9940488841657813
28174.0
-220
185
185
27460.0
2.917862076293699
2.917862076293699
27460.0
-922
3.0161530286928797
-12
-12
185
28394.0
185
28160.0
28160.0
28160.0
-49
826
27383.0
201
-941
2.8898575377418667
2.8898575377418667
2.8898575377418667
-941
27662.0
-461
-461
911
28123.0
911
911
911
2.8936622713738833
569
2.8334574072104646
26643.0
26643.0
2.8334574072104646
-907
-204
914
351
26489.0
-916
-35
911
278
226
26489.0
278
2.7889976590763994
185
185
2.7696073214855805
2.7696073214855805
26733.0
707
598
134
2.6922831293241085
-88
-800
2.7019374068554396
25382.0
-800
-216
2.8106899488926746
26398.0
-359
2.849217335746992
-474
-474
2.849217335746992
26757.0
-475
2.9001064962726306
-964
486
486
729
729
2.874294236710344
197
197
845
2.7638785295684603
441
2.7638785295684603
2.7638785295684603
2.7638785295684603
2.7638785295684603
662
25939.0
662
-357
-323
-323
2.73196205904295
25634.0
-323
-758
25957.0
-758
296
296
-683
26419.0
-683
-985
2.8896470839108646
-985
600
-131
-594
-50
-50
28081.0
2.9949872013651877
-822
27259.0
27205.0
2.9006290649322954
-601
547
27806.0
2.965024525485178
27806.0
547
-822
-50
28081.0
-50
-673
28131.0
28131.0
-673
3.0727544271388947
-474
28372.0
-354
396
28726.0
28726.0
28726.0
396
311
28330.0
-474
28330.0
3.0218666666666665
-206
-474
3.0727544271388947
-763
29567.0
3.1544862904086206
-137
29735.0
168
-184
29567.0
-137
-137
696
3.0955074164977057
308
3.0955074164977057
3.0955074164977057
308
308
28700.0
149
3.047390329811079
-910
-910
29461.0
282
3.144854824935952
3.144854824935952
282
3.115084872424469
22
29157.0
890
-129
3.018366257341164
693
-129
28396.0
28396.0
3.0324647586501494
-78
-173
-173
28569.0
363
28569.0
917
917
3.1488680051260145
917
28569.0
363
629
562
27015.0
988
988
388
26027.0
388
25639.0
-746
26385.0
40
2.819814042962488
2.819814042962488
40
2.815840102607952
-883
906
25439.0
439
-336
-357
2.632884327560402
24628.0
215
215
-372
-372
24628.0
2.660502405130946
24889.0
261
261
261
-708
25336.0
2.7088634662675077
26166.0
2.797006948156066
2.7512825994014536
25741.0
2.7512825994014536
-425
838
26166.0
164
666
666
2.7088634662675077
25336.0
-357
2.747326775021386
2.747326775021386
-604
2.747326775021386
2.747326775021386
137
-430
-468
25556.0
2.6795337895637297
-497
25059.0
-497
2.7329697358571274
2.7329697358571274
2.6476689478186484
-795
-331
588
25556.0
-331
125
280
2.725930680359435
2.725930680359435
157
986
2.6207339253236333
24496.0
180
-881
-881
731
716
2.447452910958904
-753
-753
2.447452910958904
-753
426
847
538
538
23636.0
552
2.6121575342465753
772
772
2.529808412715402
2.529808412715402
23636.0
552
23084.0
23084.0
-604
2.470991222436309
2.470991222436309
571
2.4052665382145153
-43
772
772
772
772
2.327730192719486
453
453
21288.0
-901
-901
20387.0
2.182762312633833
20387.0
20387.0
2.182762312633833
20387.0
712
-723
19445.0
19445.0
645
2.081682903329408
-942
2.182762312633833
-901
-82
-82
-82
21370.0
285
941
21085.0
686
513
2.3547868922681516
21989.0
560
904
904
941
2.157669237360754
209
-451
2.13551151580075
19935.0
-451
19935.0
-451
2.1840582815513176
126
126
-501
-843
492
2.3152931089915336
21604.0
21604.0
492
492
21225.0
113
566
-161
2.097856377277599
19573.0
-973
596
-161
-161
20707.0
20707.0
456
2.2198756432246998
20707.0
2.2198756432246998
36
2.293171829778111
21393.0
686
2.2198756432246998
2.2198756432246998
2.2198756432246998
2.2198756432246998
20707.0
456
98
2.160947887625992
830
2.160947887625992
830
777
18425.0
18425.0
-898
1.9756594467081279
18425.0
-898
-898
-783
19323.0
200
200
19123.0
-488
-307
19611.0
2.1035074546819694
-307
20102.0
20102.0
20102.0
43
184
529
2.080141615706469
19389.0
-509
-509
19898.0
-65
-65
-334
2.0810085836909873
2.0810085836909873
-568
-737
337
-737
774
977
243
243
357
2.1128166595105196
357
2.0747181964573267
963
18523.0
160
1.9885131508319913
1.9885131508319913
-323
18523.0
160
-182
-182
-911
1.9913024804037367
-911
2.089347079037801
2.089347079037801
-59
-59
19515.0
952
2.095908065728708
19515.0
384
384
363
421
-107
-770
18668.0
-770
18668.0
1.9440386680988184
1.9440386680988184
-569
-770
-770
18668.0
-770
2.043609022556391
358
-770
984
-968
17138.0
1.7501073883161513
16297.0
17044.0
747
17044.0
747
-841
1.7501073883161513
-841
-841
-643
1.9098818474758323
1.9098818474758323
-968
2.0123523093447906
-14
2.0022556390977444
-108
-108
2.0022556390977444
2.0022556390977444
946
309
18641.0
2.0022556390977444
-108
-689
984
18454.0
18454.0
1.9828086386590738
-925
-925
-925
449
-783
-726
-726
18005.0
18005.0
1.9347732645604987
-783
2.0191295002686727
89
2.009780739466896
2.009780739466896
2.009780739466896
361
758
1.9711920885735783
-245
1.9977424209847345
938
-96
-860
18505.0
1.989784946236559
1.989784946236559
19119.0
614
614
614
614
18092.0
-765
-413
1.989784946236559
498
-951
2.0389331038933105
-490
-490
2.0918575884693986
-204
-204
691
691
691
-443
691
377
18380.0
293
1.94609425435765
-25
-906
-25
-14
-14
-375
-25
-25
546
14
1.9476969436074043
18098.0
721
1.8703045958454418
17377.0
17377.0
17377.0
-206
-77
549
-828
-828
917
-148
251
917
1.8022179155900087
16739.0
1.8022179155900087
208
-448
1.90912027565414
17730.0
751
-489
346
346
1.8442481688927186
265
-521
1.872225813402284
-171
-1
-91
-50
17691.0
1.9067687001508946
989
989
1.8003664977902338
494
1.7473048727899956
1.7473048727899956
257
800
1.6337071382359285
15151.0
881
15151.0
914
339
1.4989214840379637
-184
14082.0
-428
209
607
607
14301.0
1.511866235167206
-286
607
-377
-377
-377
47
279
-550
1.5134901791495792
14024.0
1.5134901791495792
14024.0
14024.0
759
1.4675731088809756
1.4675731088809756
-424
13600.0
-424
-550
774
1.4896373056994818
1.4896373056994818
-333
427
779
959
1.52574759797042
427
13633.0
-73
1.4717694051603152
13633.0
13633.0
-73
13706.0
546
1.479809976247031
546
-271
849
-900
-900
-900
1.2419825072886297
-103
-977
-977
683
1.4325053995680346
-625
12895.0
12726.0
-169
-739
1.392398229132923
432
1.392398229132923
12895.0
-370
-370
12895.0
-370
12991.0
-274
1.4325053995680346
683
683
-969
-622
1.463707064160726
-622
1.463707064160726
791
-622
310
310
390
1.4890881590319793
1.4890881590319793
-30
-492
14305.0
-870
1.5458180246379944
-870
1.6241625243138103
1.6241625243138103
-145
765
765
1.640008645844591
15175.0
210
1.640008645844591
765
14410.0
963
963
733
1.4535725867473788
733
13447.0
1.4540639861651534
6
6
6
1.4535725867473788
733
-617
-508
674
12714.0
-617
1.4148740676683602
1.4148740676683602
1.4148740676683602
375
12714.0
1.3744864864864865
-617
1.4413450102713807
1.4413450102713807
325
325
12522.0
-231
-231
-231
-809
13331.0
1.5142702702702702
676
635
-339
541
12494.0
-836
1.5540175191954146
123
1.6300821799307958
705
705
14370.0
123
1.5540175191954146
123
917
1.5408825438027256
790
14247.0
917
-709
-181
1.5187148420597143
13
14026.0
-504
624
521
16001.0
1.7309606231068801
521
1.7309606231068801
521
650
521
1.6747809152872444
15480.0
1.6747809152872444
950
950
624
-42
1.5095238095238095
1.5095238095238095
613
-68
1.5095238095238095
1.5095238095238095
6
365
1.5095238095238095
-169
13948.0
1.5095238095238095
13948.0
613
777
538
1.359385148300498
12558.0
1.359385148300498
1.359385148300498
57
1.359385148300498
1.359385148300498
1.359385148300498
584
584
-540
1.3962121212121212
683
-467
14158.0
-185
14343.0
14343.0
759
759
199
59
1.5631761142362615
48
1.5581521151141404
14269.0
-133
14402.0
1.5581521151141404
1.5581521151141404
59
14343.0
14343.0
759
683
683
-349
-349
683
-540
1.424025974025974
13158.0
1.424025974025974
-283
883
-446
12112.0
-446
57
1.359385148300498
12558.0
12558.0
1.359385148300498
1.359385148300498
1.359385148300498
57
12558.0
12558.0
1.359385148300498
12619.0
740
61
61
1.365840458924126
61
1.411841108345059
13044.0
486
12558.0
11746.0
-163
-649
12558.0
57
57
57
57
712
-755
11789.0
38
-127
-861
12777.0
313
1.3499404310624932
1.3499404310624932
1.3499404310624932
-273
685
690
690
685
685
1.379657712305026
1.379657712305026
53
-294
-445
755
169
652
12016.0
100
12713.0
1.3778042700769482
797
12177.0
-536
12713.0
797
12713.0
797
-435
-435
12351.0
667
667
-602
434
-957
12207.0
12207.0
540
785
1.1802603036876356
547
547
-543
1.1210543442889684
-756
455
-438
10636.0
-438
1.2016059027777777
1.2016059027777777
11074.0
823
1.112425393380358
-128
-128
-679
1.1264380290861733
-300
-167
1.159122978400087
-733
-733
1.159122978400087
-54
-54
-54
-596
-227
434
-299
451
-302
-302
10743.0
353
353
-64
-64
-694
9696.0
9696.0
-694
-695
1.204106017814469
1.204106017814469
-283
-283
11085.0
1.3094384707287934
971
12056.0
971
-283
610
10758.0
678
1.16883963494133
1.16883963494133
260
828
1.16883963494133
828
489
9930.0
1.0789959795718786
489
489
489
918
0.935992175613997
-239
0.935992175613997
997
0.9204607193306531
-142
90
0.9156796696729328
0.9156796696729328
8427.0
541
0.8569876113888285
148
-961
-20
7230.0
7230.0
7230.0
-656
0.7856133869390416
0.7856133869390416
7230.0
-521
7522.0
7522.0
7522.0
292
7787.0
7345.0
0.7979359043997827
7345.0
76
0.8427112752552683
413
-442
7787.0
557
557
-656
-637
-637
342
8523.0
0.9263123573524616
-923
806
806
8640.0
8640.0
-993
-478
-817
129
122
122
9684.0
1.0531810766721044
1.0531810766721044
-351
824
-623
-144
0.9989123341309549
0.9989123341309549
-995
-178
10357.0
1.126740644038294
-131
565
903
903
1.0967145343777198
1.0967145343777198
22
926
22
1.0967145343777198
1.0967145343777198
10081.0
22
136
9923.0
903
390
0.9392686112320418
8630.0
0.9392686112320418
-124
8754.0
514
514
10941.0
10941.0
900
1.0952018278750952
875
-875
10941.0
10941.0
821
10941.0
821
11846.0
12194.0
348
1.2576960730990971
12371.0
535
-21
12007.0
1.3058183795541054
1.3058183795541054
1.3058183795541054
970
831
11459.0
11459.0
-471
1.2971621180819832
-393
11930.0
11930.0
-222
145
145
12152.0
12152.0
145
145
12007.0
171
12546.0
12546.0
539
171
12007.0
171
274
11836.0
11836.0
1.2873613226016967
274
75
11911.0
75
75
-847
11836.0
274
11836.0
199
274
-632
348
905
905
10941.0
19
1.1905331882480958
821
514
9606.0
926
852
166
8588.0
-429
0.9817093086554164
870
-879
-879
749
0.9014375952951427
-223
-855
8500.0
-855
9355.0
9355.0
-507
0.9850778782267727
238
0.9850778782267727
9044.0
9044.0
0.9850778782267727
-242
9044.0
-242
8406.0
-570
0.9154868220431278
-570
-310
-576
9286.0
951
-245
-612
-612
0.9847511164361181
-245
-576
1.0744089770127465
236
236
8888.0
0.9681917211328976
9602.0
714
8888.0
-974
-974
-974
9862.0
-870
-870
932
-298
9800.0
-159
-159
-689
9959.0
-689
-689
-943
-67
-363
-363
-522
147
707
-807
425
425
1.305594939469953
642
-23
796
1.2617515541498527
240
-370
1.2617515541498527
1.2617515541498527
240
11329.0
-23
1.2383549689102213
392
-704
320
-220
-220
-511
-511
12175.0
932
1.4161483906164758
1.445450578223871
13249.0
270
804
1.3285683107813182
964
13139.0
964
-221
-221
-996
-996
-996
1.461689587426326
12588.0
1.3737858779875587
-804
1.461689587426326
1.461689587426326
1.461689587426326
-342
1.4991813120838335
1.4991813120838335
13734.0
774
957
1.31051424828038
11519.0
26
1.2573954808427028
26
-510
12003.0
-953
-953
267
12529.0
331
12529.0
-160
-160
-160
1.3794082323397752
105
1.3680934701899978
-160
355
80
1.3470948012232415
-13
913
12347.0
913
-486
-486
11920.0
1.302305255107615
1.302305255107615
832
11920.0
11721.0
-199
11721.0
-286
11721.0
12248.0
12248.0
527
-199
-809
11920.0
832
832
-137
256
-300
-300
1.1987978142076503
12393.0
562
1.3541302447552448
12393.0
562
562
862
-298
-538
1.24256993006993
-538
-538
-603
941
12955.0
12955.0
662
1.415382934556976
12955.0
13544.0
589
13544.0
13544.0
1.4795717719029933
13544.0
589
662
12293.0
383
1.301497104141624
1.301497104141624
1.301497104141624
1.301497104141624
941
-300
339
1.1264619084052903
-624
-295
10930.0
-295
700
-534
362
362
452
10945.0
43
211
211
-153
-344
656
1.1863034678919155
40
10844.0
10844.0
-344
1.1863034678919155
1.1863034678919155
-344
1.1863034678919155
-344
11188.0
-109
11297.0
-79
11376.0
11376.0
1.2449113591595535
289
289
120
-463
-561
124
1.2615216201423098
-610
458
458
-71
11487.0
-554
1.2570584372948128
33
33
-520
-520
-71
-2
-2
1.2614929947460596
-518
326
326
1.2614929947460596
11525.0
-927
1.4412472647702408
944
-657
-544
-544
-544
751
12022.0
497
1.315749151800372
1.315749151800372
1.315749151800372
1.315749151800372
497
1.315749151800372
-862
-862
1.221273801707157
-862
12022.0
497
11525.0
1.2614929947460596
-61
-927
318
13012.0
1.4242556917688267
560
560
12452.0
12452.0
1.3631089217296113
12452.0
173
-673
-673
713
713
173
318
458
1.328443179329976
12134.0
458
-296
531
680
-375
847
728
-959
467
11145.0
467
10093.0
10093.0
-585
-585
-80
-80
1.1783132530120481
-263
-263
-263
11021.0
1.207251615730091
-681
653
1.2105839815930755
1.2105839815930755
11049.0
578
1.2105839815930755
578
10471.0
714
838
20
8872.0
-27
8872.0
8872.0
0.9723805348531346
-27
-721
-721
-478
1.1071154478675584
-944
-82
11124.0
11124.0
-557
11681.0
169
-534
-122
944
1.2315119596225588
11224.0
-377
-377
515
-816
12417.0
1.3627085162423178
1.3627085162423178
1.3627085162423178
733
12417.0
-509
12926.0
12454.0
98
-686
1.3667690956979808
1.3667690956979808
1.3667690956979808
-472
-472
12454.0
-472
-472
925
37
1.3895961369622476
12662.0
13380.0
13380.0
636
-941
718
-264
37
386
1.281966853254308
-69
-476
1.1513388937664617
-476
-476
-782
-754
-162
-754
-754
1.3725985289274345
12347.0
-156
-106
-106
12609.0
-618
-251
1.4801229958269273
1.4801229958269273
13478.0
709
-917
551
13686.0
551
13686.0
13686.0
551
85
-557
984
1.3871428571428572
12623.0
-350
1.4257610726453456
1.4257610726453456
78
795
1.4173444713123764
1.4173444713123764
13163.0
13163.0
1.4466424881855149
13163.0
14155.0
14155.0
992
1.44010989010989
1.44010989010989
-58
13163.0
268
1.4466424881855149
-369
12794.0
-369
1.4466424881855149
268
1.4466424881855149
268
12178.0
-717
-717
1.4173444713123764
12895.0
12895.0
1.4173444713123764
12895.0
795
657
11443.0
675
539
1.1989004947773503
-570
-570
-570
11597.0
11597.0
123
123
11597.0
123
1.2617110182537936
-11
1.2630594963158475
474
11011.0
11011.0
-365
65
65
-9
143
-146
11177.0
-655
204
204
1.2298635563380282
204
204
-494
10973.0
1.2075492461758557
1.1912411971830985
-147
1.2075492461758557
-494
-494
-494
-8
36
11431.0
1.2582278481012659
-837
1.3505063848524879
12268.0
801
464
11931.0
464
11931.0
769
464
464
427
1.2155912794538648
-193
767
767
1.2155912794538648
10201.0
-839
756
11040.0
11040.0
11040.0
756
756
294
-408
1.1002202643171806
-408
-408
-408
200
10876.0
1.1977973568281939
1.1977973568281939
478
1.1452803172155523
200
200
200
200
1.1233751927737388
151
151
1.1068635011567698
1.1152109263134706
1.1152109263134706
956
11081.0
1.2362074661380906
145
1.220374449339207
-789
956
956
1.0785242290748898
9509.0
-284
-284
1.0785242290748898
1.0785242290748898
9793.0
-332
10125.0
-834
912
-133
-718
1.0276492619519717
9329.0
-718
-718
9329.0
-718
-718
1.1068635011567698
288
1.1068635011567698
288
-813
-510
-813
574
-422
1.148462471068004
-306
-306
34
10692.0
1.1787013559695734
975
1.0713340683572217
9690.0
-27
9717.0
-751
-925
749
749
749
11393.0
11393.0
1.256396118217909
204
11393.0
204
12064.0
875
1.2340355134002425
-913
11189.0
743
679
767
-913
41
41
-913
-620
-620
-761
543
423
-317
11453.0
-383
11836.0
-353
-424
-39
12189.0
12955.0
1.42959611564776
766
-39
-65
-65
1.4120309050772626
12793.0
-952
724
500
12793.0
1.3860501048449398
419
419
-234
12559.0
1.3860501048449398
-234
-234
500
1.356993045590021
1.356993045590021
1.356993045590021
1.356993045590021
199
12404.0
310
-553
-553
1.3692460536483055
-675
199
-675
12404.0
310
12094.0
12094.0
-322
1.328328549348642
566
566
906
-384
12032.0
586
11801.0
1.3025386313465783
11801.0
1.3025386313465783
11801.0
11801.0
586
586
11215.0
11215.0
1.2379953637266807
308
11956.0
11956.0
308
433
1.221523178807947
1.221523178807947
-148
11215.0
1.2379953637266807
11215.0
-817
1.31471464841594
-122
11910.0
1.31471464841594
-122
-384
-165
665
478
1.315958034235229
478
11438.0
1.263309034680804
575
1.1999337236275267
-515
1.2569597878921785
-737
391
391
12115.0
391
391
-462
-580
-580
677
11509.0
386
1.2294683320437714
1.2294683320437714
576
576
-192
1.1872857932559424
-675
-371
-371
-284
-60
12129.0
13118.0
989
11609.0
11609.0
1.2838973678389736
602
-520
11609.0
1.2838973678389736
419
419
-520
12129.0
304
58
11825.0
58
984
11282.0
1.247870810751023
595
11282.0
1.2864410528644106
350
365
1.247870810751023
-892
-543
-543
692
692
58
1.30180329682487
11767.0
423
11767.0
12758.0
12128.0
-630
-630
12758.0
1.411283185840708
991
11767.0
423
10873.0
-471
11344.0
-386
1.3543533576723088
-126
-126
1.3402654867256638
-126
515
1.2975215755698164
1.2975215755698164
-3
492
11238.0
-282
977
977
11520.0
11520.0
977
977
-716
10746.0
-513
215
215
11259.0
1.2464297575556293
215
-1
955
955
1.2230096334846638
955
10090.0
-315
-315
10405.0
160
10820.0
10820.0
10820.0
415
160
880
9365.0
9365.0
361
9365.0
361
361
1.0045414266725743
-296
361
361
0
9365.0
9365.0
361
-602
-808
-602
9004.0
-602
9606.0
-324
-241
664
1.2006870567375887
664
1.2006870567375887
664
993
664
413
1.0815783639991132
240
9518.0
9518.0
-878
-403
1.152549889135255
10396.0
1.152549889135255
-403
-403
-329
350
350
350
-124
-124
11128.0
-687
-358
-378
-378
12173.0
-378
-440
12991.0
12991.0
12991.0
973
383
-211
11846.0
746
865
11100.0
12029.0
929
11100.0
11100.0
-69
1.4031291611185086
799
746
-69
-245
546
1.2066170756078605
94
28
431
28
1.1743282256273595
10576.0
1.1743282256273595
1.1743282256273595
-955
620
-170
-170
1.1933370349805663
-144
-469
394
394
11316.0
570
10746.0
-144
282
1.2094624611283873
1.2094624611283873
-532
10890.0
1.2094624611283873
1.2094624611283873
282
-800
-800
11408.0
11408.0
1.267273939124639
-18
-18
11426.0
-377
1.3114444444444444
11803.0
11803.0
1.3114444444444444
100
100
-377
-377
118
1.3752916342628596
195
195
752
12812.0
433
1.3752916342628596
1.3752916342628596
-602
1.3752916342628596
1.3752916342628596
1.3752916342628596
1.3752916342628596
-602
1.3752916342628596
-602
118
-149
783
-314
1.342520560124472
-314
12394.0
1.377570301211515
1.377570301211515
678
11829.0
-699
-565
-565
12394.0
678
1.3023566029346376
11716.0
1.3023566029346376
1.3023566029346376
11716.0
-785
11716.0
11716.0
-785
11716.0
-785
-895
-895
-895
13192.0
-204
13396.0
225
1.464583564994996
160
13011.0
436
-433
-433
-930
1.5022246941045607
13505.0
-66
-66
-885
14456.0
-276
712
14732.0
14488.0
-244
416
-244
712
1.6602870813397128
1.6602870813397128
1.6371829105473965
-206
14921.0
901
-68
901
1.5602047629646116
-688
-807
-807
1.6369504730105733
14708.0
-807
14708.0
13899.0
-724
85
379
85
1.569377990430622
1.569377990430622
-519
-85
14623.0
-85
1.6369504730105733
-807
866
881
12816.0
-952
-398
494
12523.0
-546
-699
-699
13069.0
-699
-699
-699
601
14369.0
1.5995769787376155
601
-398
129
1.5362351107647778
13800.0
1.6191430161380078
13661.0
-466
1.5200845665961944
1.5200845665961944
13131.0
13131.0
-530
-530
-466
-466
1.5721121744936568
14127.0
13576.0
13778.0
1.5329327992879396
1.5329327992879396
630
5
1.5333185003893648
5
5
13778.0
13778.0
1.5329327992879396
13778.0
13778.0
202
1.5329327992879396
202
-551
1.6369603916332889
572
1.573495048403249
14
1.5721121744936568
1.5721121744936568
-421
509
14039.0
239
1.5362351107647778
-495
129
14166.0
574
574
-323
-145
-758
109
95
1.628300835654596
889
1.5815508021390374
599
892
1.6141934046345812
892
892
1.6171753174426375
-258
15460.0
-842
1.6503730096871172
-842
204
941
-258
14519.0
-258
-258
288
892
13597.0
1.5149860724233983
1.5149860724233983
-128
-128
13725.0
-755
1.6137300791262676
14480.0
1.6137300791262676
1.6137300791262676
683
784
130
842
760
12041.0
760
-344
-778
453
1.3329615170105968
966
1.2253458277554663
10284.0
-700
883
-519
69
200
1.1628166499274635
392
620
620
9408.0
82
99
769
0.9534442335603439
-925
9465.0
1.0568334077713264
-298
9763.0
-686
10449.0
-518
809
1.1347184986595173
110
110
1.122556138978885
903
-118
86
86
900
8277.0
8277.0
735
0.8430583501006036
780
502
0.9007488543645915
0.9007488543645915
517
61
0.8363331470095026
549
0.7750447227191414
0.7750447227191414
705
0.6962987811696298
0.6962987811696298
-621
0.7658242004025945
-700
7548.0
0.8442008723856392
-146
7694.0
0.8606263982102909
7694.0
-292
7368.0
7368.0
-326
-292
-292
-945
385
385
-709
8546.0
0.9562493006601768
247
247
8546.0
8546.0
0.9562493006601768
-709
-709
1.1150274141210696
710
1.1150274141210696
710
1.0356982990152193
1.0356982990152193
9255.0
256
337
153
-90
-90
-51
-19
505
8599.0
-51
0.962718316166592
1.0559659726886053
9434.0
1.0556239507554561
-2
-106
941
8599.0
0.962718316166592
-51
8599.0
0.962718316166592
-51
162
-476
0.9639417693169093
439
1.0129884671369387
439
9047.0
439
-356
236
236
-242
399
9127.0
1.0221749356030911
1.0221749356030911
1.0221749356030911
399
399
399
0.9775985663082437
8728.0
195
-271
330
0.9494677871148459
250
250
8474.0
8474.0
-106
0.9494677871148459
-106
0.968406901187542
170
8474.0
-955
-102
0.9379341250280081
-102
-102
-106
8536.0
-44
-44
8580.0
763
880
0.7775162519614436
-187
8005.0
881
0.7985651832754176
721
877
0.6195761856710393
5526.0
5526.0
575
0.6195761856710393
5526.0
448
618
24
-165
-89
-89
0.506056527590848
-42
-89
-57
528
-213
-985
-985
-985
744
0.5979126921782068
5628.0
300
744
744
21
21
0.5121786957009765
4563.0
-242
-242
582
427
427
427
795
427
0.3990120130234647
0.3990120130234647
682
0.32247922748708735
-976
0.4321167883211679
349
349
0.4321167883211679
3848.0
-41
0.43676999101527403
-144
760
3129.0
600
949
-79
1659.0
17
1642.0
0.1845151140577593
-939
263
974
487
0.09634626194491287
0.09634626194491287
0.09634626194491287
-51
-560
908.0
908.0
-560
971
866
-832
-832
161
-306
-97
-171
-171
-171
-171
-904
-904
119
0.17602701181767022
753
811.0
-704
0.09804142278253039
-644
0.07012606933813598
-0.022284749577940348
82
-821
623.0
623.0
0.07012606933813598
-892
-892
-892
623.0
108
0.08227349465391108
731.0
108
623.0
-892
782
0.08252645800495384
0.08252645800495384
733.0
733.0
687
961
30
30
-945.0
-0.106430904381124
207
43
-124
-124
-0.1346175509744283
-0.1346175509744283
-124
994
994
131
-857
620
-841
-755
145
-0.05727815988273763
-475
-0.0037212449255751017
-0.0037212449255751017
152
-539
551
-0.05086274952069471
-0.05086274952069471
-451.0
-11
-805
262
-805
-958
-0.05086274952069471
-805
551
-0.022222222222222223
456
242
-895.0
199
-576
-0.05845841327163977
-453
-0.06612502821033626
-68
-0.05845841327163977
-81
-882
0.046157318587066926
846
738
-465
-0.08015353352901332
578
-710.0
578
-694
-0.06707317073170732
-594.0
875
0
-2233.0
-0.25217391304347825
-764
-410
737
-1059.0
737
-1796.0
-52
533
-52
-965
704
704
-332
934
189
135
-950
-0.35054808452932534
-4008.0
-906
-950
-639
-0.17101842432462983
969
969
320
510
445
445
-868
431
-0.4736484958154264
-332
766
964
933
933
-5555.0
171
-179
462
-6009.0
-0.6986533891592169
-165
-699
-699
-699
631
631
-714
-714
-5227.0
-5227.0
-5305.0
613
693
-691
-0.5917581795539454
760
-0.6778759057971014
-459
115
-0.6909749745215717
-0.6909749745215717
-450
-5652.0
-129
-0.6255521576622494
788
-0.7148844585410059
418
727
684
135
723
-0.9373300090661831
-220
-801
372
-978
-978
-116
-116
-0.6765672826210181
188
758
-994
972
-0.6713540485370832
-854
-854
-854
-854
-5795.0
-0.6570294784580499
-5871.0
-5871.0
-76
979
-0.7446446786807208
-900
-5670.0
722
-6769.0
-377
-377
-597
979
-0.6570294784580499
979
958
-6774.0
-854
972
-0.7816717704434615
767
-0.8687613430127041
-50
645
-8254.0
-0.9708451503119683
-304
-632
142
-509
-7887.0
-414
-0.8950295052201543
-7887.0
357
-0.9099058209463293
-0.9099058209463293
-0.9099058209463293
-132
-1.0132743362831858
-1.0132743362831858
-912
-132
-132
-0.8950295052201543
-0.8950295052201543
-0.8299103596959038
-0.8299103596959038
157
156
573
-0.8299103596959038
-4
-7314.0
573
-414
525
-7998.0
-0.9078320090805903
-853
562
562
-95
-493
646
-954
-0.9166572044964233
-0.9166572044964233
-954
-7119.0
-0.8084260731319555
973
-0.9190232822260079
-731
-790
-0.8360972285324852
-790
251
251
955
-0.8285811655117573
-7294.0
-7294.0
232
-0.8550329470574869
-664
340
340
-354
-7202.0
-354
-354
-6386.0
462
462
-606
-362
-0.8792319927289253
-7739.0
-800
-0.8792319927289253
-0.8792319927289253
26
-153
-7739.0
-0.8792319927289253
-362
199
-728
-0.7782702579838618
-6848.0
-0.7782702579838618
-606
-6242.0
-0.7094794271425324
563
-6242.0
898
-0.8116403319313402
782
305
305
-0.9354178510517339
919
-8227.0
919
-145
-145
252
-1.040027291335001
252
-1.0688047310360513
-9398.0
-14
-8518.0
-0.9807845366685617
552
-660
-660
-660
866
866
-733
-578
-578
-7397.0
-7397.0
676
-423
-423
-102
-0.887043567284723
-7798.0
-0.825523202911738
-0.825523202911738
-0.825523202911738
540
-102
-7521.0
175
-0.8755403868031855
-7696.0
-0.8755403868031855
-46
-46
-614
608
-0.8699214749061113
562
-0.9339858866378329
-740
-210
-460
-460
-7676.0
-210
587
237
237
237
704
971
-693
-7744.0
200
-356
-980
651
-980
294
-0.786194327372138
-239
1
-0.7588563617724114
-0.7588563617724114
-6662.0
-425
-425
-6662.0
-0.7588563617724114
1
-95
-674
-5989.0
-0.6823516007747522
-0.6823516007747522
366
-6355.0
-0.7632448444798906
-0.7632448444798906
-7366.0
-667
-0.663818637502848
872
-0.663818637502848
872
-0.7632448444798906
-344
-395
-5400.0
-5400.0
317
802
-472
-0.5975845961034522
191
-0.517716759712886
-0.5576441102756893
-4895.0
-0.5576441102756893
-0.5576441102756893
-4895.0
-351
892
-4883.0
553
-591
-0.556340435228438
553
-5436.0
524
-336
-5624.0
151
151
-623
-155
-4583.0
314
100
-0.5697183901493559
-0.5697183901493559
-448
-4997.0
-448
-3807.0
-706
-0.514419240852616
-0.514419240852616
638
-4513.0
-706
-706
-0.514419240852616
-4513.0
-0.514419240852616
-706
-252
-3695.0
-4606.0
-232
-232
-4374.0
-679
-140
994
-762
686
-0.5547953016307446
-4865.0
544
-0.4927023945267959
544
-392
-523
-3428.0
-0.39087799315849486
962
247
962
-3428.0
-0.39087799315849486
328
-882
-882
962
-3428.0
-3428.0
962
83
83
83
746
-6043.0
-0.6892107664233577
-824
629
-5219.0
629
629
-0.6671229751311887
-5848.0
-85
-5848.0
-521
-5848.0
-85
-5848.0
-85
-5848.0
-85
-0.6575014261266401
-529
-0.498687963491158
863
863
863
-0.5972158831583751
-0.5972158831583751
701
885
519
-962
-8236.0
-897
347
-0.9276503480543193
-0.9276503480543193
10
152
676
107
-897
-8236.0
-8236.0
-838
-838
-838
-0.9399680438256106
-8236.0
-0.9399680438256106
-498
-518
-8754.0
-0.9989729544676481
-0.97889091738932
-8579.0
-0.97889091738932
-8579.0
710
-7869.0
710
175
-518
-897
-7339.0
-217
633
-7755.0
406
-8161.0
-0.8712181755908208
530
476
63
-8700.0
-0.9561493662213086
327
-484
-0.9384351798972016
-8216.0
-661
667
667
-0.9524951467397511
-792
667
-661
-661
173
-7555.0
-281
-0.8630340415809915
962
962
962
-431
-759
-528
-644
-7327.0
-617
746
-6710.0
827
-6710.0
827
-0.7668571428571429
827
-0.7668571428571429
-164
-164
-982
-135
-0.7855102274025826
-164
827
827
669
827
827
827
-33
-693
895
-778
767
-0.7922241280731847
-0.7922241280731847
-0.7922241280731847
362
-0.7597758975531672
283
767
767
-0.8939965694682676
-123
-0.880032021957914
-881
-6814.0
-6814.0
-96
-0.7793663502230356
-96
545
113
598
-6718.0
598
-296
-296
-7316.0
-0.8369751744651641
-0.8369751744651641
-0.8369751744651641
-0.8369751744651641
-7316.0
-296
-296
-510
-689
-512
398
398
-600
-528
-528
-5601.0
-320
-0.6045792787635947
-661
682
887
512
-5507.0
-5507.0
512
-5507.0
512
512
-0.6305965876560174
512
-0.6893037104901512
-6019.0
-144
820
-973
-268
-0.6248854262144822
-5454.0
-5454.0
-0.6248854262144822
-154
-154
230
-0.5808890925756187
-0.5808890925756187
-0.6371863901936076
-5634.0
-0.6453608247422681
-840
-840
-4894.0
-4894.0
-0.5604672469079248
549
-0.5494732020155749
-4798.0
645
645
191
-5443.0
-5443.0
191
191
-5634.0
-72
-0.6371863901936076
-492
-0.6371863901936076
-5562.0
-492
-492
230
-285
-285
-300
-300
-64
-5000.0
394
-5000.0
-5000.0
956
394
394
-800
-112
-859
-0.6182234957020057
-5394.0
-800
-963
-963
-963
-3631.0
-3631.0
-3631.0
-755
-0.40699140401146133
-175
-3376.0
255
-3631.0
-55
403
920
92
-4991.0
664
-938
-0.5411265343581507
-169
523
-0.5818703384968446
-415
-0.5803602156705289
-123
-0.5803602156705289
-5059.0
-5059.0
-0.5803602156705289
-808
-0.4877237264800367
820
820
-5071.0
-415
-415
-295
-0.5005164696430621
-3875.0
-356
-356
-356
613
-0.44463568559954103
-235
-3472.0
567
567
-0.398347865993575
-0.42422851898588965
-226
-3472.0
403
-235
910
-3276.0
-546
910
910
-850
721
-4361.0
-892
-547
-0.33543795201469406
-607
-0.33543795201469406
-607
-2315.0
-111
-2315.0
-111
-260
277
952
800
216
216
-4189.0
-4189.0
-909
-452
-3737.0
990
99
80
466
-4727.0
-5118.0
-942
551
-0.5432084578257872
99
99
-0.5432084578257872
-4727.0
99
-135
-0.5546488909320768
798
-0.462882096069869
798
-0.5546488909320768
-0.5546488909320768
-0.5546488909320768
690
-135
513
49
303
-5507.0
-4542.0
-4542.0
965
-0.6331340538054725
-5078.0
429
-810
-840
-3857.0
144
144
163
-3857.0
883
-0.44353725850965964
163
-21
-21
-21
-659
-449
-449
-0.38608395629672226
642
-659
-659
-0.45997239475500346
-659
-793
-659
-3999.0
-0.45997239475500346
-0.515179392824287
-4480.0
-4047.0
-4047.0
-7
-7
-627
433
433
-375
-4979.0
-499
-0.5724962630792227
-499
-0.515179392824287
-375
-375
-0.515179392824287
-0.515179392824287
981
-375
-106
-0.45997239475500346
-659
-0.45997239475500346
-0.45997239475500346
-659
-106
-320
-3234.0
-0.37206626783248964
-0.37206626783248964
311
-320
-320
-530
-2007.0
377
377
-2926.0
-0.33667011851340467
-542
-0.28604303302266715
-102
-102
17
-2401.0
-0.2763263896881114
-2338.0
63
63
-0.2763263896881114
-261
-0.24631675874769798
-2151.0
-11
-0.24755437910001152
-0.24755437910001152
-11
-11
-11
-0.24755437910001152
-2151.0
-11
15
-536
-1604.0
-329
-888
-888
-788
-208
392
567
517
-867.0
389
-916
-0.1447171333102892
767
70
-2093.0
-0.24121240059928548
-2093.0
-0.24121240059928548
-0.24121240059928548
-852
887
-722
-1406.0
286
-1120.0
286
-1120.0
-1417.0
-0.16332411249423698
-710
0.005761696243374049
0.005761696243374049
666
801
-297
286
190
434
434
-733
697
-0.13018911439114392
-0.13018911439114392
-0.13018911439114392
168
168
-0.17931273062730627
-786
-258
-897
-0.1407979704797048
-1221.0
76
-1221.0
-1221.0
-0.1407979704797048
-1221.0
76
-1297.0
-897
0.002767846845807865
424
-400.0
181
-0.0461361014994233
-400.0
-400.0
-0.0461361014994233
-0.0461361014994233
11
419
510
-318
-0.0920521398085131
-798.0
531
953
355
-0.153322565759114
953
953
953
-0.26329756547825084
503
-2785.0
-0.3213708746826679
-926
-2934.0
-149
-926
-0.21454125793421813
-1859.0
911
-940
-0.29072450392247345
157
-2520.0
-2520.0
-0.29072450392247345
-2520.0
450
-3409.0
-741
-0.4786620530565167
-741
-741
-741
-4150.0
-4150.0
-0.4786620530565167
-107
-4150.0
-4150.0
-741
-4330.0
-180
-741
-889
157
-791
-791
242
242
-27
-83
-332
-27
382
674
-0.309867282169648
-444
-540
-771
-0.07640812557710065
-0.07640812557710065
-0.07640812557710065
-0.07640812557710065
808
-1634.0
-164
857
857
-2379.0
-52
-944
-0.1596813301004503
-0.12283537289309628
319
-1383.0
893
84
-0.2725487931631828
-2360.0
856
-201
-0.32836682836682834
-2843.0
-0.32836682836682834
-2843.0
172
-3015.0
-0.34827307381309924
-497
-3015.0
-497
-541
289
289
-1977.0
-1977.0
121
-358
772
212
212
-2724.0
496
-648
-2724.0
-723
-723
-0.23132947976878612
105
-559
-559
-161
193
-1386.0
-1386.0
193
-1579.0
-1407.0
-757
-0.06914893617021277
52
52
929
293
-3
293
-151
-0.14978024520009253
577
-151
-694.0
396
782
-1872.0
-0.21654135338345865
-151
190
-0.19909763998149005
190
190
-0.2211037834085387
-332
-203
-1376.0
289
-946
-1665.0
-946
-946
452
62
-1233.0
-0.14275790204932268
-1233.0
-1233.0
-339
540
-0.10352014821676703
540
922
-1434.0
-952
589
922
939
-775
-2356.0
-775
-775
478
690
690
690
-810
-106
940
682
775
-0.49037792719684675
-743
-647
-2840.0
405
-0.3293135435992579
-0.3293135435992579
-0.3293135435992579
-2840.0
405
-740
233
233
190
190
-1914.0
-0.2219902574808629
824
779
-2738.0
-0.31759656652360513
-0.34852702389236834
-3005.0
-3005.0
-3005.0
-3005.0
-267
708
-75
-0.3997679814385151
-3446.0
-75
600
600
-808
-332
-332
-293
-0.2946024376088218
-0.2946024376088218
-77
-38
614
-3037.0
50
-0.3584949483219138
-0.3584949483219138
763
-0.44715447154471544
-479
-0.3915669648042746
-250
-250
-4280.0
442
737
-909
-250
-0.3915669648042746
-3371.0
-250
-0.3625697026022305
-0.4516840882694541
-3889.0
-0.4516840882694541
-518
-0.3915669648042746
-0.3915669648042746
-0.3915669648042746
-0.3915669648042746
-250
408
76
-3453.0
-0.40113847583643125
76
76
76
-0.49883828996282525
-4294.0
-765
395
-3134.0
395
-3529.0
-3529.0
-3529.0
-0.41001510398512836
740
-0.41001510398512836
740
-0.4960492679525912
-147
-0.5272452654815848
-269
-4538.0
-269
-147
486
-4122.0
223
486
-232
-0.5086597698477275
-4376.0
650
650
-5026.0
988
-422
-0.7472680771913508
-630
-0.6741076618997791
-206
-5592.0
295
-5887.0
-0.6846144900569834
-107
213
345
-5648.0
-0.6568969527797162
345
-0.7490113979995348
-447
-0.7499418469411491
-455
-390
-390
-390
-122
-122
-0.6376963350785341
-5
-5
-140
187
-0.5991389341400978
187
-501
-907
-3928.0
-3928.0
-203
-203
-0.43364377182770664
895
715
-5335.0
910
-4425.0
-526
-526
-0.5763678696158324
207
-526
910
411
616
181
688
-463
-7207.0
-382
-463
-145
859
488
-6217.0
859
243
-0.9260251630941286
-630
-639
364
364
364
161
-426
-0.8397435897435898
-0.8916210231907703
-446
-446
605
-0.8397435897435898
-426
179
-6779.0
-6779.0
-0.7901853362862804
-0.7901853362862804
-480
-6779.0
-6779.0
179
-6958.0
-361
-361
-7065.0
-468
247
-6844.0
594
-7438.0
-0.7588619402985075
930
324
-7022.0
324
324
324
440
-0.8564766235280401
-7346.0
-7346.0
-838
930
-7438.0
-7438.0
-0.863106343283582
36
788
992
992
992
992
324
-1.1131591227251516
801
-10343.0
108
-1.334461035930938
-11439.0
-1.334461035930938
-11439.0
-1.334461035930938
-693
-10746.0
-295
-10451.0
-166
-659
-1.142723771735325
-366
512
-750
266
-8671.0
783
-8512.0
159
783
658
-9454.0
658
712
260
260
-1.264042975592666
-1.264042975592666
260
-10824.0
260
-6
-873
-493
-9712.0
-1.1347119990653114
338
-9712.0
-9712.0
-1.1347119990653114
338
338
83
-9405.0
-366
-484
-619
374
374
-1.1049065420560749
374
374
-436
374
-427
728
696
377
728
728
-482
-10133.0
452
-719
-525
-525
126
-1.1383824216923797
-1.1383824216923797
873
873
126
-525
-9866.0
-368
-368
-525
-525
353
353
-9249.0
445
-419
-1.1334034841576055
-419
-412
-412
-280
-280
-9631.0
-356
612
-9631.0
-356
904
622
-1.2632748538011696
812
-1.3584044917534215
-863
742
742
742
-1.3584044917534215
742
-11613.0
742
27
-371
-12011.0
8
-25
820
820
820
-12839.0
-376
-778
-685
-602
-602
-1.2175644028103045
-393
521
-1.2787211617285397
-701
-1.196767392832045
-10218.0
-1.196767392832045
-922
217
-293
-1.2223263441489984
-293
-1.2223263441489984
-293
-293
-293
-376
-9766.0
-898
722
587
-143
29
29
-10961.0
-10961.0
-142
-342
-1.2389826535396156
811
-874
922
-9697.0
922
-10619.0
408
-1.2449003516998827
408
364
-11933.0
-11933.0
-11933.0
-1.3989449003516998
-906
798
798
-11027.0
798
-11825.0
57
157
57
324
986
768
470
205
324
-12206.0
-12206.0
-793
-11413.0
512
-570
-1.4529032258064516
-1.4529032258064516
-461
-1.398991083998123
-11925.0
-425
-425
-11500.0
-282
-11218.0
750
-11968.0
-11968.0
-1.4045299847435746
830
-14234.0
-1.6700692244514843
867
-13589.0
-13589.0
645
-149
-149
-14085.0
-473
-14085.0
772
772
-14194.0
-816
-14194.0
591
591
-700
-14085.0
-473
-814
-293
592
-716
-1.4536808735470237
-12381.0
-779
235
-12616.0
255
546
-241
-241
-1.6471693680996007
-14024.0
-14024.0
-848
-848
779
-13955.0
-536
-260
-1.6090941135001762
-342
62
62
-1.5765659889528734
36
75
-1.5899847184671447
554
-14080.0
-14080.0
332
-236
582
582
-236
-261
-654
-13497.0
-742
-12365.0
-12986.0
-12986.0
462
-621
-621
623
-1.52222483537159
-1.52222483537159
-1.52222483537159
43
-233
-12755.0
880
-13635.0
-660
-12975.0
153
496
-1.6032007531183807
170
-1.7228759708166628
-1.7228759708166628
-847
-1.7228759708166628
-847
-642
-687
-535
-11930.0
-1.4045208382387568
-11930.0
-1.4045208382387568
-350
-11580.0
-113
-113
-444
875
-444
-444
-1.298198092097515
-722
-1.298198092097515
-722
-1.2133097762073026
-10301.0
994
984
984
-10301.0
994
-34
994
-697
-697
994
66
-1.3305454117092708
66
-910
-910
-514
-1.2314127489100979
-514
-514
-441
740
501
-10236.0
602
-1.277614051632677
-10020.0
818
205
205
-493
-11043.0
732
-593
732
-1.1467468175388968
-1.1467468175388968
732
567
582
-1.3019335062485262
-493
-1.243957080532956
855
855
-605
383
-11183.0
-863
-1.2174118202194173
387
-10114.0
-10114.0
593
593
-10994.0
-10994.0
-287
-1.2969210805709568
-287
-1.2969210805709568
-10994.0
-10994.0
-10994.0
-287
-1.2632137800849457
916
-220
-1.3456455038942647
-245
-10837.0
414
-215
-11251.0
-10882.0
369
-619
369
152
-491
838
-1.3869216241737488
929
-1.4967536300318736
-12679.0
-12679.0
107
-592
-592
-12194.0
443
-944
-12121.0
-12121.0
-1.4307129367327667
541
-649
-674
-674
-674
-1.4182998819362456
-674
598
-1.3140934844192635
598
282
-674
-11339.0
-11339.0
563
-209
-1.3810086217078068
-11693.0
-1.3810086217078068
-326
-885
-1.3025865123420337
-11029.0
-1.3025865123420337
-747
-415
-747
-10282.0
-1.2305421046415495
-1.2305421046415495
-137
200
200
-663
-9819.0
-1.1749556999409332
-127
234
234
234
234
-1.1600897920604916
-1.1600897920604916
234
-10053.0
-322
279
-64
-996
975
-9925.0
-509
-1.113397185763273
-262
-9154.0
267
-9421.0
-9421.0
-86
857
-1.1042110243671635
-9335.0
857
-9957.0
-1.1960506089629892
-158
-590
-8
-1.1086802270577105
470
-9375.0
-8
-32
-32
-960
185
185
-546
-694
-977
-8557.0
699
79
-9335.0
-1.1042110243671635
857
857
-10192.0
-335
-1.1662328442972079
-667
-9190.0
-9190.0
757
-8433.0
219
757
347
-9537.0
-1.128639053254438
46
-9583.0
6
877
-9583.0
-9583.0
-1.1342170671085336
855
-261
-1.2048064401562686
550
872
-1.3734754292480758
-11599.0
635
-651
-651
-639
-651
-12234.0
-651
-651
211
211
-494
-1.3970623075100688
-11794.0
-1.3970623075100688
-494
410
-494
-11300.0
815
-1.2420042643923241
815
815
53
-11300.0
53
-12204.0
-851
-1.3430466714048803
866
-851
-234
-234
-75
-1.3175731721767983
128
885
-11247.0
-11247.0
885
-953
-11179.0
419
354
-975
-443
-443
-883
797
859
902
-484
-541
848
-1.554751453315933
-13105.0
-963
-12142.0
389
389
670
12
517
-12671.0
-12671.0
-13564.0
-893
-893
-893
847
-1.5573089700996678
-13125.0
-13125.0
439
439
-893
182
317
-1.5633903133903133
-1.5633903133903133
-1.5633903133903133
88
436
-21
-1.6236788979931125
-1.6236788979931125
-1.6236788979931125
-678
-1.5433491686460807
-12892.0
-106
-1.5183469896686854
209
-449
-12546.0
304
-446
-181
-405
-49
-12272.0
-11483.0
789
-1.3641007365169875
789
-1.4580016633004633
-49
-12223.0
-12223.0
-1.442319116074611
-879
-1.442319116074611
83
-405
-11818.0
852
-1.5058236272878536
-267
-12670.0
293
-282
530
-12151.0
530
-1.5074893009985735
-283
-422
-1.5074893009985735
-422
-418
-1.4574961360123648
-145
652
-12911.0
-1.5351961950059454
-656
-656
-656
-950
-13567.0
-1.6130067768398526
-1.6130067768398526
-1.6130067768398526
630
-12937.0
630
-1.4307619160822536
900
-12271.0
-1.4582293523469994
-12271.0
58
-292
-12329.0
-292
-1.3504456327985739
-11364.0
965
-13280.0
-1.538735741444867
330
330
-951
-1.578134284016637
-1.578134284016637
-1.578134284016637
-951
-292
-1.4307619160822536
900
630
-12937.0
-324
630
-1.632073228720875
-162
-162
-162
-656
-656
174
-12911.0
-12911.0
-12911.0
-1.5351961950059454
-1.446676970633694
-1.446676970633694
743
-659
-344
502
-401
857
-582
-166
-1.4421040104724503
-12118.0
-653
986
-10479.0
986
-58
-1.243751487741014
957
760
957
39
-155
-11562.0
-11562.0
-1.3761009283503927
-155
988
39
913
-1.3175434420376102
337
337
39
-244
180
-887
-435
616
279
-1.2835020845741514
994
120
120
-11889.0
-11889.0
-295
-295
-12553.0
-1.475107193901858
826
-1.5736748064324002
-1.5736748064324002
309
-13211.0
-1.5736748064324002
-658
924
-1.4954729568739575
-12553.0
-12553.0
-1.4954729568739575
-1.4954729568739575
-664
-1.4954729568739575
-1.4954729568739575
-664
-664
-12553.0
-12553.0
-12553.0
-12553.0
-1.5643835616438355
-580
-664
-1.4165375908495175
-1.4165375908495175
-1.4165375908495175
-1.4165375908495175
-23
-23
-179
-1.42797569403074
-1.42797569403074
-11985.0
-275
-11710.0
393
-1.4024070543374643
-705
-68
-705
334
-372
-58
-1.3914650137084277
-11673.0
-983
619
-1.4374105865522175
-1.4374105865522175
-748
-524
-524
-524
-10628.0
-10628.0
-1.2670481640438722
-542
681
619
619
619
-193
-12121.0
-12121.0
-12121.0
-193
-711
667
950
718
-1.6167979002624673
-13552.0
-1.6167979002624673
-120
-1.6167979002624673
-120
-13355.0
-1.5932951562872824
-148
-13503.0
-148
-13355.0
-1.5932951562872824
77
-1.5041746183206106
786
-201
-42
-42
77
-1.5932951562872824
77
77
-1.6026727120868631
-1.6026727120868631
-1.6026727120868631
-13432.0
546
-1.6786779620570338
-91
-91
312
-1.7238129324743499
-1.7238129324743499
-783
312
-13978.0
59
-1.5511275504116453
-1.5280362681937485
-12808.0
192
831
-143
-1.5591077180007158
-901
-192
-560
831
978
978
-752
231
-1.6062306039627596
-13457.0
180
180
180
-1.6062306039627596
-13457.0
-881
-881
-881
-1.501253432016235
921
-13497.0
-1.6113896848137537
137
638
-1.6113896848137537
638
-1.6877611940298507
-14135.0
532
-1.6877611940298507
532
532
598
550
415
959
-17189.0
-17189.0
394
-17583.0
-104
-677
214
-549
-16802.0
-388
0
-1.9619890031078173
-1.9083413001912046
-1.9083413001912046
29
-1.9120353770766105
-1.9120353770766105
416
-1.9619890031078173
161
626
-16414.0
0
-15860.0
-15860.0
554
494
-17046.0
-486
-17046.0
-486
-486
-16560.0
-16341.0
-740
-740
219
-1.9796772265391511
348
-1.9202725316758307
-370
495
-16065.0
-1.9202725316758307
495
348
908
-2.130336003826378
-17816.0
-118
-118
-118
-456
-456
-2.0621935175218273
-151
-126
-16965.0
-350
-16965.0
638
-17603.0
-2.1061258674324
-877
-877
-2.0014359219815723
-357
-357
79
-831
-15617.0
-1.8694038783816136
-203
-636
-14778.0
-1.769396551724138
-14778.0
930
-9
-9
-15699.0
-15699.0
837
-285
-507
-507
-1.9466938188787735
-507
-798
-1.8802108289410637
-15696.0
-15696.0
-15696.0
48
-359
-15385.0
-1.84339803498682
-338
-338
-15385.0
-15385.0
787
360
403
403
-1.8867585380467347
-150
-1.8867585380467347
403
-1.8867585380467347
355
355
403
-1.8880766926303176
392
-396
-16544.0
170
-16544.0
-16544.0
-16544.0
-396
643
-522
-1.95025173819228
-1.95025173819228
496
-993
-993
-2.0099508452223955
-993
-975
-1.7744333852979974
-1.7744333852979974
-612
-1.715947242206235
486
-612
-428
-250
-250
282
282
-13507.0
-1.632361760825237
-1.7390261453585991
-891
-13609.0
-13609.0
-102
-12049.0
-11146.0
-953
903
-1.44489746972059
-1.44489746972059
767
767
-12049.0
-12049.0
-1.44489746972059
-12049.0
-12063.0
-12063.0
-95
-572
256
423
923
-693
-12049.0
-902
767
793
-1.632361760825237
-102
-102
-1.632361760825237
-102
450
-13957.0
-897
-897
-13957.0
-897
-13060.0
-13060.0
707
707
707
974
699
-1.7692030724915986
-1.7692030724915986
-1.7692030724915986
-1.7692030724915986
-1.7692030724915986
699
534
-50
-50
-15440.0
-1.8533189293002041
-1.9483917426788286
-794
-15392.0
842
-1.9483917426788286
-794
-15440.0
534
534
-1.9176470588235295
-15974.0
458
106
-16432.0
106
427
-1.9858309317963496
-16538.0
-16538.0
188
-17069.0
-185
-16884.0
-763
417
-1.9355264737663584
417
-1.9355264737663584
-16121.0
525
417
-16121.0
417
427
-16538.0
427
248
892
-532
-17851.0
-2.18888088376561
-154
-154
-2.18888088376561
-378
-2.1437492494295665
-638
-2.067379293778525
892
27
771
771
771
72
-2.2765829628739636
-210
-18948.0
-2.2765829628739636
-2.327126381547333
-2.327126381547333
-958
-963
-865
-2.478923982226492
-322
-963
-2.3251651651651652
14
14
14
-423
-210
-391
-17316.0
-17316.0
746
-2.1703917327565487
-18062.0
285
-2.204903256820094
563
-18910.0
-2.2728365384615383
286
-829
-829
-20025.0
-20025.0
-829
-882
-2.2017311853811012
-18314.0
846
-2.303715281952627
-274
-274
-2.271043771043771
-523
898
821
715
-20797.0
-20797.0
-20797.0
558
-21355.0
839
-59
-22135.0
264
264
-22399.0
-80
-408
-21911.0
-581
-871
-2.543046357615894
-2.543046357615894
-661
-661
-2.463752408477842
-962
-962
-962
-19497.0
-2.3481874021438034
-19497.0
-939
-939
178
-465
246
246
-18636.0
-176
-18460.0
-18460.0
-530
-18460.0
-18460.0
-18460.0
698
117
-732
-18460.0
-2.223828454403084
522
-2.286987951807229
944
-2.286987951807229
-2.286987951807229
-19134.0
-152
-152
944
-286
-286
-2.401012170140981
184
-295
-295
-565
-107
747
-19068.0
-19068.0
-19068.0
-17259.0
948
948
912
861
747
-937
98
-20502.0
-20502.0
-733

