-610
-533
406
-779
146
-429
168
406
664
-750
-610
-345
531
-539
240
-154
345
345
-39
859
-883
-110
-112
531
724
540
31
735
166
168
1
200
735
271
51
899
-348
31
675
-410
-734
-17
240
-244
166
413
-56
-18
229
915
811
366
-734
-937
603
27
232
-126
665
768
-670
248
997
529
-972
-918
-750
-348
-159
-126
-290
439
-457
310
842
724
56
-946
-429
603
-673
-670
-374
-939
664
-33
234
-18
439
137
970
230
-14
221
-714
-345
-202
-839
-188
-33
-321
-814
-185
-434
-539
11
-345
762
-239
-330
27
166
755
706
796
842
34
242
-879
-213
794
-989
221
641
-451
915
585
-370
79
290
901
56
-10
240
209
915
-984
-69
820
517
569
-824
692
638
-610
56
696
-34
-734
350
-832
-936
129
91
81
209
400
-681
981
248
-204

