-490
-636
-922
947
710
-114
29
-824
240
946
-344
-107
680
-922
-740
-490
-206
587
852
376
29
-346
261
121
710
-346
-395
706
946
495
619
-700
-376
953
-555
947
-168
-488
-749
93
-443
833
947
-228
-999
-346
946
602
158
680
-259
307
270
-114
-488
-525
4
545
558
-239
346
1
-772
947
-443
-88
245
-740
-877
282
558
-133
-979
11
-57
-54
-657
-94
-787
-379
-917
495
-133
-950
-749
286
-429
361
868
-88
493
-34
758
-34
-657
-581
-524
-34
-119
-700
-287
-449
933
679
-124
666
933
-239
565
-584
419
-752
-312
-371
-470
-17
-228
-376
-645
-288
898
-2
-565
-960
-231
666
236
627
873
709
-239
953
-207
996
926
889
863
-667
-382
-581
713
-704
-774
710
-470
-169
-87
-271
986
-500
-388
813
565
-397
-285
-47
-905
419
-492
-133

