null
127
-910
-91
586
93
268
-302
-302
-785
534
591
203
982
670
-182
59
203
-854
-489
-802
-817
467
551
-101
268
743
-336
-833
-922
-983
584
591
258
-983
-115
144
-491
-826
357
192
-456
-797
-966
-966
576
-103
427
-88
-499
127
635
219
-447
-337
613
-86
284
-983
-966
-713
-390
724
35
348
743
-116
-479
534
145
892
538
676
-226
702
703
-179
253
755
-539
333
-843
-119
498
613
824
999
-383
-330
620
600
-866
-169
960
467
-489
-866
-408
78
262
-443
-708
-508
-805
-134
-888
-147
892
339
-532
492
683
-169
172
488
-653
-230
220
236
-42
-290
-321
-983
-757
-922
-192
-980
-653
326
660
412
-778
-325
703
735
-5
172
-582
-203
-26
394
268
-5
-855
536
-430
127
131
528
-812
377
-245
-12
-35
-489
-539
242
-974
-354
-966
927
868
584
580
-95
827
-479
507
-903
-673
-372
139
642
255
-245
-854
-516
197
-230
203
-598
-31
474
-406
37
-350
92
-826
489
944
-868
-763
-32
-210
-795
-185
339
771
475
-35
838
-491
369
369
-817
-88
-724
-175
773
-855
600
454
-932
633
-254
335
-745
193
600
-421
340
579
-797
233
705
863
-826
806
-357
-203
319
186
833
376
-537
-532
-164
315
786
269
427
-980
145
937
-418
276
811
910
818
-134
-330
584
828
-727
335
-910
206
-238
287
-790
22
811
102
-175
-110
871
145
613
-119
445
488
-133
-808
949
571
-519
574
-440
642
524
-63
948
224
-187
-966
135
-534
897
127
429
376
618
-744
131
124
-816
-176
-539
-900
-88
-914
-983
695
-164
-451
969
949
-68
535
-939
-544
377
876
-709
207
681
-967
-697
-304
-35
-772
427
153
-540
-837
-811
857
-965
147
-159
774
-979
-734
-385
26
-164
-968
280
805
-434
211
-187
84
450
-980
-360
743
863
-559
480
-533
-238
257
353
-564
699
347
-958
414
263
-444
906
-797
355
-20
-141
-625
-991
-232
770
-671
736
-832
927
-759
-383
466
327
-873
842
-900
-803
811
-238
393
-308
-772
614
368
449
840
-808
773
-788
499
372
865
766
-583
-39
-954
-684
100
984
939
202
463
-76
495
-68
-766
-863
-337
-55
87
947
-306
178
-628
516
-182
-42
138
-14
-15
-10
-445
425
365
-382
111
502
-174
424
-560
-985
98
-855
552
-709
-55
-780
-828
830
620
-31
369
-363
670
474
-692
-537
-756
-978
-613
145
-797
896
226
-40
220
710
-202
-474
918
-37
752
746
745
-147
421
-224
-684
-284
-472
940
-709
-598
693
891
-169
-360
-873
115
203
-138
834
-32
212
896
-359
-20
-200
608
680
-768
166
699
-281
-752
-855
-376
968
360
-986
933
691
-843
743
-341
-595
-608
126
60
-330
601
793
167
231
-380
352
465
538
-954
754
879
765
-418
-56
-919
-815
-5
-502
-854
-716
-725
920
-40
600
-164
204
-487
-795
-304
649
-769
-337
326
790
-934
166
295
551
305
-373
-953
-316
365
-174
-105
-188
-442
-703
243
754
347
-187
859
-274
-203
-29
683
524
-5
326
-420
387
-284
534
-371
495
-348
-846
-988
609
-365
-293
101
-772
148
952
-393
-447
208
660
932
698
957
715
137
736
247
354
-254
859
947
612
38
922
330
44
-724
-436
-532
177
-440
-712
-570
-231
15
76
281
505
543
53
-537
733
36
-226
462
-638
-735
505
681
918
-762
596
330
-158
612
-453
327
-658
826
597
466
100
-333
10
951
-754
-267
866
791
-501
-995
-783
578
268
772
726
355
-532
-239
-444
-406
435
901
-146
-983
145
590
93
-646
-324
-282
-774
-265
-915
-141
-176
263
-903
-972
-539
887
-282
148
184
-255
495
-471
155
919
293
-712
-863
-395
310
-785
-751
-974
-220
-976
223
518
-804
-995
-68
472
156
200
-963
92
-828
-218
78
341
743
-236
-247
-627
103
-158
-364
-780
-351
-382
135
-479
-986
621
-783
-740
333
14
701
-291
994
92
-428
-978
0
248
713
-278
982
-888
-490
527
-121
393
527
-762
16
-745
-245
476
-126
-897
578
-221
-565
733
-790
-363
214
192
-48
487
-166
-887
-819
207
897
548
-445
-566
-576
-131
-285
-386
-971
-702
-376
116
-156
219
364
726
162
-915
-291
-411
122
-316
905
842
827
982
-522
-639
-536
913
580
765
803
43
658
-1
65
112
375
77
-35
779
-381
-30
-248
919
613
-299
-292
-375
358
-265
-568
709
-647
-826
114
-354
357
-929
-868
795
-937
584
746
-613
525
-908
525
0
796
351
-65
826
-267
-375
-875
-95
946
527
762
473
-441
-697
603
774
-372
-995
447
255
312
555
-804
-790
324
304
709
350
884
405
-345
525
594
-756
-101
-415
249
633
338
116
948
-900
676
-728
738
925
864
332
749
-473
807
68
93
-125
499
109
-365
178
753
619
-850
863
504
-336
-883
-910
-30
475
-908
715
-813
310
445
-415
-561
-228
425
696
103
832
-289
-232
15
234
-400
-290
-939
-705
285
201
38
-395
726
-211
230
502
-400
-634
-141
454
-844
93
-799
397
-770
187
387
-477
448
-641
-849
172
282
842
76
216
603
712
-595
-497
612
-713
248
-957
-326
126
-956
-945
-433
-751
-204
-143
564
-854
499
-708
42
-262
401
-942
-800
405
792
-364
667
958
768
390
-374
-141
-277
-716
-535
-32
-849
-498
844
-77
55
365
-539
-274
794
929
892
-54
290
596
-233
-965
-110
-343
-345
884
654
718
744
268
-49
280
770
-26
590
-414
-247
21
725
557
-487
290
653
-411
415
-54
533
-582
-499
516
-755
-823
285
-390
441
-974
394
-500
939
50
499
861
-138
-863
-62
111
989
-247
-299
-42
-405
-693
-496
-557
-691
-206
-428
-560
-239
362
-310
362
511
357
101
977
21
-272
76
5
78
994
186
-864
-94
-259
-646
-983
825
92
44
-841
12
608
106
-472
-579
550
671
329
-952
-562
745
-728
436
792
-620
138
621
955
-671
9
-655
971
813
311
327
-278
-339
437
391
-570
-686
993
-373
361
835
359
736
747
929
-405
-880
194
-568
-356
496
-23
302
576
-563
945
-189
10
-413
-957
-314
395
-522
245
-198
-871
717
-204
-691
-883
15
-827
-871
345
-83
832
231
868
673
-798
880
-537
-441
876
536
338
-919
631
757
-45
-291
-159
-536
592
10
-226
-492
-194
-378
648
755
69
283
926
-836
395
-150
376
-76
-810
-840
162
-316
417
-672
-585
-976
469
-118
-762
-672
987
611
731
183
653
482
-501
699
-863
-832
19
682
518
145
157
722
-757
536
7
721
-284
120
325
-131
-201
92
-107
956
783
-662
-637
-613
805
607
-280
596
216
675
-267
304
127
-637
-339
142
566
-19
-103
762
19
612
-607
-432
-20
552
-510
-708
-574
-830
232
-454
-916
-592
344
-151
740
-275
95
547
-784
361
61
99
-890
-169
-680
-607
-863
-658
-336
341
722
633
175
844
-648
997
-352
441
-634
-53
-595
-891
187
648
594
519
699
-835
-420
206
-480
-138
-638
721
-532
-25
897
-421
-285
-857
779
-728
-218
474
-419
630
-143
481
34
900
-273
691
183
-827
550
-266
743
611
-955
799
-594
-663
-383
116
-136
365
389
-45
753
814
-967
238
-973
-667
-336
-556
300
878
244
29
-259
697
660
-246
112
-890
-863
-941
600
511
-935
-78
906
-36
-278
-16
524
-487
-595
398
812
-145
-132
747
223
-77
551
-118
-232
-382
331
116
-698
-309
702
473
443
106
829
837
-932
707
239
999
73
-883
-741
-196
-274
152
-608
-693
31
926
209
157
-785
-277
-351
676
909
-585
-818
84
-944
-688
807
174
662
-657
-11
511
111
-909
-427
-449
-99
632
-648
-636
429
219
665
579
-469
920
-805
-259
-990
-543
-641
168
-234
691
712
90
175
127
-85
-368
246
909
-282
-774
812
640
327
-125
108
563
10
347
-559
166
-724
717
392
876
908
634
289
-472
-745
-849
573
-401
-83
-640
247
12
788
196
447
-936
754
610
629

