430
-552
574
863
609
-286
-1000
384
860
-202
265
779
639
31
539
261
-301
-745
639
388
221
-129
-968
-365
-445
-596
217
-898
835
-344
322
-546
269
-761
839
-925
-301
-703
-193
477
70
-821
-902
839
921
726
-409
452
732
-362
-328
388
-611
-692
-748
-773
336
114
-488
394
679
442
-242
-718
-286
-477
-311
-298
-710
160
-409
-761
602
-901
-359
635
-631
726
749
283
-769
-340
652
-65
-211
232
726
-891
418
222
-193
891
-724
398
-51
960
-340
-425
-265
196
-246
924
-514
-718
-312
931
-130
-514
-805
-724
275
660
-321
-663
191
-264
537
326
-321
-743
274
-41
-130
-591
-311
322
609
-252
598
-674
-953
252
668
-308
775
-724
480
-135
649
668
-488
-422
404
-207
678
-445
9
-710
275
-565
-268
-291
583
-360
265
-943
-445
-304
-405
-901
-106
-895
-228
32
-826
65
395
224
-110
198
409
-94
-753
-883
670
-895
-556
-800
-710
593
-386
481
-546
67
58
-724
-700
-883
-733
-40
-538
-539
277
-620
860
-419
45
40
-65
345
765
842
-437
-204
-385
-49
-229
240
224
-496
-720
814
37
616
235
-794
320
-836
539
-252
-496
-228
-448
-825
543
570
931
-356
227
670
-464
574
608
31
-269
516
-839
-516
-319
744
-135
-783
546
-992
-805
660
-733
154
-550
710
980
-214
-622
29
-65
924
-69
-475
-155
277
631
-287
205
-54
-300
-96
724
-686
-895
639
-287
-435
-550
-731
-321
-783
974
101
123
336
-724
-925
-264
-487
-186
548
-471
430
277
-613
679
729
-728
-312
-546
-198
-556
-366
-732
-816
-59
-392
-312
178
-445
669
-558
473
492
-823
106
-618
-386
299
-65
847
488
-201
257
301
-477
-659
235
-792
891
598
-67
-40
-591
165
101
-345
-43
29
652
-288
633
603
-631
-790
283
-47
153
-561
-697
-681
-130
724
367
442
873
564
594
773
-879
327
583
-813
205
-586
458
-435
867
688
-832
342
515
-810
-160
-516
925
814
-737
410
-272
52
-343
-818
-242
-226
530
269
91
-561
-389
265
788
-211
-973
434
566
363
-547
-858
-850
-810
-630
-78
539
679
798
369
-59
712
-67
942
-943
-136
669
-999
560
-708
-570
712
-302
-182
-269
-139
482
653
-232
-345
-186
-548
-751
-338
-619
842
-232
-170
706
192
-70
664
652
711
-767
449
-395
154
-627
-44
663
-55
-630
954
64
806
-362
956
-524
-428
-83
805
-122
563
-319
-639
898
-428
60
-195
255
644
-198
-943
-193
-603
32
-743
-454
741
67
996
-269
-968
-919
-213
135
103
915
363
-198
-389
-414
466
9
909
159
-626
650
-360
-957
-213
656
915
-574
-40
-82
904
-221
-248
-538
-566
-548
-752
746
788
813
329
656
-193
-596
626
207
889
483
22
-272
-490
920
-505
-759
-805
458
512
471
31
-582
-413
873
847
-697
-996
352
-74
962
947
609
560
-660
-83
304
313
-305
-898
312
700
329
-131
631
-626
-41
889
434
-613
162
-51
847
859
-973
-714
-800
244
-139
532
738
-196
506
724
-248
837
-428
229
130
534
437
390
499
711
-987
-12
-300
441
-999
441
-269
231
-333
-63
-107
897
-709
-445
-240
22
-759
792
999
-138
574
-675
-392
658
416
512
387
-356
427
756
567
748
-155
-528
816
195
-460
-53
521
363
906
-97
-349
626
-425
734
-545
-932
-488
-661
-583
71
-426
-566
508
898
-876
-257
-821
845
-955
750
-250
-215
-787
-983
-91
761
-602
-599
251
481
768
-421
-504
-421
-790
-598
815
-471
369
-763
258
-804
-170
-532
409
207
146
801
-488
-825
531
548
583
-348
-357
-240
387
-708
428
34
944
-154
175
959
-75
416
-663
817
-760
486
927
-782
12
-492
-516
45
532
499
-437
755
555
842
-783
974
515
-765
-779
321
-962
636
-448
-113
200
649
-519
229
233
-244
-192
1
-642
646
273
-161
895
-982
871
-309
351
-141
619
-821
453
-176
219
980
-796
884
610
-513
519
895
182
-39
905
-361
-65
-848
-619
-8
-721
-631
-128
-278
-983
589
-750
-340
307
426
-806
-872
-313
-218
327
917
486
-675
444
513
847
598
124
269
-528
-537
669
159
-575
-115
-660
-369
504
-794
-664
-341
-829
255
-729
998
-116
846
977
463
209
6
486
-12
-555
-584
635
-566
-328
277
962
359
-607
-473
-928
-106
189
879
542
-527
436
-822
-827
-416
-712
-14
-529
-109
849
-422
649
-272
103
-75
537
-613
229
-421
978
566
525
325
-3
563
-462
591
-440
227
-380
919
863
507
124
-707
-940
288
-122
925
-473
-673
-661
20
-606
129
975
-578
752
71
-731
881
452
876
-798
-445
852
85
-85
-365
998
-184
166
277
-761
846
-9
-639
329
417
-265
-829
231
-75
-238
-363
-312
-54
-927
-679
-781
700
815
-737
371
-995
701
998
224
-454
-663
-607
-699
710
24
-790
958
-817
263
-825
120
-138
-67
-183
177
-684
42
490
-456
790
485
859
-393
-828
-491
-369
474
-671
-116
-852
-923
-606
436
-626
116
879
-242
590
333
-409
-540
-2
-568
-642
466
510
-348
403
761
867
-707
245
555
-234
198
805
60
-36
-945
-773
-65
-523
-880
609
-814
-663
674
520
-67
999
-421
842
-175
430
-667
-100
587
-135
-838
845
563
656
-960
-805
-495
-420
466
407
-408
482
-845
-27
-654
95
-488
-728
-246
761
791
650
165
449
-978
652
632
-949
799
841
-289
-582
817
-931
-677
975
-835
170
-991
-106
158
70
-246
898
195
-255
957
-804
-286
909
566
83
-432
847
104
178
15
-260
258
-648
-955
-709
-88
914
723
-479
-974
-798
-850
-109
-892
107
441
-106
-275
337
222
200
-817
393
401
-942
787
-504
-386
-92
-714
-69
118
93
128
762
339
-634
-333
-531
398
-584
-247
90
-964
466
84
808
-814
384
-613
707
-76
-805
-35
985
648
95
766
458
477
823
407
-788
732
569
978
-288
-370
-327
422
-925
-679
940
-776
914
-322
-288
131
-184
-441
-980
-821
-620
-596
-130
-80
-277
126
909
559
181
-421
315
548
-111
-279
-811
-978
-573
-304
-110
737
472
-35
-697
-380
194
-336
905
-215
-932
-344
319
-423
-199
-327
-970
-892
-519
585
106
-901
-193
-680
112
939
864
-521
-320
12
-427
187
-970
356
-876
-386
-432
855
-288
-666
557
-449
-387
619
833
909
855
-845
341
403
-395
-139
-211
490
-359
-260
457
-210
140
-934
17
-387
-314
959
-363
198
-1
-914
-688
353
-797
-907
-202
308
987
513
-312
-88
-415
119
707
674
-219
-944
105
-79
289
663
224
-209
17
-900
563
-468
511
95
-307
-855
752
696
-456
-806
633
-989
-362
-298
654
-673
812
948
535
-144
489
166
-953
-494
-99
-305
-851
327
-890
906
465
303
569
669
-86
-240
322
-341
-963
802
-832
-529
653
-332
204
-129
994
-869
845
603
401
-366
283
-277
94
-704
221
-840
492
389
315
940
-850
905
230
994
-550
628
859
-279
305
-267
325
-235
-704
325
513
-821
-805
520
-806
-325
175
289
680
963
-860
-55
279
-548
-835
734
-381
-285
843
669
-443
899
590
-468
648
290
331
-535
-272
-252
-966
-83
-423
-305
-756
-382
790
-313
454
-790
-922
-648
-954
-263
-100
140
174
-747
323
528
-742
-237
-272
-329
904
-210
697
-65
-709
-58
-643
83
224
515
-635
-591
420
-491
-340
-615
-235
-10
-408
-876
-306
-835
-78
-76
531
555
394
-679
-708
-975
425
855
-279
480
382
697
-738
822
-910
-781
-97
426
-969
-878
-462
697
669
911
-240
93
-262
-913
173
963
135
-232
329
-677
-345
238
788
-63
-550
898
582
5
824
620
1
-348
481
-31
28
411
60
-560
-356
-40
201
-176
83
-419
339
244

